[0.051s] Invoking command in '/home/huang/codes/ROS_Study/build/ros_pub_sub_cv': AMENT_PREFIX_PATH=/home/huang/codes/ROS_Study/install/tutorial_interfaces:${AMENT_PREFIX_PATH} CMAKE_PREFIX_PATH=/home/huang/codes/ROS_Study/install/tutorial_interfaces:/opt/ros/galactic LD_LIBRARY_PATH=/home/huang/codes/ROS_Study/install/tutorial_interfaces/lib:${LD_LIBRARY_PATH} PYTHONPATH=/home/huang/codes/ROS_Study/install/tutorial_interfaces/lib/python3.8/site-packages:${PYTHONPATH} /usr/bin/cmake --build /home/huang/codes/ROS_Study/build/ros_pub_sub_cv -- -j8 -l8
[0.113s] [35m[1mScanning dependencies of target sub_node[0m
[0.159s] [ 50%] Built target pub_node
[0.181s] [ 75%] [32mBuilding CXX object CMakeFiles/sub_node.dir/src/sub.cpp.o[0m
[10.834s] [100%] [32m[1mLinking CXX executable sub_node[0m
[11.924s] /usr/bin/ld: warning: libopencv_imgproc.so.4.2, needed by /opt/ros/galactic/lib/libcv_bridge.so, may conflict with libopencv_imgproc.so.4.5
[11.924s] /usr/bin/ld: warning: libopencv_core.so.4.2, needed by /opt/ros/galactic/lib/libcv_bridge.so, may conflict with libopencv_core.so.4.5
[11.937s] [100%] Built target sub_node
[11.948s] Invoked command in '/home/huang/codes/ROS_Study/build/ros_pub_sub_cv' returned '0': AMENT_PREFIX_PATH=/home/huang/codes/ROS_Study/install/tutorial_interfaces:${AMENT_PREFIX_PATH} CMAKE_PREFIX_PATH=/home/huang/codes/ROS_Study/install/tutorial_interfaces:/opt/ros/galactic LD_LIBRARY_PATH=/home/huang/codes/ROS_Study/install/tutorial_interfaces/lib:${LD_LIBRARY_PATH} PYTHONPATH=/home/huang/codes/ROS_Study/install/tutorial_interfaces/lib/python3.8/site-packages:${PYTHONPATH} /usr/bin/cmake --build /home/huang/codes/ROS_Study/build/ros_pub_sub_cv -- -j8 -l8
[11.986s] Invoking command in '/home/huang/codes/ROS_Study/build/ros_pub_sub_cv': AMENT_PREFIX_PATH=/home/huang/codes/ROS_Study/install/tutorial_interfaces:${AMENT_PREFIX_PATH} CMAKE_PREFIX_PATH=/home/huang/codes/ROS_Study/install/tutorial_interfaces:/opt/ros/galactic LD_LIBRARY_PATH=/home/huang/codes/ROS_Study/install/tutorial_interfaces/lib:${LD_LIBRARY_PATH} PYTHONPATH=/home/huang/codes/ROS_Study/install/tutorial_interfaces/lib/python3.8/site-packages:${PYTHONPATH} /usr/bin/cmake --install /home/huang/codes/ROS_Study/build/ros_pub_sub_cv
[12.002s] -- Install configuration: ""
[12.003s] -- Execute custom install script
[12.003s] -- Up-to-date symlink: /home/huang/codes/ROS_Study/install/ros_pub_sub_cv/lib/ros_pub_sub_cv/pub_node
[12.004s] -- Up-to-date symlink: /home/huang/codes/ROS_Study/install/ros_pub_sub_cv/lib/ros_pub_sub_cv/sub_node
[12.004s] -- Up-to-date symlink: /home/huang/codes/ROS_Study/install/ros_pub_sub_cv/share/ament_index/resource_index/package_run_dependencies/ros_pub_sub_cv
[12.004s] -- Up-to-date symlink: /home/huang/codes/ROS_Study/install/ros_pub_sub_cv/share/ament_index/resource_index/parent_prefix_path/ros_pub_sub_cv
[12.005s] -- Up-to-date symlink: /home/huang/codes/ROS_Study/install/ros_pub_sub_cv/share/ros_pub_sub_cv/environment/ament_prefix_path.sh
[12.005s] -- Up-to-date symlink: /home/huang/codes/ROS_Study/install/ros_pub_sub_cv/share/ros_pub_sub_cv/environment/ament_prefix_path.dsv
[12.005s] -- Up-to-date symlink: /home/huang/codes/ROS_Study/install/ros_pub_sub_cv/share/ros_pub_sub_cv/environment/path.sh
[12.006s] -- Up-to-date symlink: /home/huang/codes/ROS_Study/install/ros_pub_sub_cv/share/ros_pub_sub_cv/environment/path.dsv
[12.006s] -- Up-to-date symlink: /home/huang/codes/ROS_Study/install/ros_pub_sub_cv/share/ros_pub_sub_cv/local_setup.bash
[12.006s] -- Up-to-date symlink: /home/huang/codes/ROS_Study/install/ros_pub_sub_cv/share/ros_pub_sub_cv/local_setup.sh
[12.006s] -- Up-to-date symlink: /home/huang/codes/ROS_Study/install/ros_pub_sub_cv/share/ros_pub_sub_cv/local_setup.zsh
[12.007s] -- Up-to-date symlink: /home/huang/codes/ROS_Study/install/ros_pub_sub_cv/share/ros_pub_sub_cv/local_setup.dsv
[12.007s] -- Symlinking: /home/huang/codes/ROS_Study/install/ros_pub_sub_cv/share/ros_pub_sub_cv/package.dsv
[12.018s] -- Up-to-date symlink: /home/huang/codes/ROS_Study/install/ros_pub_sub_cv/share/ament_index/resource_index/packages/ros_pub_sub_cv
[12.018s] -- Up-to-date symlink: /home/huang/codes/ROS_Study/install/ros_pub_sub_cv/share/ros_pub_sub_cv/cmake/ros_pub_sub_cvConfig.cmake
[12.018s] -- Up-to-date symlink: /home/huang/codes/ROS_Study/install/ros_pub_sub_cv/share/ros_pub_sub_cv/cmake/ros_pub_sub_cvConfig-version.cmake
[12.018s] -- Up-to-date symlink: /home/huang/codes/ROS_Study/install/ros_pub_sub_cv/share/ros_pub_sub_cv/package.xml
[12.025s] Invoked command in '/home/huang/codes/ROS_Study/build/ros_pub_sub_cv' returned '0': AMENT_PREFIX_PATH=/home/huang/codes/ROS_Study/install/tutorial_interfaces:${AMENT_PREFIX_PATH} CMAKE_PREFIX_PATH=/home/huang/codes/ROS_Study/install/tutorial_interfaces:/opt/ros/galactic LD_LIBRARY_PATH=/home/huang/codes/ROS_Study/install/tutorial_interfaces/lib:${LD_LIBRARY_PATH} PYTHONPATH=/home/huang/codes/ROS_Study/install/tutorial_interfaces/lib/python3.8/site-packages:${PYTHONPATH} /usr/bin/cmake --install /home/huang/codes/ROS_Study/build/ros_pub_sub_cv
