[0.089s] Invoking command in '/home/huang/codes/ROS_Study/build/ros_service': CMAKE_PREFIX_PATH=/home/huang/codes/ROS_Study/install/tutorial_interfaces:/home/huang/codes/ROS_Study/install/ros_service_launch:/home/huang/codes/ROS_Study/install/village_wang:/home/huang/codes/ROS_Study/install/village_li:/home/huang/codes/ROS_Study/install/village_interfaces:/home/huang/codes/ROS_Study/install/ros_service:/home/huang/codes/ROS_Study/install/ros_pub_sub_cv:/home/huang/codes/ROS_Study/install/ros_pub_sub:/opt/ros/galactic LD_LIBRARY_PATH=/home/huang/codes/ROS_Study/install/tutorial_interfaces/lib:/home/huang/codes/ROS_Study/install/village_interfaces/lib:/opt/ros/galactic/opt/yaml_cpp_vendor/lib:/opt/ros/galactic/opt/rviz_ogre_vendor/lib:/opt/ros/galactic/lib/x86_64-linux-gnu:/opt/ros/galactic/lib PYTHONPATH=/home/huang/codes/ROS_Study/install/tutorial_interfaces/lib/python3.8/site-packages:/home/huang/codes/ROS_Study/install/village_interfaces/lib/python3.8/site-packages:/opt/ros/galactic/lib/python3.8/site-packages /usr/bin/cmake /home/huang/codes/ROS_Study/src/ros_service -DCMAKE_INSTALL_PREFIX=/home/huang/codes/ROS_Study/install/ros_service
[0.209s] -- The C compiler identification is GNU 9.4.0
[0.318s] -- The CXX compiler identification is GNU 9.4.0
[0.329s] -- Check for working C compiler: /usr/bin/cc
[0.558s] -- Check for working C compiler: /usr/bin/cc -- works
[0.560s] -- Detecting C compiler ABI info
[0.732s] -- Detecting C compiler ABI info - done
[0.765s] -- Detecting C compile features
[0.765s] -- Detecting C compile features - done
[0.773s] -- Check for working CXX compiler: /usr/bin/c++
[0.965s] -- Check for working CXX compiler: /usr/bin/c++ -- works
[0.973s] -- Detecting CXX compiler ABI info
[1.157s] -- Detecting CXX compiler ABI info - done
[1.202s] -- Detecting CXX compile features
[1.203s] -- Detecting CXX compile features - done
[1.208s] -- Found ament_cmake: 1.1.6 (/opt/ros/galactic/share/ament_cmake/cmake)
[1.265s] -- Found PythonInterp: /usr/bin/python3 (found suitable version "3.8.10", minimum required is "3") 
[1.267s] -- Using PYTHON_EXECUTABLE: /usr/bin/python3
[1.476s] -- Found rclcpp: 9.2.2 (/opt/ros/galactic/share/rclcpp/cmake)
[1.634s] -- Using all available rosidl_typesupport_c: rosidl_typesupport_fastrtps_c;rosidl_typesupport_introspection_c
[1.653s] -- Found rosidl_adapter: 2.2.3 (/opt/ros/galactic/share/rosidl_adapter/cmake)
[1.872s] -- Found OpenSSL: /usr/lib/x86_64-linux-gnu/libcrypto.so (found version "1.1.1f")  
[1.941s] -- Found FastRTPS: /opt/ros/galactic/include  
[2.111s] -- Using all available rosidl_typesupport_cpp: rosidl_typesupport_fastrtps_cpp;rosidl_typesupport_introspection_cpp
[2.267s] -- Found rmw_implementation_cmake: 3.3.1 (/opt/ros/galactic/share/rmw_implementation_cmake/cmake)
[2.285s] -- Found rmw_cyclonedds_cpp: 0.22.6 (/opt/ros/galactic/share/rmw_cyclonedds_cpp/cmake)
[2.333s] -- Using RMW implementation 'rmw_cyclonedds_cpp' as default
[2.337s] -- Looking for pthread.h
[2.511s] -- Looking for pthread.h - found
[2.511s] -- Performing Test CMAKE_HAVE_LIBC_PTHREAD
[2.674s] -- Performing Test CMAKE_HAVE_LIBC_PTHREAD - Failed
[2.675s] -- Looking for pthread_create in pthreads
[2.816s] -- Looking for pthread_create in pthreads - not found
[2.817s] -- Looking for pthread_create in pthread
[2.975s] -- Looking for pthread_create in pthread - found
[2.983s] -- Found Threads: TRUE  
[3.408s] -- Found tutorial_interfaces: 0.0.0 (/home/huang/codes/ROS_Study/install/tutorial_interfaces/share/tutorial_interfaces/cmake)
[3.934s] -- Found OpenCV: /usr/local (found version "4.5.4") 
[3.937s] -- Found cv_bridge: 3.1.3 (/opt/ros/galactic/share/cv_bridge/cmake)
[3.963s] -- Found ament_lint_auto: 0.10.7 (/opt/ros/galactic/share/ament_lint_auto/cmake)
[4.161s] -- Added test 'copyright' to check source files copyright and LICENSE
[4.162s] -- Added test 'cppcheck' to perform static code analysis on C / C++ code
[4.162s] -- Configured cppcheck include dirs: 
[4.162s] -- Configured cppcheck exclude dirs and/or files: 
[4.164s] -- Added test 'cpplint' to check C / C++ code against the Google style
[4.165s] -- Configured cpplint exclude dirs and/or files: 
[4.166s] -- Added test 'lint_cmake' to check CMake code style
[4.169s] -- Added test 'uncrustify' to check C / C++ code style
[4.169s] -- Configured uncrustify additional arguments: 
[4.171s] -- Added test 'xmllint' to check XML markup files
[4.178s] -- Configuring done
[4.242s] -- Generating done
[4.246s] -- Build files have been written to: /home/huang/codes/ROS_Study/build/ros_service
[4.266s] Invoked command in '/home/huang/codes/ROS_Study/build/ros_service' returned '0': CMAKE_PREFIX_PATH=/home/huang/codes/ROS_Study/install/tutorial_interfaces:/home/huang/codes/ROS_Study/install/ros_service_launch:/home/huang/codes/ROS_Study/install/village_wang:/home/huang/codes/ROS_Study/install/village_li:/home/huang/codes/ROS_Study/install/village_interfaces:/home/huang/codes/ROS_Study/install/ros_service:/home/huang/codes/ROS_Study/install/ros_pub_sub_cv:/home/huang/codes/ROS_Study/install/ros_pub_sub:/opt/ros/galactic LD_LIBRARY_PATH=/home/huang/codes/ROS_Study/install/tutorial_interfaces/lib:/home/huang/codes/ROS_Study/install/village_interfaces/lib:/opt/ros/galactic/opt/yaml_cpp_vendor/lib:/opt/ros/galactic/opt/rviz_ogre_vendor/lib:/opt/ros/galactic/lib/x86_64-linux-gnu:/opt/ros/galactic/lib PYTHONPATH=/home/huang/codes/ROS_Study/install/tutorial_interfaces/lib/python3.8/site-packages:/home/huang/codes/ROS_Study/install/village_interfaces/lib/python3.8/site-packages:/opt/ros/galactic/lib/python3.8/site-packages /usr/bin/cmake /home/huang/codes/ROS_Study/src/ros_service -DCMAKE_INSTALL_PREFIX=/home/huang/codes/ROS_Study/install/ros_service
[4.268s] Invoking command in '/home/huang/codes/ROS_Study/build/ros_service': CMAKE_PREFIX_PATH=/home/huang/codes/ROS_Study/install/tutorial_interfaces:/home/huang/codes/ROS_Study/install/ros_service_launch:/home/huang/codes/ROS_Study/install/village_wang:/home/huang/codes/ROS_Study/install/village_li:/home/huang/codes/ROS_Study/install/village_interfaces:/home/huang/codes/ROS_Study/install/ros_service:/home/huang/codes/ROS_Study/install/ros_pub_sub_cv:/home/huang/codes/ROS_Study/install/ros_pub_sub:/opt/ros/galactic LD_LIBRARY_PATH=/home/huang/codes/ROS_Study/install/tutorial_interfaces/lib:/home/huang/codes/ROS_Study/install/village_interfaces/lib:/opt/ros/galactic/opt/yaml_cpp_vendor/lib:/opt/ros/galactic/opt/rviz_ogre_vendor/lib:/opt/ros/galactic/lib/x86_64-linux-gnu:/opt/ros/galactic/lib PYTHONPATH=/home/huang/codes/ROS_Study/install/tutorial_interfaces/lib/python3.8/site-packages:/home/huang/codes/ROS_Study/install/village_interfaces/lib/python3.8/site-packages:/opt/ros/galactic/lib/python3.8/site-packages /usr/bin/cmake --build /home/huang/codes/ROS_Study/build/ros_service -- -j8 -l8
[4.415s] [35m[1mScanning dependencies of target service_node[0m
[4.416s] [35m[1mScanning dependencies of target client_node[0m
[4.556s] [ 25%] [32mBuilding CXX object CMakeFiles/service_node.dir/src/service_test.cpp.o[0m
[4.588s] [ 50%] [32mBuilding CXX object CMakeFiles/client_node.dir/src/client_test.cpp.o[0m
[13.627s] [ 75%] [32m[1mLinking CXX executable service_node[0m
[14.403s] [ 75%] Built target service_node
[15.539s] [100%] [32m[1mLinking CXX executable client_node[0m
[15.877s] [100%] Built target client_node
[15.903s] Invoked command in '/home/huang/codes/ROS_Study/build/ros_service' returned '0': CMAKE_PREFIX_PATH=/home/huang/codes/ROS_Study/install/tutorial_interfaces:/home/huang/codes/ROS_Study/install/ros_service_launch:/home/huang/codes/ROS_Study/install/village_wang:/home/huang/codes/ROS_Study/install/village_li:/home/huang/codes/ROS_Study/install/village_interfaces:/home/huang/codes/ROS_Study/install/ros_service:/home/huang/codes/ROS_Study/install/ros_pub_sub_cv:/home/huang/codes/ROS_Study/install/ros_pub_sub:/opt/ros/galactic LD_LIBRARY_PATH=/home/huang/codes/ROS_Study/install/tutorial_interfaces/lib:/home/huang/codes/ROS_Study/install/village_interfaces/lib:/opt/ros/galactic/opt/yaml_cpp_vendor/lib:/opt/ros/galactic/opt/rviz_ogre_vendor/lib:/opt/ros/galactic/lib/x86_64-linux-gnu:/opt/ros/galactic/lib PYTHONPATH=/home/huang/codes/ROS_Study/install/tutorial_interfaces/lib/python3.8/site-packages:/home/huang/codes/ROS_Study/install/village_interfaces/lib/python3.8/site-packages:/opt/ros/galactic/lib/python3.8/site-packages /usr/bin/cmake --build /home/huang/codes/ROS_Study/build/ros_service -- -j8 -l8
[15.975s] Invoking command in '/home/huang/codes/ROS_Study/build/ros_service': CMAKE_PREFIX_PATH=/home/huang/codes/ROS_Study/install/tutorial_interfaces:/home/huang/codes/ROS_Study/install/ros_service_launch:/home/huang/codes/ROS_Study/install/village_wang:/home/huang/codes/ROS_Study/install/village_li:/home/huang/codes/ROS_Study/install/village_interfaces:/home/huang/codes/ROS_Study/install/ros_service:/home/huang/codes/ROS_Study/install/ros_pub_sub_cv:/home/huang/codes/ROS_Study/install/ros_pub_sub:/opt/ros/galactic LD_LIBRARY_PATH=/home/huang/codes/ROS_Study/install/tutorial_interfaces/lib:/home/huang/codes/ROS_Study/install/village_interfaces/lib:/opt/ros/galactic/opt/yaml_cpp_vendor/lib:/opt/ros/galactic/opt/rviz_ogre_vendor/lib:/opt/ros/galactic/lib/x86_64-linux-gnu:/opt/ros/galactic/lib PYTHONPATH=/home/huang/codes/ROS_Study/install/tutorial_interfaces/lib/python3.8/site-packages:/home/huang/codes/ROS_Study/install/village_interfaces/lib/python3.8/site-packages:/opt/ros/galactic/lib/python3.8/site-packages /usr/bin/cmake --install /home/huang/codes/ROS_Study/build/ros_service
[16.002s] -- Install configuration: ""
[16.021s] -- Installing: /home/huang/codes/ROS_Study/install/ros_service/lib/ros_service/service_node
[16.021s] -- Set runtime path of "/home/huang/codes/ROS_Study/install/ros_service/lib/ros_service/service_node" to ""
[16.021s] -- Installing: /home/huang/codes/ROS_Study/install/ros_service/lib/ros_service/client_node
[16.022s] -- Set runtime path of "/home/huang/codes/ROS_Study/install/ros_service/lib/ros_service/client_node" to ""
[16.022s] -- Installing: /home/huang/codes/ROS_Study/install/ros_service/share/ament_index/resource_index/package_run_dependencies/ros_service
[16.022s] -- Installing: /home/huang/codes/ROS_Study/install/ros_service/share/ament_index/resource_index/parent_prefix_path/ros_service
[16.022s] -- Up-to-date: /home/huang/codes/ROS_Study/install/ros_service/share/ros_service/environment/ament_prefix_path.sh
[16.022s] -- Installing: /home/huang/codes/ROS_Study/install/ros_service/share/ros_service/environment/ament_prefix_path.dsv
[16.022s] -- Up-to-date: /home/huang/codes/ROS_Study/install/ros_service/share/ros_service/environment/path.sh
[16.022s] -- Installing: /home/huang/codes/ROS_Study/install/ros_service/share/ros_service/environment/path.dsv
[16.022s] -- Installing: /home/huang/codes/ROS_Study/install/ros_service/share/ros_service/local_setup.bash
[16.023s] -- Installing: /home/huang/codes/ROS_Study/install/ros_service/share/ros_service/local_setup.sh
[16.023s] -- Installing: /home/huang/codes/ROS_Study/install/ros_service/share/ros_service/local_setup.zsh
[16.023s] -- Installing: /home/huang/codes/ROS_Study/install/ros_service/share/ros_service/local_setup.dsv
[16.023s] -- Installing: /home/huang/codes/ROS_Study/install/ros_service/share/ros_service/package.dsv
[16.023s] -- Installing: /home/huang/codes/ROS_Study/install/ros_service/share/ament_index/resource_index/packages/ros_service
[16.023s] -- Installing: /home/huang/codes/ROS_Study/install/ros_service/share/ros_service/cmake/ros_serviceConfig.cmake
[16.023s] -- Installing: /home/huang/codes/ROS_Study/install/ros_service/share/ros_service/cmake/ros_serviceConfig-version.cmake
[16.023s] -- Up-to-date: /home/huang/codes/ROS_Study/install/ros_service/share/ros_service/package.xml
[16.024s] Invoked command in '/home/huang/codes/ROS_Study/build/ros_service' returned '0': CMAKE_PREFIX_PATH=/home/huang/codes/ROS_Study/install/tutorial_interfaces:/home/huang/codes/ROS_Study/install/ros_service_launch:/home/huang/codes/ROS_Study/install/village_wang:/home/huang/codes/ROS_Study/install/village_li:/home/huang/codes/ROS_Study/install/village_interfaces:/home/huang/codes/ROS_Study/install/ros_service:/home/huang/codes/ROS_Study/install/ros_pub_sub_cv:/home/huang/codes/ROS_Study/install/ros_pub_sub:/opt/ros/galactic LD_LIBRARY_PATH=/home/huang/codes/ROS_Study/install/tutorial_interfaces/lib:/home/huang/codes/ROS_Study/install/village_interfaces/lib:/opt/ros/galactic/opt/yaml_cpp_vendor/lib:/opt/ros/galactic/opt/rviz_ogre_vendor/lib:/opt/ros/galactic/lib/x86_64-linux-gnu:/opt/ros/galactic/lib PYTHONPATH=/home/huang/codes/ROS_Study/install/tutorial_interfaces/lib/python3.8/site-packages:/home/huang/codes/ROS_Study/install/village_interfaces/lib/python3.8/site-packages:/opt/ros/galactic/lib/python3.8/site-packages /usr/bin/cmake --install /home/huang/codes/ROS_Study/build/ros_service
