[0.041s] Invoking command in '/home/huang/codes/ROS_Study/build/ros_service': CMAKE_PREFIX_PATH=/home/huang/codes/ROS_Study/install/tutorial_interfaces:/home/huang/codes/ROS_Study/install/village_wang:/home/huang/codes/ROS_Study/install/village_li:/home/huang/codes/ROS_Study/install/village_interfaces:/home/huang/codes/ROS_Study/install/ros_service:/home/huang/codes/ROS_Study/install/ros_pub_sub_cv:/home/huang/codes/ROS_Study/install/ros_pub_sub:/opt/ros/galactic LD_LIBRARY_PATH=/home/huang/codes/ROS_Study/install/tutorial_interfaces/lib:/home/huang/codes/ROS_Study/install/village_interfaces/lib:/opt/ros/galactic/opt/yaml_cpp_vendor/lib:/opt/ros/galactic/opt/rviz_ogre_vendor/lib:/opt/ros/galactic/lib/x86_64-linux-gnu:/opt/ros/galactic/lib PYTHONPATH=/home/huang/codes/ROS_Study/install/tutorial_interfaces/lib/python3.8/site-packages:/home/huang/codes/ROS_Study/install/village_interfaces/lib/python3.8/site-packages:/opt/ros/galactic/lib/python3.8/site-packages /usr/bin/cmake --build /home/huang/codes/ROS_Study/build/ros_service -- -j8 -l8
[0.120s] [35m[1mScanning dependencies of target client_node[0m
[0.153s] [ 50%] Built target service_node
[0.169s] [ 75%] [32mBuilding CXX object CMakeFiles/client_node.dir/src/client_test.cpp.o[0m
[6.128s] [100%] [32m[1mLinking CXX executable client_node[0m
[6.428s] [100%] Built target client_node
[6.443s] Invoked command in '/home/huang/codes/ROS_Study/build/ros_service' returned '0': CMAKE_PREFIX_PATH=/home/huang/codes/ROS_Study/install/tutorial_interfaces:/home/huang/codes/ROS_Study/install/village_wang:/home/huang/codes/ROS_Study/install/village_li:/home/huang/codes/ROS_Study/install/village_interfaces:/home/huang/codes/ROS_Study/install/ros_service:/home/huang/codes/ROS_Study/install/ros_pub_sub_cv:/home/huang/codes/ROS_Study/install/ros_pub_sub:/opt/ros/galactic LD_LIBRARY_PATH=/home/huang/codes/ROS_Study/install/tutorial_interfaces/lib:/home/huang/codes/ROS_Study/install/village_interfaces/lib:/opt/ros/galactic/opt/yaml_cpp_vendor/lib:/opt/ros/galactic/opt/rviz_ogre_vendor/lib:/opt/ros/galactic/lib/x86_64-linux-gnu:/opt/ros/galactic/lib PYTHONPATH=/home/huang/codes/ROS_Study/install/tutorial_interfaces/lib/python3.8/site-packages:/home/huang/codes/ROS_Study/install/village_interfaces/lib/python3.8/site-packages:/opt/ros/galactic/lib/python3.8/site-packages /usr/bin/cmake --build /home/huang/codes/ROS_Study/build/ros_service -- -j8 -l8
[6.510s] Invoking command in '/home/huang/codes/ROS_Study/build/ros_service': CMAKE_PREFIX_PATH=/home/huang/codes/ROS_Study/install/tutorial_interfaces:/home/huang/codes/ROS_Study/install/village_wang:/home/huang/codes/ROS_Study/install/village_li:/home/huang/codes/ROS_Study/install/village_interfaces:/home/huang/codes/ROS_Study/install/ros_service:/home/huang/codes/ROS_Study/install/ros_pub_sub_cv:/home/huang/codes/ROS_Study/install/ros_pub_sub:/opt/ros/galactic LD_LIBRARY_PATH=/home/huang/codes/ROS_Study/install/tutorial_interfaces/lib:/home/huang/codes/ROS_Study/install/village_interfaces/lib:/opt/ros/galactic/opt/yaml_cpp_vendor/lib:/opt/ros/galactic/opt/rviz_ogre_vendor/lib:/opt/ros/galactic/lib/x86_64-linux-gnu:/opt/ros/galactic/lib PYTHONPATH=/home/huang/codes/ROS_Study/install/tutorial_interfaces/lib/python3.8/site-packages:/home/huang/codes/ROS_Study/install/village_interfaces/lib/python3.8/site-packages:/opt/ros/galactic/lib/python3.8/site-packages /usr/bin/cmake --install /home/huang/codes/ROS_Study/build/ros_service
[6.521s] -- Install configuration: ""
[6.522s] -- Up-to-date: /home/huang/codes/ROS_Study/install/ros_service/lib/ros_service/service_node
[6.522s] -- Installing: /home/huang/codes/ROS_Study/install/ros_service/lib/ros_service/client_node
[6.523s] -- Set runtime path of "/home/huang/codes/ROS_Study/install/ros_service/lib/ros_service/client_node" to ""
[6.523s] -- Up-to-date: /home/huang/codes/ROS_Study/install/ros_service/share/ament_index/resource_index/package_run_dependencies/ros_service
[6.523s] -- Up-to-date: /home/huang/codes/ROS_Study/install/ros_service/share/ament_index/resource_index/parent_prefix_path/ros_service
[6.524s] -- Up-to-date: /home/huang/codes/ROS_Study/install/ros_service/share/ros_service/environment/ament_prefix_path.sh
[6.524s] -- Up-to-date: /home/huang/codes/ROS_Study/install/ros_service/share/ros_service/environment/ament_prefix_path.dsv
[6.524s] -- Up-to-date: /home/huang/codes/ROS_Study/install/ros_service/share/ros_service/environment/path.sh
[6.524s] -- Up-to-date: /home/huang/codes/ROS_Study/install/ros_service/share/ros_service/environment/path.dsv
[6.524s] -- Up-to-date: /home/huang/codes/ROS_Study/install/ros_service/share/ros_service/local_setup.bash
[6.524s] -- Up-to-date: /home/huang/codes/ROS_Study/install/ros_service/share/ros_service/local_setup.sh
[6.524s] -- Up-to-date: /home/huang/codes/ROS_Study/install/ros_service/share/ros_service/local_setup.zsh
[6.524s] -- Up-to-date: /home/huang/codes/ROS_Study/install/ros_service/share/ros_service/local_setup.dsv
[6.524s] -- Installing: /home/huang/codes/ROS_Study/install/ros_service/share/ros_service/package.dsv
[6.525s] -- Up-to-date: /home/huang/codes/ROS_Study/install/ros_service/share/ament_index/resource_index/packages/ros_service
[6.525s] -- Up-to-date: /home/huang/codes/ROS_Study/install/ros_service/share/ros_service/cmake/ros_serviceConfig.cmake
[6.525s] -- Up-to-date: /home/huang/codes/ROS_Study/install/ros_service/share/ros_service/cmake/ros_serviceConfig-version.cmake
[6.525s] -- Up-to-date: /home/huang/codes/ROS_Study/install/ros_service/share/ros_service/package.xml
[6.528s] Invoked command in '/home/huang/codes/ROS_Study/build/ros_service' returned '0': CMAKE_PREFIX_PATH=/home/huang/codes/ROS_Study/install/tutorial_interfaces:/home/huang/codes/ROS_Study/install/village_wang:/home/huang/codes/ROS_Study/install/village_li:/home/huang/codes/ROS_Study/install/village_interfaces:/home/huang/codes/ROS_Study/install/ros_service:/home/huang/codes/ROS_Study/install/ros_pub_sub_cv:/home/huang/codes/ROS_Study/install/ros_pub_sub:/opt/ros/galactic LD_LIBRARY_PATH=/home/huang/codes/ROS_Study/install/tutorial_interfaces/lib:/home/huang/codes/ROS_Study/install/village_interfaces/lib:/opt/ros/galactic/opt/yaml_cpp_vendor/lib:/opt/ros/galactic/opt/rviz_ogre_vendor/lib:/opt/ros/galactic/lib/x86_64-linux-gnu:/opt/ros/galactic/lib PYTHONPATH=/home/huang/codes/ROS_Study/install/tutorial_interfaces/lib/python3.8/site-packages:/home/huang/codes/ROS_Study/install/village_interfaces/lib/python3.8/site-packages:/opt/ros/galactic/lib/python3.8/site-packages /usr/bin/cmake --install /home/huang/codes/ROS_Study/build/ros_service
