[0.066s] Invoking command in '/home/huang/codes/ROS_Study/build/ros_pub_sub_cv': CMAKE_PREFIX_PATH=/home/huang/codes/ROS_Study/install/tutorial_interfaces:/home/huang/codes/ROS_Study/install/village_wang:/home/huang/codes/ROS_Study/install/village_li:/home/huang/codes/ROS_Study/install/village_interfaces:/home/huang/codes/ROS_Study/install/ros_pub_sub_cv:/home/huang/codes/ROS_Study/install/ros_pub_sub:/opt/ros/galactic LD_LIBRARY_PATH=/home/huang/codes/ROS_Study/install/tutorial_interfaces/lib:/home/huang/codes/ROS_Study/install/village_interfaces/lib:/opt/ros/galactic/opt/yaml_cpp_vendor/lib:/opt/ros/galactic/opt/rviz_ogre_vendor/lib:/opt/ros/galactic/lib/x86_64-linux-gnu:/opt/ros/galactic/lib PYTHONPATH=/home/huang/codes/ROS_Study/install/tutorial_interfaces/lib/python3.8/site-packages:/home/huang/codes/ROS_Study/install/village_interfaces/lib/python3.8/site-packages:/opt/ros/galactic/lib/python3.8/site-packages /usr/bin/cmake --build /home/huang/codes/ROS_Study/build/ros_pub_sub_cv -- -j8 -l8
[0.184s] [ 50%] Built target sub_node
[0.186s] [100%] Built target pub_node
[0.216s] Invoked command in '/home/huang/codes/ROS_Study/build/ros_pub_sub_cv' returned '0': CMAKE_PREFIX_PATH=/home/huang/codes/ROS_Study/install/tutorial_interfaces:/home/huang/codes/ROS_Study/install/village_wang:/home/huang/codes/ROS_Study/install/village_li:/home/huang/codes/ROS_Study/install/village_interfaces:/home/huang/codes/ROS_Study/install/ros_pub_sub_cv:/home/huang/codes/ROS_Study/install/ros_pub_sub:/opt/ros/galactic LD_LIBRARY_PATH=/home/huang/codes/ROS_Study/install/tutorial_interfaces/lib:/home/huang/codes/ROS_Study/install/village_interfaces/lib:/opt/ros/galactic/opt/yaml_cpp_vendor/lib:/opt/ros/galactic/opt/rviz_ogre_vendor/lib:/opt/ros/galactic/lib/x86_64-linux-gnu:/opt/ros/galactic/lib PYTHONPATH=/home/huang/codes/ROS_Study/install/tutorial_interfaces/lib/python3.8/site-packages:/home/huang/codes/ROS_Study/install/village_interfaces/lib/python3.8/site-packages:/opt/ros/galactic/lib/python3.8/site-packages /usr/bin/cmake --build /home/huang/codes/ROS_Study/build/ros_pub_sub_cv -- -j8 -l8
[0.268s] Invoking command in '/home/huang/codes/ROS_Study/build/ros_pub_sub_cv': CMAKE_PREFIX_PATH=/home/huang/codes/ROS_Study/install/tutorial_interfaces:/home/huang/codes/ROS_Study/install/village_wang:/home/huang/codes/ROS_Study/install/village_li:/home/huang/codes/ROS_Study/install/village_interfaces:/home/huang/codes/ROS_Study/install/ros_pub_sub_cv:/home/huang/codes/ROS_Study/install/ros_pub_sub:/opt/ros/galactic LD_LIBRARY_PATH=/home/huang/codes/ROS_Study/install/tutorial_interfaces/lib:/home/huang/codes/ROS_Study/install/village_interfaces/lib:/opt/ros/galactic/opt/yaml_cpp_vendor/lib:/opt/ros/galactic/opt/rviz_ogre_vendor/lib:/opt/ros/galactic/lib/x86_64-linux-gnu:/opt/ros/galactic/lib PYTHONPATH=/home/huang/codes/ROS_Study/install/tutorial_interfaces/lib/python3.8/site-packages:/home/huang/codes/ROS_Study/install/village_interfaces/lib/python3.8/site-packages:/opt/ros/galactic/lib/python3.8/site-packages /usr/bin/cmake --install /home/huang/codes/ROS_Study/build/ros_pub_sub_cv
[0.280s] -- Install configuration: ""
[0.281s] -- Execute custom install script
[0.289s] -- Up-to-date symlink: /home/huang/codes/ROS_Study/install/ros_pub_sub_cv/lib/ros_pub_sub_cv/pub_node
[0.289s] -- Up-to-date symlink: /home/huang/codes/ROS_Study/install/ros_pub_sub_cv/lib/ros_pub_sub_cv/sub_node
[0.289s] -- Up-to-date symlink: /home/huang/codes/ROS_Study/install/ros_pub_sub_cv/share/ament_index/resource_index/package_run_dependencies/ros_pub_sub_cv
[0.289s] -- Up-to-date symlink: /home/huang/codes/ROS_Study/install/ros_pub_sub_cv/share/ament_index/resource_index/parent_prefix_path/ros_pub_sub_cv
[0.290s] -- Up-to-date symlink: /home/huang/codes/ROS_Study/install/ros_pub_sub_cv/share/ros_pub_sub_cv/environment/ament_prefix_path.sh
[0.290s] -- Up-to-date symlink: /home/huang/codes/ROS_Study/install/ros_pub_sub_cv/share/ros_pub_sub_cv/environment/ament_prefix_path.dsv
[0.290s] -- Up-to-date symlink: /home/huang/codes/ROS_Study/install/ros_pub_sub_cv/share/ros_pub_sub_cv/environment/path.sh
[0.290s] -- Up-to-date symlink: /home/huang/codes/ROS_Study/install/ros_pub_sub_cv/share/ros_pub_sub_cv/environment/path.dsv
[0.290s] -- Up-to-date symlink: /home/huang/codes/ROS_Study/install/ros_pub_sub_cv/share/ros_pub_sub_cv/local_setup.bash
[0.290s] -- Up-to-date symlink: /home/huang/codes/ROS_Study/install/ros_pub_sub_cv/share/ros_pub_sub_cv/local_setup.sh
[0.290s] -- Up-to-date symlink: /home/huang/codes/ROS_Study/install/ros_pub_sub_cv/share/ros_pub_sub_cv/local_setup.zsh
[0.291s] -- Up-to-date symlink: /home/huang/codes/ROS_Study/install/ros_pub_sub_cv/share/ros_pub_sub_cv/local_setup.dsv
[0.292s] -- Symlinking: /home/huang/codes/ROS_Study/install/ros_pub_sub_cv/share/ros_pub_sub_cv/package.dsv
[0.311s] -- Up-to-date symlink: /home/huang/codes/ROS_Study/install/ros_pub_sub_cv/share/ament_index/resource_index/packages/ros_pub_sub_cv
[0.312s] -- Up-to-date symlink: /home/huang/codes/ROS_Study/install/ros_pub_sub_cv/share/ros_pub_sub_cv/cmake/ros_pub_sub_cvConfig.cmake
[0.312s] -- Up-to-date symlink: /home/huang/codes/ROS_Study/install/ros_pub_sub_cv/share/ros_pub_sub_cv/cmake/ros_pub_sub_cvConfig-version.cmake
[0.312s] -- Up-to-date symlink: /home/huang/codes/ROS_Study/install/ros_pub_sub_cv/share/ros_pub_sub_cv/package.xml
[0.333s] Invoked command in '/home/huang/codes/ROS_Study/build/ros_pub_sub_cv' returned '0': CMAKE_PREFIX_PATH=/home/huang/codes/ROS_Study/install/tutorial_interfaces:/home/huang/codes/ROS_Study/install/village_wang:/home/huang/codes/ROS_Study/install/village_li:/home/huang/codes/ROS_Study/install/village_interfaces:/home/huang/codes/ROS_Study/install/ros_pub_sub_cv:/home/huang/codes/ROS_Study/install/ros_pub_sub:/opt/ros/galactic LD_LIBRARY_PATH=/home/huang/codes/ROS_Study/install/tutorial_interfaces/lib:/home/huang/codes/ROS_Study/install/village_interfaces/lib:/opt/ros/galactic/opt/yaml_cpp_vendor/lib:/opt/ros/galactic/opt/rviz_ogre_vendor/lib:/opt/ros/galactic/lib/x86_64-linux-gnu:/opt/ros/galactic/lib PYTHONPATH=/home/huang/codes/ROS_Study/install/tutorial_interfaces/lib/python3.8/site-packages:/home/huang/codes/ROS_Study/install/village_interfaces/lib/python3.8/site-packages:/opt/ros/galactic/lib/python3.8/site-packages /usr/bin/cmake --install /home/huang/codes/ROS_Study/build/ros_pub_sub_cv
