[0.105s] Invoking command in '/home/huang/codes/ROS_Study/build/village_interfaces': CMAKE_PREFIX_PATH=${CMAKE_PREFIX_PATH}:/opt/ros/galactic /usr/bin/cmake --build /home/huang/codes/ROS_Study/build/village_interfaces -- -j8 -l8
[0.346s] [  9%] Built target village_interfaces__rosidl_generator_c
[0.351s] [ 12%] Built target village_interfaces__cpp
[0.485s] [ 22%] Built target village_interfaces__rosidl_typesupport_c
[0.500s] [ 32%] Built target village_interfaces__rosidl_typesupport_introspection_c
[0.515s] [ 41%] Built target village_interfaces__rosidl_typesupport_introspection_cpp
[0.515s] [ 51%] Built target village_interfaces__rosidl_typesupport_cpp
[0.528s] [ 61%] Built target village_interfaces__rosidl_typesupport_fastrtps_cpp
[0.618s] [ 70%] Built target village_interfaces__rosidl_typesupport_fastrtps_c
[0.674s] [ 70%] Built target village_interfaces
[0.736s] [ 74%] Built target village_interfaces__py
[0.844s] [ 80%] Built target village_interfaces__python
[0.919s] [ 87%] Built target village_interfaces__rosidl_typesupport_c__pyext
[0.924s] [ 93%] Built target village_interfaces__rosidl_typesupport_fastrtps_c__pyext
[0.924s] [100%] Built target village_interfaces__rosidl_typesupport_introspection_c__pyext
[0.949s] Invoked command in '/home/huang/codes/ROS_Study/build/village_interfaces' returned '0': CMAKE_PREFIX_PATH=${CMAKE_PREFIX_PATH}:/opt/ros/galactic /usr/bin/cmake --build /home/huang/codes/ROS_Study/build/village_interfaces -- -j8 -l8
[1.045s] Invoking command in '/home/huang/codes/ROS_Study/build/village_interfaces': CMAKE_PREFIX_PATH=${CMAKE_PREFIX_PATH}:/opt/ros/galactic /usr/bin/cmake --install /home/huang/codes/ROS_Study/build/village_interfaces
[1.059s] -- Install configuration: ""
[1.059s] -- Up-to-date: /home/huang/codes/ROS_Study/install/village_interfaces/share/ament_index/resource_index/rosidl_interfaces/village_interfaces
[1.059s] -- Up-to-date: /home/huang/codes/ROS_Study/install/village_interfaces/include/village_interfaces
[1.059s] -- Up-to-date: /home/huang/codes/ROS_Study/install/village_interfaces/include/village_interfaces/msg
[1.059s] -- Up-to-date: /home/huang/codes/ROS_Study/install/village_interfaces/include/village_interfaces/msg/book.h
[1.059s] -- Up-to-date: /home/huang/codes/ROS_Study/install/village_interfaces/include/village_interfaces/msg/rosidl_generator_c__visibility_control.h
[1.059s] -- Up-to-date: /home/huang/codes/ROS_Study/install/village_interfaces/include/village_interfaces/msg/detail
[1.060s] -- Up-to-date: /home/huang/codes/ROS_Study/install/village_interfaces/include/village_interfaces/msg/detail/book__functions.c
[1.060s] -- Up-to-date: /home/huang/codes/ROS_Study/install/village_interfaces/include/village_interfaces/msg/detail/book__type_support.h
[1.060s] -- Up-to-date: /home/huang/codes/ROS_Study/install/village_interfaces/include/village_interfaces/msg/detail/book__functions.h
[1.060s] -- Up-to-date: /home/huang/codes/ROS_Study/install/village_interfaces/include/village_interfaces/msg/detail/book__struct.h
[1.060s] -- Up-to-date: /home/huang/codes/ROS_Study/install/village_interfaces/share/village_interfaces/environment/library_path.sh
[1.060s] -- Up-to-date: /home/huang/codes/ROS_Study/install/village_interfaces/share/village_interfaces/environment/library_path.dsv
[1.060s] -- Up-to-date: /home/huang/codes/ROS_Study/install/village_interfaces/lib/libvillage_interfaces__rosidl_generator_c.so
[1.060s] -- Up-to-date: /home/huang/codes/ROS_Study/install/village_interfaces/include/village_interfaces
[1.060s] -- Up-to-date: /home/huang/codes/ROS_Study/install/village_interfaces/include/village_interfaces/msg
[1.060s] -- Up-to-date: /home/huang/codes/ROS_Study/install/village_interfaces/include/village_interfaces/msg/detail
[1.061s] -- Up-to-date: /home/huang/codes/ROS_Study/install/village_interfaces/include/village_interfaces/msg/detail/book__rosidl_typesupport_fastrtps_c.h
[1.061s] -- Up-to-date: /home/huang/codes/ROS_Study/install/village_interfaces/include/village_interfaces/msg/rosidl_typesupport_fastrtps_c__visibility_control.h
[1.061s] -- Up-to-date: /home/huang/codes/ROS_Study/install/village_interfaces/lib/libvillage_interfaces__rosidl_typesupport_fastrtps_c.so
[1.061s] -- Up-to-date: /home/huang/codes/ROS_Study/install/village_interfaces/include/village_interfaces
[1.061s] -- Up-to-date: /home/huang/codes/ROS_Study/install/village_interfaces/include/village_interfaces/msg
[1.062s] -- Up-to-date: /home/huang/codes/ROS_Study/install/village_interfaces/include/village_interfaces/msg/rosidl_typesupport_fastrtps_cpp__visibility_control.h
[1.062s] -- Up-to-date: /home/huang/codes/ROS_Study/install/village_interfaces/include/village_interfaces/msg/detail
[1.062s] -- Up-to-date: /home/huang/codes/ROS_Study/install/village_interfaces/include/village_interfaces/msg/detail/dds_fastrtps
[1.062s] -- Up-to-date: /home/huang/codes/ROS_Study/install/village_interfaces/include/village_interfaces/msg/detail/book__rosidl_typesupport_fastrtps_cpp.hpp
[1.062s] -- Up-to-date: /home/huang/codes/ROS_Study/install/village_interfaces/lib/libvillage_interfaces__rosidl_typesupport_fastrtps_cpp.so
[1.062s] -- Up-to-date: /home/huang/codes/ROS_Study/install/village_interfaces/include/village_interfaces
[1.062s] -- Up-to-date: /home/huang/codes/ROS_Study/install/village_interfaces/include/village_interfaces/msg
[1.062s] -- Up-to-date: /home/huang/codes/ROS_Study/install/village_interfaces/include/village_interfaces/msg/rosidl_typesupport_introspection_c__visibility_control.h
[1.062s] -- Up-to-date: /home/huang/codes/ROS_Study/install/village_interfaces/include/village_interfaces/msg/detail
[1.062s] -- Up-to-date: /home/huang/codes/ROS_Study/install/village_interfaces/include/village_interfaces/msg/detail/book__rosidl_typesupport_introspection_c.h
[1.063s] -- Up-to-date: /home/huang/codes/ROS_Study/install/village_interfaces/include/village_interfaces/msg/detail/book__type_support.c
[1.063s] -- Up-to-date: /home/huang/codes/ROS_Study/install/village_interfaces/lib/libvillage_interfaces__rosidl_typesupport_introspection_c.so
[1.063s] -- Up-to-date: /home/huang/codes/ROS_Study/install/village_interfaces/lib/libvillage_interfaces__rosidl_typesupport_c.so
[1.063s] -- Up-to-date: /home/huang/codes/ROS_Study/install/village_interfaces/include/village_interfaces
[1.063s] -- Up-to-date: /home/huang/codes/ROS_Study/install/village_interfaces/include/village_interfaces/msg
[1.064s] -- Up-to-date: /home/huang/codes/ROS_Study/install/village_interfaces/include/village_interfaces/msg/book.hpp
[1.064s] -- Up-to-date: /home/huang/codes/ROS_Study/install/village_interfaces/include/village_interfaces/msg/detail
[1.064s] -- Up-to-date: /home/huang/codes/ROS_Study/install/village_interfaces/include/village_interfaces/msg/detail/book__struct.hpp
[1.064s] -- Up-to-date: /home/huang/codes/ROS_Study/install/village_interfaces/include/village_interfaces/msg/detail/book__traits.hpp
[1.064s] -- Up-to-date: /home/huang/codes/ROS_Study/install/village_interfaces/include/village_interfaces/msg/detail/book__builder.hpp
[1.064s] -- Up-to-date: /home/huang/codes/ROS_Study/install/village_interfaces/include/village_interfaces
[1.064s] -- Up-to-date: /home/huang/codes/ROS_Study/install/village_interfaces/include/village_interfaces/msg
[1.064s] -- Up-to-date: /home/huang/codes/ROS_Study/install/village_interfaces/include/village_interfaces/msg/detail
[1.065s] -- Up-to-date: /home/huang/codes/ROS_Study/install/village_interfaces/include/village_interfaces/msg/detail/book__rosidl_typesupport_introspection_cpp.hpp
[1.065s] -- Up-to-date: /home/huang/codes/ROS_Study/install/village_interfaces/include/village_interfaces/msg/detail/book__type_support.cpp
[1.065s] -- Up-to-date: /home/huang/codes/ROS_Study/install/village_interfaces/lib/libvillage_interfaces__rosidl_typesupport_introspection_cpp.so
[1.065s] -- Up-to-date: /home/huang/codes/ROS_Study/install/village_interfaces/lib/libvillage_interfaces__rosidl_typesupport_cpp.so
[1.066s] -- Up-to-date: /home/huang/codes/ROS_Study/install/village_interfaces/share/village_interfaces/environment/pythonpath.sh
[1.066s] -- Up-to-date: /home/huang/codes/ROS_Study/install/village_interfaces/share/village_interfaces/environment/pythonpath.dsv
[1.066s] -- Up-to-date: /home/huang/codes/ROS_Study/install/village_interfaces/lib/python3.8/site-packages/village_interfaces/__init__.py
[1.132s] -- Up-to-date: /home/huang/codes/ROS_Study/install/village_interfaces/lib/python3.8/site-packages/village_interfaces/msg
[1.132s] -- Up-to-date: /home/huang/codes/ROS_Study/install/village_interfaces/lib/python3.8/site-packages/village_interfaces/msg/_book_s.c
[1.133s] -- Up-to-date: /home/huang/codes/ROS_Study/install/village_interfaces/lib/python3.8/site-packages/village_interfaces/msg/__init__.py
[1.133s] -- Up-to-date: /home/huang/codes/ROS_Study/install/village_interfaces/lib/python3.8/site-packages/village_interfaces/msg/_book.py
[1.133s] -- Up-to-date: /home/huang/codes/ROS_Study/install/village_interfaces/lib/python3.8/site-packages/village_interfaces/village_interfaces_s__rosidl_typesupport_fastrtps_c.cpython-38-x86_64-linux-gnu.so
[1.134s] -- Up-to-date: /home/huang/codes/ROS_Study/install/village_interfaces/lib/python3.8/site-packages/village_interfaces/village_interfaces_s__rosidl_typesupport_introspection_c.cpython-38-x86_64-linux-gnu.so
[1.136s] -- Up-to-date: /home/huang/codes/ROS_Study/install/village_interfaces/lib/python3.8/site-packages/village_interfaces/village_interfaces_s__rosidl_typesupport_c.cpython-38-x86_64-linux-gnu.so
[1.137s] -- Up-to-date: /home/huang/codes/ROS_Study/install/village_interfaces/lib/libvillage_interfaces__python.so
[1.139s] -- Up-to-date: /home/huang/codes/ROS_Study/install/village_interfaces/share/village_interfaces/msg/Book.idl
[1.139s] -- Up-to-date: /home/huang/codes/ROS_Study/install/village_interfaces/share/village_interfaces/msg/Book.msg
[1.140s] -- Up-to-date: /home/huang/codes/ROS_Study/install/village_interfaces/share/ament_index/resource_index/package_run_dependencies/village_interfaces
[1.140s] -- Up-to-date: /home/huang/codes/ROS_Study/install/village_interfaces/share/ament_index/resource_index/parent_prefix_path/village_interfaces
[1.140s] -- Up-to-date: /home/huang/codes/ROS_Study/install/village_interfaces/share/village_interfaces/environment/ament_prefix_path.sh
[1.140s] -- Up-to-date: /home/huang/codes/ROS_Study/install/village_interfaces/share/village_interfaces/environment/ament_prefix_path.dsv
[1.140s] -- Up-to-date: /home/huang/codes/ROS_Study/install/village_interfaces/share/village_interfaces/environment/path.sh
[1.140s] -- Up-to-date: /home/huang/codes/ROS_Study/install/village_interfaces/share/village_interfaces/environment/path.dsv
[1.140s] -- Up-to-date: /home/huang/codes/ROS_Study/install/village_interfaces/share/village_interfaces/local_setup.bash
[1.141s] -- Up-to-date: /home/huang/codes/ROS_Study/install/village_interfaces/share/village_interfaces/local_setup.sh
[1.141s] -- Up-to-date: /home/huang/codes/ROS_Study/install/village_interfaces/share/village_interfaces/local_setup.zsh
[1.141s] -- Up-to-date: /home/huang/codes/ROS_Study/install/village_interfaces/share/village_interfaces/local_setup.dsv
[1.141s] -- Installing: /home/huang/codes/ROS_Study/install/village_interfaces/share/village_interfaces/package.dsv
[1.141s] -- Up-to-date: /home/huang/codes/ROS_Study/install/village_interfaces/share/ament_index/resource_index/packages/village_interfaces
[1.141s] -- Up-to-date: /home/huang/codes/ROS_Study/install/village_interfaces/share/village_interfaces/cmake/village_interfaces__rosidl_generator_cExport.cmake
[1.141s] -- Up-to-date: /home/huang/codes/ROS_Study/install/village_interfaces/share/village_interfaces/cmake/village_interfaces__rosidl_generator_cExport-noconfig.cmake
[1.142s] -- Up-to-date: /home/huang/codes/ROS_Study/install/village_interfaces/share/village_interfaces/cmake/village_interfaces__rosidl_typesupport_introspection_cExport.cmake
[1.142s] -- Up-to-date: /home/huang/codes/ROS_Study/install/village_interfaces/share/village_interfaces/cmake/village_interfaces__rosidl_typesupport_introspection_cExport-noconfig.cmake
[1.142s] -- Up-to-date: /home/huang/codes/ROS_Study/install/village_interfaces/share/village_interfaces/cmake/village_interfaces__rosidl_typesupport_cExport.cmake
[1.142s] -- Up-to-date: /home/huang/codes/ROS_Study/install/village_interfaces/share/village_interfaces/cmake/village_interfaces__rosidl_typesupport_cExport-noconfig.cmake
[1.142s] -- Up-to-date: /home/huang/codes/ROS_Study/install/village_interfaces/share/village_interfaces/cmake/village_interfaces__rosidl_generator_cppExport.cmake
[1.142s] -- Up-to-date: /home/huang/codes/ROS_Study/install/village_interfaces/share/village_interfaces/cmake/village_interfaces__rosidl_typesupport_introspection_cppExport.cmake
[1.142s] -- Up-to-date: /home/huang/codes/ROS_Study/install/village_interfaces/share/village_interfaces/cmake/village_interfaces__rosidl_typesupport_introspection_cppExport-noconfig.cmake
[1.142s] -- Up-to-date: /home/huang/codes/ROS_Study/install/village_interfaces/share/village_interfaces/cmake/village_interfaces__rosidl_typesupport_cppExport.cmake
[1.143s] -- Up-to-date: /home/huang/codes/ROS_Study/install/village_interfaces/share/village_interfaces/cmake/village_interfaces__rosidl_typesupport_cppExport-noconfig.cmake
[1.143s] -- Up-to-date: /home/huang/codes/ROS_Study/install/village_interfaces/share/village_interfaces/cmake/rosidl_cmake-extras.cmake
[1.143s] -- Up-to-date: /home/huang/codes/ROS_Study/install/village_interfaces/share/village_interfaces/cmake/ament_cmake_export_dependencies-extras.cmake
[1.143s] -- Up-to-date: /home/huang/codes/ROS_Study/install/village_interfaces/share/village_interfaces/cmake/ament_cmake_export_libraries-extras.cmake
[1.143s] -- Up-to-date: /home/huang/codes/ROS_Study/install/village_interfaces/share/village_interfaces/cmake/ament_cmake_export_targets-extras.cmake
[1.143s] -- Up-to-date: /home/huang/codes/ROS_Study/install/village_interfaces/share/village_interfaces/cmake/ament_cmake_export_include_directories-extras.cmake
[1.143s] -- Up-to-date: /home/huang/codes/ROS_Study/install/village_interfaces/share/village_interfaces/cmake/rosidl_cmake_export_typesupport_libraries-extras.cmake
[1.143s] -- Up-to-date: /home/huang/codes/ROS_Study/install/village_interfaces/share/village_interfaces/cmake/rosidl_cmake_export_typesupport_targets-extras.cmake
[1.143s] -- Up-to-date: /home/huang/codes/ROS_Study/install/village_interfaces/share/village_interfaces/cmake/village_interfacesConfig.cmake
[1.144s] -- Up-to-date: /home/huang/codes/ROS_Study/install/village_interfaces/share/village_interfaces/cmake/village_interfacesConfig-version.cmake
[1.144s] -- Up-to-date: /home/huang/codes/ROS_Study/install/village_interfaces/share/village_interfaces/package.xml
[1.151s] Invoked command in '/home/huang/codes/ROS_Study/build/village_interfaces' returned '0': CMAKE_PREFIX_PATH=${CMAKE_PREFIX_PATH}:/opt/ros/galactic /usr/bin/cmake --install /home/huang/codes/ROS_Study/build/village_interfaces
