[0.042s] Invoking command in '/home/huang/codes/ROS_Study/build/ros_pub_sub_cv': CMAKE_PREFIX_PATH=/home/huang/codes/ROS_Study/install/tutorial_interfaces:/home/huang/codes/ROS_Study/install/village_wang:/home/huang/codes/ROS_Study/install/village_li:/home/huang/codes/ROS_Study/install/village_interfaces:/home/huang/codes/ROS_Study/install/ros_pub_sub_cv:/home/huang/codes/ROS_Study/install/ros_pub_sub:/opt/ros/galactic LD_LIBRARY_PATH=/home/huang/codes/ROS_Study/install/tutorial_interfaces/lib:/home/huang/codes/ROS_Study/install/village_interfaces/lib:/opt/ros/galactic/opt/yaml_cpp_vendor/lib:/opt/ros/galactic/opt/rviz_ogre_vendor/lib:/opt/ros/galactic/lib/x86_64-linux-gnu:/opt/ros/galactic/lib PYTHONPATH=/home/huang/codes/ROS_Study/install/tutorial_interfaces/lib/python3.8/site-packages:/home/huang/codes/ROS_Study/install/village_interfaces/lib/python3.8/site-packages:/opt/ros/galactic/lib/python3.8/site-packages /usr/bin/cmake --build /home/huang/codes/ROS_Study/build/ros_pub_sub_cv -- -j8 -l8
[0.113s] [35m[1mScanning dependencies of target sub_node[0m
[0.152s] [ 50%] Built target pub_node
[0.168s] [ 75%] [32mBuilding CXX object CMakeFiles/sub_node.dir/src/sub.cpp.o[0m
[4.199s] [01m[K/home/huang/codes/ROS_Study/src/ros_pub_sub_cv/src/sub.cpp:33:24:[m[K [01;31m[Kerror: [m[K‘[01m[Krows[m[K’ has not been declared
[4.199s]    33 |   cv::Mat resizedFrame([01;31m[Krows[m[K, cols, CV_8U, cv::Scalar(255, 255, 255));
[4.199s]       |                        [01;31m[K^~~~[m[K
[4.199s] [01m[K/home/huang/codes/ROS_Study/src/ros_pub_sub_cv/src/sub.cpp:33:30:[m[K [01;31m[Kerror: [m[K‘[01m[Kcols[m[K’ has not been declared
[4.199s]    33 |   cv::Mat resizedFrame(rows, [01;31m[Kcols[m[K, CV_8U, cv::Scalar(255, 255, 255));
[4.199s]       |                              [01;31m[K^~~~[m[K
[4.199s] In file included from [01m[K/usr/local/include/opencv4/opencv2/core/cvdef.h:190[m[K,
[4.199s]                  from [01m[K/usr/local/include/opencv4/opencv2/core.hpp:52[m[K,
[4.199s]                  from [01m[K/usr/local/include/opencv4/opencv2/opencv.hpp:52[m[K,
[4.199s]                  from [01m[K/home/huang/codes/ROS_Study/src/ros_pub_sub_cv/src/sub.cpp:3[m[K:
[4.199s] [01m[K/home/huang/codes/ROS_Study/src/ros_pub_sub_cv/src/sub.cpp:33:36:[m[K [01;31m[Kerror: [m[Kexpected identifier before numeric constant
[4.199s]    33 |   cv::Mat resizedFrame(rows, cols, [01;31m[KCV_8U[m[K, cv::Scalar(255, 255, 255));
[4.200s]       |                                    [01;31m[K^~~~~[m[K
[4.200s] [01m[K/home/huang/codes/ROS_Study/src/ros_pub_sub_cv/src/sub.cpp:33:36:[m[K [01;31m[Kerror: [m[Kexpected ‘[01m[K,[m[K’ or ‘[01m[K...[m[K’ before numeric constant
[4.218s] [01m[K/home/huang/codes/ROS_Study/src/ros_pub_sub_cv/src/sub.cpp:[m[K In member function ‘[01m[Kvoid MinimalSubscriber::topic_callback(const Picture&) const[m[K’:
[4.218s] [01m[K/home/huang/codes/ROS_Study/src/ros_pub_sub_cv/src/sub.cpp:26:35:[m[K [01;31m[Kerror: [m[Kinvalid use of member function ‘[01m[Kcv::Mat MinimalSubscriber::resizedFrame(int, int, int)[m[K’ (did you forget the ‘[01m[K()[m[K’ ?)
[4.218s]    26 |     cv::resize(img, resizedFrame, [01;31m[KresizedFrame[m[K.size());
[4.218s]       |                                   [01;31m[K^~~~~~~~~~~~[m[K
[4.218s] [01m[K/home/huang/codes/ROS_Study/src/ros_pub_sub_cv/src/sub.cpp:26:21:[m[K [01;31m[Kerror: [m[Kinvalid use of non-static member function ‘[01m[Kcv::Mat MinimalSubscriber::resizedFrame(int, int, int)[m[K’
[4.218s]    26 |     cv::resize(img, [01;31m[KresizedFrame[m[K, resizedFrame.size());
[4.218s]       |                     [01;31m[K^~~~~~~~~~~~[m[K
[4.218s] [01m[K/home/huang/codes/ROS_Study/src/ros_pub_sub_cv/src/sub.cpp:33:11:[m[K [01;36m[Knote: [m[Kdeclared here
[4.218s]    33 |   cv::Mat [01;36m[KresizedFrame[m[K(rows, cols, CV_8U, cv::Scalar(255, 255, 255));
[4.219s]       |           [01;36m[K^~~~~~~~~~~~[m[K
[7.556s] make[2]: *** [CMakeFiles/sub_node.dir/build.make:63：CMakeFiles/sub_node.dir/src/sub.cpp.o] 错误 1
[7.556s] make[1]: *** [CMakeFiles/Makefile2:80：CMakeFiles/sub_node.dir/all] 错误 2
[7.557s] make: *** [Makefile:141：all] 错误 2
[7.560s] Invoked command in '/home/huang/codes/ROS_Study/build/ros_pub_sub_cv' returned '2': CMAKE_PREFIX_PATH=/home/huang/codes/ROS_Study/install/tutorial_interfaces:/home/huang/codes/ROS_Study/install/village_wang:/home/huang/codes/ROS_Study/install/village_li:/home/huang/codes/ROS_Study/install/village_interfaces:/home/huang/codes/ROS_Study/install/ros_pub_sub_cv:/home/huang/codes/ROS_Study/install/ros_pub_sub:/opt/ros/galactic LD_LIBRARY_PATH=/home/huang/codes/ROS_Study/install/tutorial_interfaces/lib:/home/huang/codes/ROS_Study/install/village_interfaces/lib:/opt/ros/galactic/opt/yaml_cpp_vendor/lib:/opt/ros/galactic/opt/rviz_ogre_vendor/lib:/opt/ros/galactic/lib/x86_64-linux-gnu:/opt/ros/galactic/lib PYTHONPATH=/home/huang/codes/ROS_Study/install/tutorial_interfaces/lib/python3.8/site-packages:/home/huang/codes/ROS_Study/install/village_interfaces/lib/python3.8/site-packages:/opt/ros/galactic/lib/python3.8/site-packages /usr/bin/cmake --build /home/huang/codes/ROS_Study/build/ros_pub_sub_cv -- -j8 -l8
