[0.078s] Invoking command in '/home/huang/codes/ROS_Study/build/ros_service_launch': CMAKE_PREFIX_PATH=/home/huang/codes/ROS_Study/install/tutorial_interfaces:/home/huang/codes/ROS_Study/install/village_wang:/home/huang/codes/ROS_Study/install/village_li:/home/huang/codes/ROS_Study/install/village_interfaces:/home/huang/codes/ROS_Study/install/ros_service:/home/huang/codes/ROS_Study/install/ros_pub_sub_cv:/home/huang/codes/ROS_Study/install/ros_pub_sub:/opt/ros/galactic LD_LIBRARY_PATH=/home/huang/codes/ROS_Study/install/tutorial_interfaces/lib:/home/huang/codes/ROS_Study/install/village_interfaces/lib:/opt/ros/galactic/opt/yaml_cpp_vendor/lib:/opt/ros/galactic/opt/rviz_ogre_vendor/lib:/opt/ros/galactic/lib/x86_64-linux-gnu:/opt/ros/galactic/lib PYTHONPATH=/home/huang/codes/ROS_Study/install/tutorial_interfaces/lib/python3.8/site-packages:/home/huang/codes/ROS_Study/install/village_interfaces/lib/python3.8/site-packages:/opt/ros/galactic/lib/python3.8/site-packages /usr/bin/cmake /home/huang/codes/ROS_Study/src/ros_service_launch -DCMAKE_INSTALL_PREFIX=/home/huang/codes/ROS_Study/install/ros_service_launch
[0.235s] -- The C compiler identification is GNU 9.4.0
[0.373s] -- The CXX compiler identification is GNU 9.4.0
[0.380s] -- Check for working C compiler: /usr/bin/cc
[0.616s] -- Check for working C compiler: /usr/bin/cc -- works
[0.621s] -- Detecting C compiler ABI info
[0.793s] -- Detecting C compiler ABI info - done
[0.830s] -- Detecting C compile features
[0.832s] -- Detecting C compile features - done
[0.839s] -- Check for working CXX compiler: /usr/bin/c++
[0.981s] -- Check for working CXX compiler: /usr/bin/c++ -- works
[0.984s] -- Detecting CXX compiler ABI info
[1.166s] -- Detecting CXX compiler ABI info - done
[1.191s] -- Detecting CXX compile features
[1.192s] -- Detecting CXX compile features - done
[1.220s] -- Found ament_cmake: 1.1.6 (/opt/ros/galactic/share/ament_cmake/cmake)
[1.294s] -- Found PythonInterp: /usr/bin/python3 (found suitable version "3.8.10", minimum required is "3") 
[1.295s] -- Using PYTHON_EXECUTABLE: /usr/bin/python3
[1.545s] -- Found rclcpp: 9.2.2 (/opt/ros/galactic/share/rclcpp/cmake)
[1.667s] -- Using all available rosidl_typesupport_c: rosidl_typesupport_fastrtps_c;rosidl_typesupport_introspection_c
[1.679s] -- Found rosidl_adapter: 2.2.3 (/opt/ros/galactic/share/rosidl_adapter/cmake)
[1.961s] -- Found OpenSSL: /usr/lib/x86_64-linux-gnu/libcrypto.so (found version "1.1.1f")  
[2.080s] -- Found FastRTPS: /opt/ros/galactic/include  
[2.389s] -- Using all available rosidl_typesupport_cpp: rosidl_typesupport_fastrtps_cpp;rosidl_typesupport_introspection_cpp
[2.631s] -- Found rmw_implementation_cmake: 3.3.1 (/opt/ros/galactic/share/rmw_implementation_cmake/cmake)
[2.644s] -- Found rmw_cyclonedds_cpp: 0.22.6 (/opt/ros/galactic/share/rmw_cyclonedds_cpp/cmake)
[2.720s] -- Using RMW implementation 'rmw_cyclonedds_cpp' as default
[2.725s] -- Looking for pthread.h
[2.957s] -- Looking for pthread.h - found
[2.963s] -- Performing Test CMAKE_HAVE_LIBC_PTHREAD
[3.231s] -- Performing Test CMAKE_HAVE_LIBC_PTHREAD - Failed
[3.231s] -- Looking for pthread_create in pthreads
[3.387s] -- Looking for pthread_create in pthreads - not found
[3.387s] -- Looking for pthread_create in pthread
[3.544s] -- Looking for pthread_create in pthread - found
[3.544s] -- Found Threads: TRUE  
[3.979s] -- Found tutorial_interfaces: 0.0.0 (/home/huang/codes/ROS_Study/install/tutorial_interfaces/share/tutorial_interfaces/cmake)
[4.705s] -- Found OpenCV: /usr/local (found version "4.5.4") 
[4.708s] -- Found cv_bridge: 3.1.3 (/opt/ros/galactic/share/cv_bridge/cmake)
[4.731s] -- Found ament_lint_auto: 0.10.7 (/opt/ros/galactic/share/ament_lint_auto/cmake)
[4.930s] -- Added test 'copyright' to check source files copyright and LICENSE
[4.932s] -- Added test 'cppcheck' to perform static code analysis on C / C++ code
[4.932s] -- Configured cppcheck include dirs: 
[4.932s] -- Configured cppcheck exclude dirs and/or files: 
[4.933s] -- Added test 'cpplint' to check C / C++ code against the Google style
[4.934s] -- Configured cpplint exclude dirs and/or files: 
[4.935s] -- Added test 'lint_cmake' to check CMake code style
[4.936s] -- Added test 'uncrustify' to check C / C++ code style
[4.936s] -- Configured uncrustify additional arguments: 
[4.937s] -- Added test 'xmllint' to check XML markup files
[4.941s] -- Configuring done
[4.979s] -- Generating done
[4.981s] -- Build files have been written to: /home/huang/codes/ROS_Study/build/ros_service_launch
[4.993s] Invoked command in '/home/huang/codes/ROS_Study/build/ros_service_launch' returned '0': CMAKE_PREFIX_PATH=/home/huang/codes/ROS_Study/install/tutorial_interfaces:/home/huang/codes/ROS_Study/install/village_wang:/home/huang/codes/ROS_Study/install/village_li:/home/huang/codes/ROS_Study/install/village_interfaces:/home/huang/codes/ROS_Study/install/ros_service:/home/huang/codes/ROS_Study/install/ros_pub_sub_cv:/home/huang/codes/ROS_Study/install/ros_pub_sub:/opt/ros/galactic LD_LIBRARY_PATH=/home/huang/codes/ROS_Study/install/tutorial_interfaces/lib:/home/huang/codes/ROS_Study/install/village_interfaces/lib:/opt/ros/galactic/opt/yaml_cpp_vendor/lib:/opt/ros/galactic/opt/rviz_ogre_vendor/lib:/opt/ros/galactic/lib/x86_64-linux-gnu:/opt/ros/galactic/lib PYTHONPATH=/home/huang/codes/ROS_Study/install/tutorial_interfaces/lib/python3.8/site-packages:/home/huang/codes/ROS_Study/install/village_interfaces/lib/python3.8/site-packages:/opt/ros/galactic/lib/python3.8/site-packages /usr/bin/cmake /home/huang/codes/ROS_Study/src/ros_service_launch -DCMAKE_INSTALL_PREFIX=/home/huang/codes/ROS_Study/install/ros_service_launch
[4.995s] Invoking command in '/home/huang/codes/ROS_Study/build/ros_service_launch': CMAKE_PREFIX_PATH=/home/huang/codes/ROS_Study/install/tutorial_interfaces:/home/huang/codes/ROS_Study/install/village_wang:/home/huang/codes/ROS_Study/install/village_li:/home/huang/codes/ROS_Study/install/village_interfaces:/home/huang/codes/ROS_Study/install/ros_service:/home/huang/codes/ROS_Study/install/ros_pub_sub_cv:/home/huang/codes/ROS_Study/install/ros_pub_sub:/opt/ros/galactic LD_LIBRARY_PATH=/home/huang/codes/ROS_Study/install/tutorial_interfaces/lib:/home/huang/codes/ROS_Study/install/village_interfaces/lib:/opt/ros/galactic/opt/yaml_cpp_vendor/lib:/opt/ros/galactic/opt/rviz_ogre_vendor/lib:/opt/ros/galactic/lib/x86_64-linux-gnu:/opt/ros/galactic/lib PYTHONPATH=/home/huang/codes/ROS_Study/install/tutorial_interfaces/lib/python3.8/site-packages:/home/huang/codes/ROS_Study/install/village_interfaces/lib/python3.8/site-packages:/opt/ros/galactic/lib/python3.8/site-packages /usr/bin/cmake --build /home/huang/codes/ROS_Study/build/ros_service_launch -- -j8 -l8
[5.070s] [35m[1mScanning dependencies of target client_node[0m
[5.070s] [35m[1mScanning dependencies of target service_node[0m
[5.140s] [ 25%] [32mBuilding CXX object CMakeFiles/service_node.dir/src/service_test.cpp.o[0m
[5.153s] [ 50%] [32mBuilding CXX object CMakeFiles/client_node.dir/src/client_test.cpp.o[0m
[10.986s] [ 75%] [32m[1mLinking CXX executable service_node[0m
[11.209s] [100%] [32m[1mLinking CXX executable client_node[0m
[11.365s] [100%] Built target service_node
[11.531s] [100%] Built target client_node
[11.546s] Invoked command in '/home/huang/codes/ROS_Study/build/ros_service_launch' returned '0': CMAKE_PREFIX_PATH=/home/huang/codes/ROS_Study/install/tutorial_interfaces:/home/huang/codes/ROS_Study/install/village_wang:/home/huang/codes/ROS_Study/install/village_li:/home/huang/codes/ROS_Study/install/village_interfaces:/home/huang/codes/ROS_Study/install/ros_service:/home/huang/codes/ROS_Study/install/ros_pub_sub_cv:/home/huang/codes/ROS_Study/install/ros_pub_sub:/opt/ros/galactic LD_LIBRARY_PATH=/home/huang/codes/ROS_Study/install/tutorial_interfaces/lib:/home/huang/codes/ROS_Study/install/village_interfaces/lib:/opt/ros/galactic/opt/yaml_cpp_vendor/lib:/opt/ros/galactic/opt/rviz_ogre_vendor/lib:/opt/ros/galactic/lib/x86_64-linux-gnu:/opt/ros/galactic/lib PYTHONPATH=/home/huang/codes/ROS_Study/install/tutorial_interfaces/lib/python3.8/site-packages:/home/huang/codes/ROS_Study/install/village_interfaces/lib/python3.8/site-packages:/opt/ros/galactic/lib/python3.8/site-packages /usr/bin/cmake --build /home/huang/codes/ROS_Study/build/ros_service_launch -- -j8 -l8
[11.581s] Invoking command in '/home/huang/codes/ROS_Study/build/ros_service_launch': CMAKE_PREFIX_PATH=/home/huang/codes/ROS_Study/install/tutorial_interfaces:/home/huang/codes/ROS_Study/install/village_wang:/home/huang/codes/ROS_Study/install/village_li:/home/huang/codes/ROS_Study/install/village_interfaces:/home/huang/codes/ROS_Study/install/ros_service:/home/huang/codes/ROS_Study/install/ros_pub_sub_cv:/home/huang/codes/ROS_Study/install/ros_pub_sub:/opt/ros/galactic LD_LIBRARY_PATH=/home/huang/codes/ROS_Study/install/tutorial_interfaces/lib:/home/huang/codes/ROS_Study/install/village_interfaces/lib:/opt/ros/galactic/opt/yaml_cpp_vendor/lib:/opt/ros/galactic/opt/rviz_ogre_vendor/lib:/opt/ros/galactic/lib/x86_64-linux-gnu:/opt/ros/galactic/lib PYTHONPATH=/home/huang/codes/ROS_Study/install/tutorial_interfaces/lib/python3.8/site-packages:/home/huang/codes/ROS_Study/install/village_interfaces/lib/python3.8/site-packages:/opt/ros/galactic/lib/python3.8/site-packages /usr/bin/cmake --install /home/huang/codes/ROS_Study/build/ros_service_launch
[11.593s] -- Install configuration: ""
[11.593s] -- Installing: /home/huang/codes/ROS_Study/install/ros_service_launch/lib/ros_service_launch/service_node
[11.594s] -- Set runtime path of "/home/huang/codes/ROS_Study/install/ros_service_launch/lib/ros_service_launch/service_node" to ""
[11.595s] -- Installing: /home/huang/codes/ROS_Study/install/ros_service_launch/lib/ros_service_launch/client_node
[11.596s] -- Set runtime path of "/home/huang/codes/ROS_Study/install/ros_service_launch/lib/ros_service_launch/client_node" to ""
[11.596s] -- Installing: /home/huang/codes/ROS_Study/install/ros_service_launch/share/ament_index/resource_index/package_run_dependencies/ros_service_launch
[11.597s] -- Installing: /home/huang/codes/ROS_Study/install/ros_service_launch/share/ament_index/resource_index/parent_prefix_path/ros_service_launch
[11.598s] -- Installing: /home/huang/codes/ROS_Study/install/ros_service_launch/share/ros_service_launch/environment/ament_prefix_path.sh
[11.599s] -- Installing: /home/huang/codes/ROS_Study/install/ros_service_launch/share/ros_service_launch/environment/ament_prefix_path.dsv
[11.599s] -- Installing: /home/huang/codes/ROS_Study/install/ros_service_launch/share/ros_service_launch/environment/path.sh
[11.599s] -- Installing: /home/huang/codes/ROS_Study/install/ros_service_launch/share/ros_service_launch/environment/path.dsv
[11.599s] -- Installing: /home/huang/codes/ROS_Study/install/ros_service_launch/share/ros_service_launch/local_setup.bash
[11.600s] -- Installing: /home/huang/codes/ROS_Study/install/ros_service_launch/share/ros_service_launch/local_setup.sh
[11.600s] -- Installing: /home/huang/codes/ROS_Study/install/ros_service_launch/share/ros_service_launch/local_setup.zsh
[11.600s] -- Installing: /home/huang/codes/ROS_Study/install/ros_service_launch/share/ros_service_launch/local_setup.dsv
[11.600s] -- Installing: /home/huang/codes/ROS_Study/install/ros_service_launch/share/ros_service_launch/package.dsv
[11.601s] -- Installing: /home/huang/codes/ROS_Study/install/ros_service_launch/share/ament_index/resource_index/packages/ros_service_launch
[11.601s] -- Installing: /home/huang/codes/ROS_Study/install/ros_service_launch/share/ros_service_launch/cmake/ros_service_launchConfig.cmake
[11.602s] -- Installing: /home/huang/codes/ROS_Study/install/ros_service_launch/share/ros_service_launch/cmake/ros_service_launchConfig-version.cmake
[11.602s] -- Installing: /home/huang/codes/ROS_Study/install/ros_service_launch/share/ros_service_launch/package.xml
[11.611s] Invoked command in '/home/huang/codes/ROS_Study/build/ros_service_launch' returned '0': CMAKE_PREFIX_PATH=/home/huang/codes/ROS_Study/install/tutorial_interfaces:/home/huang/codes/ROS_Study/install/village_wang:/home/huang/codes/ROS_Study/install/village_li:/home/huang/codes/ROS_Study/install/village_interfaces:/home/huang/codes/ROS_Study/install/ros_service:/home/huang/codes/ROS_Study/install/ros_pub_sub_cv:/home/huang/codes/ROS_Study/install/ros_pub_sub:/opt/ros/galactic LD_LIBRARY_PATH=/home/huang/codes/ROS_Study/install/tutorial_interfaces/lib:/home/huang/codes/ROS_Study/install/village_interfaces/lib:/opt/ros/galactic/opt/yaml_cpp_vendor/lib:/opt/ros/galactic/opt/rviz_ogre_vendor/lib:/opt/ros/galactic/lib/x86_64-linux-gnu:/opt/ros/galactic/lib PYTHONPATH=/home/huang/codes/ROS_Study/install/tutorial_interfaces/lib/python3.8/site-packages:/home/huang/codes/ROS_Study/install/village_interfaces/lib/python3.8/site-packages:/opt/ros/galactic/lib/python3.8/site-packages /usr/bin/cmake --install /home/huang/codes/ROS_Study/build/ros_service_launch
