[0.093s] Invoking command in '/home/huang/codes/ROS_Study/build/village_li': CMAKE_PREFIX_PATH=${CMAKE_PREFIX_PATH}:/opt/ros/galactic /usr/bin/cmake --build /home/huang/codes/ROS_Study/build/village_li -- -j8 -l8
[0.265s] [100%] Built target li_node
[0.310s] Invoked command in '/home/huang/codes/ROS_Study/build/village_li' returned '0': CMAKE_PREFIX_PATH=${CMAKE_PREFIX_PATH}:/opt/ros/galactic /usr/bin/cmake --build /home/huang/codes/ROS_Study/build/village_li -- -j8 -l8
[0.433s] Invoking command in '/home/huang/codes/ROS_Study/build/village_li': CMAKE_PREFIX_PATH=${CMAKE_PREFIX_PATH}:/opt/ros/galactic /usr/bin/cmake --install /home/huang/codes/ROS_Study/build/village_li
[0.462s] -- Install configuration: ""
[0.462s] -- Up-to-date: /home/huang/codes/ROS_Study/install/village_li/share/ament_index/resource_index/package_run_dependencies/village_li
[0.462s] -- Up-to-date: /home/huang/codes/ROS_Study/install/village_li/share/ament_index/resource_index/parent_prefix_path/village_li
[0.462s] -- Up-to-date: /home/huang/codes/ROS_Study/install/village_li/share/village_li/environment/ament_prefix_path.sh
[0.463s] -- Up-to-date: /home/huang/codes/ROS_Study/install/village_li/share/village_li/environment/ament_prefix_path.dsv
[0.463s] -- Up-to-date: /home/huang/codes/ROS_Study/install/village_li/share/village_li/environment/path.sh
[0.463s] -- Up-to-date: /home/huang/codes/ROS_Study/install/village_li/share/village_li/environment/path.dsv
[0.463s] -- Up-to-date: /home/huang/codes/ROS_Study/install/village_li/share/village_li/local_setup.bash
[0.463s] -- Up-to-date: /home/huang/codes/ROS_Study/install/village_li/share/village_li/local_setup.sh
[0.463s] -- Up-to-date: /home/huang/codes/ROS_Study/install/village_li/share/village_li/local_setup.zsh
[0.464s] -- Up-to-date: /home/huang/codes/ROS_Study/install/village_li/share/village_li/local_setup.dsv
[0.464s] -- Installing: /home/huang/codes/ROS_Study/install/village_li/share/village_li/package.dsv
[0.464s] -- Up-to-date: /home/huang/codes/ROS_Study/install/village_li/share/ament_index/resource_index/packages/village_li
[0.464s] -- Up-to-date: /home/huang/codes/ROS_Study/install/village_li/share/village_li/cmake/village_liConfig.cmake
[0.464s] -- Up-to-date: /home/huang/codes/ROS_Study/install/village_li/share/village_li/cmake/village_liConfig-version.cmake
[0.465s] -- Up-to-date: /home/huang/codes/ROS_Study/install/village_li/share/village_li/package.xml
[0.465s] -- Up-to-date: /home/huang/codes/ROS_Study/install/village_li/lib/village_li/li_node
[0.486s] Invoked command in '/home/huang/codes/ROS_Study/build/village_li' returned '0': CMAKE_PREFIX_PATH=${CMAKE_PREFIX_PATH}:/opt/ros/galactic /usr/bin/cmake --install /home/huang/codes/ROS_Study/build/village_li
