[0.092s] Invoking command in '/home/huang/codes/ROS_Study/build/tutorial_interfaces': CMAKE_PREFIX_PATH=${CMAKE_PREFIX_PATH}:/opt/ros/galactic /usr/bin/cmake --build /home/huang/codes/ROS_Study/build/tutorial_interfaces -- -j8 -l8
[0.189s] [  1%] Built target tutorial_interfaces__cpp
[0.203s] [ 12%] Built target tutorial_interfaces__rosidl_generator_c
[0.261s] [ 23%] Built target tutorial_interfaces__rosidl_typesupport_introspection_cpp
[0.283s] [ 34%] Built target tutorial_interfaces__rosidl_typesupport_cpp
[0.287s] [ 45%] Built target tutorial_interfaces__rosidl_typesupport_fastrtps_cpp
[0.302s] [ 56%] Built target tutorial_interfaces__rosidl_typesupport_introspection_c
[0.309s] [ 67%] Built target tutorial_interfaces__rosidl_typesupport_c
[0.349s] [ 78%] Built target tutorial_interfaces__rosidl_typesupport_fastrtps_c
[0.377s] [ 78%] Built target tutorial_interfaces
[0.423s] [ 80%] Built target tutorial_interfaces__py
[0.503s] [ 89%] Built target tutorial_interfaces__python
[0.594s] [ 92%] Built target tutorial_interfaces__rosidl_typesupport_c__pyext
[0.618s] [ 96%] Built target tutorial_interfaces__rosidl_typesupport_fastrtps_c__pyext
[0.624s] [100%] Built target tutorial_interfaces__rosidl_typesupport_introspection_c__pyext
[0.658s] Invoked command in '/home/huang/codes/ROS_Study/build/tutorial_interfaces' returned '0': CMAKE_PREFIX_PATH=${CMAKE_PREFIX_PATH}:/opt/ros/galactic /usr/bin/cmake --build /home/huang/codes/ROS_Study/build/tutorial_interfaces -- -j8 -l8
[0.838s] Invoking command in '/home/huang/codes/ROS_Study/build/tutorial_interfaces': CMAKE_PREFIX_PATH=${CMAKE_PREFIX_PATH}:/opt/ros/galactic /usr/bin/cmake --install /home/huang/codes/ROS_Study/build/tutorial_interfaces
[0.851s] -- Install configuration: ""
[0.852s] -- Execute custom install script
[0.853s] -- Up-to-date symlink: /home/huang/codes/ROS_Study/install/tutorial_interfaces/share/ament_index/resource_index/rosidl_interfaces/tutorial_interfaces
[0.854s] -- Up-to-date symlink: /home/huang/codes/ROS_Study/install/tutorial_interfaces/include/tutorial_interfaces/msg/detail/num__functions.h
[0.855s] -- Up-to-date symlink: /home/huang/codes/ROS_Study/install/tutorial_interfaces/include/tutorial_interfaces/msg/detail/num__struct.h
[0.855s] -- Up-to-date symlink: /home/huang/codes/ROS_Study/install/tutorial_interfaces/include/tutorial_interfaces/msg/detail/num__type_support.h
[0.856s] -- Up-to-date symlink: /home/huang/codes/ROS_Study/install/tutorial_interfaces/include/tutorial_interfaces/msg/detail/picture__functions.h
[0.856s] -- Up-to-date symlink: /home/huang/codes/ROS_Study/install/tutorial_interfaces/include/tutorial_interfaces/msg/detail/picture__struct.h
[0.856s] -- Up-to-date symlink: /home/huang/codes/ROS_Study/install/tutorial_interfaces/include/tutorial_interfaces/msg/detail/picture__type_support.h
[0.856s] -- Up-to-date symlink: /home/huang/codes/ROS_Study/install/tutorial_interfaces/include/tutorial_interfaces/msg/detail/sphere__functions.h
[0.857s] -- Up-to-date symlink: /home/huang/codes/ROS_Study/install/tutorial_interfaces/include/tutorial_interfaces/msg/detail/sphere__struct.h
[0.857s] -- Up-to-date symlink: /home/huang/codes/ROS_Study/install/tutorial_interfaces/include/tutorial_interfaces/msg/detail/sphere__type_support.h
[0.857s] -- Up-to-date symlink: /home/huang/codes/ROS_Study/install/tutorial_interfaces/include/tutorial_interfaces/msg/num.h
[0.857s] -- Up-to-date symlink: /home/huang/codes/ROS_Study/install/tutorial_interfaces/include/tutorial_interfaces/msg/picture.h
[0.857s] -- Up-to-date symlink: /home/huang/codes/ROS_Study/install/tutorial_interfaces/include/tutorial_interfaces/msg/rosidl_generator_c__visibility_control.h
[0.857s] -- Up-to-date symlink: /home/huang/codes/ROS_Study/install/tutorial_interfaces/include/tutorial_interfaces/msg/sphere.h
[0.858s] -- Up-to-date symlink: /home/huang/codes/ROS_Study/install/tutorial_interfaces/include/tutorial_interfaces/srv/add_three_ints.h
[0.858s] -- Up-to-date symlink: /home/huang/codes/ROS_Study/install/tutorial_interfaces/include/tutorial_interfaces/srv/detail/add_three_ints__functions.h
[0.858s] -- Up-to-date symlink: /home/huang/codes/ROS_Study/install/tutorial_interfaces/include/tutorial_interfaces/srv/detail/add_three_ints__struct.h
[0.859s] -- Up-to-date symlink: /home/huang/codes/ROS_Study/install/tutorial_interfaces/include/tutorial_interfaces/srv/detail/add_three_ints__type_support.h
[0.859s] -- Up-to-date symlink: /home/huang/codes/ROS_Study/install/tutorial_interfaces/share/tutorial_interfaces/environment/library_path.sh
[0.860s] -- Up-to-date symlink: /home/huang/codes/ROS_Study/install/tutorial_interfaces/share/tutorial_interfaces/environment/library_path.dsv
[0.862s] -- Up-to-date symlink: /home/huang/codes/ROS_Study/install/tutorial_interfaces/include/tutorial_interfaces/msg/detail/num__rosidl_typesupport_fastrtps_c.h
[0.862s] -- Up-to-date symlink: /home/huang/codes/ROS_Study/install/tutorial_interfaces/include/tutorial_interfaces/msg/detail/picture__rosidl_typesupport_fastrtps_c.h
[0.862s] -- Up-to-date symlink: /home/huang/codes/ROS_Study/install/tutorial_interfaces/include/tutorial_interfaces/msg/detail/sphere__rosidl_typesupport_fastrtps_c.h
[0.863s] -- Up-to-date symlink: /home/huang/codes/ROS_Study/install/tutorial_interfaces/include/tutorial_interfaces/msg/rosidl_typesupport_fastrtps_c__visibility_control.h
[0.863s] -- Up-to-date symlink: /home/huang/codes/ROS_Study/install/tutorial_interfaces/include/tutorial_interfaces/srv/detail/add_three_ints__rosidl_typesupport_fastrtps_c.h
[0.864s] -- Up-to-date symlink: /home/huang/codes/ROS_Study/install/tutorial_interfaces/lib/libtutorial_interfaces__rosidl_typesupport_fastrtps_c.so
[0.866s] -- Up-to-date symlink: /home/huang/codes/ROS_Study/install/tutorial_interfaces/include/tutorial_interfaces/msg/detail/num__rosidl_typesupport_fastrtps_cpp.hpp
[0.866s] -- Up-to-date symlink: /home/huang/codes/ROS_Study/install/tutorial_interfaces/include/tutorial_interfaces/msg/detail/picture__rosidl_typesupport_fastrtps_cpp.hpp
[0.866s] -- Up-to-date symlink: /home/huang/codes/ROS_Study/install/tutorial_interfaces/include/tutorial_interfaces/msg/detail/sphere__rosidl_typesupport_fastrtps_cpp.hpp
[0.866s] -- Up-to-date symlink: /home/huang/codes/ROS_Study/install/tutorial_interfaces/include/tutorial_interfaces/msg/rosidl_typesupport_fastrtps_cpp__visibility_control.h
[0.869s] -- Up-to-date symlink: /home/huang/codes/ROS_Study/install/tutorial_interfaces/include/tutorial_interfaces/srv/detail/add_three_ints__rosidl_typesupport_fastrtps_cpp.hpp
[0.869s] -- Up-to-date symlink: /home/huang/codes/ROS_Study/install/tutorial_interfaces/lib/libtutorial_interfaces__rosidl_typesupport_fastrtps_cpp.so
[0.870s] -- Up-to-date symlink: /home/huang/codes/ROS_Study/install/tutorial_interfaces/include/tutorial_interfaces/msg/detail/num__rosidl_typesupport_introspection_c.h
[0.870s] -- Up-to-date symlink: /home/huang/codes/ROS_Study/install/tutorial_interfaces/include/tutorial_interfaces/msg/detail/picture__rosidl_typesupport_introspection_c.h
[0.870s] -- Up-to-date symlink: /home/huang/codes/ROS_Study/install/tutorial_interfaces/include/tutorial_interfaces/msg/detail/sphere__rosidl_typesupport_introspection_c.h
[0.871s] -- Up-to-date symlink: /home/huang/codes/ROS_Study/install/tutorial_interfaces/include/tutorial_interfaces/msg/rosidl_typesupport_introspection_c__visibility_control.h
[0.871s] -- Up-to-date symlink: /home/huang/codes/ROS_Study/install/tutorial_interfaces/include/tutorial_interfaces/srv/detail/add_three_ints__rosidl_typesupport_introspection_c.h
[0.872s] -- Up-to-date symlink: /home/huang/codes/ROS_Study/install/tutorial_interfaces/include/tutorial_interfaces/msg/detail/num__builder.hpp
[0.873s] -- Up-to-date symlink: /home/huang/codes/ROS_Study/install/tutorial_interfaces/include/tutorial_interfaces/msg/detail/num__struct.hpp
[0.873s] -- Up-to-date symlink: /home/huang/codes/ROS_Study/install/tutorial_interfaces/include/tutorial_interfaces/msg/detail/num__traits.hpp
[0.873s] -- Up-to-date symlink: /home/huang/codes/ROS_Study/install/tutorial_interfaces/include/tutorial_interfaces/msg/detail/picture__builder.hpp
[0.875s] -- Up-to-date symlink: /home/huang/codes/ROS_Study/install/tutorial_interfaces/include/tutorial_interfaces/msg/detail/picture__struct.hpp
[0.876s] -- Up-to-date symlink: /home/huang/codes/ROS_Study/install/tutorial_interfaces/include/tutorial_interfaces/msg/detail/picture__traits.hpp
[0.876s] -- Up-to-date symlink: /home/huang/codes/ROS_Study/install/tutorial_interfaces/include/tutorial_interfaces/msg/detail/sphere__builder.hpp
[0.876s] -- Up-to-date symlink: /home/huang/codes/ROS_Study/install/tutorial_interfaces/include/tutorial_interfaces/msg/detail/sphere__struct.hpp
[0.876s] -- Up-to-date symlink: /home/huang/codes/ROS_Study/install/tutorial_interfaces/include/tutorial_interfaces/msg/detail/sphere__traits.hpp
[0.876s] -- Up-to-date symlink: /home/huang/codes/ROS_Study/install/tutorial_interfaces/include/tutorial_interfaces/msg/num.hpp
[0.877s] -- Up-to-date symlink: /home/huang/codes/ROS_Study/install/tutorial_interfaces/include/tutorial_interfaces/msg/picture.hpp
[0.877s] -- Up-to-date symlink: /home/huang/codes/ROS_Study/install/tutorial_interfaces/include/tutorial_interfaces/msg/sphere.hpp
[0.882s] -- Up-to-date symlink: /home/huang/codes/ROS_Study/install/tutorial_interfaces/include/tutorial_interfaces/srv/add_three_ints.hpp
[0.883s] -- Up-to-date symlink: /home/huang/codes/ROS_Study/install/tutorial_interfaces/include/tutorial_interfaces/srv/detail/add_three_ints__builder.hpp
[0.883s] -- Up-to-date symlink: /home/huang/codes/ROS_Study/install/tutorial_interfaces/include/tutorial_interfaces/srv/detail/add_three_ints__struct.hpp
[0.883s] -- Up-to-date symlink: /home/huang/codes/ROS_Study/install/tutorial_interfaces/include/tutorial_interfaces/srv/detail/add_three_ints__traits.hpp
[0.883s] -- Up-to-date symlink: /home/huang/codes/ROS_Study/install/tutorial_interfaces/include/tutorial_interfaces/msg/detail/num__rosidl_typesupport_introspection_cpp.hpp
[0.883s] -- Up-to-date symlink: /home/huang/codes/ROS_Study/install/tutorial_interfaces/include/tutorial_interfaces/msg/detail/picture__rosidl_typesupport_introspection_cpp.hpp
[0.883s] -- Up-to-date symlink: /home/huang/codes/ROS_Study/install/tutorial_interfaces/include/tutorial_interfaces/msg/detail/sphere__rosidl_typesupport_introspection_cpp.hpp
[0.883s] -- Up-to-date symlink: /home/huang/codes/ROS_Study/install/tutorial_interfaces/include/tutorial_interfaces/srv/detail/add_three_ints__rosidl_typesupport_introspection_cpp.hpp
[0.884s] -- Up-to-date symlink: /home/huang/codes/ROS_Study/install/tutorial_interfaces/share/tutorial_interfaces/environment/pythonpath.sh
[0.884s] -- Up-to-date symlink: /home/huang/codes/ROS_Study/install/tutorial_interfaces/share/tutorial_interfaces/environment/pythonpath.dsv
[0.884s] -- Up-to-date symlink: /home/huang/codes/ROS_Study/install/tutorial_interfaces/lib/python3.8/site-packages/tutorial_interfaces/__init__.py
[0.884s] -- Up-to-date symlink: /home/huang/codes/ROS_Study/install/tutorial_interfaces/lib/python3.8/site-packages/tutorial_interfaces/msg/__init__.py
[0.884s] -- Up-to-date symlink: /home/huang/codes/ROS_Study/install/tutorial_interfaces/lib/python3.8/site-packages/tutorial_interfaces/msg/_num.py
[0.885s] -- Up-to-date symlink: /home/huang/codes/ROS_Study/install/tutorial_interfaces/lib/python3.8/site-packages/tutorial_interfaces/msg/_picture.py
[0.885s] -- Up-to-date symlink: /home/huang/codes/ROS_Study/install/tutorial_interfaces/lib/python3.8/site-packages/tutorial_interfaces/msg/_sphere.py
[0.886s] -- Up-to-date symlink: /home/huang/codes/ROS_Study/install/tutorial_interfaces/lib/python3.8/site-packages/tutorial_interfaces/srv/__init__.py
[0.886s] -- Up-to-date symlink: /home/huang/codes/ROS_Study/install/tutorial_interfaces/lib/python3.8/site-packages/tutorial_interfaces/srv/_add_three_ints.py
[0.887s] -- Up-to-date symlink: /home/huang/codes/ROS_Study/install/tutorial_interfaces/lib/python3.8/site-packages/tutorial_interfaces/tutorial_interfaces_s__rosidl_typesupport_fastrtps_c.cpython-38-x86_64-linux-gnu.so
[0.888s] -- Up-to-date symlink: /home/huang/codes/ROS_Study/install/tutorial_interfaces/lib/python3.8/site-packages/tutorial_interfaces/tutorial_interfaces_s__rosidl_typesupport_introspection_c.cpython-38-x86_64-linux-gnu.so
[0.893s] -- Up-to-date symlink: /home/huang/codes/ROS_Study/install/tutorial_interfaces/lib/python3.8/site-packages/tutorial_interfaces/tutorial_interfaces_s__rosidl_typesupport_c.cpython-38-x86_64-linux-gnu.so
[0.893s] -- Up-to-date symlink: /home/huang/codes/ROS_Study/install/tutorial_interfaces/lib/libtutorial_interfaces__python.so
[0.893s] -- Up-to-date symlink: /home/huang/codes/ROS_Study/install/tutorial_interfaces/share/tutorial_interfaces/msg/Picture.idl
[0.893s] -- Up-to-date symlink: /home/huang/codes/ROS_Study/install/tutorial_interfaces/share/tutorial_interfaces/msg/Num.idl
[0.893s] -- Up-to-date symlink: /home/huang/codes/ROS_Study/install/tutorial_interfaces/share/tutorial_interfaces/msg/Sphere.idl
[0.893s] -- Up-to-date symlink: /home/huang/codes/ROS_Study/install/tutorial_interfaces/share/tutorial_interfaces/srv/AddThreeInts.idl
[0.894s] -- Up-to-date symlink: /home/huang/codes/ROS_Study/install/tutorial_interfaces/share/tutorial_interfaces/msg/Picture.msg
[0.894s] -- Up-to-date symlink: /home/huang/codes/ROS_Study/install/tutorial_interfaces/share/tutorial_interfaces/msg/Num.msg
[0.894s] -- Up-to-date symlink: /home/huang/codes/ROS_Study/install/tutorial_interfaces/share/tutorial_interfaces/msg/Sphere.msg
[0.894s] -- Up-to-date symlink: /home/huang/codes/ROS_Study/install/tutorial_interfaces/share/tutorial_interfaces/srv/AddThreeInts.srv
[0.894s] -- Up-to-date symlink: /home/huang/codes/ROS_Study/install/tutorial_interfaces/share/tutorial_interfaces/srv/AddThreeInts_Request.msg
[0.894s] -- Up-to-date symlink: /home/huang/codes/ROS_Study/install/tutorial_interfaces/share/tutorial_interfaces/srv/AddThreeInts_Response.msg
[0.895s] -- Up-to-date symlink: /home/huang/codes/ROS_Study/install/tutorial_interfaces/share/ament_index/resource_index/package_run_dependencies/tutorial_interfaces
[0.896s] -- Up-to-date symlink: /home/huang/codes/ROS_Study/install/tutorial_interfaces/share/ament_index/resource_index/parent_prefix_path/tutorial_interfaces
[0.896s] -- Up-to-date symlink: /home/huang/codes/ROS_Study/install/tutorial_interfaces/share/tutorial_interfaces/environment/ament_prefix_path.sh
[0.896s] -- Up-to-date symlink: /home/huang/codes/ROS_Study/install/tutorial_interfaces/share/tutorial_interfaces/environment/ament_prefix_path.dsv
[0.896s] -- Up-to-date symlink: /home/huang/codes/ROS_Study/install/tutorial_interfaces/share/tutorial_interfaces/environment/path.sh
[0.896s] -- Up-to-date symlink: /home/huang/codes/ROS_Study/install/tutorial_interfaces/share/tutorial_interfaces/environment/path.dsv
[0.897s] -- Up-to-date symlink: /home/huang/codes/ROS_Study/install/tutorial_interfaces/share/tutorial_interfaces/local_setup.bash
[0.899s] -- Up-to-date symlink: /home/huang/codes/ROS_Study/install/tutorial_interfaces/share/tutorial_interfaces/local_setup.sh
[0.899s] -- Up-to-date symlink: /home/huang/codes/ROS_Study/install/tutorial_interfaces/share/tutorial_interfaces/local_setup.zsh
[0.899s] -- Up-to-date symlink: /home/huang/codes/ROS_Study/install/tutorial_interfaces/share/tutorial_interfaces/local_setup.dsv
[0.899s] -- Symlinking: /home/huang/codes/ROS_Study/install/tutorial_interfaces/share/tutorial_interfaces/package.dsv
[0.912s] -- Up-to-date symlink: /home/huang/codes/ROS_Study/install/tutorial_interfaces/share/ament_index/resource_index/packages/tutorial_interfaces
[0.913s] -- Up-to-date symlink: /home/huang/codes/ROS_Study/install/tutorial_interfaces/share/tutorial_interfaces/cmake/rosidl_cmake-extras.cmake
[0.914s] -- Up-to-date symlink: /home/huang/codes/ROS_Study/install/tutorial_interfaces/share/tutorial_interfaces/cmake/ament_cmake_export_dependencies-extras.cmake
[0.914s] -- Up-to-date symlink: /home/huang/codes/ROS_Study/install/tutorial_interfaces/share/tutorial_interfaces/cmake/ament_cmake_export_libraries-extras.cmake
[0.914s] -- Up-to-date symlink: /home/huang/codes/ROS_Study/install/tutorial_interfaces/share/tutorial_interfaces/cmake/ament_cmake_export_targets-extras.cmake
[0.914s] -- Up-to-date symlink: /home/huang/codes/ROS_Study/install/tutorial_interfaces/share/tutorial_interfaces/cmake/ament_cmake_export_include_directories-extras.cmake
[0.914s] -- Up-to-date symlink: /home/huang/codes/ROS_Study/install/tutorial_interfaces/share/tutorial_interfaces/cmake/rosidl_cmake_export_typesupport_libraries-extras.cmake
[0.914s] -- Up-to-date symlink: /home/huang/codes/ROS_Study/install/tutorial_interfaces/share/tutorial_interfaces/cmake/rosidl_cmake_export_typesupport_targets-extras.cmake
[0.915s] -- Up-to-date symlink: /home/huang/codes/ROS_Study/install/tutorial_interfaces/share/tutorial_interfaces/cmake/tutorial_interfacesConfig.cmake
[0.915s] -- Up-to-date symlink: /home/huang/codes/ROS_Study/install/tutorial_interfaces/share/tutorial_interfaces/cmake/tutorial_interfacesConfig-version.cmake
[0.915s] -- Up-to-date symlink: /home/huang/codes/ROS_Study/install/tutorial_interfaces/share/tutorial_interfaces/package.xml
[0.917s] -- Up-to-date: /home/huang/codes/ROS_Study/install/tutorial_interfaces/lib/libtutorial_interfaces__rosidl_generator_c.so
[0.918s] -- Up-to-date: /home/huang/codes/ROS_Study/install/tutorial_interfaces/lib/libtutorial_interfaces__rosidl_typesupport_introspection_c.so
[0.918s] -- Up-to-date: /home/huang/codes/ROS_Study/install/tutorial_interfaces/lib/libtutorial_interfaces__rosidl_typesupport_c.so
[0.918s] -- Up-to-date: /home/huang/codes/ROS_Study/install/tutorial_interfaces/lib/libtutorial_interfaces__rosidl_typesupport_introspection_cpp.so
[0.918s] -- Up-to-date: /home/huang/codes/ROS_Study/install/tutorial_interfaces/lib/libtutorial_interfaces__rosidl_typesupport_cpp.so
[0.981s] -- Up-to-date: /home/huang/codes/ROS_Study/install/tutorial_interfaces/share/tutorial_interfaces/cmake/tutorial_interfaces__rosidl_generator_cExport.cmake
[0.981s] -- Up-to-date: /home/huang/codes/ROS_Study/install/tutorial_interfaces/share/tutorial_interfaces/cmake/tutorial_interfaces__rosidl_generator_cExport-noconfig.cmake
[0.981s] -- Up-to-date: /home/huang/codes/ROS_Study/install/tutorial_interfaces/share/tutorial_interfaces/cmake/tutorial_interfaces__rosidl_typesupport_introspection_cExport.cmake
[0.981s] -- Up-to-date: /home/huang/codes/ROS_Study/install/tutorial_interfaces/share/tutorial_interfaces/cmake/tutorial_interfaces__rosidl_typesupport_introspection_cExport-noconfig.cmake
[0.981s] -- Up-to-date: /home/huang/codes/ROS_Study/install/tutorial_interfaces/share/tutorial_interfaces/cmake/tutorial_interfaces__rosidl_typesupport_cExport.cmake
[0.982s] -- Up-to-date: /home/huang/codes/ROS_Study/install/tutorial_interfaces/share/tutorial_interfaces/cmake/tutorial_interfaces__rosidl_typesupport_cExport-noconfig.cmake
[0.982s] -- Up-to-date: /home/huang/codes/ROS_Study/install/tutorial_interfaces/share/tutorial_interfaces/cmake/tutorial_interfaces__rosidl_generator_cppExport.cmake
[0.982s] -- Up-to-date: /home/huang/codes/ROS_Study/install/tutorial_interfaces/share/tutorial_interfaces/cmake/tutorial_interfaces__rosidl_typesupport_introspection_cppExport.cmake
[0.982s] -- Up-to-date: /home/huang/codes/ROS_Study/install/tutorial_interfaces/share/tutorial_interfaces/cmake/tutorial_interfaces__rosidl_typesupport_introspection_cppExport-noconfig.cmake
[0.982s] -- Up-to-date: /home/huang/codes/ROS_Study/install/tutorial_interfaces/share/tutorial_interfaces/cmake/tutorial_interfaces__rosidl_typesupport_cppExport.cmake
[0.982s] -- Up-to-date: /home/huang/codes/ROS_Study/install/tutorial_interfaces/share/tutorial_interfaces/cmake/tutorial_interfaces__rosidl_typesupport_cppExport-noconfig.cmake
[0.989s] Invoked command in '/home/huang/codes/ROS_Study/build/tutorial_interfaces' returned '0': CMAKE_PREFIX_PATH=${CMAKE_PREFIX_PATH}:/opt/ros/galactic /usr/bin/cmake --install /home/huang/codes/ROS_Study/build/tutorial_interfaces
