[0.080s] Invoking command in '/home/huang/codes/ROS_Study/build/ros_service_launch': CMAKE_PREFIX_PATH=/home/huang/codes/ROS_Study/install/tutorial_interfaces:/home/huang/codes/ROS_Study/install/village_wang:/home/huang/codes/ROS_Study/install/village_li:/home/huang/codes/ROS_Study/install/village_interfaces:/home/huang/codes/ROS_Study/install/ros_service:/home/huang/codes/ROS_Study/install/ros_pub_sub_cv:/home/huang/codes/ROS_Study/install/ros_pub_sub:/opt/ros/galactic LD_LIBRARY_PATH=/home/huang/codes/ROS_Study/install/tutorial_interfaces/lib:/home/huang/codes/ROS_Study/install/village_interfaces/lib:/opt/ros/galactic/opt/yaml_cpp_vendor/lib:/opt/ros/galactic/opt/rviz_ogre_vendor/lib:/opt/ros/galactic/lib/x86_64-linux-gnu:/opt/ros/galactic/lib PYTHONPATH=/home/huang/codes/ROS_Study/install/tutorial_interfaces/lib/python3.8/site-packages:/home/huang/codes/ROS_Study/install/village_interfaces/lib/python3.8/site-packages:/opt/ros/galactic/lib/python3.8/site-packages /usr/bin/cmake --build /home/huang/codes/ROS_Study/build/ros_service_launch -- -j8 -l8
[0.184s] [35m[1mScanning dependencies of target client_node[0m
[0.191s] [ 50%] Built target service_node
[0.234s] [ 75%] [32mBuilding CXX object CMakeFiles/client_node.dir/src/client_test.cpp.o[0m
[4.028s] [100%] [32m[1mLinking CXX executable client_node[0m
[4.268s] [100%] Built target client_node
[4.286s] Invoked command in '/home/huang/codes/ROS_Study/build/ros_service_launch' returned '0': CMAKE_PREFIX_PATH=/home/huang/codes/ROS_Study/install/tutorial_interfaces:/home/huang/codes/ROS_Study/install/village_wang:/home/huang/codes/ROS_Study/install/village_li:/home/huang/codes/ROS_Study/install/village_interfaces:/home/huang/codes/ROS_Study/install/ros_service:/home/huang/codes/ROS_Study/install/ros_pub_sub_cv:/home/huang/codes/ROS_Study/install/ros_pub_sub:/opt/ros/galactic LD_LIBRARY_PATH=/home/huang/codes/ROS_Study/install/tutorial_interfaces/lib:/home/huang/codes/ROS_Study/install/village_interfaces/lib:/opt/ros/galactic/opt/yaml_cpp_vendor/lib:/opt/ros/galactic/opt/rviz_ogre_vendor/lib:/opt/ros/galactic/lib/x86_64-linux-gnu:/opt/ros/galactic/lib PYTHONPATH=/home/huang/codes/ROS_Study/install/tutorial_interfaces/lib/python3.8/site-packages:/home/huang/codes/ROS_Study/install/village_interfaces/lib/python3.8/site-packages:/opt/ros/galactic/lib/python3.8/site-packages /usr/bin/cmake --build /home/huang/codes/ROS_Study/build/ros_service_launch -- -j8 -l8
[4.322s] Invoking command in '/home/huang/codes/ROS_Study/build/ros_service_launch': CMAKE_PREFIX_PATH=/home/huang/codes/ROS_Study/install/tutorial_interfaces:/home/huang/codes/ROS_Study/install/village_wang:/home/huang/codes/ROS_Study/install/village_li:/home/huang/codes/ROS_Study/install/village_interfaces:/home/huang/codes/ROS_Study/install/ros_service:/home/huang/codes/ROS_Study/install/ros_pub_sub_cv:/home/huang/codes/ROS_Study/install/ros_pub_sub:/opt/ros/galactic LD_LIBRARY_PATH=/home/huang/codes/ROS_Study/install/tutorial_interfaces/lib:/home/huang/codes/ROS_Study/install/village_interfaces/lib:/opt/ros/galactic/opt/yaml_cpp_vendor/lib:/opt/ros/galactic/opt/rviz_ogre_vendor/lib:/opt/ros/galactic/lib/x86_64-linux-gnu:/opt/ros/galactic/lib PYTHONPATH=/home/huang/codes/ROS_Study/install/tutorial_interfaces/lib/python3.8/site-packages:/home/huang/codes/ROS_Study/install/village_interfaces/lib/python3.8/site-packages:/opt/ros/galactic/lib/python3.8/site-packages /usr/bin/cmake --install /home/huang/codes/ROS_Study/build/ros_service_launch
[4.330s] -- Install configuration: ""
[4.331s] -- Up-to-date: /home/huang/codes/ROS_Study/install/ros_service_launch/lib/ros_service_launch/service_node
[4.331s] -- Installing: /home/huang/codes/ROS_Study/install/ros_service_launch/lib/ros_service_launch/client_node
[4.331s] -- Set runtime path of "/home/huang/codes/ROS_Study/install/ros_service_launch/lib/ros_service_launch/client_node" to ""
[4.331s] -- Up-to-date: /home/huang/codes/ROS_Study/install/ros_service_launch/share/ament_index/resource_index/package_run_dependencies/ros_service_launch
[4.331s] -- Up-to-date: /home/huang/codes/ROS_Study/install/ros_service_launch/share/ament_index/resource_index/parent_prefix_path/ros_service_launch
[4.331s] -- Up-to-date: /home/huang/codes/ROS_Study/install/ros_service_launch/share/ros_service_launch/environment/ament_prefix_path.sh
[4.332s] -- Up-to-date: /home/huang/codes/ROS_Study/install/ros_service_launch/share/ros_service_launch/environment/ament_prefix_path.dsv
[4.332s] -- Up-to-date: /home/huang/codes/ROS_Study/install/ros_service_launch/share/ros_service_launch/environment/path.sh
[4.332s] -- Up-to-date: /home/huang/codes/ROS_Study/install/ros_service_launch/share/ros_service_launch/environment/path.dsv
[4.332s] -- Up-to-date: /home/huang/codes/ROS_Study/install/ros_service_launch/share/ros_service_launch/local_setup.bash
[4.332s] -- Up-to-date: /home/huang/codes/ROS_Study/install/ros_service_launch/share/ros_service_launch/local_setup.sh
[4.332s] -- Up-to-date: /home/huang/codes/ROS_Study/install/ros_service_launch/share/ros_service_launch/local_setup.zsh
[4.332s] -- Up-to-date: /home/huang/codes/ROS_Study/install/ros_service_launch/share/ros_service_launch/local_setup.dsv
[4.332s] -- Installing: /home/huang/codes/ROS_Study/install/ros_service_launch/share/ros_service_launch/package.dsv
[4.333s] -- Up-to-date: /home/huang/codes/ROS_Study/install/ros_service_launch/share/ament_index/resource_index/packages/ros_service_launch
[4.333s] -- Up-to-date: /home/huang/codes/ROS_Study/install/ros_service_launch/share/ros_service_launch/cmake/ros_service_launchConfig.cmake
[4.333s] -- Up-to-date: /home/huang/codes/ROS_Study/install/ros_service_launch/share/ros_service_launch/cmake/ros_service_launchConfig-version.cmake
[4.334s] -- Up-to-date: /home/huang/codes/ROS_Study/install/ros_service_launch/share/ros_service_launch/package.xml
[4.337s] Invoked command in '/home/huang/codes/ROS_Study/build/ros_service_launch' returned '0': CMAKE_PREFIX_PATH=/home/huang/codes/ROS_Study/install/tutorial_interfaces:/home/huang/codes/ROS_Study/install/village_wang:/home/huang/codes/ROS_Study/install/village_li:/home/huang/codes/ROS_Study/install/village_interfaces:/home/huang/codes/ROS_Study/install/ros_service:/home/huang/codes/ROS_Study/install/ros_pub_sub_cv:/home/huang/codes/ROS_Study/install/ros_pub_sub:/opt/ros/galactic LD_LIBRARY_PATH=/home/huang/codes/ROS_Study/install/tutorial_interfaces/lib:/home/huang/codes/ROS_Study/install/village_interfaces/lib:/opt/ros/galactic/opt/yaml_cpp_vendor/lib:/opt/ros/galactic/opt/rviz_ogre_vendor/lib:/opt/ros/galactic/lib/x86_64-linux-gnu:/opt/ros/galactic/lib PYTHONPATH=/home/huang/codes/ROS_Study/install/tutorial_interfaces/lib/python3.8/site-packages:/home/huang/codes/ROS_Study/install/village_interfaces/lib/python3.8/site-packages:/opt/ros/galactic/lib/python3.8/site-packages /usr/bin/cmake --install /home/huang/codes/ROS_Study/build/ros_service_launch
