[0.060s] Invoking command in '/home/huang/codes/ROS_Study/build/ros_service': CMAKE_PREFIX_PATH=/home/huang/codes/ROS_Study/install/tutorial_interfaces:/home/huang/codes/ROS_Study/install/village_wang:/home/huang/codes/ROS_Study/install/village_li:/home/huang/codes/ROS_Study/install/village_interfaces:/home/huang/codes/ROS_Study/install/ros_pub_sub_cv:/home/huang/codes/ROS_Study/install/ros_pub_sub:/opt/ros/galactic LD_LIBRARY_PATH=/home/huang/codes/ROS_Study/install/tutorial_interfaces/lib:/home/huang/codes/ROS_Study/install/village_interfaces/lib:/opt/ros/galactic/opt/yaml_cpp_vendor/lib:/opt/ros/galactic/opt/rviz_ogre_vendor/lib:/opt/ros/galactic/lib/x86_64-linux-gnu:/opt/ros/galactic/lib PYTHONPATH=/home/huang/codes/ROS_Study/install/tutorial_interfaces/lib/python3.8/site-packages:/home/huang/codes/ROS_Study/install/village_interfaces/lib/python3.8/site-packages:/opt/ros/galactic/lib/python3.8/site-packages /usr/bin/cmake --build /home/huang/codes/ROS_Study/build/ros_service -- -j8 -l8
[0.130s] [35m[1mScanning dependencies of target pub_node[0m
[0.204s] [ 25%] [32mBuilding CXX object CMakeFiles/pub_node.dir/src/pub.cpp.o[0m
[0.210s] [ 75%] Built target sub_node
[5.504s] [01m[K/home/huang/codes/ROS_Study/src/ros_service/src/pub.cpp:[m[K In constructor ‘[01m[KMinimalPublisher::MinimalPublisher()[m[K’:
[5.505s] [01m[K/home/huang/codes/ROS_Study/src/ros_service/src/pub.cpp:27:119:[m[K [01;31m[Kerror: [m[Kinvalid use of non-static member function ‘[01m[Kvoid MinimalPublisher::service_callback(tutorial_interfaces::srv::Money::Request, tutorial_interfaces::srv::Money::Response)[m[K’
[5.505s]    27 | :Money>("service_node", std::bind([01;31m[KMinimalPublisher::service_callback[m[K, this, _1, _2),
[5.505s]       |                                   [01;31m[K~~~~~~~~~~~~~~~~~~^~~~~~~~~~~~~~~~[m[K
[5.505s] 
[5.505s] [01m[K/home/huang/codes/ROS_Study/src/ros_service/src/pub.cpp:44:8:[m[K [01;36m[Knote: [m[Kdeclared here
[5.506s]    44 |   void [01;36m[Kservice_callback[m[K(const tutorial_interfaces::srv::Money::Request request, const tutorial_interfaces::srv::Money::Response response)
[5.506s]       |        [01;36m[K^~~~~~~~~~~~~~~~[m[K
[5.506s] In file included from [01m[K/opt/ros/galactic/include/rclcpp/service.hpp:34[m[K,
[5.506s]                  from [01m[K/opt/ros/galactic/include/rclcpp/callback_group.hpp:25[m[K,
[5.506s]                  from [01m[K/opt/ros/galactic/include/rclcpp/any_executable.hpp:20[m[K,
[5.506s]                  from [01m[K/opt/ros/galactic/include/rclcpp/memory_strategy.hpp:25[m[K,
[5.506s]                  from [01m[K/opt/ros/galactic/include/rclcpp/memory_strategies.hpp:18[m[K,
[5.507s]                  from [01m[K/opt/ros/galactic/include/rclcpp/executor_options.hpp:20[m[K,
[5.507s]                  from [01m[K/opt/ros/galactic/include/rclcpp/executor.hpp:36[m[K,
[5.507s]                  from [01m[K/opt/ros/galactic/include/rclcpp/executors/multi_threaded_executor.hpp:26[m[K,
[5.507s]                  from [01m[K/opt/ros/galactic/include/rclcpp/executors.hpp:21[m[K,
[5.508s]                  from [01m[K/opt/ros/galactic/include/rclcpp/rclcpp.hpp:156[m[K,
[5.508s]                  from [01m[K/home/huang/codes/ROS_Study/src/ros_service/src/pub.cpp:5[m[K:
[5.508s] [01m[K/home/huang/codes/ROS_Study/src/ros_service/src/pub.cpp:[m[K In member function ‘[01m[Kvoid MinimalPublisher::service_callback(tutorial_interfaces::srv::Money::Request, tutorial_interfaces::srv::Money::Response)[m[K’:
[5.508s] [01m[K/home/huang/codes/ROS_Study/src/ros_service/src/pub.cpp:46:5:[m[K [01;31m[Kerror: [m[Kinvalid use of non-static member function ‘[01m[Krclcpp::Logger rclcpp::Node::get_logger() const[m[K’
[5.508s]    46 |     [01;31m[KRCLCPP_INFO[m[K(this->get_logger, "get a service that request name and money is %s, %d", request.name.c_str(), request.money);
[5.508s]       |     [01;31m[K^~~~~~~~~~~[m[K
[5.509s] In file included from [01m[K/opt/ros/galactic/include/rclcpp/executors/single_threaded_executor.hpp:28[m[K,
[5.509s]                  from [01m[K/opt/ros/galactic/include/rclcpp/executors.hpp:22[m[K,
[5.509s]                  from [01m[K/opt/ros/galactic/include/rclcpp/rclcpp.hpp:156[m[K,
[5.509s]                  from [01m[K/home/huang/codes/ROS_Study/src/ros_service/src/pub.cpp:5[m[K:
[5.509s] [01m[K/opt/ros/galactic/include/rclcpp/node.hpp:142:3:[m[K [01;36m[Knote: [m[Kdeclared here
[5.510s]   142 |   [01;36m[Kget_logger[m[K() const;
[5.510s]       |   [01;36m[K^~~~~~~~~~[m[K
[5.511s] In file included from [01m[K/opt/ros/galactic/include/rclcpp/service.hpp:34[m[K,
[5.511s]                  from [01m[K/opt/ros/galactic/include/rclcpp/callback_group.hpp:25[m[K,
[5.511s]                  from [01m[K/opt/ros/galactic/include/rclcpp/any_executable.hpp:20[m[K,
[5.511s]                  from [01m[K/opt/ros/galactic/include/rclcpp/memory_strategy.hpp:25[m[K,
[5.511s]                  from [01m[K/opt/ros/galactic/include/rclcpp/memory_strategies.hpp:18[m[K,
[5.511s]                  from [01m[K/opt/ros/galactic/include/rclcpp/executor_options.hpp:20[m[K,
[5.511s]                  from [01m[K/opt/ros/galactic/include/rclcpp/executor.hpp:36[m[K,
[5.511s]                  from [01m[K/opt/ros/galactic/include/rclcpp/executors/multi_threaded_executor.hpp:26[m[K,
[5.512s]                  from [01m[K/opt/ros/galactic/include/rclcpp/executors.hpp:21[m[K,
[5.512s]                  from [01m[K/opt/ros/galactic/include/rclcpp/rclcpp.hpp:156[m[K,
[5.512s]                  from [01m[K/home/huang/codes/ROS_Study/src/ros_service/src/pub.cpp:5[m[K:
[5.512s] [01m[K/home/huang/codes/ROS_Study/src/ros_service/src/pub.cpp:46:5:[m[K [01;31m[Kerror: [m[Ktemplate argument 1 is invalid
[5.512s]    46 |     [01;31m[KRCLCPP_INFO[m[K(this->get_logger, "get a service that request name and money is %s, %d", request.name.c_str(), request.money);
[5.512s]       |     [01;31m[K^~~~~~~~~~~[m[K
[5.513s] [01m[K/home/huang/codes/ROS_Study/src/ros_service/src/pub.cpp:46:5:[m[K [01;31m[Kerror: [m[Ktemplate argument 1 is invalid
[5.513s]    46 |     [01;31m[KRCLCPP_INFO[m[K(this->get_logger, "get a service that request name and money is %s, %d", request.name.c_str(), request.money);
[5.513s]       |     [01;31m[K^~~~~~~~~~~[m[K
[5.513s] [01m[K/home/huang/codes/ROS_Study/src/ros_service/src/pub.cpp:46:5:[m[K [01;31m[Kerror: [m[Ktemplate argument 1 is invalid
[5.514s]    46 |     [01;31m[KRCLCPP_INFO[m[K(this->get_logger, "get a service that request name and money is %s, %d", request.name.c_str(), request.money);
[5.514s]       |     [01;31m[K^~~~~~~~~~~[m[K
[5.514s] In file included from [01m[K/opt/ros/galactic/include/rclcpp/client.hpp:40[m[K,
[5.514s]                  from [01m[K/opt/ros/galactic/include/rclcpp/callback_group.hpp:23[m[K,
[5.514s]                  from [01m[K/opt/ros/galactic/include/rclcpp/any_executable.hpp:20[m[K,
[5.515s]                  from [01m[K/opt/ros/galactic/include/rclcpp/memory_strategy.hpp:25[m[K,
[5.515s]                  from [01m[K/opt/ros/galactic/include/rclcpp/memory_strategies.hpp:18[m[K,
[5.515s]                  from [01m[K/opt/ros/galactic/include/rclcpp/executor_options.hpp:20[m[K,
[5.515s]                  from [01m[K/opt/ros/galactic/include/rclcpp/executor.hpp:36[m[K,
[5.515s]                  from [01m[K/opt/ros/galactic/include/rclcpp/executors/multi_threaded_executor.hpp:26[m[K,
[5.515s]                  from [01m[K/opt/ros/galactic/include/rclcpp/executors.hpp:21[m[K,
[5.515s]                  from [01m[K/opt/ros/galactic/include/rclcpp/rclcpp.hpp:156[m[K,
[5.515s]                  from [01m[K/home/huang/codes/ROS_Study/src/ros_service/src/pub.cpp:5[m[K:
[5.516s] [01m[K/home/huang/codes/ROS_Study/src/ros_service/src/pub.cpp:46:23:[m[K [01;31m[Kerror: [m[Kinvalid use of member function ‘[01m[Krclcpp::Logger rclcpp::Node::get_logger() const[m[K’ (did you forget the ‘[01m[K()[m[K’ ?)
[5.516s]    46 |     RCLCPP_INFO(this->[01;31m[Kg[m[Ket_logger, "get a service that request name and money is %s, %d", request.name.c_str(), request.money);
[5.516s]       |                       [01;31m[K^[m[K
[5.516s] [01m[K/home/huang/codes/ROS_Study/src/ros_service/src/pub.cpp:46:23:[m[K [01;31m[Kerror: [m[Kinvalid use of member function ‘[01m[Krclcpp::Logger rclcpp::Node::get_logger() const[m[K’ (did you forget the ‘[01m[K()[m[K’ ?)
[5.517s]    46 |     RCLCPP_INFO(this->[01;31m[Kg[m[Ket_logger, "get a service that request name and money is %s, %d", request.name.c_str(), request.money);
[5.517s]       |                       [01;31m[K^[m[K
[5.517s] [01m[K/home/huang/codes/ROS_Study/src/ros_service/src/pub.cpp:50:24:[m[K [01;31m[Kerror: [m[Kassignment of member ‘[01m[Ktutorial_interfaces::srv::Money_Response_<std::allocator<void> >::success[m[K’ in read-only object
[5.517s]    50 |       [01;31m[Kresponse.success = true[m[K;
[5.517s]       |       [01;31m[K~~~~~~~~~~~~~~~~~^~~~~~[m[K
[5.517s] [01m[K/home/huang/codes/ROS_Study/src/ros_service/src/pub.cpp:51:22:[m[K [01;31m[Kerror: [m[Kassignment of member ‘[01m[Ktutorial_interfaces::srv::Money_Response_<std::allocator<void> >::money[m[K’ in read-only object
[5.517s]    51 |       [01;31m[Kresponse.money = request.money[m[K;
[5.517s]       |       [01;31m[K~~~~~~~~~~~~~~~^~~~~~~~~~~~~~~[m[K
[5.518s] [01m[K/home/huang/codes/ROS_Study/src/ros_service/src/pub.cpp:53:24:[m[K [01;31m[Kerror: [m[Kassignment of member ‘[01m[Ktutorial_interfaces::srv::Money_Response_<std::allocator<void> >::success[m[K’ in read-only object
[5.518s]    53 |       [01;31m[Kresponse.success = false[m[K;
[5.518s]       |       [01;31m[K~~~~~~~~~~~~~~~~~^~~~~~~[m[K
[5.518s] [01m[K/home/huang/codes/ROS_Study/src/ros_service/src/pub.cpp:54:22:[m[K [01;31m[Kerror: [m[Kassignment of member ‘[01m[Ktutorial_interfaces::srv::Money_Response_<std::allocator<void> >::money[m[K’ in read-only object
[5.519s]    54 |       [01;31m[Kresponse.money = request.money[m[K;
[5.519s]       |       [01;31m[K~~~~~~~~~~~~~~~^~~~~~~~~~~~~~~[m[K
[5.519s] [01m[K/home/huang/codes/ROS_Study/src/ros_service/src/pub.cpp:[m[K In function ‘[01m[Kint main(int, char**)[m[K’:
[5.519s] [01m[K/home/huang/codes/ROS_Study/src/ros_service/src/pub.cpp:76:3:[m[K [01;31m[Kerror: [m[Kexpected ‘[01m[K,[m[K’ or ‘[01m[K;[m[K’ before ‘[01m[Krclcpp[m[K’
[5.519s]    76 |   [01;31m[Krclcpp[m[K::spin(std::make_shared<MinimalPublisher>());
[5.519s]       |   [01;31m[K^~~~~~[m[K
[7.087s] make[2]: *** [CMakeFiles/pub_node.dir/build.make:63：CMakeFiles/pub_node.dir/src/pub.cpp.o] 错误 1
[7.087s] make[1]: *** [CMakeFiles/Makefile2:80：CMakeFiles/pub_node.dir/all] 错误 2
[7.088s] make: *** [Makefile:141：all] 错误 2
[7.093s] Invoked command in '/home/huang/codes/ROS_Study/build/ros_service' returned '2': CMAKE_PREFIX_PATH=/home/huang/codes/ROS_Study/install/tutorial_interfaces:/home/huang/codes/ROS_Study/install/village_wang:/home/huang/codes/ROS_Study/install/village_li:/home/huang/codes/ROS_Study/install/village_interfaces:/home/huang/codes/ROS_Study/install/ros_pub_sub_cv:/home/huang/codes/ROS_Study/install/ros_pub_sub:/opt/ros/galactic LD_LIBRARY_PATH=/home/huang/codes/ROS_Study/install/tutorial_interfaces/lib:/home/huang/codes/ROS_Study/install/village_interfaces/lib:/opt/ros/galactic/opt/yaml_cpp_vendor/lib:/opt/ros/galactic/opt/rviz_ogre_vendor/lib:/opt/ros/galactic/lib/x86_64-linux-gnu:/opt/ros/galactic/lib PYTHONPATH=/home/huang/codes/ROS_Study/install/tutorial_interfaces/lib/python3.8/site-packages:/home/huang/codes/ROS_Study/install/village_interfaces/lib/python3.8/site-packages:/opt/ros/galactic/lib/python3.8/site-packages /usr/bin/cmake --build /home/huang/codes/ROS_Study/build/ros_service -- -j8 -l8
