-- Found ament_cmake: 1.1.6 (/opt/ros/galactic/share/ament_cmake/cmake)
-- Using PYTHON_EXECUTABLE: /usr/bin/python3
-- Override CMake install command with custom implementation using symlinks instead of copying resources
-- Found rclcpp: 9.2.2 (/opt/ros/galactic/share/rclcpp/cmake)
-- Using all available rosidl_typesupport_c: rosidl_typesupport_fastrtps_c;rosidl_typesupport_introspection_c
-- Found rosidl_adapter: 2.2.3 (/opt/ros/galactic/share/rosidl_adapter/cmake)
-- Using all available rosidl_typesupport_cpp: rosidl_typesupport_fastrtps_cpp;rosidl_typesupport_introspection_cpp
-- Found rmw_implementation_cmake: 3.3.1 (/opt/ros/galactic/share/rmw_implementation_cmake/cmake)
-- Found rmw_cyclonedds_cpp: 0.22.6 (/opt/ros/galactic/share/rmw_cyclonedds_cpp/cmake)
-- Using RMW implementation 'rmw_cyclonedds_cpp' as default
-- Found ament_lint_auto: 0.10.7 (/opt/ros/galactic/share/ament_lint_auto/cmake)
-- Added test 'copyright' to check source files copyright and LICENSE
-- Added test 'cppcheck' to perform static code analysis on C / C++ code
-- Configured cppcheck include dirs: 
-- Configured cppcheck exclude dirs and/or files: 
-- Added test 'cpplint' to check C / C++ code against the Google style
-- Configured cpplint exclude dirs and/or files: 
-- Added test 'lint_cmake' to check CMake code style
-- Added test 'uncrustify' to check C / C++ code style
-- Configured uncrustify additional arguments: 
-- Added test 'xmllint' to check XML markup files
-- Configuring done
-- Generating done
-- Build files have been written to: /home/huang/codes/ROS_Study/build/village_wang
[ 50%] [32m[1mLinking CXX executable wang2_node[0m
[100%] Built target wang2_node
-- Install configuration: ""
-- Execute custom install script
-- Symlinking: /home/huang/codes/ROS_Study/install/village_wang/share/ament_index/resource_index/package_run_dependencies/village_wang
-- Symlinking: /home/huang/codes/ROS_Study/install/village_wang/share/ament_index/resource_index/parent_prefix_path/village_wang
-- Symlinking: /home/huang/codes/ROS_Study/install/village_wang/share/village_wang/environment/ament_prefix_path.sh
-- Symlinking: /home/huang/codes/ROS_Study/install/village_wang/share/village_wang/environment/ament_prefix_path.dsv
-- Symlinking: /home/huang/codes/ROS_Study/install/village_wang/share/village_wang/environment/path.sh
-- Symlinking: /home/huang/codes/ROS_Study/install/village_wang/share/village_wang/environment/path.dsv
-- Symlinking: /home/huang/codes/ROS_Study/install/village_wang/share/village_wang/local_setup.bash
-- Symlinking: /home/huang/codes/ROS_Study/install/village_wang/share/village_wang/local_setup.sh
-- Symlinking: /home/huang/codes/ROS_Study/install/village_wang/share/village_wang/local_setup.zsh
-- Symlinking: /home/huang/codes/ROS_Study/install/village_wang/share/village_wang/local_setup.dsv
-- Symlinking: /home/huang/codes/ROS_Study/install/village_wang/share/village_wang/package.dsv
-- Symlinking: /home/huang/codes/ROS_Study/install/village_wang/share/ament_index/resource_index/packages/village_wang
-- Symlinking: /home/huang/codes/ROS_Study/install/village_wang/share/village_wang/cmake/village_wangConfig.cmake
-- Symlinking: /home/huang/codes/ROS_Study/install/village_wang/share/village_wang/cmake/village_wangConfig-version.cmake
-- Symlinking: /home/huang/codes/ROS_Study/install/village_wang/share/village_wang/package.xml
-- Symlinking: /home/huang/codes/ROS_Study/install/village_wang/lib/village_wang/wang2_node
