[0.107s] Invoking command in '/home/huang/codes/ROS_Study/build/tutorial_interfaces': CMAKE_PREFIX_PATH=${CMAKE_PREFIX_PATH}:/opt/ros/galactic /usr/bin/cmake --build /home/huang/codes/ROS_Study/build/tutorial_interfaces -- -j8 -l8
[0.248s] [  1%] Built target tutorial_interfaces__cpp
[0.255s] [ 12%] Built target tutorial_interfaces__rosidl_generator_c
[0.332s] [ 23%] Built target tutorial_interfaces__rosidl_typesupport_introspection_cpp
[0.369s] [ 34%] Built target tutorial_interfaces__rosidl_typesupport_c
[0.405s] [ 45%] Built target tutorial_interfaces__rosidl_typesupport_introspection_c
[0.487s] [ 56%] Built target tutorial_interfaces__rosidl_typesupport_fastrtps_cpp
[0.488s] [ 67%] Built target tutorial_interfaces__rosidl_typesupport_cpp
[0.584s] [ 78%] Built target tutorial_interfaces__rosidl_typesupport_fastrtps_c
[0.629s] [ 78%] Built target tutorial_interfaces
[0.675s] [ 80%] Built target tutorial_interfaces__py
[0.753s] [ 89%] Built target tutorial_interfaces__python
[0.830s] [ 92%] Built target tutorial_interfaces__rosidl_typesupport_c__pyext
[0.844s] [ 96%] Built target tutorial_interfaces__rosidl_typesupport_fastrtps_c__pyext
[0.845s] [100%] Built target tutorial_interfaces__rosidl_typesupport_introspection_c__pyext
[0.867s] Invoked command in '/home/huang/codes/ROS_Study/build/tutorial_interfaces' returned '0': CMAKE_PREFIX_PATH=${CMAKE_PREFIX_PATH}:/opt/ros/galactic /usr/bin/cmake --build /home/huang/codes/ROS_Study/build/tutorial_interfaces -- -j8 -l8
[1.035s] Invoking command in '/home/huang/codes/ROS_Study/build/tutorial_interfaces': CMAKE_PREFIX_PATH=${CMAKE_PREFIX_PATH}:/opt/ros/galactic /usr/bin/cmake --install /home/huang/codes/ROS_Study/build/tutorial_interfaces
[1.054s] -- Install configuration: ""
[1.054s] -- Up-to-date: /home/huang/codes/ROS_Study/install/tutorial_interfaces/share/ament_index/resource_index/rosidl_interfaces/tutorial_interfaces
[1.055s] -- Up-to-date: /home/huang/codes/ROS_Study/install/tutorial_interfaces/include/tutorial_interfaces
[1.055s] -- Up-to-date: /home/huang/codes/ROS_Study/install/tutorial_interfaces/include/tutorial_interfaces/srv
[1.055s] -- Up-to-date: /home/huang/codes/ROS_Study/install/tutorial_interfaces/include/tutorial_interfaces/srv/detail
[1.055s] -- Up-to-date: /home/huang/codes/ROS_Study/install/tutorial_interfaces/include/tutorial_interfaces/srv/detail/add_three_ints__functions.c
[1.055s] -- Up-to-date: /home/huang/codes/ROS_Study/install/tutorial_interfaces/include/tutorial_interfaces/srv/detail/add_three_ints__type_support.h
[1.056s] -- Up-to-date: /home/huang/codes/ROS_Study/install/tutorial_interfaces/include/tutorial_interfaces/srv/detail/add_three_ints__functions.h
[1.056s] -- Up-to-date: /home/huang/codes/ROS_Study/install/tutorial_interfaces/include/tutorial_interfaces/srv/detail/add_three_ints__struct.h
[1.056s] -- Up-to-date: /home/huang/codes/ROS_Study/install/tutorial_interfaces/include/tutorial_interfaces/srv/add_three_ints.h
[1.056s] -- Up-to-date: /home/huang/codes/ROS_Study/install/tutorial_interfaces/include/tutorial_interfaces/msg
[1.056s] -- Up-to-date: /home/huang/codes/ROS_Study/install/tutorial_interfaces/include/tutorial_interfaces/msg/num.h
[1.058s] -- Up-to-date: /home/huang/codes/ROS_Study/install/tutorial_interfaces/include/tutorial_interfaces/msg/picture.h
[1.059s] -- Up-to-date: /home/huang/codes/ROS_Study/install/tutorial_interfaces/include/tutorial_interfaces/msg/rosidl_generator_c__visibility_control.h
[1.059s] -- Up-to-date: /home/huang/codes/ROS_Study/install/tutorial_interfaces/include/tutorial_interfaces/msg/detail
[1.059s] -- Up-to-date: /home/huang/codes/ROS_Study/install/tutorial_interfaces/include/tutorial_interfaces/msg/detail/num__functions.c
[1.060s] -- Up-to-date: /home/huang/codes/ROS_Study/install/tutorial_interfaces/include/tutorial_interfaces/msg/detail/num__functions.h
[1.060s] -- Up-to-date: /home/huang/codes/ROS_Study/install/tutorial_interfaces/include/tutorial_interfaces/msg/detail/sphere__functions.h
[1.061s] -- Up-to-date: /home/huang/codes/ROS_Study/install/tutorial_interfaces/include/tutorial_interfaces/msg/detail/num__type_support.h
[1.063s] -- Up-to-date: /home/huang/codes/ROS_Study/install/tutorial_interfaces/include/tutorial_interfaces/msg/detail/num__struct.h
[1.063s] -- Up-to-date: /home/huang/codes/ROS_Study/install/tutorial_interfaces/include/tutorial_interfaces/msg/detail/picture__functions.h
[1.063s] -- Up-to-date: /home/huang/codes/ROS_Study/install/tutorial_interfaces/include/tutorial_interfaces/msg/detail/sphere__type_support.h
[1.063s] -- Up-to-date: /home/huang/codes/ROS_Study/install/tutorial_interfaces/include/tutorial_interfaces/msg/detail/picture__type_support.h
[1.063s] -- Up-to-date: /home/huang/codes/ROS_Study/install/tutorial_interfaces/include/tutorial_interfaces/msg/detail/sphere__struct.h
[1.063s] -- Up-to-date: /home/huang/codes/ROS_Study/install/tutorial_interfaces/include/tutorial_interfaces/msg/detail/picture__struct.h
[1.064s] -- Up-to-date: /home/huang/codes/ROS_Study/install/tutorial_interfaces/include/tutorial_interfaces/msg/detail/picture__functions.c
[1.064s] -- Up-to-date: /home/huang/codes/ROS_Study/install/tutorial_interfaces/include/tutorial_interfaces/msg/detail/sphere__functions.c
[1.064s] -- Up-to-date: /home/huang/codes/ROS_Study/install/tutorial_interfaces/include/tutorial_interfaces/msg/sphere.h
[1.064s] -- Up-to-date: /home/huang/codes/ROS_Study/install/tutorial_interfaces/share/tutorial_interfaces/environment/library_path.sh
[1.065s] -- Up-to-date: /home/huang/codes/ROS_Study/install/tutorial_interfaces/share/tutorial_interfaces/environment/library_path.dsv
[1.065s] -- Up-to-date: /home/huang/codes/ROS_Study/install/tutorial_interfaces/lib/libtutorial_interfaces__rosidl_generator_c.so
[1.065s] -- Up-to-date: /home/huang/codes/ROS_Study/install/tutorial_interfaces/include/tutorial_interfaces
[1.066s] -- Up-to-date: /home/huang/codes/ROS_Study/install/tutorial_interfaces/include/tutorial_interfaces/srv
[1.066s] -- Up-to-date: /home/huang/codes/ROS_Study/install/tutorial_interfaces/include/tutorial_interfaces/srv/detail
[1.066s] -- Up-to-date: /home/huang/codes/ROS_Study/install/tutorial_interfaces/include/tutorial_interfaces/srv/detail/add_three_ints__rosidl_typesupport_fastrtps_c.h
[1.066s] -- Up-to-date: /home/huang/codes/ROS_Study/install/tutorial_interfaces/include/tutorial_interfaces/msg
[1.067s] -- Up-to-date: /home/huang/codes/ROS_Study/install/tutorial_interfaces/include/tutorial_interfaces/msg/detail
[1.067s] -- Up-to-date: /home/huang/codes/ROS_Study/install/tutorial_interfaces/include/tutorial_interfaces/msg/detail/picture__rosidl_typesupport_fastrtps_c.h
[1.071s] -- Up-to-date: /home/huang/codes/ROS_Study/install/tutorial_interfaces/include/tutorial_interfaces/msg/detail/sphere__rosidl_typesupport_fastrtps_c.h
[1.071s] -- Up-to-date: /home/huang/codes/ROS_Study/install/tutorial_interfaces/include/tutorial_interfaces/msg/detail/num__rosidl_typesupport_fastrtps_c.h
[1.072s] -- Up-to-date: /home/huang/codes/ROS_Study/install/tutorial_interfaces/include/tutorial_interfaces/msg/rosidl_typesupport_fastrtps_c__visibility_control.h
[1.073s] -- Up-to-date: /home/huang/codes/ROS_Study/install/tutorial_interfaces/lib/libtutorial_interfaces__rosidl_typesupport_fastrtps_c.so
[1.073s] -- Up-to-date: /home/huang/codes/ROS_Study/install/tutorial_interfaces/include/tutorial_interfaces
[1.073s] -- Up-to-date: /home/huang/codes/ROS_Study/install/tutorial_interfaces/include/tutorial_interfaces/srv
[1.076s] -- Up-to-date: /home/huang/codes/ROS_Study/install/tutorial_interfaces/include/tutorial_interfaces/srv/detail
[1.077s] -- Up-to-date: /home/huang/codes/ROS_Study/install/tutorial_interfaces/include/tutorial_interfaces/srv/detail/dds_fastrtps
[1.077s] -- Up-to-date: /home/huang/codes/ROS_Study/install/tutorial_interfaces/include/tutorial_interfaces/srv/detail/add_three_ints__rosidl_typesupport_fastrtps_cpp.hpp
[1.078s] -- Up-to-date: /home/huang/codes/ROS_Study/install/tutorial_interfaces/include/tutorial_interfaces/msg
[1.079s] -- Up-to-date: /home/huang/codes/ROS_Study/install/tutorial_interfaces/include/tutorial_interfaces/msg/rosidl_typesupport_fastrtps_cpp__visibility_control.h
[1.079s] -- Up-to-date: /home/huang/codes/ROS_Study/install/tutorial_interfaces/include/tutorial_interfaces/msg/detail
[1.079s] -- Up-to-date: /home/huang/codes/ROS_Study/install/tutorial_interfaces/include/tutorial_interfaces/msg/detail/dds_fastrtps
[1.080s] -- Up-to-date: /home/huang/codes/ROS_Study/install/tutorial_interfaces/include/tutorial_interfaces/msg/detail/sphere__rosidl_typesupport_fastrtps_cpp.hpp
[1.080s] -- Up-to-date: /home/huang/codes/ROS_Study/install/tutorial_interfaces/include/tutorial_interfaces/msg/detail/picture__rosidl_typesupport_fastrtps_cpp.hpp
[1.080s] -- Up-to-date: /home/huang/codes/ROS_Study/install/tutorial_interfaces/include/tutorial_interfaces/msg/detail/num__rosidl_typesupport_fastrtps_cpp.hpp
[1.080s] -- Up-to-date: /home/huang/codes/ROS_Study/install/tutorial_interfaces/lib/libtutorial_interfaces__rosidl_typesupport_fastrtps_cpp.so
[1.080s] -- Up-to-date: /home/huang/codes/ROS_Study/install/tutorial_interfaces/include/tutorial_interfaces
[1.080s] -- Up-to-date: /home/huang/codes/ROS_Study/install/tutorial_interfaces/include/tutorial_interfaces/srv
[1.080s] -- Up-to-date: /home/huang/codes/ROS_Study/install/tutorial_interfaces/include/tutorial_interfaces/srv/detail
[1.080s] -- Up-to-date: /home/huang/codes/ROS_Study/install/tutorial_interfaces/include/tutorial_interfaces/srv/detail/add_three_ints__type_support.c
[1.081s] -- Up-to-date: /home/huang/codes/ROS_Study/install/tutorial_interfaces/include/tutorial_interfaces/srv/detail/add_three_ints__rosidl_typesupport_introspection_c.h
[1.081s] -- Up-to-date: /home/huang/codes/ROS_Study/install/tutorial_interfaces/include/tutorial_interfaces/msg
[1.081s] -- Up-to-date: /home/huang/codes/ROS_Study/install/tutorial_interfaces/include/tutorial_interfaces/msg/rosidl_typesupport_introspection_c__visibility_control.h
[1.081s] -- Up-to-date: /home/huang/codes/ROS_Study/install/tutorial_interfaces/include/tutorial_interfaces/msg/detail
[1.081s] -- Up-to-date: /home/huang/codes/ROS_Study/install/tutorial_interfaces/include/tutorial_interfaces/msg/detail/num__rosidl_typesupport_introspection_c.h
[1.081s] -- Up-to-date: /home/huang/codes/ROS_Study/install/tutorial_interfaces/include/tutorial_interfaces/msg/detail/picture__type_support.c
[1.081s] -- Up-to-date: /home/huang/codes/ROS_Study/install/tutorial_interfaces/include/tutorial_interfaces/msg/detail/sphere__type_support.c
[1.081s] -- Up-to-date: /home/huang/codes/ROS_Study/install/tutorial_interfaces/include/tutorial_interfaces/msg/detail/sphere__rosidl_typesupport_introspection_c.h
[1.082s] -- Up-to-date: /home/huang/codes/ROS_Study/install/tutorial_interfaces/include/tutorial_interfaces/msg/detail/num__type_support.c
[1.082s] -- Up-to-date: /home/huang/codes/ROS_Study/install/tutorial_interfaces/include/tutorial_interfaces/msg/detail/picture__rosidl_typesupport_introspection_c.h
[1.082s] -- Up-to-date: /home/huang/codes/ROS_Study/install/tutorial_interfaces/lib/libtutorial_interfaces__rosidl_typesupport_introspection_c.so
[1.086s] -- Up-to-date: /home/huang/codes/ROS_Study/install/tutorial_interfaces/lib/libtutorial_interfaces__rosidl_typesupport_c.so
[1.087s] -- Up-to-date: /home/huang/codes/ROS_Study/install/tutorial_interfaces/include/tutorial_interfaces
[1.087s] -- Up-to-date: /home/huang/codes/ROS_Study/install/tutorial_interfaces/include/tutorial_interfaces/srv
[1.087s] -- Up-to-date: /home/huang/codes/ROS_Study/install/tutorial_interfaces/include/tutorial_interfaces/srv/add_three_ints.hpp
[1.087s] -- Up-to-date: /home/huang/codes/ROS_Study/install/tutorial_interfaces/include/tutorial_interfaces/srv/detail
[1.088s] -- Up-to-date: /home/huang/codes/ROS_Study/install/tutorial_interfaces/include/tutorial_interfaces/srv/detail/add_three_ints__struct.hpp
[1.088s] -- Up-to-date: /home/huang/codes/ROS_Study/install/tutorial_interfaces/include/tutorial_interfaces/srv/detail/add_three_ints__builder.hpp
[1.088s] -- Up-to-date: /home/huang/codes/ROS_Study/install/tutorial_interfaces/include/tutorial_interfaces/srv/detail/add_three_ints__traits.hpp
[1.088s] -- Up-to-date: /home/huang/codes/ROS_Study/install/tutorial_interfaces/include/tutorial_interfaces/msg
[1.088s] -- Up-to-date: /home/huang/codes/ROS_Study/install/tutorial_interfaces/include/tutorial_interfaces/msg/picture.hpp
[1.088s] -- Up-to-date: /home/huang/codes/ROS_Study/install/tutorial_interfaces/include/tutorial_interfaces/msg/num.hpp
[1.089s] -- Up-to-date: /home/huang/codes/ROS_Study/install/tutorial_interfaces/include/tutorial_interfaces/msg/sphere.hpp
[1.089s] -- Up-to-date: /home/huang/codes/ROS_Study/install/tutorial_interfaces/include/tutorial_interfaces/msg/detail
[1.089s] -- Up-to-date: /home/huang/codes/ROS_Study/install/tutorial_interfaces/include/tutorial_interfaces/msg/detail/picture__builder.hpp
[1.089s] -- Up-to-date: /home/huang/codes/ROS_Study/install/tutorial_interfaces/include/tutorial_interfaces/msg/detail/num__traits.hpp
[1.089s] -- Up-to-date: /home/huang/codes/ROS_Study/install/tutorial_interfaces/include/tutorial_interfaces/msg/detail/sphere__builder.hpp
[1.089s] -- Up-to-date: /home/huang/codes/ROS_Study/install/tutorial_interfaces/include/tutorial_interfaces/msg/detail/num__builder.hpp
[1.089s] -- Up-to-date: /home/huang/codes/ROS_Study/install/tutorial_interfaces/include/tutorial_interfaces/msg/detail/sphere__traits.hpp
[1.090s] -- Up-to-date: /home/huang/codes/ROS_Study/install/tutorial_interfaces/include/tutorial_interfaces/msg/detail/num__struct.hpp
[1.090s] -- Up-to-date: /home/huang/codes/ROS_Study/install/tutorial_interfaces/include/tutorial_interfaces/msg/detail/picture__struct.hpp
[1.090s] -- Up-to-date: /home/huang/codes/ROS_Study/install/tutorial_interfaces/include/tutorial_interfaces/msg/detail/sphere__struct.hpp
[1.090s] -- Up-to-date: /home/huang/codes/ROS_Study/install/tutorial_interfaces/include/tutorial_interfaces/msg/detail/picture__traits.hpp
[1.090s] -- Up-to-date: /home/huang/codes/ROS_Study/install/tutorial_interfaces/include/tutorial_interfaces
[1.090s] -- Up-to-date: /home/huang/codes/ROS_Study/install/tutorial_interfaces/include/tutorial_interfaces/srv
[1.091s] -- Up-to-date: /home/huang/codes/ROS_Study/install/tutorial_interfaces/include/tutorial_interfaces/srv/detail
[1.091s] -- Up-to-date: /home/huang/codes/ROS_Study/install/tutorial_interfaces/include/tutorial_interfaces/srv/detail/add_three_ints__type_support.cpp
[1.091s] -- Up-to-date: /home/huang/codes/ROS_Study/install/tutorial_interfaces/include/tutorial_interfaces/srv/detail/add_three_ints__rosidl_typesupport_introspection_cpp.hpp
[1.091s] -- Up-to-date: /home/huang/codes/ROS_Study/install/tutorial_interfaces/include/tutorial_interfaces/msg
[1.091s] -- Up-to-date: /home/huang/codes/ROS_Study/install/tutorial_interfaces/include/tutorial_interfaces/msg/detail
[1.091s] -- Up-to-date: /home/huang/codes/ROS_Study/install/tutorial_interfaces/include/tutorial_interfaces/msg/detail/picture__type_support.cpp
[1.092s] -- Up-to-date: /home/huang/codes/ROS_Study/install/tutorial_interfaces/include/tutorial_interfaces/msg/detail/sphere__type_support.cpp
[1.092s] -- Up-to-date: /home/huang/codes/ROS_Study/install/tutorial_interfaces/include/tutorial_interfaces/msg/detail/picture__rosidl_typesupport_introspection_cpp.hpp
[1.092s] -- Up-to-date: /home/huang/codes/ROS_Study/install/tutorial_interfaces/include/tutorial_interfaces/msg/detail/num__rosidl_typesupport_introspection_cpp.hpp
[1.092s] -- Up-to-date: /home/huang/codes/ROS_Study/install/tutorial_interfaces/include/tutorial_interfaces/msg/detail/num__type_support.cpp
[1.092s] -- Up-to-date: /home/huang/codes/ROS_Study/install/tutorial_interfaces/include/tutorial_interfaces/msg/detail/sphere__rosidl_typesupport_introspection_cpp.hpp
[1.092s] -- Up-to-date: /home/huang/codes/ROS_Study/install/tutorial_interfaces/lib/libtutorial_interfaces__rosidl_typesupport_introspection_cpp.so
[1.093s] -- Up-to-date: /home/huang/codes/ROS_Study/install/tutorial_interfaces/lib/libtutorial_interfaces__rosidl_typesupport_cpp.so
[1.093s] -- Up-to-date: /home/huang/codes/ROS_Study/install/tutorial_interfaces/share/tutorial_interfaces/environment/pythonpath.sh
[1.093s] -- Up-to-date: /home/huang/codes/ROS_Study/install/tutorial_interfaces/share/tutorial_interfaces/environment/pythonpath.dsv
[1.093s] -- Up-to-date: /home/huang/codes/ROS_Study/install/tutorial_interfaces/lib/python3.8/site-packages/tutorial_interfaces/__init__.py
[1.111s] -- Up-to-date: /home/huang/codes/ROS_Study/install/tutorial_interfaces/lib/python3.8/site-packages/tutorial_interfaces/msg
[1.111s] -- Up-to-date: /home/huang/codes/ROS_Study/install/tutorial_interfaces/lib/python3.8/site-packages/tutorial_interfaces/msg/_sphere_s.c
[1.111s] -- Up-to-date: /home/huang/codes/ROS_Study/install/tutorial_interfaces/lib/python3.8/site-packages/tutorial_interfaces/msg/_picture_s.c
[1.111s] -- Up-to-date: /home/huang/codes/ROS_Study/install/tutorial_interfaces/lib/python3.8/site-packages/tutorial_interfaces/msg/__init__.py
[1.111s] -- Up-to-date: /home/huang/codes/ROS_Study/install/tutorial_interfaces/lib/python3.8/site-packages/tutorial_interfaces/msg/_sphere.py
[1.111s] -- Up-to-date: /home/huang/codes/ROS_Study/install/tutorial_interfaces/lib/python3.8/site-packages/tutorial_interfaces/msg/_num.py
[1.111s] -- Up-to-date: /home/huang/codes/ROS_Study/install/tutorial_interfaces/lib/python3.8/site-packages/tutorial_interfaces/msg/_num_s.c
[1.111s] -- Up-to-date: /home/huang/codes/ROS_Study/install/tutorial_interfaces/lib/python3.8/site-packages/tutorial_interfaces/msg/_picture.py
[1.112s] -- Up-to-date: /home/huang/codes/ROS_Study/install/tutorial_interfaces/lib/python3.8/site-packages/tutorial_interfaces/srv
[1.112s] -- Up-to-date: /home/huang/codes/ROS_Study/install/tutorial_interfaces/lib/python3.8/site-packages/tutorial_interfaces/srv/__init__.py
[1.112s] -- Up-to-date: /home/huang/codes/ROS_Study/install/tutorial_interfaces/lib/python3.8/site-packages/tutorial_interfaces/srv/_add_three_ints.py
[1.112s] -- Up-to-date: /home/huang/codes/ROS_Study/install/tutorial_interfaces/lib/python3.8/site-packages/tutorial_interfaces/srv/_add_three_ints_s.c
[1.112s] -- Up-to-date: /home/huang/codes/ROS_Study/install/tutorial_interfaces/lib/python3.8/site-packages/tutorial_interfaces/tutorial_interfaces_s__rosidl_typesupport_fastrtps_c.cpython-38-x86_64-linux-gnu.so
[1.112s] -- Up-to-date: /home/huang/codes/ROS_Study/install/tutorial_interfaces/lib/python3.8/site-packages/tutorial_interfaces/tutorial_interfaces_s__rosidl_typesupport_introspection_c.cpython-38-x86_64-linux-gnu.so
[1.113s] -- Up-to-date: /home/huang/codes/ROS_Study/install/tutorial_interfaces/lib/python3.8/site-packages/tutorial_interfaces/tutorial_interfaces_s__rosidl_typesupport_c.cpython-38-x86_64-linux-gnu.so
[1.114s] -- Up-to-date: /home/huang/codes/ROS_Study/install/tutorial_interfaces/lib/libtutorial_interfaces__python.so
[1.114s] -- Up-to-date: /home/huang/codes/ROS_Study/install/tutorial_interfaces/share/tutorial_interfaces/msg/Picture.idl
[1.115s] -- Up-to-date: /home/huang/codes/ROS_Study/install/tutorial_interfaces/share/tutorial_interfaces/msg/Num.idl
[1.115s] -- Up-to-date: /home/huang/codes/ROS_Study/install/tutorial_interfaces/share/tutorial_interfaces/msg/Sphere.idl
[1.115s] -- Up-to-date: /home/huang/codes/ROS_Study/install/tutorial_interfaces/share/tutorial_interfaces/srv/AddThreeInts.idl
[1.115s] -- Up-to-date: /home/huang/codes/ROS_Study/install/tutorial_interfaces/share/tutorial_interfaces/msg/Picture.msg
[1.115s] -- Up-to-date: /home/huang/codes/ROS_Study/install/tutorial_interfaces/share/tutorial_interfaces/msg/Num.msg
[1.115s] -- Up-to-date: /home/huang/codes/ROS_Study/install/tutorial_interfaces/share/tutorial_interfaces/msg/Sphere.msg
[1.116s] -- Up-to-date: /home/huang/codes/ROS_Study/install/tutorial_interfaces/share/tutorial_interfaces/srv/AddThreeInts.srv
[1.116s] -- Up-to-date: /home/huang/codes/ROS_Study/install/tutorial_interfaces/share/tutorial_interfaces/srv/AddThreeInts_Request.msg
[1.116s] -- Up-to-date: /home/huang/codes/ROS_Study/install/tutorial_interfaces/share/tutorial_interfaces/srv/AddThreeInts_Response.msg
[1.116s] -- Up-to-date: /home/huang/codes/ROS_Study/install/tutorial_interfaces/share/ament_index/resource_index/package_run_dependencies/tutorial_interfaces
[1.116s] -- Up-to-date: /home/huang/codes/ROS_Study/install/tutorial_interfaces/share/ament_index/resource_index/parent_prefix_path/tutorial_interfaces
[1.117s] -- Up-to-date: /home/huang/codes/ROS_Study/install/tutorial_interfaces/share/tutorial_interfaces/environment/ament_prefix_path.sh
[1.117s] -- Up-to-date: /home/huang/codes/ROS_Study/install/tutorial_interfaces/share/tutorial_interfaces/environment/ament_prefix_path.dsv
[1.117s] -- Up-to-date: /home/huang/codes/ROS_Study/install/tutorial_interfaces/share/tutorial_interfaces/environment/path.sh
[1.118s] -- Up-to-date: /home/huang/codes/ROS_Study/install/tutorial_interfaces/share/tutorial_interfaces/environment/path.dsv
[1.118s] -- Up-to-date: /home/huang/codes/ROS_Study/install/tutorial_interfaces/share/tutorial_interfaces/local_setup.bash
[1.119s] -- Up-to-date: /home/huang/codes/ROS_Study/install/tutorial_interfaces/share/tutorial_interfaces/local_setup.sh
[1.119s] -- Up-to-date: /home/huang/codes/ROS_Study/install/tutorial_interfaces/share/tutorial_interfaces/local_setup.zsh
[1.119s] -- Up-to-date: /home/huang/codes/ROS_Study/install/tutorial_interfaces/share/tutorial_interfaces/local_setup.dsv
[1.119s] -- Installing: /home/huang/codes/ROS_Study/install/tutorial_interfaces/share/tutorial_interfaces/package.dsv
[1.119s] -- Up-to-date: /home/huang/codes/ROS_Study/install/tutorial_interfaces/share/ament_index/resource_index/packages/tutorial_interfaces
[1.119s] -- Up-to-date: /home/huang/codes/ROS_Study/install/tutorial_interfaces/share/tutorial_interfaces/cmake/tutorial_interfaces__rosidl_generator_cExport.cmake
[1.120s] -- Up-to-date: /home/huang/codes/ROS_Study/install/tutorial_interfaces/share/tutorial_interfaces/cmake/tutorial_interfaces__rosidl_generator_cExport-noconfig.cmake
[1.120s] -- Up-to-date: /home/huang/codes/ROS_Study/install/tutorial_interfaces/share/tutorial_interfaces/cmake/tutorial_interfaces__rosidl_typesupport_introspection_cExport.cmake
[1.120s] -- Up-to-date: /home/huang/codes/ROS_Study/install/tutorial_interfaces/share/tutorial_interfaces/cmake/tutorial_interfaces__rosidl_typesupport_introspection_cExport-noconfig.cmake
[1.120s] -- Up-to-date: /home/huang/codes/ROS_Study/install/tutorial_interfaces/share/tutorial_interfaces/cmake/tutorial_interfaces__rosidl_typesupport_cExport.cmake
[1.121s] -- Up-to-date: /home/huang/codes/ROS_Study/install/tutorial_interfaces/share/tutorial_interfaces/cmake/tutorial_interfaces__rosidl_typesupport_cExport-noconfig.cmake
[1.121s] -- Up-to-date: /home/huang/codes/ROS_Study/install/tutorial_interfaces/share/tutorial_interfaces/cmake/tutorial_interfaces__rosidl_generator_cppExport.cmake
[1.121s] -- Up-to-date: /home/huang/codes/ROS_Study/install/tutorial_interfaces/share/tutorial_interfaces/cmake/tutorial_interfaces__rosidl_typesupport_introspection_cppExport.cmake
[1.121s] -- Up-to-date: /home/huang/codes/ROS_Study/install/tutorial_interfaces/share/tutorial_interfaces/cmake/tutorial_interfaces__rosidl_typesupport_introspection_cppExport-noconfig.cmake
[1.121s] -- Up-to-date: /home/huang/codes/ROS_Study/install/tutorial_interfaces/share/tutorial_interfaces/cmake/tutorial_interfaces__rosidl_typesupport_cppExport.cmake
[1.122s] -- Up-to-date: /home/huang/codes/ROS_Study/install/tutorial_interfaces/share/tutorial_interfaces/cmake/tutorial_interfaces__rosidl_typesupport_cppExport-noconfig.cmake
[1.122s] -- Up-to-date: /home/huang/codes/ROS_Study/install/tutorial_interfaces/share/tutorial_interfaces/cmake/rosidl_cmake-extras.cmake
[1.123s] -- Up-to-date: /home/huang/codes/ROS_Study/install/tutorial_interfaces/share/tutorial_interfaces/cmake/ament_cmake_export_dependencies-extras.cmake
[1.124s] -- Up-to-date: /home/huang/codes/ROS_Study/install/tutorial_interfaces/share/tutorial_interfaces/cmake/ament_cmake_export_libraries-extras.cmake
[1.124s] -- Up-to-date: /home/huang/codes/ROS_Study/install/tutorial_interfaces/share/tutorial_interfaces/cmake/ament_cmake_export_targets-extras.cmake
[1.129s] -- Up-to-date: /home/huang/codes/ROS_Study/install/tutorial_interfaces/share/tutorial_interfaces/cmake/ament_cmake_export_include_directories-extras.cmake
[1.130s] -- Up-to-date: /home/huang/codes/ROS_Study/install/tutorial_interfaces/share/tutorial_interfaces/cmake/rosidl_cmake_export_typesupport_libraries-extras.cmake
[1.130s] -- Up-to-date: /home/huang/codes/ROS_Study/install/tutorial_interfaces/share/tutorial_interfaces/cmake/rosidl_cmake_export_typesupport_targets-extras.cmake
[1.130s] -- Up-to-date: /home/huang/codes/ROS_Study/install/tutorial_interfaces/share/tutorial_interfaces/cmake/tutorial_interfacesConfig.cmake
[1.131s] -- Up-to-date: /home/huang/codes/ROS_Study/install/tutorial_interfaces/share/tutorial_interfaces/cmake/tutorial_interfacesConfig-version.cmake
[1.131s] -- Up-to-date: /home/huang/codes/ROS_Study/install/tutorial_interfaces/share/tutorial_interfaces/package.xml
[1.131s] Invoked command in '/home/huang/codes/ROS_Study/build/tutorial_interfaces' returned '0': CMAKE_PREFIX_PATH=${CMAKE_PREFIX_PATH}:/opt/ros/galactic /usr/bin/cmake --install /home/huang/codes/ROS_Study/build/tutorial_interfaces
