-- Found ament_cmake: 1.1.6 (/opt/ros/galactic/share/ament_cmake/cmake)
-- Using PYTHON_EXECUTABLE: /usr/bin/python3
-- Found rclcpp: 9.2.2 (/opt/ros/galactic/share/rclcpp/cmake)
-- Using all available rosidl_typesupport_c: rosidl_typesupport_fastrtps_c;rosidl_typesupport_introspection_c
-- Found rosidl_adapter: 2.2.3 (/opt/ros/galactic/share/rosidl_adapter/cmake)
-- Using all available rosidl_typesupport_cpp: rosidl_typesupport_fastrtps_cpp;rosidl_typesupport_introspection_cpp
-- Found rmw_implementation_cmake: 3.3.1 (/opt/ros/galactic/share/rmw_implementation_cmake/cmake)
-- Found rmw_cyclonedds_cpp: 0.22.6 (/opt/ros/galactic/share/rmw_cyclonedds_cpp/cmake)
-- Using RMW implementation 'rmw_cyclonedds_cpp' as default
-- Found tutorial_interfaces: 0.0.0 (/home/huang/codes/ROS_Study/install/tutorial_interfaces/share/tutorial_interfaces/cmake)
-- Found OpenCV: /usr/local (found version "4.5.4") 
-- Found ament_lint_auto: 0.10.7 (/opt/ros/galactic/share/ament_lint_auto/cmake)
-- Added test 'copyright' to check source files copyright and LICENSE
-- Added test 'cppcheck' to perform static code analysis on C / C++ code
-- Configured cppcheck include dirs: 
-- Configured cppcheck exclude dirs and/or files: 
-- Added test 'cpplint' to check C / C++ code against the Google style
-- Configured cpplint exclude dirs and/or files: 
-- Added test 'lint_cmake' to check CMake code style
-- Added test 'uncrustify' to check C / C++ code style
-- Configured uncrustify additional arguments: 
-- Added test 'xmllint' to check XML markup files
-- Configuring done
-- Generating done
-- Build files have been written to: /home/huang/codes/ROS_Study/build/ros_pub_sub_cv
[35m[1mScanning dependencies of target sub_node[0m
[35m[1mScanning dependencies of target pub_node[0m
[ 25%] [32mBuilding CXX object CMakeFiles/pub_node.dir/src/pub.cpp.o[0m
[ 50%] [32mBuilding CXX object CMakeFiles/sub_node.dir/src/sub.cpp.o[0m
[01m[K/home/huang/codes/ROS_Study/src/ros_pub_sub_cv/src/pub.cpp:[m[K In constructor ‘[01m[KMinimalPublisher::MinimalPublisher()[m[K’:
[01m[K/home/huang/codes/ROS_Study/src/ros_pub_sub_cv/src/pub.cpp:17:17:[m[K [01;31m[Kerror: [m[Kreturning a value from a constructor
   17 |         return -[01;31m[K1[m[K;
      |                 [01;31m[K^[m[K
[01m[K/home/huang/codes/ROS_Study/src/ros_pub_sub_cv/src/pub.cpp:19:24:[m[K [01;31m[Kerror: [m[K‘[01m[Kframe[m[K’ was not declared in this scope
   19 |     while(capture.read([01;31m[Kframe[m[K))
      |                        [01;31m[K^~~~~[m[K
[01m[K/home/huang/codes/ROS_Study/src/ros_pub_sub_cv/src/sub.cpp:[m[K In member function ‘[01m[Kvoid MinimalSubscriber::topic_callback(const Picture&) const[m[K’:
[01m[K/home/huang/codes/ROS_Study/src/ros_pub_sub_cv/src/sub.cpp:21:28:[m[K [01;31m[Kerror: [m[Kno matching function for call to ‘[01m[Kimshow(const char [6], const Picture&)[m[K’
   21 |     cv::imshow("video", msg[01;31m[K)[m[K;
      |                            [01;31m[K^[m[K
In file included from [01m[K/usr/local/include/opencv4/opencv2/opencv.hpp:68[m[K,
                 from [01m[K/home/huang/codes/ROS_Study/src/ros_pub_sub_cv/src/sub.cpp:3[m[K:
[01m[K/usr/local/include/opencv4/opencv2/highgui.hpp:416:19:[m[K [01;36m[Knote: [m[Kcandidate: ‘[01m[Kvoid cv::imshow(const String&, cv::InputArray)[m[K’
  416 | CV_EXPORTS_W void [01;36m[Kimshow[m[K(const String& winname, InputArray mat);
      |                   [01;36m[K^~~~~~[m[K
[01m[K/usr/local/include/opencv4/opencv2/highgui.hpp:416:60:[m[K [01;36m[Knote: [m[K  no known conversion for argument 2 from ‘[01m[Kconst Picture[m[K’ {aka ‘[01m[Kconst tutorial_interfaces::msg::Picture_<std::allocator<void> >[m[K’} to ‘[01m[Kcv::InputArray[m[K’ {aka ‘[01m[Kconst cv::_InputArray&[m[K’}
  416 | CV_EXPORTS_W void imshow(const String& winname, [01;36m[KInputArray mat[m[K);
      |                                                 [01;36m[K~~~~~~~~~~~^~~[m[K
[01m[K/usr/local/include/opencv4/opencv2/highgui.hpp:651:17:[m[K [01;36m[Knote: [m[Kcandidate: ‘[01m[Kvoid cv::imshow(const String&, const cv::ogl::Texture2D&)[m[K’
  651 | CV_EXPORTS void [01;36m[Kimshow[m[K(const String& winname, const ogl::Texture2D& tex);
      |                 [01;36m[K^~~~~~[m[K
[01m[K/usr/local/include/opencv4/opencv2/highgui.hpp:651:69:[m[K [01;36m[Knote: [m[K  no known conversion for argument 2 from ‘[01m[Kconst Picture[m[K’ {aka ‘[01m[Kconst tutorial_interfaces::msg::Picture_<std::allocator<void> >[m[K’} to ‘[01m[Kconst cv::ogl::Texture2D&[m[K’
  651 | CV_EXPORTS void imshow(const String& winname, [01;36m[Kconst ogl::Texture2D& tex[m[K);
      |                                               [01;36m[K~~~~~~~~~~~~~~~~~~~~~~^~~[m[K
[01m[K/home/huang/codes/ROS_Study/src/ros_pub_sub_cv/src/sub.cpp:23:9:[m[K [01;31m[Kerror: [m[Kbreak statement not within loop or switch
   23 |         [01;31m[Kbreak[m[K;
      |         [01;31m[K^~~~~[m[K
[01m[K/home/huang/codes/ROS_Study/src/ros_pub_sub_cv/src/pub.cpp:[m[K In member function ‘[01m[Kvoid MinimalPublisher::timer_callback()[m[K’:
[01m[K/home/huang/codes/ROS_Study/src/ros_pub_sub_cv/src/pub.cpp:31:21:[m[K [01;31m[Kerror: [m[Kno match for ‘[01m[Koperator=[m[K’ (operand types are ‘[01m[Ktutorial_interfaces::msg::Picture_<std::allocator<void> >::_image_type[m[K’ {aka ‘[01m[Ksensor_msgs::msg::Image_<std::allocator<void> >[m[K’} and ‘[01m[Kcv::Mat[m[K’)
   31 |     message.image = [01;31m[Kimg[m[K                                                // CHANGE
      |                     [01;31m[K^~~[m[K
In file included from [01m[K/home/huang/codes/ROS_Study/install/tutorial_interfaces/include/tutorial_interfaces/msg/detail/picture__struct.hpp:19[m[K,
                 from [01m[K/home/huang/codes/ROS_Study/install/tutorial_interfaces/include/tutorial_interfaces/msg/picture.hpp:7[m[K,
                 from [01m[K/home/huang/codes/ROS_Study/src/ros_pub_sub_cv/src/pub.cpp:5[m[K:
[01m[K/opt/ros/galactic/include/sensor_msgs/msg/detail/image__struct.hpp:35:8:[m[K [01;36m[Knote: [m[Kcandidate: ‘[01m[Ksensor_msgs::msg::Image_<std::allocator<void> >& sensor_msgs::msg::Image_<std::allocator<void> >::operator=(const sensor_msgs::msg::Image_<std::allocator<void> >&)[m[K’
   35 | struct [01;36m[KImage_[m[K
      |        [01;36m[K^~~~~~[m[K
[01m[K/opt/ros/galactic/include/sensor_msgs/msg/detail/image__struct.hpp:35:8:[m[K [01;36m[Knote: [m[K  no known conversion for argument 1 from ‘[01m[Kcv::Mat[m[K’ to ‘[01m[Kconst sensor_msgs::msg::Image_<std::allocator<void> >&[m[K’
[01m[K/opt/ros/galactic/include/sensor_msgs/msg/detail/image__struct.hpp:35:8:[m[K [01;36m[Knote: [m[Kcandidate: ‘[01m[Ksensor_msgs::msg::Image_<std::allocator<void> >& sensor_msgs::msg::Image_<std::allocator<void> >::operator=(sensor_msgs::msg::Image_<std::allocator<void> >&&)[m[K’
[01m[K/opt/ros/galactic/include/sensor_msgs/msg/detail/image__struct.hpp:35:8:[m[K [01;36m[Knote: [m[K  no known conversion for argument 1 from ‘[01m[Kcv::Mat[m[K’ to ‘[01m[Ksensor_msgs::msg::Image_<std::allocator<void> >&&[m[K’
make[2]: *** [CMakeFiles/pub_node.dir/build.make:63：CMakeFiles/pub_node.dir/src/pub.cpp.o] 错误 1
make[1]: *** [CMakeFiles/Makefile2:107：CMakeFiles/pub_node.dir/all] 错误 2
make[1]: *** 正在等待未完成的任务....
make[2]: *** [CMakeFiles/sub_node.dir/build.make:63：CMakeFiles/sub_node.dir/src/sub.cpp.o] 错误 1
make[1]: *** [CMakeFiles/Makefile2:80：CMakeFiles/sub_node.dir/all] 错误 2
make: *** [Makefile:141：all] 错误 2
