[0.041s] Invoking command in '/home/huang/codes/ROS_Study/build/ros_pub_sub_cv': CMAKE_PREFIX_PATH=/home/huang/codes/ROS_Study/install/tutorial_interfaces:/home/huang/codes/ROS_Study/install/village_wang:/home/huang/codes/ROS_Study/install/village_li:/home/huang/codes/ROS_Study/install/village_interfaces:/home/huang/codes/ROS_Study/install/ros_pub_sub_cv:/home/huang/codes/ROS_Study/install/ros_pub_sub:/opt/ros/galactic LD_LIBRARY_PATH=/home/huang/codes/ROS_Study/install/tutorial_interfaces/lib:/home/huang/codes/ROS_Study/install/village_interfaces/lib:/opt/ros/galactic/opt/yaml_cpp_vendor/lib:/opt/ros/galactic/opt/rviz_ogre_vendor/lib:/opt/ros/galactic/lib/x86_64-linux-gnu:/opt/ros/galactic/lib PYTHONPATH=/home/huang/codes/ROS_Study/install/tutorial_interfaces/lib/python3.8/site-packages:/home/huang/codes/ROS_Study/install/village_interfaces/lib/python3.8/site-packages:/opt/ros/galactic/lib/python3.8/site-packages /usr/bin/cmake --build /home/huang/codes/ROS_Study/build/ros_pub_sub_cv -- -j8 -l8
[0.130s] [35m[1mScanning dependencies of target sub_node[0m
[0.181s] [ 50%] Built target pub_node
[0.221s] [ 75%] [32mBuilding CXX object CMakeFiles/sub_node.dir/src/sub.cpp.o[0m
[12.851s] [100%] [32m[1mLinking CXX executable sub_node[0m
[14.781s] /usr/bin/ld: warning: libopencv_imgproc.so.4.2, needed by /opt/ros/galactic/lib/libcv_bridge.so, may conflict with libopencv_imgproc.so.4.5
[14.781s] /usr/bin/ld: warning: libopencv_core.so.4.2, needed by /opt/ros/galactic/lib/libcv_bridge.so, may conflict with libopencv_core.so.4.5
[14.803s] [100%] Built target sub_node
[14.830s] Invoked command in '/home/huang/codes/ROS_Study/build/ros_pub_sub_cv' returned '0': CMAKE_PREFIX_PATH=/home/huang/codes/ROS_Study/install/tutorial_interfaces:/home/huang/codes/ROS_Study/install/village_wang:/home/huang/codes/ROS_Study/install/village_li:/home/huang/codes/ROS_Study/install/village_interfaces:/home/huang/codes/ROS_Study/install/ros_pub_sub_cv:/home/huang/codes/ROS_Study/install/ros_pub_sub:/opt/ros/galactic LD_LIBRARY_PATH=/home/huang/codes/ROS_Study/install/tutorial_interfaces/lib:/home/huang/codes/ROS_Study/install/village_interfaces/lib:/opt/ros/galactic/opt/yaml_cpp_vendor/lib:/opt/ros/galactic/opt/rviz_ogre_vendor/lib:/opt/ros/galactic/lib/x86_64-linux-gnu:/opt/ros/galactic/lib PYTHONPATH=/home/huang/codes/ROS_Study/install/tutorial_interfaces/lib/python3.8/site-packages:/home/huang/codes/ROS_Study/install/village_interfaces/lib/python3.8/site-packages:/opt/ros/galactic/lib/python3.8/site-packages /usr/bin/cmake --build /home/huang/codes/ROS_Study/build/ros_pub_sub_cv -- -j8 -l8
[14.870s] Invoking command in '/home/huang/codes/ROS_Study/build/ros_pub_sub_cv': CMAKE_PREFIX_PATH=/home/huang/codes/ROS_Study/install/tutorial_interfaces:/home/huang/codes/ROS_Study/install/village_wang:/home/huang/codes/ROS_Study/install/village_li:/home/huang/codes/ROS_Study/install/village_interfaces:/home/huang/codes/ROS_Study/install/ros_pub_sub_cv:/home/huang/codes/ROS_Study/install/ros_pub_sub:/opt/ros/galactic LD_LIBRARY_PATH=/home/huang/codes/ROS_Study/install/tutorial_interfaces/lib:/home/huang/codes/ROS_Study/install/village_interfaces/lib:/opt/ros/galactic/opt/yaml_cpp_vendor/lib:/opt/ros/galactic/opt/rviz_ogre_vendor/lib:/opt/ros/galactic/lib/x86_64-linux-gnu:/opt/ros/galactic/lib PYTHONPATH=/home/huang/codes/ROS_Study/install/tutorial_interfaces/lib/python3.8/site-packages:/home/huang/codes/ROS_Study/install/village_interfaces/lib/python3.8/site-packages:/opt/ros/galactic/lib/python3.8/site-packages /usr/bin/cmake --install /home/huang/codes/ROS_Study/build/ros_pub_sub_cv
[14.879s] -- Install configuration: ""
[14.879s] -- Up-to-date: /home/huang/codes/ROS_Study/install/ros_pub_sub_cv/lib/ros_pub_sub_cv/pub_node
[14.879s] -- Installing: /home/huang/codes/ROS_Study/install/ros_pub_sub_cv/lib/ros_pub_sub_cv/sub_node
[14.882s] -- Set runtime path of "/home/huang/codes/ROS_Study/install/ros_pub_sub_cv/lib/ros_pub_sub_cv/sub_node" to ""
[14.882s] -- Up-to-date: /home/huang/codes/ROS_Study/install/ros_pub_sub_cv/share/ament_index/resource_index/package_run_dependencies/ros_pub_sub_cv
[14.882s] -- Up-to-date: /home/huang/codes/ROS_Study/install/ros_pub_sub_cv/share/ament_index/resource_index/parent_prefix_path/ros_pub_sub_cv
[14.882s] -- Up-to-date: /home/huang/codes/ROS_Study/install/ros_pub_sub_cv/share/ros_pub_sub_cv/environment/ament_prefix_path.sh
[14.882s] -- Up-to-date: /home/huang/codes/ROS_Study/install/ros_pub_sub_cv/share/ros_pub_sub_cv/environment/ament_prefix_path.dsv
[14.882s] -- Up-to-date: /home/huang/codes/ROS_Study/install/ros_pub_sub_cv/share/ros_pub_sub_cv/environment/path.sh
[14.882s] -- Up-to-date: /home/huang/codes/ROS_Study/install/ros_pub_sub_cv/share/ros_pub_sub_cv/environment/path.dsv
[14.882s] -- Up-to-date: /home/huang/codes/ROS_Study/install/ros_pub_sub_cv/share/ros_pub_sub_cv/local_setup.bash
[14.883s] -- Up-to-date: /home/huang/codes/ROS_Study/install/ros_pub_sub_cv/share/ros_pub_sub_cv/local_setup.sh
[14.883s] -- Up-to-date: /home/huang/codes/ROS_Study/install/ros_pub_sub_cv/share/ros_pub_sub_cv/local_setup.zsh
[14.883s] -- Up-to-date: /home/huang/codes/ROS_Study/install/ros_pub_sub_cv/share/ros_pub_sub_cv/local_setup.dsv
[14.883s] -- Installing: /home/huang/codes/ROS_Study/install/ros_pub_sub_cv/share/ros_pub_sub_cv/package.dsv
[14.883s] -- Up-to-date: /home/huang/codes/ROS_Study/install/ros_pub_sub_cv/share/ament_index/resource_index/packages/ros_pub_sub_cv
[14.883s] -- Up-to-date: /home/huang/codes/ROS_Study/install/ros_pub_sub_cv/share/ros_pub_sub_cv/cmake/ros_pub_sub_cvConfig.cmake
[14.883s] -- Up-to-date: /home/huang/codes/ROS_Study/install/ros_pub_sub_cv/share/ros_pub_sub_cv/cmake/ros_pub_sub_cvConfig-version.cmake
[14.883s] -- Up-to-date: /home/huang/codes/ROS_Study/install/ros_pub_sub_cv/share/ros_pub_sub_cv/package.xml
[14.887s] Invoked command in '/home/huang/codes/ROS_Study/build/ros_pub_sub_cv' returned '0': CMAKE_PREFIX_PATH=/home/huang/codes/ROS_Study/install/tutorial_interfaces:/home/huang/codes/ROS_Study/install/village_wang:/home/huang/codes/ROS_Study/install/village_li:/home/huang/codes/ROS_Study/install/village_interfaces:/home/huang/codes/ROS_Study/install/ros_pub_sub_cv:/home/huang/codes/ROS_Study/install/ros_pub_sub:/opt/ros/galactic LD_LIBRARY_PATH=/home/huang/codes/ROS_Study/install/tutorial_interfaces/lib:/home/huang/codes/ROS_Study/install/village_interfaces/lib:/opt/ros/galactic/opt/yaml_cpp_vendor/lib:/opt/ros/galactic/opt/rviz_ogre_vendor/lib:/opt/ros/galactic/lib/x86_64-linux-gnu:/opt/ros/galactic/lib PYTHONPATH=/home/huang/codes/ROS_Study/install/tutorial_interfaces/lib/python3.8/site-packages:/home/huang/codes/ROS_Study/install/village_interfaces/lib/python3.8/site-packages:/opt/ros/galactic/lib/python3.8/site-packages /usr/bin/cmake --install /home/huang/codes/ROS_Study/build/ros_pub_sub_cv
