[35m[1mScanning dependencies of target service_node[0m
[ 50%] Built target client_node
[ 75%] [32mBuilding CXX object CMakeFiles/service_node.dir/src/service_test.cpp.o[0m
[100%] [32m[1mLinking CXX executable service_node[0m
[100%] Built target service_node
-- Install configuration: ""
-- Installing: /home/huang/codes/ROS_Study/install/ros_service/lib/ros_service/service_node
-- Set runtime path of "/home/huang/codes/ROS_Study/install/ros_service/lib/ros_service/service_node" to ""
-- Up-to-date: /home/huang/codes/ROS_Study/install/ros_service/lib/ros_service/client_node
-- Up-to-date: /home/huang/codes/ROS_Study/install/ros_service/share/ament_index/resource_index/package_run_dependencies/ros_service
-- Up-to-date: /home/huang/codes/ROS_Study/install/ros_service/share/ament_index/resource_index/parent_prefix_path/ros_service
-- Up-to-date: /home/huang/codes/ROS_Study/install/ros_service/share/ros_service/environment/ament_prefix_path.sh
-- Up-to-date: /home/huang/codes/ROS_Study/install/ros_service/share/ros_service/environment/ament_prefix_path.dsv
-- Up-to-date: /home/huang/codes/ROS_Study/install/ros_service/share/ros_service/environment/path.sh
-- Up-to-date: /home/huang/codes/ROS_Study/install/ros_service/share/ros_service/environment/path.dsv
-- Up-to-date: /home/huang/codes/ROS_Study/install/ros_service/share/ros_service/local_setup.bash
-- Up-to-date: /home/huang/codes/ROS_Study/install/ros_service/share/ros_service/local_setup.sh
-- Up-to-date: /home/huang/codes/ROS_Study/install/ros_service/share/ros_service/local_setup.zsh
-- Up-to-date: /home/huang/codes/ROS_Study/install/ros_service/share/ros_service/local_setup.dsv
-- Installing: /home/huang/codes/ROS_Study/install/ros_service/share/ros_service/package.dsv
-- Up-to-date: /home/huang/codes/ROS_Study/install/ros_service/share/ament_index/resource_index/packages/ros_service
-- Up-to-date: /home/huang/codes/ROS_Study/install/ros_service/share/ros_service/cmake/ros_serviceConfig.cmake
-- Up-to-date: /home/huang/codes/ROS_Study/install/ros_service/share/ros_service/cmake/ros_serviceConfig-version.cmake
-- Up-to-date: /home/huang/codes/ROS_Study/install/ros_service/share/ros_service/package.xml
