[0.078s] Invoking command in '/home/huang/codes/ROS_Study/build/village_interfaces': CMAKE_PREFIX_PATH=${CMAKE_PREFIX_PATH}:/opt/ros/galactic /usr/bin/cmake --build /home/huang/codes/ROS_Study/build/village_interfaces -- -j8 -l8
[0.161s] [  3%] Built target village_interfaces__cpp
[0.161s] [ 12%] Built target village_interfaces__rosidl_generator_c
[0.228s] [ 22%] Built target village_interfaces__rosidl_typesupport_introspection_c
[0.230s] [ 32%] Built target village_interfaces__rosidl_typesupport_c
[0.240s] [ 41%] Built target village_interfaces__rosidl_typesupport_introspection_cpp
[0.247s] [ 51%] Built target village_interfaces__rosidl_typesupport_fastrtps_cpp
[0.247s] [ 61%] Built target village_interfaces__rosidl_typesupport_cpp
[0.281s] [ 70%] Built target village_interfaces__rosidl_typesupport_fastrtps_c
[0.317s] [ 70%] Built target village_interfaces
[0.342s] [ 74%] Built target village_interfaces__py
[0.376s] [ 80%] Built target village_interfaces__python
[0.435s] [ 87%] Built target village_interfaces__rosidl_typesupport_introspection_c__pyext
[0.438s] [ 93%] Built target village_interfaces__rosidl_typesupport_fastrtps_c__pyext
[0.441s] [100%] Built target village_interfaces__rosidl_typesupport_c__pyext
[0.458s] Invoked command in '/home/huang/codes/ROS_Study/build/village_interfaces' returned '0': CMAKE_PREFIX_PATH=${CMAKE_PREFIX_PATH}:/opt/ros/galactic /usr/bin/cmake --build /home/huang/codes/ROS_Study/build/village_interfaces -- -j8 -l8
[0.570s] Invoking command in '/home/huang/codes/ROS_Study/build/village_interfaces': CMAKE_PREFIX_PATH=${CMAKE_PREFIX_PATH}:/opt/ros/galactic /usr/bin/cmake --install /home/huang/codes/ROS_Study/build/village_interfaces
[0.592s] -- Install configuration: ""
[0.593s] -- Up-to-date: /home/huang/codes/ROS_Study/install/village_interfaces/share/ament_index/resource_index/rosidl_interfaces/village_interfaces
[0.593s] -- Up-to-date: /home/huang/codes/ROS_Study/install/village_interfaces/include/village_interfaces
[0.593s] -- Up-to-date: /home/huang/codes/ROS_Study/install/village_interfaces/include/village_interfaces/msg
[0.593s] -- Up-to-date: /home/huang/codes/ROS_Study/install/village_interfaces/include/village_interfaces/msg/book.h
[0.594s] -- Up-to-date: /home/huang/codes/ROS_Study/install/village_interfaces/include/village_interfaces/msg/rosidl_generator_c__visibility_control.h
[0.594s] -- Up-to-date: /home/huang/codes/ROS_Study/install/village_interfaces/include/village_interfaces/msg/detail
[0.594s] -- Up-to-date: /home/huang/codes/ROS_Study/install/village_interfaces/include/village_interfaces/msg/detail/book__functions.c
[0.594s] -- Up-to-date: /home/huang/codes/ROS_Study/install/village_interfaces/include/village_interfaces/msg/detail/book__type_support.h
[0.594s] -- Up-to-date: /home/huang/codes/ROS_Study/install/village_interfaces/include/village_interfaces/msg/detail/book__functions.h
[0.594s] -- Up-to-date: /home/huang/codes/ROS_Study/install/village_interfaces/include/village_interfaces/msg/detail/book__struct.h
[0.594s] -- Up-to-date: /home/huang/codes/ROS_Study/install/village_interfaces/share/village_interfaces/environment/library_path.sh
[0.594s] -- Up-to-date: /home/huang/codes/ROS_Study/install/village_interfaces/share/village_interfaces/environment/library_path.dsv
[0.594s] -- Up-to-date: /home/huang/codes/ROS_Study/install/village_interfaces/lib/libvillage_interfaces__rosidl_generator_c.so
[0.595s] -- Up-to-date: /home/huang/codes/ROS_Study/install/village_interfaces/include/village_interfaces
[0.595s] -- Up-to-date: /home/huang/codes/ROS_Study/install/village_interfaces/include/village_interfaces/msg
[0.595s] -- Up-to-date: /home/huang/codes/ROS_Study/install/village_interfaces/include/village_interfaces/msg/detail
[0.595s] -- Up-to-date: /home/huang/codes/ROS_Study/install/village_interfaces/include/village_interfaces/msg/detail/book__rosidl_typesupport_fastrtps_c.h
[0.595s] -- Up-to-date: /home/huang/codes/ROS_Study/install/village_interfaces/include/village_interfaces/msg/rosidl_typesupport_fastrtps_c__visibility_control.h
[0.596s] -- Up-to-date: /home/huang/codes/ROS_Study/install/village_interfaces/lib/libvillage_interfaces__rosidl_typesupport_fastrtps_c.so
[0.597s] -- Up-to-date: /home/huang/codes/ROS_Study/install/village_interfaces/include/village_interfaces
[0.597s] -- Up-to-date: /home/huang/codes/ROS_Study/install/village_interfaces/include/village_interfaces/msg
[0.597s] -- Up-to-date: /home/huang/codes/ROS_Study/install/village_interfaces/include/village_interfaces/msg/rosidl_typesupport_fastrtps_cpp__visibility_control.h
[0.597s] -- Up-to-date: /home/huang/codes/ROS_Study/install/village_interfaces/include/village_interfaces/msg/detail
[0.598s] -- Up-to-date: /home/huang/codes/ROS_Study/install/village_interfaces/include/village_interfaces/msg/detail/dds_fastrtps
[0.598s] -- Up-to-date: /home/huang/codes/ROS_Study/install/village_interfaces/include/village_interfaces/msg/detail/book__rosidl_typesupport_fastrtps_cpp.hpp
[0.598s] -- Up-to-date: /home/huang/codes/ROS_Study/install/village_interfaces/lib/libvillage_interfaces__rosidl_typesupport_fastrtps_cpp.so
[0.598s] -- Up-to-date: /home/huang/codes/ROS_Study/install/village_interfaces/include/village_interfaces
[0.599s] -- Up-to-date: /home/huang/codes/ROS_Study/install/village_interfaces/include/village_interfaces/msg
[0.599s] -- Up-to-date: /home/huang/codes/ROS_Study/install/village_interfaces/include/village_interfaces/msg/rosidl_typesupport_introspection_c__visibility_control.h
[0.599s] -- Up-to-date: /home/huang/codes/ROS_Study/install/village_interfaces/include/village_interfaces/msg/detail
[0.600s] -- Up-to-date: /home/huang/codes/ROS_Study/install/village_interfaces/include/village_interfaces/msg/detail/book__rosidl_typesupport_introspection_c.h
[0.600s] -- Up-to-date: /home/huang/codes/ROS_Study/install/village_interfaces/include/village_interfaces/msg/detail/book__type_support.c
[0.600s] -- Up-to-date: /home/huang/codes/ROS_Study/install/village_interfaces/lib/libvillage_interfaces__rosidl_typesupport_introspection_c.so
[0.600s] -- Up-to-date: /home/huang/codes/ROS_Study/install/village_interfaces/lib/libvillage_interfaces__rosidl_typesupport_c.so
[0.600s] -- Up-to-date: /home/huang/codes/ROS_Study/install/village_interfaces/include/village_interfaces
[0.600s] -- Up-to-date: /home/huang/codes/ROS_Study/install/village_interfaces/include/village_interfaces/msg
[0.600s] -- Up-to-date: /home/huang/codes/ROS_Study/install/village_interfaces/include/village_interfaces/msg/book.hpp
[0.601s] -- Up-to-date: /home/huang/codes/ROS_Study/install/village_interfaces/include/village_interfaces/msg/detail
[0.601s] -- Up-to-date: /home/huang/codes/ROS_Study/install/village_interfaces/include/village_interfaces/msg/detail/book__struct.hpp
[0.601s] -- Up-to-date: /home/huang/codes/ROS_Study/install/village_interfaces/include/village_interfaces/msg/detail/book__traits.hpp
[0.602s] -- Up-to-date: /home/huang/codes/ROS_Study/install/village_interfaces/include/village_interfaces/msg/detail/book__builder.hpp
[0.602s] -- Up-to-date: /home/huang/codes/ROS_Study/install/village_interfaces/include/village_interfaces
[0.602s] -- Up-to-date: /home/huang/codes/ROS_Study/install/village_interfaces/include/village_interfaces/msg
[0.602s] -- Up-to-date: /home/huang/codes/ROS_Study/install/village_interfaces/include/village_interfaces/msg/detail
[0.602s] -- Up-to-date: /home/huang/codes/ROS_Study/install/village_interfaces/include/village_interfaces/msg/detail/book__rosidl_typesupport_introspection_cpp.hpp
[0.602s] -- Up-to-date: /home/huang/codes/ROS_Study/install/village_interfaces/include/village_interfaces/msg/detail/book__type_support.cpp
[0.602s] -- Up-to-date: /home/huang/codes/ROS_Study/install/village_interfaces/lib/libvillage_interfaces__rosidl_typesupport_introspection_cpp.so
[0.603s] -- Up-to-date: /home/huang/codes/ROS_Study/install/village_interfaces/lib/libvillage_interfaces__rosidl_typesupport_cpp.so
[0.603s] -- Up-to-date: /home/huang/codes/ROS_Study/install/village_interfaces/share/village_interfaces/environment/pythonpath.sh
[0.603s] -- Up-to-date: /home/huang/codes/ROS_Study/install/village_interfaces/share/village_interfaces/environment/pythonpath.dsv
[0.603s] -- Up-to-date: /home/huang/codes/ROS_Study/install/village_interfaces/lib/python3.8/site-packages/village_interfaces/__init__.py
[0.662s] -- Up-to-date: /home/huang/codes/ROS_Study/install/village_interfaces/lib/python3.8/site-packages/village_interfaces/msg
[0.663s] -- Up-to-date: /home/huang/codes/ROS_Study/install/village_interfaces/lib/python3.8/site-packages/village_interfaces/msg/_book_s.c
[0.663s] -- Up-to-date: /home/huang/codes/ROS_Study/install/village_interfaces/lib/python3.8/site-packages/village_interfaces/msg/__init__.py
[0.663s] -- Up-to-date: /home/huang/codes/ROS_Study/install/village_interfaces/lib/python3.8/site-packages/village_interfaces/msg/_book.py
[0.663s] -- Up-to-date: /home/huang/codes/ROS_Study/install/village_interfaces/lib/python3.8/site-packages/village_interfaces/village_interfaces_s__rosidl_typesupport_fastrtps_c.cpython-38-x86_64-linux-gnu.so
[0.663s] -- Up-to-date: /home/huang/codes/ROS_Study/install/village_interfaces/lib/python3.8/site-packages/village_interfaces/village_interfaces_s__rosidl_typesupport_introspection_c.cpython-38-x86_64-linux-gnu.so
[0.663s] -- Up-to-date: /home/huang/codes/ROS_Study/install/village_interfaces/lib/python3.8/site-packages/village_interfaces/village_interfaces_s__rosidl_typesupport_c.cpython-38-x86_64-linux-gnu.so
[0.663s] -- Up-to-date: /home/huang/codes/ROS_Study/install/village_interfaces/lib/libvillage_interfaces__python.so
[0.663s] -- Up-to-date: /home/huang/codes/ROS_Study/install/village_interfaces/share/village_interfaces/msg/Book.idl
[0.663s] -- Up-to-date: /home/huang/codes/ROS_Study/install/village_interfaces/share/village_interfaces/msg/Book.msg
[0.663s] -- Up-to-date: /home/huang/codes/ROS_Study/install/village_interfaces/share/ament_index/resource_index/package_run_dependencies/village_interfaces
[0.664s] -- Up-to-date: /home/huang/codes/ROS_Study/install/village_interfaces/share/ament_index/resource_index/parent_prefix_path/village_interfaces
[0.664s] -- Up-to-date: /home/huang/codes/ROS_Study/install/village_interfaces/share/village_interfaces/environment/ament_prefix_path.sh
[0.664s] -- Up-to-date: /home/huang/codes/ROS_Study/install/village_interfaces/share/village_interfaces/environment/ament_prefix_path.dsv
[0.664s] -- Up-to-date: /home/huang/codes/ROS_Study/install/village_interfaces/share/village_interfaces/environment/path.sh
[0.664s] -- Up-to-date: /home/huang/codes/ROS_Study/install/village_interfaces/share/village_interfaces/environment/path.dsv
[0.664s] -- Up-to-date: /home/huang/codes/ROS_Study/install/village_interfaces/share/village_interfaces/local_setup.bash
[0.664s] -- Up-to-date: /home/huang/codes/ROS_Study/install/village_interfaces/share/village_interfaces/local_setup.sh
[0.664s] -- Up-to-date: /home/huang/codes/ROS_Study/install/village_interfaces/share/village_interfaces/local_setup.zsh
[0.664s] -- Up-to-date: /home/huang/codes/ROS_Study/install/village_interfaces/share/village_interfaces/local_setup.dsv
[0.664s] -- Installing: /home/huang/codes/ROS_Study/install/village_interfaces/share/village_interfaces/package.dsv
[0.664s] -- Up-to-date: /home/huang/codes/ROS_Study/install/village_interfaces/share/ament_index/resource_index/packages/village_interfaces
[0.664s] -- Up-to-date: /home/huang/codes/ROS_Study/install/village_interfaces/share/village_interfaces/cmake/village_interfaces__rosidl_generator_cExport.cmake
[0.664s] -- Up-to-date: /home/huang/codes/ROS_Study/install/village_interfaces/share/village_interfaces/cmake/village_interfaces__rosidl_generator_cExport-noconfig.cmake
[0.665s] -- Up-to-date: /home/huang/codes/ROS_Study/install/village_interfaces/share/village_interfaces/cmake/village_interfaces__rosidl_typesupport_introspection_cExport.cmake
[0.665s] -- Up-to-date: /home/huang/codes/ROS_Study/install/village_interfaces/share/village_interfaces/cmake/village_interfaces__rosidl_typesupport_introspection_cExport-noconfig.cmake
[0.665s] -- Up-to-date: /home/huang/codes/ROS_Study/install/village_interfaces/share/village_interfaces/cmake/village_interfaces__rosidl_typesupport_cExport.cmake
[0.665s] -- Up-to-date: /home/huang/codes/ROS_Study/install/village_interfaces/share/village_interfaces/cmake/village_interfaces__rosidl_typesupport_cExport-noconfig.cmake
[0.665s] -- Up-to-date: /home/huang/codes/ROS_Study/install/village_interfaces/share/village_interfaces/cmake/village_interfaces__rosidl_generator_cppExport.cmake
[0.665s] -- Up-to-date: /home/huang/codes/ROS_Study/install/village_interfaces/share/village_interfaces/cmake/village_interfaces__rosidl_typesupport_introspection_cppExport.cmake
[0.665s] -- Up-to-date: /home/huang/codes/ROS_Study/install/village_interfaces/share/village_interfaces/cmake/village_interfaces__rosidl_typesupport_introspection_cppExport-noconfig.cmake
[0.665s] -- Up-to-date: /home/huang/codes/ROS_Study/install/village_interfaces/share/village_interfaces/cmake/village_interfaces__rosidl_typesupport_cppExport.cmake
[0.665s] -- Up-to-date: /home/huang/codes/ROS_Study/install/village_interfaces/share/village_interfaces/cmake/village_interfaces__rosidl_typesupport_cppExport-noconfig.cmake
[0.665s] -- Up-to-date: /home/huang/codes/ROS_Study/install/village_interfaces/share/village_interfaces/cmake/rosidl_cmake-extras.cmake
[0.665s] -- Up-to-date: /home/huang/codes/ROS_Study/install/village_interfaces/share/village_interfaces/cmake/ament_cmake_export_dependencies-extras.cmake
[0.665s] -- Up-to-date: /home/huang/codes/ROS_Study/install/village_interfaces/share/village_interfaces/cmake/ament_cmake_export_libraries-extras.cmake
[0.666s] -- Up-to-date: /home/huang/codes/ROS_Study/install/village_interfaces/share/village_interfaces/cmake/ament_cmake_export_targets-extras.cmake
[0.666s] -- Up-to-date: /home/huang/codes/ROS_Study/install/village_interfaces/share/village_interfaces/cmake/ament_cmake_export_include_directories-extras.cmake
[0.666s] -- Up-to-date: /home/huang/codes/ROS_Study/install/village_interfaces/share/village_interfaces/cmake/rosidl_cmake_export_typesupport_libraries-extras.cmake
[0.666s] -- Up-to-date: /home/huang/codes/ROS_Study/install/village_interfaces/share/village_interfaces/cmake/rosidl_cmake_export_typesupport_targets-extras.cmake
[0.666s] -- Up-to-date: /home/huang/codes/ROS_Study/install/village_interfaces/share/village_interfaces/cmake/village_interfacesConfig.cmake
[0.666s] -- Up-to-date: /home/huang/codes/ROS_Study/install/village_interfaces/share/village_interfaces/cmake/village_interfacesConfig-version.cmake
[0.666s] -- Up-to-date: /home/huang/codes/ROS_Study/install/village_interfaces/share/village_interfaces/package.xml
[0.671s] Invoked command in '/home/huang/codes/ROS_Study/build/village_interfaces' returned '0': CMAKE_PREFIX_PATH=${CMAKE_PREFIX_PATH}:/opt/ros/galactic /usr/bin/cmake --install /home/huang/codes/ROS_Study/build/village_interfaces
