[0.077s] Invoking command in '/home/huang/codes/ROS_Study/build/tutorial_interfaces': CMAKE_PREFIX_PATH=${CMAKE_PREFIX_PATH}:/opt/ros/galactic /usr/bin/cmake --build /home/huang/codes/ROS_Study/build/tutorial_interfaces -- -j8 -l8
[0.184s] [  1%] Built target tutorial_interfaces__cpp
[0.189s] [ 12%] Built target tutorial_interfaces__rosidl_generator_c
[0.244s] [ 23%] Built target tutorial_interfaces__rosidl_typesupport_cpp
[0.258s] [ 34%] Built target tutorial_interfaces__rosidl_typesupport_introspection_cpp
[0.265s] [ 45%] Built target tutorial_interfaces__rosidl_typesupport_introspection_c
[0.265s] [ 56%] Built target tutorial_interfaces__rosidl_typesupport_fastrtps_cpp
[0.278s] [ 67%] Built target tutorial_interfaces__rosidl_typesupport_c
[0.323s] [ 78%] Built target tutorial_interfaces__rosidl_typesupport_fastrtps_c
[0.372s] [ 78%] Built target tutorial_interfaces
[0.397s] [ 80%] Built target tutorial_interfaces__py
[0.468s] [ 89%] Built target tutorial_interfaces__python
[0.575s] [ 92%] Built target tutorial_interfaces__rosidl_typesupport_c__pyext
[0.607s] [100%] Built target tutorial_interfaces__rosidl_typesupport_fastrtps_c__pyext
[0.616s] [100%] Built target tutorial_interfaces__rosidl_typesupport_introspection_c__pyext
[0.658s] Invoked command in '/home/huang/codes/ROS_Study/build/tutorial_interfaces' returned '0': CMAKE_PREFIX_PATH=${CMAKE_PREFIX_PATH}:/opt/ros/galactic /usr/bin/cmake --build /home/huang/codes/ROS_Study/build/tutorial_interfaces -- -j8 -l8
[0.845s] Invoking command in '/home/huang/codes/ROS_Study/build/tutorial_interfaces': CMAKE_PREFIX_PATH=${CMAKE_PREFIX_PATH}:/opt/ros/galactic /usr/bin/cmake --install /home/huang/codes/ROS_Study/build/tutorial_interfaces
[0.858s] -- Install configuration: ""
[0.859s] -- Up-to-date: /home/huang/codes/ROS_Study/install/tutorial_interfaces/share/ament_index/resource_index/rosidl_interfaces/tutorial_interfaces
[0.859s] -- Up-to-date: /home/huang/codes/ROS_Study/install/tutorial_interfaces/include/tutorial_interfaces
[0.860s] -- Up-to-date: /home/huang/codes/ROS_Study/install/tutorial_interfaces/include/tutorial_interfaces/srv
[0.860s] -- Up-to-date: /home/huang/codes/ROS_Study/install/tutorial_interfaces/include/tutorial_interfaces/srv/detail
[0.860s] -- Up-to-date: /home/huang/codes/ROS_Study/install/tutorial_interfaces/include/tutorial_interfaces/srv/detail/add_three_ints__functions.c
[0.860s] -- Up-to-date: /home/huang/codes/ROS_Study/install/tutorial_interfaces/include/tutorial_interfaces/srv/detail/add_three_ints__type_support.h
[0.860s] -- Up-to-date: /home/huang/codes/ROS_Study/install/tutorial_interfaces/include/tutorial_interfaces/srv/detail/add_three_ints__functions.h
[0.860s] -- Up-to-date: /home/huang/codes/ROS_Study/install/tutorial_interfaces/include/tutorial_interfaces/srv/detail/add_three_ints__struct.h
[0.860s] -- Up-to-date: /home/huang/codes/ROS_Study/install/tutorial_interfaces/include/tutorial_interfaces/srv/add_three_ints.h
[0.861s] -- Up-to-date: /home/huang/codes/ROS_Study/install/tutorial_interfaces/include/tutorial_interfaces/msg
[0.861s] -- Up-to-date: /home/huang/codes/ROS_Study/install/tutorial_interfaces/include/tutorial_interfaces/msg/num.h
[0.861s] -- Up-to-date: /home/huang/codes/ROS_Study/install/tutorial_interfaces/include/tutorial_interfaces/msg/picture.h
[0.862s] -- Up-to-date: /home/huang/codes/ROS_Study/install/tutorial_interfaces/include/tutorial_interfaces/msg/rosidl_generator_c__visibility_control.h
[0.862s] -- Up-to-date: /home/huang/codes/ROS_Study/install/tutorial_interfaces/include/tutorial_interfaces/msg/detail
[0.862s] -- Up-to-date: /home/huang/codes/ROS_Study/install/tutorial_interfaces/include/tutorial_interfaces/msg/detail/num__functions.c
[0.862s] -- Up-to-date: /home/huang/codes/ROS_Study/install/tutorial_interfaces/include/tutorial_interfaces/msg/detail/num__functions.h
[0.862s] -- Up-to-date: /home/huang/codes/ROS_Study/install/tutorial_interfaces/include/tutorial_interfaces/msg/detail/sphere__functions.h
[0.863s] -- Up-to-date: /home/huang/codes/ROS_Study/install/tutorial_interfaces/include/tutorial_interfaces/msg/detail/num__type_support.h
[0.864s] -- Up-to-date: /home/huang/codes/ROS_Study/install/tutorial_interfaces/include/tutorial_interfaces/msg/detail/num__struct.h
[0.864s] -- Up-to-date: /home/huang/codes/ROS_Study/install/tutorial_interfaces/include/tutorial_interfaces/msg/detail/picture__functions.h
[0.864s] -- Up-to-date: /home/huang/codes/ROS_Study/install/tutorial_interfaces/include/tutorial_interfaces/msg/detail/sphere__type_support.h
[0.865s] -- Up-to-date: /home/huang/codes/ROS_Study/install/tutorial_interfaces/include/tutorial_interfaces/msg/detail/picture__type_support.h
[0.866s] -- Up-to-date: /home/huang/codes/ROS_Study/install/tutorial_interfaces/include/tutorial_interfaces/msg/detail/sphere__struct.h
[0.866s] -- Up-to-date: /home/huang/codes/ROS_Study/install/tutorial_interfaces/include/tutorial_interfaces/msg/detail/picture__struct.h
[0.867s] -- Up-to-date: /home/huang/codes/ROS_Study/install/tutorial_interfaces/include/tutorial_interfaces/msg/detail/picture__functions.c
[0.867s] -- Up-to-date: /home/huang/codes/ROS_Study/install/tutorial_interfaces/include/tutorial_interfaces/msg/detail/sphere__functions.c
[0.867s] -- Up-to-date: /home/huang/codes/ROS_Study/install/tutorial_interfaces/include/tutorial_interfaces/msg/sphere.h
[0.867s] -- Up-to-date: /home/huang/codes/ROS_Study/install/tutorial_interfaces/share/tutorial_interfaces/environment/library_path.sh
[0.867s] -- Up-to-date: /home/huang/codes/ROS_Study/install/tutorial_interfaces/share/tutorial_interfaces/environment/library_path.dsv
[0.867s] -- Up-to-date: /home/huang/codes/ROS_Study/install/tutorial_interfaces/lib/libtutorial_interfaces__rosidl_generator_c.so
[0.868s] -- Up-to-date: /home/huang/codes/ROS_Study/install/tutorial_interfaces/include/tutorial_interfaces
[0.868s] -- Up-to-date: /home/huang/codes/ROS_Study/install/tutorial_interfaces/include/tutorial_interfaces/srv
[0.868s] -- Up-to-date: /home/huang/codes/ROS_Study/install/tutorial_interfaces/include/tutorial_interfaces/srv/detail
[0.868s] -- Up-to-date: /home/huang/codes/ROS_Study/install/tutorial_interfaces/include/tutorial_interfaces/srv/detail/add_three_ints__rosidl_typesupport_fastrtps_c.h
[0.868s] -- Up-to-date: /home/huang/codes/ROS_Study/install/tutorial_interfaces/include/tutorial_interfaces/msg
[0.869s] -- Up-to-date: /home/huang/codes/ROS_Study/install/tutorial_interfaces/include/tutorial_interfaces/msg/detail
[0.869s] -- Up-to-date: /home/huang/codes/ROS_Study/install/tutorial_interfaces/include/tutorial_interfaces/msg/detail/picture__rosidl_typesupport_fastrtps_c.h
[0.869s] -- Up-to-date: /home/huang/codes/ROS_Study/install/tutorial_interfaces/include/tutorial_interfaces/msg/detail/sphere__rosidl_typesupport_fastrtps_c.h
[0.869s] -- Up-to-date: /home/huang/codes/ROS_Study/install/tutorial_interfaces/include/tutorial_interfaces/msg/detail/num__rosidl_typesupport_fastrtps_c.h
[0.869s] -- Up-to-date: /home/huang/codes/ROS_Study/install/tutorial_interfaces/include/tutorial_interfaces/msg/rosidl_typesupport_fastrtps_c__visibility_control.h
[0.870s] -- Up-to-date: /home/huang/codes/ROS_Study/install/tutorial_interfaces/lib/libtutorial_interfaces__rosidl_typesupport_fastrtps_c.so
[0.870s] -- Up-to-date: /home/huang/codes/ROS_Study/install/tutorial_interfaces/include/tutorial_interfaces
[0.870s] -- Up-to-date: /home/huang/codes/ROS_Study/install/tutorial_interfaces/include/tutorial_interfaces/srv
[0.878s] -- Up-to-date: /home/huang/codes/ROS_Study/install/tutorial_interfaces/include/tutorial_interfaces/srv/detail
[0.878s] -- Up-to-date: /home/huang/codes/ROS_Study/install/tutorial_interfaces/include/tutorial_interfaces/srv/detail/dds_fastrtps
[0.878s] -- Up-to-date: /home/huang/codes/ROS_Study/install/tutorial_interfaces/include/tutorial_interfaces/srv/detail/add_three_ints__rosidl_typesupport_fastrtps_cpp.hpp
[0.878s] -- Up-to-date: /home/huang/codes/ROS_Study/install/tutorial_interfaces/include/tutorial_interfaces/msg
[0.878s] -- Up-to-date: /home/huang/codes/ROS_Study/install/tutorial_interfaces/include/tutorial_interfaces/msg/rosidl_typesupport_fastrtps_cpp__visibility_control.h
[0.878s] -- Up-to-date: /home/huang/codes/ROS_Study/install/tutorial_interfaces/include/tutorial_interfaces/msg/detail
[0.878s] -- Up-to-date: /home/huang/codes/ROS_Study/install/tutorial_interfaces/include/tutorial_interfaces/msg/detail/dds_fastrtps
[0.878s] -- Up-to-date: /home/huang/codes/ROS_Study/install/tutorial_interfaces/include/tutorial_interfaces/msg/detail/sphere__rosidl_typesupport_fastrtps_cpp.hpp
[0.879s] -- Up-to-date: /home/huang/codes/ROS_Study/install/tutorial_interfaces/include/tutorial_interfaces/msg/detail/picture__rosidl_typesupport_fastrtps_cpp.hpp
[0.879s] -- Up-to-date: /home/huang/codes/ROS_Study/install/tutorial_interfaces/include/tutorial_interfaces/msg/detail/num__rosidl_typesupport_fastrtps_cpp.hpp
[0.880s] -- Up-to-date: /home/huang/codes/ROS_Study/install/tutorial_interfaces/lib/libtutorial_interfaces__rosidl_typesupport_fastrtps_cpp.so
[0.880s] -- Up-to-date: /home/huang/codes/ROS_Study/install/tutorial_interfaces/include/tutorial_interfaces
[0.883s] -- Up-to-date: /home/huang/codes/ROS_Study/install/tutorial_interfaces/include/tutorial_interfaces/srv
[0.883s] -- Up-to-date: /home/huang/codes/ROS_Study/install/tutorial_interfaces/include/tutorial_interfaces/srv/detail
[0.883s] -- Up-to-date: /home/huang/codes/ROS_Study/install/tutorial_interfaces/include/tutorial_interfaces/srv/detail/add_three_ints__type_support.c
[0.883s] -- Up-to-date: /home/huang/codes/ROS_Study/install/tutorial_interfaces/include/tutorial_interfaces/srv/detail/add_three_ints__rosidl_typesupport_introspection_c.h
[0.883s] -- Up-to-date: /home/huang/codes/ROS_Study/install/tutorial_interfaces/include/tutorial_interfaces/msg
[0.883s] -- Up-to-date: /home/huang/codes/ROS_Study/install/tutorial_interfaces/include/tutorial_interfaces/msg/rosidl_typesupport_introspection_c__visibility_control.h
[0.883s] -- Up-to-date: /home/huang/codes/ROS_Study/install/tutorial_interfaces/include/tutorial_interfaces/msg/detail
[0.883s] -- Up-to-date: /home/huang/codes/ROS_Study/install/tutorial_interfaces/include/tutorial_interfaces/msg/detail/num__rosidl_typesupport_introspection_c.h
[0.883s] -- Up-to-date: /home/huang/codes/ROS_Study/install/tutorial_interfaces/include/tutorial_interfaces/msg/detail/picture__type_support.c
[0.884s] -- Up-to-date: /home/huang/codes/ROS_Study/install/tutorial_interfaces/include/tutorial_interfaces/msg/detail/sphere__type_support.c
[0.884s] -- Up-to-date: /home/huang/codes/ROS_Study/install/tutorial_interfaces/include/tutorial_interfaces/msg/detail/sphere__rosidl_typesupport_introspection_c.h
[0.884s] -- Up-to-date: /home/huang/codes/ROS_Study/install/tutorial_interfaces/include/tutorial_interfaces/msg/detail/num__type_support.c
[0.884s] -- Up-to-date: /home/huang/codes/ROS_Study/install/tutorial_interfaces/include/tutorial_interfaces/msg/detail/picture__rosidl_typesupport_introspection_c.h
[0.884s] -- Up-to-date: /home/huang/codes/ROS_Study/install/tutorial_interfaces/lib/libtutorial_interfaces__rosidl_typesupport_introspection_c.so
[0.884s] -- Up-to-date: /home/huang/codes/ROS_Study/install/tutorial_interfaces/lib/libtutorial_interfaces__rosidl_typesupport_c.so
[0.884s] -- Up-to-date: /home/huang/codes/ROS_Study/install/tutorial_interfaces/include/tutorial_interfaces
[0.885s] -- Up-to-date: /home/huang/codes/ROS_Study/install/tutorial_interfaces/include/tutorial_interfaces/srv
[0.885s] -- Up-to-date: /home/huang/codes/ROS_Study/install/tutorial_interfaces/include/tutorial_interfaces/srv/add_three_ints.hpp
[0.885s] -- Up-to-date: /home/huang/codes/ROS_Study/install/tutorial_interfaces/include/tutorial_interfaces/srv/detail
[0.885s] -- Up-to-date: /home/huang/codes/ROS_Study/install/tutorial_interfaces/include/tutorial_interfaces/srv/detail/add_three_ints__struct.hpp
[0.885s] -- Up-to-date: /home/huang/codes/ROS_Study/install/tutorial_interfaces/include/tutorial_interfaces/srv/detail/add_three_ints__builder.hpp
[0.885s] -- Up-to-date: /home/huang/codes/ROS_Study/install/tutorial_interfaces/include/tutorial_interfaces/srv/detail/add_three_ints__traits.hpp
[0.885s] -- Up-to-date: /home/huang/codes/ROS_Study/install/tutorial_interfaces/include/tutorial_interfaces/msg
[0.885s] -- Up-to-date: /home/huang/codes/ROS_Study/install/tutorial_interfaces/include/tutorial_interfaces/msg/picture.hpp
[0.885s] -- Up-to-date: /home/huang/codes/ROS_Study/install/tutorial_interfaces/include/tutorial_interfaces/msg/num.hpp
[0.885s] -- Up-to-date: /home/huang/codes/ROS_Study/install/tutorial_interfaces/include/tutorial_interfaces/msg/sphere.hpp
[0.885s] -- Up-to-date: /home/huang/codes/ROS_Study/install/tutorial_interfaces/include/tutorial_interfaces/msg/detail
[0.886s] -- Up-to-date: /home/huang/codes/ROS_Study/install/tutorial_interfaces/include/tutorial_interfaces/msg/detail/picture__builder.hpp
[0.886s] -- Up-to-date: /home/huang/codes/ROS_Study/install/tutorial_interfaces/include/tutorial_interfaces/msg/detail/num__traits.hpp
[0.886s] -- Up-to-date: /home/huang/codes/ROS_Study/install/tutorial_interfaces/include/tutorial_interfaces/msg/detail/sphere__builder.hpp
[0.886s] -- Up-to-date: /home/huang/codes/ROS_Study/install/tutorial_interfaces/include/tutorial_interfaces/msg/detail/num__builder.hpp
[0.886s] -- Up-to-date: /home/huang/codes/ROS_Study/install/tutorial_interfaces/include/tutorial_interfaces/msg/detail/sphere__traits.hpp
[0.886s] -- Up-to-date: /home/huang/codes/ROS_Study/install/tutorial_interfaces/include/tutorial_interfaces/msg/detail/num__struct.hpp
[0.886s] -- Up-to-date: /home/huang/codes/ROS_Study/install/tutorial_interfaces/include/tutorial_interfaces/msg/detail/picture__struct.hpp
[0.886s] -- Up-to-date: /home/huang/codes/ROS_Study/install/tutorial_interfaces/include/tutorial_interfaces/msg/detail/sphere__struct.hpp
[0.886s] -- Up-to-date: /home/huang/codes/ROS_Study/install/tutorial_interfaces/include/tutorial_interfaces/msg/detail/picture__traits.hpp
[0.887s] -- Up-to-date: /home/huang/codes/ROS_Study/install/tutorial_interfaces/include/tutorial_interfaces
[0.887s] -- Up-to-date: /home/huang/codes/ROS_Study/install/tutorial_interfaces/include/tutorial_interfaces/srv
[0.887s] -- Up-to-date: /home/huang/codes/ROS_Study/install/tutorial_interfaces/include/tutorial_interfaces/srv/detail
[0.887s] -- Up-to-date: /home/huang/codes/ROS_Study/install/tutorial_interfaces/include/tutorial_interfaces/srv/detail/add_three_ints__type_support.cpp
[0.887s] -- Up-to-date: /home/huang/codes/ROS_Study/install/tutorial_interfaces/include/tutorial_interfaces/srv/detail/add_three_ints__rosidl_typesupport_introspection_cpp.hpp
[0.888s] -- Up-to-date: /home/huang/codes/ROS_Study/install/tutorial_interfaces/include/tutorial_interfaces/msg
[0.888s] -- Up-to-date: /home/huang/codes/ROS_Study/install/tutorial_interfaces/include/tutorial_interfaces/msg/detail
[0.888s] -- Up-to-date: /home/huang/codes/ROS_Study/install/tutorial_interfaces/include/tutorial_interfaces/msg/detail/picture__type_support.cpp
[0.889s] -- Up-to-date: /home/huang/codes/ROS_Study/install/tutorial_interfaces/include/tutorial_interfaces/msg/detail/sphere__type_support.cpp
[0.889s] -- Up-to-date: /home/huang/codes/ROS_Study/install/tutorial_interfaces/include/tutorial_interfaces/msg/detail/picture__rosidl_typesupport_introspection_cpp.hpp
[0.889s] -- Up-to-date: /home/huang/codes/ROS_Study/install/tutorial_interfaces/include/tutorial_interfaces/msg/detail/num__rosidl_typesupport_introspection_cpp.hpp
[0.889s] -- Up-to-date: /home/huang/codes/ROS_Study/install/tutorial_interfaces/include/tutorial_interfaces/msg/detail/num__type_support.cpp
[0.889s] -- Up-to-date: /home/huang/codes/ROS_Study/install/tutorial_interfaces/include/tutorial_interfaces/msg/detail/sphere__rosidl_typesupport_introspection_cpp.hpp
[0.892s] -- Up-to-date: /home/huang/codes/ROS_Study/install/tutorial_interfaces/lib/libtutorial_interfaces__rosidl_typesupport_introspection_cpp.so
[0.893s] -- Up-to-date: /home/huang/codes/ROS_Study/install/tutorial_interfaces/lib/libtutorial_interfaces__rosidl_typesupport_cpp.so
[0.893s] -- Up-to-date: /home/huang/codes/ROS_Study/install/tutorial_interfaces/share/tutorial_interfaces/environment/pythonpath.sh
[0.893s] -- Up-to-date: /home/huang/codes/ROS_Study/install/tutorial_interfaces/share/tutorial_interfaces/environment/pythonpath.dsv
[0.893s] -- Up-to-date: /home/huang/codes/ROS_Study/install/tutorial_interfaces/lib/python3.8/site-packages/tutorial_interfaces/__init__.py
[0.932s] -- Up-to-date: /home/huang/codes/ROS_Study/install/tutorial_interfaces/lib/python3.8/site-packages/tutorial_interfaces/msg
[0.932s] -- Up-to-date: /home/huang/codes/ROS_Study/install/tutorial_interfaces/lib/python3.8/site-packages/tutorial_interfaces/msg/_sphere_s.c
[0.933s] -- Up-to-date: /home/huang/codes/ROS_Study/install/tutorial_interfaces/lib/python3.8/site-packages/tutorial_interfaces/msg/_picture_s.c
[0.933s] -- Up-to-date: /home/huang/codes/ROS_Study/install/tutorial_interfaces/lib/python3.8/site-packages/tutorial_interfaces/msg/__init__.py
[0.933s] -- Up-to-date: /home/huang/codes/ROS_Study/install/tutorial_interfaces/lib/python3.8/site-packages/tutorial_interfaces/msg/_sphere.py
[0.933s] -- Up-to-date: /home/huang/codes/ROS_Study/install/tutorial_interfaces/lib/python3.8/site-packages/tutorial_interfaces/msg/_num.py
[0.933s] -- Up-to-date: /home/huang/codes/ROS_Study/install/tutorial_interfaces/lib/python3.8/site-packages/tutorial_interfaces/msg/_num_s.c
[0.933s] -- Up-to-date: /home/huang/codes/ROS_Study/install/tutorial_interfaces/lib/python3.8/site-packages/tutorial_interfaces/msg/_picture.py
[0.933s] -- Up-to-date: /home/huang/codes/ROS_Study/install/tutorial_interfaces/lib/python3.8/site-packages/tutorial_interfaces/srv
[0.933s] -- Up-to-date: /home/huang/codes/ROS_Study/install/tutorial_interfaces/lib/python3.8/site-packages/tutorial_interfaces/srv/__init__.py
[0.934s] -- Up-to-date: /home/huang/codes/ROS_Study/install/tutorial_interfaces/lib/python3.8/site-packages/tutorial_interfaces/srv/_add_three_ints.py
[0.934s] -- Up-to-date: /home/huang/codes/ROS_Study/install/tutorial_interfaces/lib/python3.8/site-packages/tutorial_interfaces/srv/_add_three_ints_s.c
[0.934s] -- Up-to-date: /home/huang/codes/ROS_Study/install/tutorial_interfaces/lib/python3.8/site-packages/tutorial_interfaces/tutorial_interfaces_s__rosidl_typesupport_fastrtps_c.cpython-38-x86_64-linux-gnu.so
[0.934s] -- Up-to-date: /home/huang/codes/ROS_Study/install/tutorial_interfaces/lib/python3.8/site-packages/tutorial_interfaces/tutorial_interfaces_s__rosidl_typesupport_introspection_c.cpython-38-x86_64-linux-gnu.so
[0.937s] -- Up-to-date: /home/huang/codes/ROS_Study/install/tutorial_interfaces/lib/python3.8/site-packages/tutorial_interfaces/tutorial_interfaces_s__rosidl_typesupport_c.cpython-38-x86_64-linux-gnu.so
[0.937s] -- Up-to-date: /home/huang/codes/ROS_Study/install/tutorial_interfaces/lib/libtutorial_interfaces__python.so
[0.938s] -- Up-to-date: /home/huang/codes/ROS_Study/install/tutorial_interfaces/share/tutorial_interfaces/msg/Picture.idl
[0.938s] -- Up-to-date: /home/huang/codes/ROS_Study/install/tutorial_interfaces/share/tutorial_interfaces/msg/Num.idl
[0.938s] -- Up-to-date: /home/huang/codes/ROS_Study/install/tutorial_interfaces/share/tutorial_interfaces/msg/Sphere.idl
[0.938s] -- Up-to-date: /home/huang/codes/ROS_Study/install/tutorial_interfaces/share/tutorial_interfaces/srv/AddThreeInts.idl
[0.939s] -- Up-to-date: /home/huang/codes/ROS_Study/install/tutorial_interfaces/share/tutorial_interfaces/msg/Picture.msg
[0.939s] -- Up-to-date: /home/huang/codes/ROS_Study/install/tutorial_interfaces/share/tutorial_interfaces/msg/Num.msg
[0.939s] -- Up-to-date: /home/huang/codes/ROS_Study/install/tutorial_interfaces/share/tutorial_interfaces/msg/Sphere.msg
[0.939s] -- Up-to-date: /home/huang/codes/ROS_Study/install/tutorial_interfaces/share/tutorial_interfaces/srv/AddThreeInts.srv
[0.939s] -- Up-to-date: /home/huang/codes/ROS_Study/install/tutorial_interfaces/share/tutorial_interfaces/srv/AddThreeInts_Request.msg
[0.940s] -- Up-to-date: /home/huang/codes/ROS_Study/install/tutorial_interfaces/share/tutorial_interfaces/srv/AddThreeInts_Response.msg
[0.940s] -- Up-to-date: /home/huang/codes/ROS_Study/install/tutorial_interfaces/share/ament_index/resource_index/package_run_dependencies/tutorial_interfaces
[0.940s] -- Up-to-date: /home/huang/codes/ROS_Study/install/tutorial_interfaces/share/ament_index/resource_index/parent_prefix_path/tutorial_interfaces
[0.944s] -- Up-to-date: /home/huang/codes/ROS_Study/install/tutorial_interfaces/share/tutorial_interfaces/environment/ament_prefix_path.sh
[0.944s] -- Up-to-date: /home/huang/codes/ROS_Study/install/tutorial_interfaces/share/tutorial_interfaces/environment/ament_prefix_path.dsv
[0.944s] -- Up-to-date: /home/huang/codes/ROS_Study/install/tutorial_interfaces/share/tutorial_interfaces/environment/path.sh
[0.944s] -- Up-to-date: /home/huang/codes/ROS_Study/install/tutorial_interfaces/share/tutorial_interfaces/environment/path.dsv
[0.944s] -- Up-to-date: /home/huang/codes/ROS_Study/install/tutorial_interfaces/share/tutorial_interfaces/local_setup.bash
[0.944s] -- Up-to-date: /home/huang/codes/ROS_Study/install/tutorial_interfaces/share/tutorial_interfaces/local_setup.sh
[0.945s] -- Up-to-date: /home/huang/codes/ROS_Study/install/tutorial_interfaces/share/tutorial_interfaces/local_setup.zsh
[0.945s] -- Up-to-date: /home/huang/codes/ROS_Study/install/tutorial_interfaces/share/tutorial_interfaces/local_setup.dsv
[0.945s] -- Installing: /home/huang/codes/ROS_Study/install/tutorial_interfaces/share/tutorial_interfaces/package.dsv
[0.945s] -- Up-to-date: /home/huang/codes/ROS_Study/install/tutorial_interfaces/share/ament_index/resource_index/packages/tutorial_interfaces
[0.945s] -- Up-to-date: /home/huang/codes/ROS_Study/install/tutorial_interfaces/share/tutorial_interfaces/cmake/tutorial_interfaces__rosidl_generator_cExport.cmake
[0.946s] -- Up-to-date: /home/huang/codes/ROS_Study/install/tutorial_interfaces/share/tutorial_interfaces/cmake/tutorial_interfaces__rosidl_generator_cExport-noconfig.cmake
[0.946s] -- Up-to-date: /home/huang/codes/ROS_Study/install/tutorial_interfaces/share/tutorial_interfaces/cmake/tutorial_interfaces__rosidl_typesupport_introspection_cExport.cmake
[0.946s] -- Up-to-date: /home/huang/codes/ROS_Study/install/tutorial_interfaces/share/tutorial_interfaces/cmake/tutorial_interfaces__rosidl_typesupport_introspection_cExport-noconfig.cmake
[0.947s] -- Up-to-date: /home/huang/codes/ROS_Study/install/tutorial_interfaces/share/tutorial_interfaces/cmake/tutorial_interfaces__rosidl_typesupport_cExport.cmake
[0.952s] -- Up-to-date: /home/huang/codes/ROS_Study/install/tutorial_interfaces/share/tutorial_interfaces/cmake/tutorial_interfaces__rosidl_typesupport_cExport-noconfig.cmake
[0.953s] -- Up-to-date: /home/huang/codes/ROS_Study/install/tutorial_interfaces/share/tutorial_interfaces/cmake/tutorial_interfaces__rosidl_generator_cppExport.cmake
[0.953s] -- Up-to-date: /home/huang/codes/ROS_Study/install/tutorial_interfaces/share/tutorial_interfaces/cmake/tutorial_interfaces__rosidl_typesupport_introspection_cppExport.cmake
[0.953s] -- Up-to-date: /home/huang/codes/ROS_Study/install/tutorial_interfaces/share/tutorial_interfaces/cmake/tutorial_interfaces__rosidl_typesupport_introspection_cppExport-noconfig.cmake
[0.953s] -- Up-to-date: /home/huang/codes/ROS_Study/install/tutorial_interfaces/share/tutorial_interfaces/cmake/tutorial_interfaces__rosidl_typesupport_cppExport.cmake
[0.954s] -- Up-to-date: /home/huang/codes/ROS_Study/install/tutorial_interfaces/share/tutorial_interfaces/cmake/tutorial_interfaces__rosidl_typesupport_cppExport-noconfig.cmake
[0.954s] -- Up-to-date: /home/huang/codes/ROS_Study/install/tutorial_interfaces/share/tutorial_interfaces/cmake/rosidl_cmake-extras.cmake
[0.954s] -- Up-to-date: /home/huang/codes/ROS_Study/install/tutorial_interfaces/share/tutorial_interfaces/cmake/ament_cmake_export_dependencies-extras.cmake
[0.954s] -- Up-to-date: /home/huang/codes/ROS_Study/install/tutorial_interfaces/share/tutorial_interfaces/cmake/ament_cmake_export_libraries-extras.cmake
[0.955s] -- Up-to-date: /home/huang/codes/ROS_Study/install/tutorial_interfaces/share/tutorial_interfaces/cmake/ament_cmake_export_targets-extras.cmake
[0.955s] -- Up-to-date: /home/huang/codes/ROS_Study/install/tutorial_interfaces/share/tutorial_interfaces/cmake/ament_cmake_export_include_directories-extras.cmake
[0.955s] -- Up-to-date: /home/huang/codes/ROS_Study/install/tutorial_interfaces/share/tutorial_interfaces/cmake/rosidl_cmake_export_typesupport_libraries-extras.cmake
[0.958s] -- Up-to-date: /home/huang/codes/ROS_Study/install/tutorial_interfaces/share/tutorial_interfaces/cmake/rosidl_cmake_export_typesupport_targets-extras.cmake
[0.959s] -- Up-to-date: /home/huang/codes/ROS_Study/install/tutorial_interfaces/share/tutorial_interfaces/cmake/tutorial_interfacesConfig.cmake
[0.959s] -- Up-to-date: /home/huang/codes/ROS_Study/install/tutorial_interfaces/share/tutorial_interfaces/cmake/tutorial_interfacesConfig-version.cmake
[0.959s] -- Up-to-date: /home/huang/codes/ROS_Study/install/tutorial_interfaces/share/tutorial_interfaces/package.xml
[0.960s] Invoked command in '/home/huang/codes/ROS_Study/build/tutorial_interfaces' returned '0': CMAKE_PREFIX_PATH=${CMAKE_PREFIX_PATH}:/opt/ros/galactic /usr/bin/cmake --install /home/huang/codes/ROS_Study/build/tutorial_interfaces
