[0.029s] Invoking command in '/home/huang/codes/ROS_Study/build/ros_service': CMAKE_PREFIX_PATH=/home/huang/codes/ROS_Study/install/tutorial_interfaces:/home/huang/codes/ROS_Study/install/ros_service:/home/huang/codes/ROS_Study/install/village_wang:/home/huang/codes/ROS_Study/install/village_li:/home/huang/codes/ROS_Study/install/village_interfaces:/home/huang/codes/ROS_Study/install/ros_pub_sub_cv:/home/huang/codes/ROS_Study/install/ros_pub_sub:/opt/ros/galactic LD_LIBRARY_PATH=/home/huang/codes/ROS_Study/install/tutorial_interfaces/lib:/home/huang/codes/ROS_Study/install/village_interfaces/lib:/opt/ros/galactic/opt/yaml_cpp_vendor/lib:/opt/ros/galactic/opt/rviz_ogre_vendor/lib:/opt/ros/galactic/lib/x86_64-linux-gnu:/opt/ros/galactic/lib PYTHONPATH=/home/huang/codes/ROS_Study/install/tutorial_interfaces/lib/python3.8/site-packages:/home/huang/codes/ROS_Study/install/village_interfaces/lib/python3.8/site-packages:/opt/ros/galactic/lib/python3.8/site-packages /usr/bin/cmake --build /home/huang/codes/ROS_Study/build/ros_service -- -j8 -l8
[0.094s] [35m[1mScanning dependencies of target service_node[0m
[0.094s] [35m[1mScanning dependencies of target client_node[0m
[0.138s] [ 50%] [32mBuilding CXX object CMakeFiles/client_node.dir/src/client_test.cpp.o[0m
[0.138s] [ 50%] [32mBuilding CXX object CMakeFiles/service_node.dir/src/service_test.cpp.o[0m
[2.645s] [01m[K/home/huang/codes/ROS_Study/src/ros_service/src/client_test.cpp:[m[K In member function ‘[01m[Kvoid MinimalClienter::client_callback(rclcpp::Client<tutorial_interfaces::srv::Money>::SharedFuture)[m[K’:
[2.645s] [01m[K/home/huang/codes/ROS_Study/src/ros_service/src/client_test.cpp:17:86:[m[K [01;35m[Kwarning: [m[Kunused parameter ‘[01m[Kreponse[m[K’ [[01;35m[K-Wunused-parameter[m[K]
[2.645s]    17 |   void client_callback([01;35m[Krclcpp::Client<tutorial_interfaces::srv::Money>::SharedFuture reponse[m[K)
[2.646s]       |                        [01;35m[K~~~~~~~~~~~~~~~~~~~~~~~~~~~~~~~~~~~~~~~~~~~~~~~~~~~~~~~~~~~~~~^~~~~~~[m[K
[3.684s] [ 75%] [32m[1mLinking CXX executable client_node[0m
[3.920s] [ 75%] Built target client_node
[4.282s] [100%] [32m[1mLinking CXX executable service_node[0m
[4.520s] [100%] Built target service_node
[4.537s] Invoked command in '/home/huang/codes/ROS_Study/build/ros_service' returned '0': CMAKE_PREFIX_PATH=/home/huang/codes/ROS_Study/install/tutorial_interfaces:/home/huang/codes/ROS_Study/install/ros_service:/home/huang/codes/ROS_Study/install/village_wang:/home/huang/codes/ROS_Study/install/village_li:/home/huang/codes/ROS_Study/install/village_interfaces:/home/huang/codes/ROS_Study/install/ros_pub_sub_cv:/home/huang/codes/ROS_Study/install/ros_pub_sub:/opt/ros/galactic LD_LIBRARY_PATH=/home/huang/codes/ROS_Study/install/tutorial_interfaces/lib:/home/huang/codes/ROS_Study/install/village_interfaces/lib:/opt/ros/galactic/opt/yaml_cpp_vendor/lib:/opt/ros/galactic/opt/rviz_ogre_vendor/lib:/opt/ros/galactic/lib/x86_64-linux-gnu:/opt/ros/galactic/lib PYTHONPATH=/home/huang/codes/ROS_Study/install/tutorial_interfaces/lib/python3.8/site-packages:/home/huang/codes/ROS_Study/install/village_interfaces/lib/python3.8/site-packages:/opt/ros/galactic/lib/python3.8/site-packages /usr/bin/cmake --build /home/huang/codes/ROS_Study/build/ros_service -- -j8 -l8
[4.598s] Invoking command in '/home/huang/codes/ROS_Study/build/ros_service': CMAKE_PREFIX_PATH=/home/huang/codes/ROS_Study/install/tutorial_interfaces:/home/huang/codes/ROS_Study/install/ros_service:/home/huang/codes/ROS_Study/install/village_wang:/home/huang/codes/ROS_Study/install/village_li:/home/huang/codes/ROS_Study/install/village_interfaces:/home/huang/codes/ROS_Study/install/ros_pub_sub_cv:/home/huang/codes/ROS_Study/install/ros_pub_sub:/opt/ros/galactic LD_LIBRARY_PATH=/home/huang/codes/ROS_Study/install/tutorial_interfaces/lib:/home/huang/codes/ROS_Study/install/village_interfaces/lib:/opt/ros/galactic/opt/yaml_cpp_vendor/lib:/opt/ros/galactic/opt/rviz_ogre_vendor/lib:/opt/ros/galactic/lib/x86_64-linux-gnu:/opt/ros/galactic/lib PYTHONPATH=/home/huang/codes/ROS_Study/install/tutorial_interfaces/lib/python3.8/site-packages:/home/huang/codes/ROS_Study/install/village_interfaces/lib/python3.8/site-packages:/opt/ros/galactic/lib/python3.8/site-packages /usr/bin/cmake --install /home/huang/codes/ROS_Study/build/ros_service
[4.607s] -- Install configuration: ""
[4.607s] -- Installing: /home/huang/codes/ROS_Study/install/ros_service/lib/ros_service/service_node
[4.607s] -- Set runtime path of "/home/huang/codes/ROS_Study/install/ros_service/lib/ros_service/service_node" to ""
[4.608s] -- Installing: /home/huang/codes/ROS_Study/install/ros_service/lib/ros_service/client_node
[4.608s] -- Set runtime path of "/home/huang/codes/ROS_Study/install/ros_service/lib/ros_service/client_node" to ""
[4.609s] -- Up-to-date: /home/huang/codes/ROS_Study/install/ros_service/share/ament_index/resource_index/package_run_dependencies/ros_service
[4.609s] -- Up-to-date: /home/huang/codes/ROS_Study/install/ros_service/share/ament_index/resource_index/parent_prefix_path/ros_service
[4.609s] -- Up-to-date: /home/huang/codes/ROS_Study/install/ros_service/share/ros_service/environment/ament_prefix_path.sh
[4.609s] -- Up-to-date: /home/huang/codes/ROS_Study/install/ros_service/share/ros_service/environment/ament_prefix_path.dsv
[4.609s] -- Up-to-date: /home/huang/codes/ROS_Study/install/ros_service/share/ros_service/environment/path.sh
[4.609s] -- Up-to-date: /home/huang/codes/ROS_Study/install/ros_service/share/ros_service/environment/path.dsv
[4.610s] -- Up-to-date: /home/huang/codes/ROS_Study/install/ros_service/share/ros_service/local_setup.bash
[4.610s] -- Up-to-date: /home/huang/codes/ROS_Study/install/ros_service/share/ros_service/local_setup.sh
[4.610s] -- Up-to-date: /home/huang/codes/ROS_Study/install/ros_service/share/ros_service/local_setup.zsh
[4.610s] -- Up-to-date: /home/huang/codes/ROS_Study/install/ros_service/share/ros_service/local_setup.dsv
[4.610s] -- Installing: /home/huang/codes/ROS_Study/install/ros_service/share/ros_service/package.dsv
[4.610s] -- Up-to-date: /home/huang/codes/ROS_Study/install/ros_service/share/ament_index/resource_index/packages/ros_service
[4.610s] -- Up-to-date: /home/huang/codes/ROS_Study/install/ros_service/share/ros_service/cmake/ros_serviceConfig.cmake
[4.610s] -- Up-to-date: /home/huang/codes/ROS_Study/install/ros_service/share/ros_service/cmake/ros_serviceConfig-version.cmake
[4.611s] -- Up-to-date: /home/huang/codes/ROS_Study/install/ros_service/share/ros_service/package.xml
[4.612s] Invoked command in '/home/huang/codes/ROS_Study/build/ros_service' returned '0': CMAKE_PREFIX_PATH=/home/huang/codes/ROS_Study/install/tutorial_interfaces:/home/huang/codes/ROS_Study/install/ros_service:/home/huang/codes/ROS_Study/install/village_wang:/home/huang/codes/ROS_Study/install/village_li:/home/huang/codes/ROS_Study/install/village_interfaces:/home/huang/codes/ROS_Study/install/ros_pub_sub_cv:/home/huang/codes/ROS_Study/install/ros_pub_sub:/opt/ros/galactic LD_LIBRARY_PATH=/home/huang/codes/ROS_Study/install/tutorial_interfaces/lib:/home/huang/codes/ROS_Study/install/village_interfaces/lib:/opt/ros/galactic/opt/yaml_cpp_vendor/lib:/opt/ros/galactic/opt/rviz_ogre_vendor/lib:/opt/ros/galactic/lib/x86_64-linux-gnu:/opt/ros/galactic/lib PYTHONPATH=/home/huang/codes/ROS_Study/install/tutorial_interfaces/lib/python3.8/site-packages:/home/huang/codes/ROS_Study/install/village_interfaces/lib/python3.8/site-packages:/opt/ros/galactic/lib/python3.8/site-packages /usr/bin/cmake --install /home/huang/codes/ROS_Study/build/ros_service
