[0.331s] DEBUG:colcon:Command line arguments: ['/usr/bin/colcon', 'build', '--symlink-install']
[0.331s] DEBUG:colcon:Parsed command line arguments: Namespace(allow_overriding=[], ament_cmake_args=None, base_paths=['.'], build_base='build', catkin_cmake_args=None, catkin_skip_building_tests=False, cmake_args=None, cmake_clean_cache=False, cmake_clean_first=False, cmake_force_configure=False, cmake_target=None, cmake_target_skip_unavailable=False, continue_on_error=False, event_handlers=None, executor='parallel', ignore_user_meta=False, install_base='install', log_base=None, log_level=None, main=<bound method BuildVerb.main of <colcon_core.verb.build.BuildVerb object at 0x7f251ad6b8b0>>, merge_install=False, metas=['./colcon.meta'], packages_above=None, packages_above_and_dependencies=None, packages_above_depth=None, packages_end=None, packages_ignore=None, packages_ignore_regex=None, packages_select=None, packages_select_build_failed=False, packages_select_by_dep=None, packages_select_regex=None, packages_select_test_failures=False, packages_skip=None, packages_skip_build_finished=False, packages_skip_by_dep=None, packages_skip_regex=None, packages_skip_test_passed=False, packages_skip_up_to=None, packages_start=None, packages_up_to=None, packages_up_to_regex=None, parallel_workers=8, paths=None, symlink_install=True, test_result_base=None, verb_extension=<colcon_core.verb.build.BuildVerb object at 0x7f251ad6b8b0>, verb_name='build', verb_parser=<colcon_defaults.argument_parser.defaults.DefaultArgumentsDecorator object at 0x7f251ad6be20>)
[0.363s] Level 1:colcon.colcon_core.package_discovery:discover_packages(colcon_meta) check parameters
[0.363s] Level 1:colcon.colcon_core.package_discovery:discover_packages(recursive) check parameters
[0.363s] Level 1:colcon.colcon_core.package_discovery:discover_packages(ignore) check parameters
[0.363s] Level 1:colcon.colcon_core.package_discovery:discover_packages(path) check parameters
[0.363s] Level 1:colcon.colcon_core.package_discovery:discover_packages(colcon_meta) discover
[0.363s] Level 1:colcon.colcon_core.package_discovery:discover_packages(recursive) discover
[0.363s] INFO:colcon.colcon_core.package_discovery:Crawling recursively for packages in '/home/huang/codes/ROS_Study'
[0.363s] Level 1:colcon.colcon_core.package_identification:_identify(.) by extensions ['ignore', 'ignore_ament_install']
[0.363s] Level 1:colcon.colcon_core.package_identification:_identify(.) by extension 'ignore'
[0.363s] Level 1:colcon.colcon_core.package_identification:_identify(.) by extension 'ignore_ament_install'
[0.363s] Level 1:colcon.colcon_core.package_identification:_identify(.) by extensions ['colcon_pkg']
[0.363s] Level 1:colcon.colcon_core.package_identification:_identify(.) by extension 'colcon_pkg'
[0.364s] Level 1:colcon.colcon_core.package_identification:_identify(.) by extensions ['colcon_meta']
[0.364s] Level 1:colcon.colcon_core.package_identification:_identify(.) by extension 'colcon_meta'
[0.364s] Level 1:colcon.colcon_core.package_identification:_identify(.) by extensions ['ros']
[0.364s] Level 1:colcon.colcon_core.package_identification:_identify(.) by extension 'ros'
[0.373s] Level 1:colcon.colcon_core.package_identification:_identify(.) by extensions ['cmake', 'python']
[0.373s] Level 1:colcon.colcon_core.package_identification:_identify(.) by extension 'cmake'
[0.373s] Level 1:colcon.colcon_core.package_identification:_identify(.) by extension 'python'
[0.373s] Level 1:colcon.colcon_core.package_identification:_identify(.) by extensions ['python_setup_py']
[0.373s] Level 1:colcon.colcon_core.package_identification:_identify(.) by extension 'python_setup_py'
[0.373s] Level 1:colcon.colcon_core.package_identification:_identify(build) by extensions ['ignore', 'ignore_ament_install']
[0.374s] Level 1:colcon.colcon_core.package_identification:_identify(build) by extension 'ignore'
[0.374s] Level 1:colcon.colcon_core.package_identification:_identify(build) ignored
[0.374s] Level 1:colcon.colcon_core.package_identification:_identify(install) by extensions ['ignore', 'ignore_ament_install']
[0.374s] Level 1:colcon.colcon_core.package_identification:_identify(install) by extension 'ignore'
[0.374s] Level 1:colcon.colcon_core.package_identification:_identify(install) ignored
[0.374s] Level 1:colcon.colcon_core.package_identification:_identify(log) by extensions ['ignore', 'ignore_ament_install']
[0.374s] Level 1:colcon.colcon_core.package_identification:_identify(log) by extension 'ignore'
[0.374s] Level 1:colcon.colcon_core.package_identification:_identify(log) ignored
[0.374s] Level 1:colcon.colcon_core.package_identification:_identify(src) by extensions ['ignore', 'ignore_ament_install']
[0.374s] Level 1:colcon.colcon_core.package_identification:_identify(src) by extension 'ignore'
[0.374s] Level 1:colcon.colcon_core.package_identification:_identify(src) by extension 'ignore_ament_install'
[0.374s] Level 1:colcon.colcon_core.package_identification:_identify(src) by extensions ['colcon_pkg']
[0.374s] Level 1:colcon.colcon_core.package_identification:_identify(src) by extension 'colcon_pkg'
[0.374s] Level 1:colcon.colcon_core.package_identification:_identify(src) by extensions ['colcon_meta']
[0.374s] Level 1:colcon.colcon_core.package_identification:_identify(src) by extension 'colcon_meta'
[0.374s] Level 1:colcon.colcon_core.package_identification:_identify(src) by extensions ['ros']
[0.374s] Level 1:colcon.colcon_core.package_identification:_identify(src) by extension 'ros'
[0.375s] Level 1:colcon.colcon_core.package_identification:_identify(src) by extensions ['cmake', 'python']
[0.375s] Level 1:colcon.colcon_core.package_identification:_identify(src) by extension 'cmake'
[0.375s] Level 1:colcon.colcon_core.package_identification:_identify(src) by extension 'python'
[0.375s] Level 1:colcon.colcon_core.package_identification:_identify(src) by extensions ['python_setup_py']
[0.375s] Level 1:colcon.colcon_core.package_identification:_identify(src) by extension 'python_setup_py'
[0.375s] Level 1:colcon.colcon_core.package_identification:_identify(src/ros_pub_sub) by extensions ['ignore', 'ignore_ament_install']
[0.375s] Level 1:colcon.colcon_core.package_identification:_identify(src/ros_pub_sub) by extension 'ignore'
[0.375s] Level 1:colcon.colcon_core.package_identification:_identify(src/ros_pub_sub) by extension 'ignore_ament_install'
[0.375s] Level 1:colcon.colcon_core.package_identification:_identify(src/ros_pub_sub) by extensions ['colcon_pkg']
[0.375s] Level 1:colcon.colcon_core.package_identification:_identify(src/ros_pub_sub) by extension 'colcon_pkg'
[0.375s] Level 1:colcon.colcon_core.package_identification:_identify(src/ros_pub_sub) by extensions ['colcon_meta']
[0.375s] Level 1:colcon.colcon_core.package_identification:_identify(src/ros_pub_sub) by extension 'colcon_meta'
[0.375s] Level 1:colcon.colcon_core.package_identification:_identify(src/ros_pub_sub) by extensions ['ros']
[0.375s] Level 1:colcon.colcon_core.package_identification:_identify(src/ros_pub_sub) by extension 'ros'
[0.377s] DEBUG:colcon.colcon_core.package_identification:Package 'src/ros_pub_sub' with type 'ros.ament_cmake' and name 'ros_pub_sub'
[0.378s] Level 1:colcon.colcon_core.package_identification:_identify(src/ros_pub_sub_cv) by extensions ['ignore', 'ignore_ament_install']
[0.378s] Level 1:colcon.colcon_core.package_identification:_identify(src/ros_pub_sub_cv) by extension 'ignore'
[0.378s] Level 1:colcon.colcon_core.package_identification:_identify(src/ros_pub_sub_cv) by extension 'ignore_ament_install'
[0.378s] Level 1:colcon.colcon_core.package_identification:_identify(src/ros_pub_sub_cv) by extensions ['colcon_pkg']
[0.378s] Level 1:colcon.colcon_core.package_identification:_identify(src/ros_pub_sub_cv) by extension 'colcon_pkg'
[0.378s] Level 1:colcon.colcon_core.package_identification:_identify(src/ros_pub_sub_cv) by extensions ['colcon_meta']
[0.378s] Level 1:colcon.colcon_core.package_identification:_identify(src/ros_pub_sub_cv) by extension 'colcon_meta'
[0.378s] Level 1:colcon.colcon_core.package_identification:_identify(src/ros_pub_sub_cv) by extensions ['ros']
[0.378s] Level 1:colcon.colcon_core.package_identification:_identify(src/ros_pub_sub_cv) by extension 'ros'
[0.378s] DEBUG:colcon.colcon_core.package_identification:Package 'src/ros_pub_sub_cv' with type 'ros.ament_cmake' and name 'ros_pub_sub_cv'
[0.379s] Level 1:colcon.colcon_core.package_identification:_identify(src/tutorial_interfaces) by extensions ['ignore', 'ignore_ament_install']
[0.379s] Level 1:colcon.colcon_core.package_identification:_identify(src/tutorial_interfaces) by extension 'ignore'
[0.379s] Level 1:colcon.colcon_core.package_identification:_identify(src/tutorial_interfaces) by extension 'ignore_ament_install'
[0.379s] Level 1:colcon.colcon_core.package_identification:_identify(src/tutorial_interfaces) by extensions ['colcon_pkg']
[0.379s] Level 1:colcon.colcon_core.package_identification:_identify(src/tutorial_interfaces) by extension 'colcon_pkg'
[0.379s] Level 1:colcon.colcon_core.package_identification:_identify(src/tutorial_interfaces) by extensions ['colcon_meta']
[0.379s] Level 1:colcon.colcon_core.package_identification:_identify(src/tutorial_interfaces) by extension 'colcon_meta'
[0.379s] Level 1:colcon.colcon_core.package_identification:_identify(src/tutorial_interfaces) by extensions ['ros']
[0.379s] Level 1:colcon.colcon_core.package_identification:_identify(src/tutorial_interfaces) by extension 'ros'
[0.380s] DEBUG:colcon.colcon_core.package_identification:Package 'src/tutorial_interfaces' with type 'ros.ament_cmake' and name 'tutorial_interfaces'
[0.380s] Level 1:colcon.colcon_core.package_identification:_identify(src/village_interfaces) by extensions ['ignore', 'ignore_ament_install']
[0.380s] Level 1:colcon.colcon_core.package_identification:_identify(src/village_interfaces) by extension 'ignore'
[0.380s] Level 1:colcon.colcon_core.package_identification:_identify(src/village_interfaces) by extension 'ignore_ament_install'
[0.380s] Level 1:colcon.colcon_core.package_identification:_identify(src/village_interfaces) by extensions ['colcon_pkg']
[0.380s] Level 1:colcon.colcon_core.package_identification:_identify(src/village_interfaces) by extension 'colcon_pkg'
[0.380s] Level 1:colcon.colcon_core.package_identification:_identify(src/village_interfaces) by extensions ['colcon_meta']
[0.380s] Level 1:colcon.colcon_core.package_identification:_identify(src/village_interfaces) by extension 'colcon_meta'
[0.380s] Level 1:colcon.colcon_core.package_identification:_identify(src/village_interfaces) by extensions ['ros']
[0.380s] Level 1:colcon.colcon_core.package_identification:_identify(src/village_interfaces) by extension 'ros'
[0.381s] DEBUG:colcon.colcon_core.package_identification:Package 'src/village_interfaces' with type 'ros.ament_cmake' and name 'village_interfaces'
[0.381s] Level 1:colcon.colcon_core.package_identification:_identify(src/village_li) by extensions ['ignore', 'ignore_ament_install']
[0.381s] Level 1:colcon.colcon_core.package_identification:_identify(src/village_li) by extension 'ignore'
[0.381s] Level 1:colcon.colcon_core.package_identification:_identify(src/village_li) by extension 'ignore_ament_install'
[0.381s] Level 1:colcon.colcon_core.package_identification:_identify(src/village_li) by extensions ['colcon_pkg']
[0.381s] Level 1:colcon.colcon_core.package_identification:_identify(src/village_li) by extension 'colcon_pkg'
[0.381s] Level 1:colcon.colcon_core.package_identification:_identify(src/village_li) by extensions ['colcon_meta']
[0.381s] Level 1:colcon.colcon_core.package_identification:_identify(src/village_li) by extension 'colcon_meta'
[0.381s] Level 1:colcon.colcon_core.package_identification:_identify(src/village_li) by extensions ['ros']
[0.381s] Level 1:colcon.colcon_core.package_identification:_identify(src/village_li) by extension 'ros'
[0.382s] DEBUG:colcon.colcon_core.package_identification:Package 'src/village_li' with type 'ros.ament_cmake' and name 'village_li'
[0.382s] Level 1:colcon.colcon_core.package_identification:_identify(src/village_wang) by extensions ['ignore', 'ignore_ament_install']
[0.382s] Level 1:colcon.colcon_core.package_identification:_identify(src/village_wang) by extension 'ignore'
[0.382s] Level 1:colcon.colcon_core.package_identification:_identify(src/village_wang) by extension 'ignore_ament_install'
[0.382s] Level 1:colcon.colcon_core.package_identification:_identify(src/village_wang) by extensions ['colcon_pkg']
[0.382s] Level 1:colcon.colcon_core.package_identification:_identify(src/village_wang) by extension 'colcon_pkg'
[0.382s] Level 1:colcon.colcon_core.package_identification:_identify(src/village_wang) by extensions ['colcon_meta']
[0.382s] Level 1:colcon.colcon_core.package_identification:_identify(src/village_wang) by extension 'colcon_meta'
[0.382s] Level 1:colcon.colcon_core.package_identification:_identify(src/village_wang) by extensions ['ros']
[0.382s] Level 1:colcon.colcon_core.package_identification:_identify(src/village_wang) by extension 'ros'
[0.382s] DEBUG:colcon.colcon_core.package_identification:Package 'src/village_wang' with type 'ros.ament_cmake' and name 'village_wang'
[0.383s] Level 1:colcon.colcon_core.package_discovery:discover_packages(recursive) using defaults
[0.383s] Level 1:colcon.colcon_core.package_discovery:discover_packages(ignore) discover
[0.383s] Level 1:colcon.colcon_core.package_discovery:discover_packages(ignore) using defaults
[0.383s] Level 1:colcon.colcon_core.package_discovery:discover_packages(path) discover
[0.383s] Level 1:colcon.colcon_core.package_discovery:discover_packages(path) using defaults
[0.402s] Level 1:colcon.colcon_core.package_discovery:discover_packages(prefix_path) check parameters
[0.402s] Level 1:colcon.colcon_core.package_discovery:discover_packages(prefix_path) discover
[0.404s] DEBUG:colcon.colcon_installed_package_information.package_discovery:Found 6 installed packages in /home/huang/codes/ROS_Study/install
[0.406s] DEBUG:colcon.colcon_installed_package_information.package_discovery:Found 285 installed packages in /opt/ros/galactic
[0.408s] Level 1:colcon.colcon_core.package_discovery:discover_packages(prefix_path) using defaults
[0.474s] Level 5:colcon.colcon_core.verb:set package 'tutorial_interfaces' build argument 'cmake_args' from command line to 'None'
[0.474s] Level 5:colcon.colcon_core.verb:set package 'tutorial_interfaces' build argument 'cmake_target' from command line to 'None'
[0.474s] Level 5:colcon.colcon_core.verb:set package 'tutorial_interfaces' build argument 'cmake_target_skip_unavailable' from command line to 'False'
[0.475s] Level 5:colcon.colcon_core.verb:set package 'tutorial_interfaces' build argument 'cmake_clean_cache' from command line to 'False'
[0.475s] Level 5:colcon.colcon_core.verb:set package 'tutorial_interfaces' build argument 'cmake_clean_first' from command line to 'False'
[0.475s] Level 5:colcon.colcon_core.verb:set package 'tutorial_interfaces' build argument 'cmake_force_configure' from command line to 'False'
[0.475s] Level 5:colcon.colcon_core.verb:set package 'tutorial_interfaces' build argument 'ament_cmake_args' from command line to 'None'
[0.475s] Level 5:colcon.colcon_core.verb:set package 'tutorial_interfaces' build argument 'catkin_cmake_args' from command line to 'None'
[0.475s] Level 5:colcon.colcon_core.verb:set package 'tutorial_interfaces' build argument 'catkin_skip_building_tests' from command line to 'False'
[0.475s] DEBUG:colcon.colcon_core.verb:Building package 'tutorial_interfaces' with the following arguments: {'ament_cmake_args': None, 'build_base': '/home/huang/codes/ROS_Study/build/tutorial_interfaces', 'catkin_cmake_args': None, 'catkin_skip_building_tests': False, 'cmake_args': None, 'cmake_clean_cache': False, 'cmake_clean_first': False, 'cmake_force_configure': False, 'cmake_target': None, 'cmake_target_skip_unavailable': False, 'install_base': '/home/huang/codes/ROS_Study/install/tutorial_interfaces', 'merge_install': False, 'path': '/home/huang/codes/ROS_Study/src/tutorial_interfaces', 'symlink_install': True, 'test_result_base': None}
[0.476s] Level 5:colcon.colcon_core.verb:set package 'village_interfaces' build argument 'cmake_args' from command line to 'None'
[0.476s] Level 5:colcon.colcon_core.verb:set package 'village_interfaces' build argument 'cmake_target' from command line to 'None'
[0.476s] Level 5:colcon.colcon_core.verb:set package 'village_interfaces' build argument 'cmake_target_skip_unavailable' from command line to 'False'
[0.476s] Level 5:colcon.colcon_core.verb:set package 'village_interfaces' build argument 'cmake_clean_cache' from command line to 'False'
[0.476s] Level 5:colcon.colcon_core.verb:set package 'village_interfaces' build argument 'cmake_clean_first' from command line to 'False'
[0.476s] Level 5:colcon.colcon_core.verb:set package 'village_interfaces' build argument 'cmake_force_configure' from command line to 'False'
[0.476s] Level 5:colcon.colcon_core.verb:set package 'village_interfaces' build argument 'ament_cmake_args' from command line to 'None'
[0.476s] Level 5:colcon.colcon_core.verb:set package 'village_interfaces' build argument 'catkin_cmake_args' from command line to 'None'
[0.476s] Level 5:colcon.colcon_core.verb:set package 'village_interfaces' build argument 'catkin_skip_building_tests' from command line to 'False'
[0.476s] DEBUG:colcon.colcon_core.verb:Building package 'village_interfaces' with the following arguments: {'ament_cmake_args': None, 'build_base': '/home/huang/codes/ROS_Study/build/village_interfaces', 'catkin_cmake_args': None, 'catkin_skip_building_tests': False, 'cmake_args': None, 'cmake_clean_cache': False, 'cmake_clean_first': False, 'cmake_force_configure': False, 'cmake_target': None, 'cmake_target_skip_unavailable': False, 'install_base': '/home/huang/codes/ROS_Study/install/village_interfaces', 'merge_install': False, 'path': '/home/huang/codes/ROS_Study/src/village_interfaces', 'symlink_install': True, 'test_result_base': None}
[0.477s] Level 5:colcon.colcon_core.verb:set package 'village_li' build argument 'cmake_args' from command line to 'None'
[0.477s] Level 5:colcon.colcon_core.verb:set package 'village_li' build argument 'cmake_target' from command line to 'None'
[0.477s] Level 5:colcon.colcon_core.verb:set package 'village_li' build argument 'cmake_target_skip_unavailable' from command line to 'False'
[0.477s] Level 5:colcon.colcon_core.verb:set package 'village_li' build argument 'cmake_clean_cache' from command line to 'False'
[0.477s] Level 5:colcon.colcon_core.verb:set package 'village_li' build argument 'cmake_clean_first' from command line to 'False'
[0.477s] Level 5:colcon.colcon_core.verb:set package 'village_li' build argument 'cmake_force_configure' from command line to 'False'
[0.477s] Level 5:colcon.colcon_core.verb:set package 'village_li' build argument 'ament_cmake_args' from command line to 'None'
[0.477s] Level 5:colcon.colcon_core.verb:set package 'village_li' build argument 'catkin_cmake_args' from command line to 'None'
[0.477s] Level 5:colcon.colcon_core.verb:set package 'village_li' build argument 'catkin_skip_building_tests' from command line to 'False'
[0.477s] DEBUG:colcon.colcon_core.verb:Building package 'village_li' with the following arguments: {'ament_cmake_args': None, 'build_base': '/home/huang/codes/ROS_Study/build/village_li', 'catkin_cmake_args': None, 'catkin_skip_building_tests': False, 'cmake_args': None, 'cmake_clean_cache': False, 'cmake_clean_first': False, 'cmake_force_configure': False, 'cmake_target': None, 'cmake_target_skip_unavailable': False, 'install_base': '/home/huang/codes/ROS_Study/install/village_li', 'merge_install': False, 'path': '/home/huang/codes/ROS_Study/src/village_li', 'symlink_install': True, 'test_result_base': None}
[0.478s] Level 5:colcon.colcon_core.verb:set package 'village_wang' build argument 'cmake_args' from command line to 'None'
[0.478s] Level 5:colcon.colcon_core.verb:set package 'village_wang' build argument 'cmake_target' from command line to 'None'
[0.478s] Level 5:colcon.colcon_core.verb:set package 'village_wang' build argument 'cmake_target_skip_unavailable' from command line to 'False'
[0.478s] Level 5:colcon.colcon_core.verb:set package 'village_wang' build argument 'cmake_clean_cache' from command line to 'False'
[0.478s] Level 5:colcon.colcon_core.verb:set package 'village_wang' build argument 'cmake_clean_first' from command line to 'False'
[0.478s] Level 5:colcon.colcon_core.verb:set package 'village_wang' build argument 'cmake_force_configure' from command line to 'False'
[0.478s] Level 5:colcon.colcon_core.verb:set package 'village_wang' build argument 'ament_cmake_args' from command line to 'None'
[0.478s] Level 5:colcon.colcon_core.verb:set package 'village_wang' build argument 'catkin_cmake_args' from command line to 'None'
[0.478s] Level 5:colcon.colcon_core.verb:set package 'village_wang' build argument 'catkin_skip_building_tests' from command line to 'False'
[0.478s] DEBUG:colcon.colcon_core.verb:Building package 'village_wang' with the following arguments: {'ament_cmake_args': None, 'build_base': '/home/huang/codes/ROS_Study/build/village_wang', 'catkin_cmake_args': None, 'catkin_skip_building_tests': False, 'cmake_args': None, 'cmake_clean_cache': False, 'cmake_clean_first': False, 'cmake_force_configure': False, 'cmake_target': None, 'cmake_target_skip_unavailable': False, 'install_base': '/home/huang/codes/ROS_Study/install/village_wang', 'merge_install': False, 'path': '/home/huang/codes/ROS_Study/src/village_wang', 'symlink_install': True, 'test_result_base': None}
[0.479s] Level 5:colcon.colcon_core.verb:set package 'ros_pub_sub' build argument 'cmake_args' from command line to 'None'
[0.479s] Level 5:colcon.colcon_core.verb:set package 'ros_pub_sub' build argument 'cmake_target' from command line to 'None'
[0.479s] Level 5:colcon.colcon_core.verb:set package 'ros_pub_sub' build argument 'cmake_target_skip_unavailable' from command line to 'False'
[0.479s] Level 5:colcon.colcon_core.verb:set package 'ros_pub_sub' build argument 'cmake_clean_cache' from command line to 'False'
[0.479s] Level 5:colcon.colcon_core.verb:set package 'ros_pub_sub' build argument 'cmake_clean_first' from command line to 'False'
[0.480s] Level 5:colcon.colcon_core.verb:set package 'ros_pub_sub' build argument 'cmake_force_configure' from command line to 'False'
[0.480s] Level 5:colcon.colcon_core.verb:set package 'ros_pub_sub' build argument 'ament_cmake_args' from command line to 'None'
[0.480s] Level 5:colcon.colcon_core.verb:set package 'ros_pub_sub' build argument 'catkin_cmake_args' from command line to 'None'
[0.480s] Level 5:colcon.colcon_core.verb:set package 'ros_pub_sub' build argument 'catkin_skip_building_tests' from command line to 'False'
[0.480s] DEBUG:colcon.colcon_core.verb:Building package 'ros_pub_sub' with the following arguments: {'ament_cmake_args': None, 'build_base': '/home/huang/codes/ROS_Study/build/ros_pub_sub', 'catkin_cmake_args': None, 'catkin_skip_building_tests': False, 'cmake_args': None, 'cmake_clean_cache': False, 'cmake_clean_first': False, 'cmake_force_configure': False, 'cmake_target': None, 'cmake_target_skip_unavailable': False, 'install_base': '/home/huang/codes/ROS_Study/install/ros_pub_sub', 'merge_install': False, 'path': '/home/huang/codes/ROS_Study/src/ros_pub_sub', 'symlink_install': True, 'test_result_base': None}
[0.481s] Level 5:colcon.colcon_core.verb:set package 'ros_pub_sub_cv' build argument 'cmake_args' from command line to 'None'
[0.481s] Level 5:colcon.colcon_core.verb:set package 'ros_pub_sub_cv' build argument 'cmake_target' from command line to 'None'
[0.481s] Level 5:colcon.colcon_core.verb:set package 'ros_pub_sub_cv' build argument 'cmake_target_skip_unavailable' from command line to 'False'
[0.481s] Level 5:colcon.colcon_core.verb:set package 'ros_pub_sub_cv' build argument 'cmake_clean_cache' from command line to 'False'
[0.481s] Level 5:colcon.colcon_core.verb:set package 'ros_pub_sub_cv' build argument 'cmake_clean_first' from command line to 'False'
[0.481s] Level 5:colcon.colcon_core.verb:set package 'ros_pub_sub_cv' build argument 'cmake_force_configure' from command line to 'False'
[0.481s] Level 5:colcon.colcon_core.verb:set package 'ros_pub_sub_cv' build argument 'ament_cmake_args' from command line to 'None'
[0.481s] Level 5:colcon.colcon_core.verb:set package 'ros_pub_sub_cv' build argument 'catkin_cmake_args' from command line to 'None'
[0.481s] Level 5:colcon.colcon_core.verb:set package 'ros_pub_sub_cv' build argument 'catkin_skip_building_tests' from command line to 'False'
[0.481s] DEBUG:colcon.colcon_core.verb:Building package 'ros_pub_sub_cv' with the following arguments: {'ament_cmake_args': None, 'build_base': '/home/huang/codes/ROS_Study/build/ros_pub_sub_cv', 'catkin_cmake_args': None, 'catkin_skip_building_tests': False, 'cmake_args': None, 'cmake_clean_cache': False, 'cmake_clean_first': False, 'cmake_force_configure': False, 'cmake_target': None, 'cmake_target_skip_unavailable': False, 'install_base': '/home/huang/codes/ROS_Study/install/ros_pub_sub_cv', 'merge_install': False, 'path': '/home/huang/codes/ROS_Study/src/ros_pub_sub_cv', 'symlink_install': True, 'test_result_base': None}
[0.481s] INFO:colcon.colcon_core.executor:Executing jobs using 'parallel' executor
[0.485s] DEBUG:colcon.colcon_parallel_executor.executor.parallel:run_until_complete
[0.485s] INFO:colcon.colcon_ros.task.ament_cmake.build:Building ROS package in '/home/huang/codes/ROS_Study/src/tutorial_interfaces' with build type 'ament_cmake'
[0.485s] INFO:colcon.colcon_cmake.task.cmake.build:Building CMake package in '/home/huang/codes/ROS_Study/src/tutorial_interfaces'
[0.494s] INFO:colcon.colcon_core.plugin_system:Skipping extension 'colcon_core.shell.bat': Not used on non-Windows systems
[0.494s] INFO:colcon.colcon_core.shell:Skip shell extension 'powershell' for command environment: Not usable outside of PowerShell
[0.494s] DEBUG:colcon.colcon_core.shell:Skip shell extension 'dsv' for command environment
[0.507s] INFO:colcon.colcon_ros.task.ament_cmake.build:Building ROS package in '/home/huang/codes/ROS_Study/src/village_interfaces' with build type 'ament_cmake'
[0.507s] INFO:colcon.colcon_cmake.task.cmake.build:Building CMake package in '/home/huang/codes/ROS_Study/src/village_interfaces'
[0.510s] INFO:colcon.colcon_core.shell:Skip shell extension 'powershell' for command environment: Not usable outside of PowerShell
[0.510s] DEBUG:colcon.colcon_core.shell:Skip shell extension 'dsv' for command environment
[0.520s] INFO:colcon.colcon_ros.task.ament_cmake.build:Building ROS package in '/home/huang/codes/ROS_Study/src/village_li' with build type 'ament_cmake'
[0.521s] INFO:colcon.colcon_cmake.task.cmake.build:Building CMake package in '/home/huang/codes/ROS_Study/src/village_li'
[0.524s] INFO:colcon.colcon_core.shell:Skip shell extension 'powershell' for command environment: Not usable outside of PowerShell
[0.525s] DEBUG:colcon.colcon_core.shell:Skip shell extension 'dsv' for command environment
[0.538s] INFO:colcon.colcon_ros.task.ament_cmake.build:Building ROS package in '/home/huang/codes/ROS_Study/src/village_wang' with build type 'ament_cmake'
[0.539s] INFO:colcon.colcon_cmake.task.cmake.build:Building CMake package in '/home/huang/codes/ROS_Study/src/village_wang'
[0.544s] INFO:colcon.colcon_core.shell:Skip shell extension 'powershell' for command environment: Not usable outside of PowerShell
[0.545s] DEBUG:colcon.colcon_core.shell:Skip shell extension 'dsv' for command environment
[0.568s] DEBUG:colcon.colcon_core.event_handler.log_command:Invoking command in '/home/huang/codes/ROS_Study/build/tutorial_interfaces': CMAKE_PREFIX_PATH=${CMAKE_PREFIX_PATH}:/opt/ros/galactic /usr/bin/cmake /home/huang/codes/ROS_Study/src/tutorial_interfaces -DAMENT_CMAKE_SYMLINK_INSTALL=1 -DCMAKE_INSTALL_PREFIX=/home/huang/codes/ROS_Study/install/tutorial_interfaces
[0.581s] DEBUG:colcon.colcon_core.event_handler.log_command:Invoking command in '/home/huang/codes/ROS_Study/build/village_interfaces': CMAKE_PREFIX_PATH=${CMAKE_PREFIX_PATH}:/opt/ros/galactic /usr/bin/cmake /home/huang/codes/ROS_Study/src/village_interfaces -DAMENT_CMAKE_SYMLINK_INSTALL=1 -DCMAKE_INSTALL_PREFIX=/home/huang/codes/ROS_Study/install/village_interfaces
[0.593s] DEBUG:colcon.colcon_core.event_handler.log_command:Invoking command in '/home/huang/codes/ROS_Study/build/village_li': CMAKE_PREFIX_PATH=${CMAKE_PREFIX_PATH}:/opt/ros/galactic /usr/bin/cmake /home/huang/codes/ROS_Study/src/village_li -DAMENT_CMAKE_SYMLINK_INSTALL=1 -DCMAKE_INSTALL_PREFIX=/home/huang/codes/ROS_Study/install/village_li
[0.619s] DEBUG:colcon.colcon_core.event_handler.log_command:Invoking command in '/home/huang/codes/ROS_Study/build/village_wang': CMAKE_PREFIX_PATH=${CMAKE_PREFIX_PATH}:/opt/ros/galactic /usr/bin/cmake /home/huang/codes/ROS_Study/src/village_wang -DAMENT_CMAKE_SYMLINK_INSTALL=1 -DCMAKE_INSTALL_PREFIX=/home/huang/codes/ROS_Study/install/village_wang
[1.660s] DEBUG:colcon.colcon_core.event_handler.log_command:Invoked command in '/home/huang/codes/ROS_Study/build/village_wang' returned '0': CMAKE_PREFIX_PATH=${CMAKE_PREFIX_PATH}:/opt/ros/galactic /usr/bin/cmake /home/huang/codes/ROS_Study/src/village_wang -DAMENT_CMAKE_SYMLINK_INSTALL=1 -DCMAKE_INSTALL_PREFIX=/home/huang/codes/ROS_Study/install/village_wang
[1.664s] DEBUG:colcon.colcon_core.event_handler.log_command:Invoking command in '/home/huang/codes/ROS_Study/build/village_wang': CMAKE_PREFIX_PATH=${CMAKE_PREFIX_PATH}:/opt/ros/galactic /usr/bin/cmake --build /home/huang/codes/ROS_Study/build/village_wang -- -j8 -l8
[1.866s] DEBUG:colcon.colcon_core.event_handler.log_command:Invoked command in '/home/huang/codes/ROS_Study/build/village_li' returned '0': CMAKE_PREFIX_PATH=${CMAKE_PREFIX_PATH}:/opt/ros/galactic /usr/bin/cmake /home/huang/codes/ROS_Study/src/village_li -DAMENT_CMAKE_SYMLINK_INSTALL=1 -DCMAKE_INSTALL_PREFIX=/home/huang/codes/ROS_Study/install/village_li
[1.870s] DEBUG:colcon.colcon_core.event_handler.log_command:Invoking command in '/home/huang/codes/ROS_Study/build/village_li': CMAKE_PREFIX_PATH=${CMAKE_PREFIX_PATH}:/opt/ros/galactic /usr/bin/cmake --build /home/huang/codes/ROS_Study/build/village_li -- -j8 -l8
[2.277s] DEBUG:colcon.colcon_core.event_handler.log_command:Invoked command in '/home/huang/codes/ROS_Study/build/village_li' returned '0': CMAKE_PREFIX_PATH=${CMAKE_PREFIX_PATH}:/opt/ros/galactic /usr/bin/cmake --build /home/huang/codes/ROS_Study/build/village_li -- -j8 -l8
[2.290s] DEBUG:colcon.colcon_core.event_handler.log_command:Invoked command in '/home/huang/codes/ROS_Study/build/village_wang' returned '0': CMAKE_PREFIX_PATH=${CMAKE_PREFIX_PATH}:/opt/ros/galactic /usr/bin/cmake --build /home/huang/codes/ROS_Study/build/village_wang -- -j8 -l8
[2.346s] DEBUG:colcon.colcon_core.event_handler.log_command:Invoking command in '/home/huang/codes/ROS_Study/build/village_li': CMAKE_PREFIX_PATH=${CMAKE_PREFIX_PATH}:/opt/ros/galactic /usr/bin/cmake --install /home/huang/codes/ROS_Study/build/village_li
[2.355s] DEBUG:colcon.colcon_core.event_handler.log_command:Invoking command in '/home/huang/codes/ROS_Study/build/village_wang': CMAKE_PREFIX_PATH=${CMAKE_PREFIX_PATH}:/opt/ros/galactic /usr/bin/cmake --install /home/huang/codes/ROS_Study/build/village_wang
[2.623s] Level 1:colcon.colcon_core.environment:create_environment_scripts_only(village_li)
[2.625s] DEBUG:colcon.colcon_core.event_handler.log_command:Invoked command in '/home/huang/codes/ROS_Study/build/village_li' returned '0': CMAKE_PREFIX_PATH=${CMAKE_PREFIX_PATH}:/opt/ros/galactic /usr/bin/cmake --install /home/huang/codes/ROS_Study/build/village_li
[2.632s] Level 1:colcon.colcon_core.environment:checking '/home/huang/codes/ROS_Study/install/village_li' for CMake module files
[2.632s] Level 1:colcon.colcon_core.environment:checking '/home/huang/codes/ROS_Study/install/village_li' for CMake config files
[2.633s] Level 1:colcon.colcon_core.shell:create_environment_hook('village_li', 'cmake_prefix_path')
[2.634s] INFO:colcon.colcon_core.shell:Creating environment hook '/home/huang/codes/ROS_Study/install/village_li/share/village_li/hook/cmake_prefix_path.ps1'
[2.636s] INFO:colcon.colcon_core.shell:Creating environment descriptor '/home/huang/codes/ROS_Study/install/village_li/share/village_li/hook/cmake_prefix_path.dsv'
[2.636s] INFO:colcon.colcon_core.shell:Creating environment hook '/home/huang/codes/ROS_Study/install/village_li/share/village_li/hook/cmake_prefix_path.sh'
[2.637s] Level 1:colcon.colcon_core.environment:checking '/home/huang/codes/ROS_Study/install/village_li/lib'
[2.638s] Level 1:colcon.colcon_core.environment:checking '/home/huang/codes/ROS_Study/install/village_li/bin'
[2.638s] Level 1:colcon.colcon_core.environment:checking '/home/huang/codes/ROS_Study/install/village_li/lib/pkgconfig/village_li.pc'
[2.638s] Level 1:colcon.colcon_core.environment:checking '/home/huang/codes/ROS_Study/install/village_li/lib/python3.8/site-packages'
[2.638s] Level 1:colcon.colcon_core.environment:checking '/home/huang/codes/ROS_Study/install/village_li/bin'
[2.641s] INFO:colcon.colcon_core.shell:Creating package script '/home/huang/codes/ROS_Study/install/village_li/share/village_li/package.ps1'
[2.643s] INFO:colcon.colcon_core.shell:Creating package descriptor '/home/huang/codes/ROS_Study/install/village_li/share/village_li/package.dsv'
[2.644s] INFO:colcon.colcon_core.shell:Creating package script '/home/huang/codes/ROS_Study/install/village_li/share/village_li/package.sh'
[2.645s] INFO:colcon.colcon_core.shell:Creating package script '/home/huang/codes/ROS_Study/install/village_li/share/village_li/package.bash'
[2.646s] INFO:colcon.colcon_core.shell:Creating package script '/home/huang/codes/ROS_Study/install/village_li/share/village_li/package.zsh'
[2.648s] Level 1:colcon.colcon_core.environment:create_file_with_runtime_dependencies(/home/huang/codes/ROS_Study/install/village_li/share/colcon-core/packages/village_li)
[2.654s] Level 1:colcon.colcon_core.environment:create_environment_scripts_only(village_wang)
[2.662s] Level 1:colcon.colcon_core.environment:checking '/home/huang/codes/ROS_Study/install/village_wang' for CMake module files
[2.662s] DEBUG:colcon.colcon_core.event_handler.log_command:Invoked command in '/home/huang/codes/ROS_Study/build/village_wang' returned '0': CMAKE_PREFIX_PATH=${CMAKE_PREFIX_PATH}:/opt/ros/galactic /usr/bin/cmake --install /home/huang/codes/ROS_Study/build/village_wang
[2.663s] Level 1:colcon.colcon_core.environment:checking '/home/huang/codes/ROS_Study/install/village_wang' for CMake config files
[2.664s] Level 1:colcon.colcon_core.shell:create_environment_hook('village_wang', 'cmake_prefix_path')
[2.667s] INFO:colcon.colcon_core.shell:Creating environment hook '/home/huang/codes/ROS_Study/install/village_wang/share/village_wang/hook/cmake_prefix_path.ps1'
[2.668s] INFO:colcon.colcon_core.shell:Creating environment descriptor '/home/huang/codes/ROS_Study/install/village_wang/share/village_wang/hook/cmake_prefix_path.dsv'
[2.669s] INFO:colcon.colcon_core.shell:Creating environment hook '/home/huang/codes/ROS_Study/install/village_wang/share/village_wang/hook/cmake_prefix_path.sh'
[2.670s] Level 1:colcon.colcon_core.environment:checking '/home/huang/codes/ROS_Study/install/village_wang/lib'
[2.670s] Level 1:colcon.colcon_core.environment:checking '/home/huang/codes/ROS_Study/install/village_wang/bin'
[2.670s] Level 1:colcon.colcon_core.environment:checking '/home/huang/codes/ROS_Study/install/village_wang/lib/pkgconfig/village_wang.pc'
[2.670s] Level 1:colcon.colcon_core.environment:checking '/home/huang/codes/ROS_Study/install/village_wang/lib/python3.8/site-packages'
[2.671s] Level 1:colcon.colcon_core.environment:checking '/home/huang/codes/ROS_Study/install/village_wang/bin'
[2.673s] INFO:colcon.colcon_core.shell:Creating package script '/home/huang/codes/ROS_Study/install/village_wang/share/village_wang/package.ps1'
[2.674s] INFO:colcon.colcon_core.shell:Creating package descriptor '/home/huang/codes/ROS_Study/install/village_wang/share/village_wang/package.dsv'
[2.675s] INFO:colcon.colcon_core.shell:Creating package script '/home/huang/codes/ROS_Study/install/village_wang/share/village_wang/package.sh'
[2.676s] INFO:colcon.colcon_core.shell:Creating package script '/home/huang/codes/ROS_Study/install/village_wang/share/village_wang/package.bash'
[2.677s] INFO:colcon.colcon_core.shell:Creating package script '/home/huang/codes/ROS_Study/install/village_wang/share/village_wang/package.zsh'
[2.678s] Level 1:colcon.colcon_core.environment:create_file_with_runtime_dependencies(/home/huang/codes/ROS_Study/install/village_wang/share/colcon-core/packages/village_wang)
[2.709s] Level 1:colcon.colcon_core.environment:create_environment_scripts_only(village_li)
[2.716s] Level 1:colcon.colcon_core.environment:checking '/home/huang/codes/ROS_Study/install/village_li' for CMake module files
[2.717s] Level 1:colcon.colcon_core.environment:checking '/home/huang/codes/ROS_Study/install/village_li' for CMake config files
[2.717s] Level 1:colcon.colcon_core.shell:create_environment_hook('village_li', 'cmake_prefix_path')
[2.721s] INFO:colcon.colcon_core.shell:Creating environment hook '/home/huang/codes/ROS_Study/install/village_li/share/village_li/hook/cmake_prefix_path.ps1'
[2.723s] INFO:colcon.colcon_core.shell:Creating environment descriptor '/home/huang/codes/ROS_Study/install/village_li/share/village_li/hook/cmake_prefix_path.dsv'
[2.723s] INFO:colcon.colcon_core.shell:Creating environment hook '/home/huang/codes/ROS_Study/install/village_li/share/village_li/hook/cmake_prefix_path.sh'
[2.725s] Level 1:colcon.colcon_core.environment:checking '/home/huang/codes/ROS_Study/install/village_li/lib'
[2.725s] Level 1:colcon.colcon_core.environment:checking '/home/huang/codes/ROS_Study/install/village_li/bin'
[2.725s] Level 1:colcon.colcon_core.environment:checking '/home/huang/codes/ROS_Study/install/village_li/lib/pkgconfig/village_li.pc'
[2.726s] Level 1:colcon.colcon_core.environment:checking '/home/huang/codes/ROS_Study/install/village_li/lib/python3.8/site-packages'
[2.726s] Level 1:colcon.colcon_core.environment:checking '/home/huang/codes/ROS_Study/install/village_li/bin'
[2.729s] INFO:colcon.colcon_core.shell:Creating package script '/home/huang/codes/ROS_Study/install/village_li/share/village_li/package.ps1'
[2.730s] INFO:colcon.colcon_core.shell:Creating package descriptor '/home/huang/codes/ROS_Study/install/village_li/share/village_li/package.dsv'
[2.731s] INFO:colcon.colcon_core.shell:Creating package script '/home/huang/codes/ROS_Study/install/village_li/share/village_li/package.sh'
[2.732s] INFO:colcon.colcon_core.shell:Creating package script '/home/huang/codes/ROS_Study/install/village_li/share/village_li/package.bash'
[2.732s] INFO:colcon.colcon_core.shell:Creating package script '/home/huang/codes/ROS_Study/install/village_li/share/village_li/package.zsh'
[2.733s] Level 1:colcon.colcon_core.environment:create_file_with_runtime_dependencies(/home/huang/codes/ROS_Study/install/village_li/share/colcon-core/packages/village_li)
[2.741s] Level 1:colcon.colcon_core.environment:create_environment_scripts_only(village_wang)
[2.747s] Level 1:colcon.colcon_core.environment:checking '/home/huang/codes/ROS_Study/install/village_wang' for CMake module files
[2.748s] Level 1:colcon.colcon_core.environment:checking '/home/huang/codes/ROS_Study/install/village_wang' for CMake config files
[2.749s] Level 1:colcon.colcon_core.shell:create_environment_hook('village_wang', 'cmake_prefix_path')
[2.753s] INFO:colcon.colcon_core.shell:Creating environment hook '/home/huang/codes/ROS_Study/install/village_wang/share/village_wang/hook/cmake_prefix_path.ps1'
[2.754s] INFO:colcon.colcon_core.shell:Creating environment descriptor '/home/huang/codes/ROS_Study/install/village_wang/share/village_wang/hook/cmake_prefix_path.dsv'
[2.755s] INFO:colcon.colcon_core.shell:Creating environment hook '/home/huang/codes/ROS_Study/install/village_wang/share/village_wang/hook/cmake_prefix_path.sh'
[2.756s] Level 1:colcon.colcon_core.environment:checking '/home/huang/codes/ROS_Study/install/village_wang/lib'
[2.756s] Level 1:colcon.colcon_core.environment:checking '/home/huang/codes/ROS_Study/install/village_wang/bin'
[2.757s] Level 1:colcon.colcon_core.environment:checking '/home/huang/codes/ROS_Study/install/village_wang/lib/pkgconfig/village_wang.pc'
[2.757s] Level 1:colcon.colcon_core.environment:checking '/home/huang/codes/ROS_Study/install/village_wang/lib/python3.8/site-packages'
[2.758s] Level 1:colcon.colcon_core.environment:checking '/home/huang/codes/ROS_Study/install/village_wang/bin'
[2.762s] INFO:colcon.colcon_core.shell:Creating package script '/home/huang/codes/ROS_Study/install/village_wang/share/village_wang/package.ps1'
[2.763s] INFO:colcon.colcon_core.shell:Creating package descriptor '/home/huang/codes/ROS_Study/install/village_wang/share/village_wang/package.dsv'
[2.764s] INFO:colcon.colcon_core.shell:Creating package script '/home/huang/codes/ROS_Study/install/village_wang/share/village_wang/package.sh'
[2.765s] INFO:colcon.colcon_core.shell:Creating package script '/home/huang/codes/ROS_Study/install/village_wang/share/village_wang/package.bash'
[2.766s] INFO:colcon.colcon_core.shell:Creating package script '/home/huang/codes/ROS_Study/install/village_wang/share/village_wang/package.zsh'
[2.767s] Level 1:colcon.colcon_core.environment:create_file_with_runtime_dependencies(/home/huang/codes/ROS_Study/install/village_wang/share/colcon-core/packages/village_wang)
[3.531s] DEBUG:colcon.colcon_core.event_handler.log_command:Invoked command in '/home/huang/codes/ROS_Study/build/tutorial_interfaces' returned '0': CMAKE_PREFIX_PATH=${CMAKE_PREFIX_PATH}:/opt/ros/galactic /usr/bin/cmake /home/huang/codes/ROS_Study/src/tutorial_interfaces -DAMENT_CMAKE_SYMLINK_INSTALL=1 -DCMAKE_INSTALL_PREFIX=/home/huang/codes/ROS_Study/install/tutorial_interfaces
[3.538s] DEBUG:colcon.colcon_core.event_handler.log_command:Invoking command in '/home/huang/codes/ROS_Study/build/tutorial_interfaces': CMAKE_PREFIX_PATH=${CMAKE_PREFIX_PATH}:/opt/ros/galactic /usr/bin/cmake --build /home/huang/codes/ROS_Study/build/tutorial_interfaces -- -j8 -l8
[4.211s] DEBUG:colcon.colcon_core.event_handler.log_command:Invoked command in '/home/huang/codes/ROS_Study/build/village_interfaces' returned '0': CMAKE_PREFIX_PATH=${CMAKE_PREFIX_PATH}:/opt/ros/galactic /usr/bin/cmake /home/huang/codes/ROS_Study/src/village_interfaces -DAMENT_CMAKE_SYMLINK_INSTALL=1 -DCMAKE_INSTALL_PREFIX=/home/huang/codes/ROS_Study/install/village_interfaces
[4.217s] DEBUG:colcon.colcon_core.event_handler.log_command:Invoking command in '/home/huang/codes/ROS_Study/build/village_interfaces': CMAKE_PREFIX_PATH=${CMAKE_PREFIX_PATH}:/opt/ros/galactic /usr/bin/cmake --build /home/huang/codes/ROS_Study/build/village_interfaces -- -j8 -l8
[4.760s] DEBUG:colcon.colcon_core.event_handler.log_command:Invoked command in '/home/huang/codes/ROS_Study/build/tutorial_interfaces' returned '0': CMAKE_PREFIX_PATH=${CMAKE_PREFIX_PATH}:/opt/ros/galactic /usr/bin/cmake --build /home/huang/codes/ROS_Study/build/tutorial_interfaces -- -j8 -l8
[4.904s] DEBUG:colcon.colcon_core.event_handler.log_command:Invoking command in '/home/huang/codes/ROS_Study/build/tutorial_interfaces': CMAKE_PREFIX_PATH=${CMAKE_PREFIX_PATH}:/opt/ros/galactic /usr/bin/cmake --install /home/huang/codes/ROS_Study/build/tutorial_interfaces
[5.196s] DEBUG:colcon.colcon_core.event_handler.log_command:Invoked command in '/home/huang/codes/ROS_Study/build/village_interfaces' returned '0': CMAKE_PREFIX_PATH=${CMAKE_PREFIX_PATH}:/opt/ros/galactic /usr/bin/cmake --build /home/huang/codes/ROS_Study/build/village_interfaces -- -j8 -l8
[5.342s] DEBUG:colcon.colcon_core.event_handler.log_command:Invoking command in '/home/huang/codes/ROS_Study/build/village_interfaces': CMAKE_PREFIX_PATH=${CMAKE_PREFIX_PATH}:/opt/ros/galactic /usr/bin/cmake --install /home/huang/codes/ROS_Study/build/village_interfaces
[6.282s] Level 1:colcon.colcon_core.environment:create_environment_scripts_only(village_interfaces)
[6.286s] Level 1:colcon.colcon_core.environment:checking '/home/huang/codes/ROS_Study/install/village_interfaces' for CMake module files
[6.287s] DEBUG:colcon.colcon_core.event_handler.log_command:Invoked command in '/home/huang/codes/ROS_Study/build/village_interfaces' returned '0': CMAKE_PREFIX_PATH=${CMAKE_PREFIX_PATH}:/opt/ros/galactic /usr/bin/cmake --install /home/huang/codes/ROS_Study/build/village_interfaces
[6.288s] Level 1:colcon.colcon_core.environment:checking '/home/huang/codes/ROS_Study/install/village_interfaces' for CMake config files
[6.288s] Level 1:colcon.colcon_core.shell:create_environment_hook('village_interfaces', 'cmake_prefix_path')
[6.291s] INFO:colcon.colcon_core.shell:Creating environment hook '/home/huang/codes/ROS_Study/install/village_interfaces/share/village_interfaces/hook/cmake_prefix_path.ps1'
[6.292s] INFO:colcon.colcon_core.shell:Creating environment descriptor '/home/huang/codes/ROS_Study/install/village_interfaces/share/village_interfaces/hook/cmake_prefix_path.dsv'
[6.293s] INFO:colcon.colcon_core.shell:Creating environment hook '/home/huang/codes/ROS_Study/install/village_interfaces/share/village_interfaces/hook/cmake_prefix_path.sh'
[6.294s] Level 1:colcon.colcon_core.environment:checking '/home/huang/codes/ROS_Study/install/village_interfaces/lib'
[6.294s] Level 1:colcon.colcon_core.shell:create_environment_hook('village_interfaces', 'ld_library_path_lib')
[6.296s] INFO:colcon.colcon_core.shell:Creating environment hook '/home/huang/codes/ROS_Study/install/village_interfaces/share/village_interfaces/hook/ld_library_path_lib.ps1'
[6.297s] INFO:colcon.colcon_core.shell:Creating environment descriptor '/home/huang/codes/ROS_Study/install/village_interfaces/share/village_interfaces/hook/ld_library_path_lib.dsv'
[6.297s] INFO:colcon.colcon_core.shell:Creating environment hook '/home/huang/codes/ROS_Study/install/village_interfaces/share/village_interfaces/hook/ld_library_path_lib.sh'
[6.298s] Level 1:colcon.colcon_core.environment:checking '/home/huang/codes/ROS_Study/install/village_interfaces/bin'
[6.298s] Level 1:colcon.colcon_core.environment:checking '/home/huang/codes/ROS_Study/install/village_interfaces/lib/pkgconfig/village_interfaces.pc'
[6.298s] Level 1:colcon.colcon_core.environment:checking '/home/huang/codes/ROS_Study/install/village_interfaces/lib/python3.8/site-packages'
[6.298s] Level 1:colcon.colcon_core.shell:create_environment_hook('village_interfaces', 'pythonpath')
[6.300s] INFO:colcon.colcon_core.shell:Creating environment hook '/home/huang/codes/ROS_Study/install/village_interfaces/share/village_interfaces/hook/pythonpath.ps1'
[6.300s] INFO:colcon.colcon_core.shell:Creating environment descriptor '/home/huang/codes/ROS_Study/install/village_interfaces/share/village_interfaces/hook/pythonpath.dsv'
[6.301s] INFO:colcon.colcon_core.shell:Creating environment hook '/home/huang/codes/ROS_Study/install/village_interfaces/share/village_interfaces/hook/pythonpath.sh'
[6.301s] Level 1:colcon.colcon_core.environment:checking '/home/huang/codes/ROS_Study/install/village_interfaces/bin'
[6.303s] INFO:colcon.colcon_core.shell:Creating package script '/home/huang/codes/ROS_Study/install/village_interfaces/share/village_interfaces/package.ps1'
[6.304s] INFO:colcon.colcon_core.shell:Creating package descriptor '/home/huang/codes/ROS_Study/install/village_interfaces/share/village_interfaces/package.dsv'
[6.305s] INFO:colcon.colcon_core.shell:Creating package script '/home/huang/codes/ROS_Study/install/village_interfaces/share/village_interfaces/package.sh'
[6.306s] INFO:colcon.colcon_core.shell:Creating package script '/home/huang/codes/ROS_Study/install/village_interfaces/share/village_interfaces/package.bash'
[6.306s] INFO:colcon.colcon_core.shell:Creating package script '/home/huang/codes/ROS_Study/install/village_interfaces/share/village_interfaces/package.zsh'
[6.306s] Level 1:colcon.colcon_core.environment:create_file_with_runtime_dependencies(/home/huang/codes/ROS_Study/install/village_interfaces/share/colcon-core/packages/village_interfaces)
[6.386s] Level 1:colcon.colcon_core.environment:create_environment_scripts_only(village_interfaces)
[6.390s] Level 1:colcon.colcon_core.environment:checking '/home/huang/codes/ROS_Study/install/village_interfaces' for CMake module files
[6.391s] Level 1:colcon.colcon_core.environment:checking '/home/huang/codes/ROS_Study/install/village_interfaces' for CMake config files
[6.392s] Level 1:colcon.colcon_core.shell:create_environment_hook('village_interfaces', 'cmake_prefix_path')
[6.395s] INFO:colcon.colcon_core.shell:Creating environment hook '/home/huang/codes/ROS_Study/install/village_interfaces/share/village_interfaces/hook/cmake_prefix_path.ps1'
[6.395s] INFO:colcon.colcon_core.shell:Creating environment descriptor '/home/huang/codes/ROS_Study/install/village_interfaces/share/village_interfaces/hook/cmake_prefix_path.dsv'
[6.396s] INFO:colcon.colcon_core.shell:Creating environment hook '/home/huang/codes/ROS_Study/install/village_interfaces/share/village_interfaces/hook/cmake_prefix_path.sh'
[6.397s] Level 1:colcon.colcon_core.environment:checking '/home/huang/codes/ROS_Study/install/village_interfaces/lib'
[6.398s] Level 1:colcon.colcon_core.shell:create_environment_hook('village_interfaces', 'ld_library_path_lib')
[6.400s] INFO:colcon.colcon_core.shell:Creating environment hook '/home/huang/codes/ROS_Study/install/village_interfaces/share/village_interfaces/hook/ld_library_path_lib.ps1'
[6.401s] INFO:colcon.colcon_core.shell:Creating environment descriptor '/home/huang/codes/ROS_Study/install/village_interfaces/share/village_interfaces/hook/ld_library_path_lib.dsv'
[6.401s] INFO:colcon.colcon_core.shell:Creating environment hook '/home/huang/codes/ROS_Study/install/village_interfaces/share/village_interfaces/hook/ld_library_path_lib.sh'
[6.402s] Level 1:colcon.colcon_core.environment:checking '/home/huang/codes/ROS_Study/install/village_interfaces/bin'
[6.402s] Level 1:colcon.colcon_core.environment:checking '/home/huang/codes/ROS_Study/install/village_interfaces/lib/pkgconfig/village_interfaces.pc'
[6.402s] Level 1:colcon.colcon_core.environment:checking '/home/huang/codes/ROS_Study/install/village_interfaces/lib/python3.8/site-packages'
[6.402s] Level 1:colcon.colcon_core.shell:create_environment_hook('village_interfaces', 'pythonpath')
[6.405s] INFO:colcon.colcon_core.shell:Creating environment hook '/home/huang/codes/ROS_Study/install/village_interfaces/share/village_interfaces/hook/pythonpath.ps1'
[6.406s] INFO:colcon.colcon_core.shell:Creating environment descriptor '/home/huang/codes/ROS_Study/install/village_interfaces/share/village_interfaces/hook/pythonpath.dsv'
[6.406s] INFO:colcon.colcon_core.shell:Creating environment hook '/home/huang/codes/ROS_Study/install/village_interfaces/share/village_interfaces/hook/pythonpath.sh'
[6.407s] Level 1:colcon.colcon_core.environment:checking '/home/huang/codes/ROS_Study/install/village_interfaces/bin'
[6.409s] INFO:colcon.colcon_core.shell:Creating package script '/home/huang/codes/ROS_Study/install/village_interfaces/share/village_interfaces/package.ps1'
[6.410s] INFO:colcon.colcon_core.shell:Creating package descriptor '/home/huang/codes/ROS_Study/install/village_interfaces/share/village_interfaces/package.dsv'
[6.411s] INFO:colcon.colcon_core.shell:Creating package script '/home/huang/codes/ROS_Study/install/village_interfaces/share/village_interfaces/package.sh'
[6.412s] INFO:colcon.colcon_core.shell:Creating package script '/home/huang/codes/ROS_Study/install/village_interfaces/share/village_interfaces/package.bash'
[6.412s] INFO:colcon.colcon_core.shell:Creating package script '/home/huang/codes/ROS_Study/install/village_interfaces/share/village_interfaces/package.zsh'
[6.413s] Level 1:colcon.colcon_core.environment:create_file_with_runtime_dependencies(/home/huang/codes/ROS_Study/install/village_interfaces/share/colcon-core/packages/village_interfaces)
[6.811s] Level 1:colcon.colcon_core.environment:create_environment_scripts_only(tutorial_interfaces)
[6.817s] Level 1:colcon.colcon_core.environment:checking '/home/huang/codes/ROS_Study/install/tutorial_interfaces' for CMake module files
[6.818s] DEBUG:colcon.colcon_core.event_handler.log_command:Invoked command in '/home/huang/codes/ROS_Study/build/tutorial_interfaces' returned '0': CMAKE_PREFIX_PATH=${CMAKE_PREFIX_PATH}:/opt/ros/galactic /usr/bin/cmake --install /home/huang/codes/ROS_Study/build/tutorial_interfaces
[6.821s] Level 1:colcon.colcon_core.environment:checking '/home/huang/codes/ROS_Study/install/tutorial_interfaces' for CMake config files
[6.821s] Level 1:colcon.colcon_core.shell:create_environment_hook('tutorial_interfaces', 'cmake_prefix_path')
[6.826s] INFO:colcon.colcon_core.shell:Creating environment hook '/home/huang/codes/ROS_Study/install/tutorial_interfaces/share/tutorial_interfaces/hook/cmake_prefix_path.ps1'
[6.828s] INFO:colcon.colcon_core.shell:Creating environment descriptor '/home/huang/codes/ROS_Study/install/tutorial_interfaces/share/tutorial_interfaces/hook/cmake_prefix_path.dsv'
[6.829s] INFO:colcon.colcon_core.shell:Creating environment hook '/home/huang/codes/ROS_Study/install/tutorial_interfaces/share/tutorial_interfaces/hook/cmake_prefix_path.sh'
[6.831s] Level 1:colcon.colcon_core.environment:checking '/home/huang/codes/ROS_Study/install/tutorial_interfaces/lib'
[6.831s] Level 1:colcon.colcon_core.shell:create_environment_hook('tutorial_interfaces', 'ld_library_path_lib')
[6.834s] INFO:colcon.colcon_core.shell:Creating environment hook '/home/huang/codes/ROS_Study/install/tutorial_interfaces/share/tutorial_interfaces/hook/ld_library_path_lib.ps1'
[6.835s] INFO:colcon.colcon_core.shell:Creating environment descriptor '/home/huang/codes/ROS_Study/install/tutorial_interfaces/share/tutorial_interfaces/hook/ld_library_path_lib.dsv'
[6.836s] INFO:colcon.colcon_core.shell:Creating environment hook '/home/huang/codes/ROS_Study/install/tutorial_interfaces/share/tutorial_interfaces/hook/ld_library_path_lib.sh'
[6.837s] Level 1:colcon.colcon_core.environment:checking '/home/huang/codes/ROS_Study/install/tutorial_interfaces/bin'
[6.837s] Level 1:colcon.colcon_core.environment:checking '/home/huang/codes/ROS_Study/install/tutorial_interfaces/lib/pkgconfig/tutorial_interfaces.pc'
[6.837s] Level 1:colcon.colcon_core.environment:checking '/home/huang/codes/ROS_Study/install/tutorial_interfaces/lib/python3.8/site-packages'
[6.838s] Level 1:colcon.colcon_core.shell:create_environment_hook('tutorial_interfaces', 'pythonpath')
[6.841s] INFO:colcon.colcon_core.shell:Creating environment hook '/home/huang/codes/ROS_Study/install/tutorial_interfaces/share/tutorial_interfaces/hook/pythonpath.ps1'
[6.844s] INFO:colcon.colcon_core.shell:Creating environment descriptor '/home/huang/codes/ROS_Study/install/tutorial_interfaces/share/tutorial_interfaces/hook/pythonpath.dsv'
[6.845s] INFO:colcon.colcon_core.shell:Creating environment hook '/home/huang/codes/ROS_Study/install/tutorial_interfaces/share/tutorial_interfaces/hook/pythonpath.sh'
[6.846s] Level 1:colcon.colcon_core.environment:checking '/home/huang/codes/ROS_Study/install/tutorial_interfaces/bin'
[6.852s] INFO:colcon.colcon_core.shell:Creating package script '/home/huang/codes/ROS_Study/install/tutorial_interfaces/share/tutorial_interfaces/package.ps1'
[6.855s] INFO:colcon.colcon_core.shell:Creating package descriptor '/home/huang/codes/ROS_Study/install/tutorial_interfaces/share/tutorial_interfaces/package.dsv'
[6.856s] INFO:colcon.colcon_core.shell:Creating package script '/home/huang/codes/ROS_Study/install/tutorial_interfaces/share/tutorial_interfaces/package.sh'
[6.858s] INFO:colcon.colcon_core.shell:Creating package script '/home/huang/codes/ROS_Study/install/tutorial_interfaces/share/tutorial_interfaces/package.bash'
[6.859s] INFO:colcon.colcon_core.shell:Creating package script '/home/huang/codes/ROS_Study/install/tutorial_interfaces/share/tutorial_interfaces/package.zsh'
[6.860s] Level 1:colcon.colcon_core.environment:create_file_with_runtime_dependencies(/home/huang/codes/ROS_Study/install/tutorial_interfaces/share/colcon-core/packages/tutorial_interfaces)
[7.160s] Level 1:colcon.colcon_core.environment:create_environment_scripts_only(tutorial_interfaces)
[7.168s] Level 1:colcon.colcon_core.environment:checking '/home/huang/codes/ROS_Study/install/tutorial_interfaces' for CMake module files
[7.171s] Level 1:colcon.colcon_core.environment:checking '/home/huang/codes/ROS_Study/install/tutorial_interfaces' for CMake config files
[7.172s] Level 1:colcon.colcon_core.shell:create_environment_hook('tutorial_interfaces', 'cmake_prefix_path')
[7.177s] INFO:colcon.colcon_core.shell:Creating environment hook '/home/huang/codes/ROS_Study/install/tutorial_interfaces/share/tutorial_interfaces/hook/cmake_prefix_path.ps1'
[7.178s] INFO:colcon.colcon_core.shell:Creating environment descriptor '/home/huang/codes/ROS_Study/install/tutorial_interfaces/share/tutorial_interfaces/hook/cmake_prefix_path.dsv'
[7.179s] INFO:colcon.colcon_core.shell:Creating environment hook '/home/huang/codes/ROS_Study/install/tutorial_interfaces/share/tutorial_interfaces/hook/cmake_prefix_path.sh'
[7.180s] Level 1:colcon.colcon_core.environment:checking '/home/huang/codes/ROS_Study/install/tutorial_interfaces/lib'
[7.180s] Level 1:colcon.colcon_core.shell:create_environment_hook('tutorial_interfaces', 'ld_library_path_lib')
[7.184s] INFO:colcon.colcon_core.shell:Creating environment hook '/home/huang/codes/ROS_Study/install/tutorial_interfaces/share/tutorial_interfaces/hook/ld_library_path_lib.ps1'
[7.184s] INFO:colcon.colcon_core.shell:Creating environment descriptor '/home/huang/codes/ROS_Study/install/tutorial_interfaces/share/tutorial_interfaces/hook/ld_library_path_lib.dsv'
[7.185s] INFO:colcon.colcon_core.shell:Creating environment hook '/home/huang/codes/ROS_Study/install/tutorial_interfaces/share/tutorial_interfaces/hook/ld_library_path_lib.sh'
[7.186s] Level 1:colcon.colcon_core.environment:checking '/home/huang/codes/ROS_Study/install/tutorial_interfaces/bin'
[7.186s] Level 1:colcon.colcon_core.environment:checking '/home/huang/codes/ROS_Study/install/tutorial_interfaces/lib/pkgconfig/tutorial_interfaces.pc'
[7.186s] Level 1:colcon.colcon_core.environment:checking '/home/huang/codes/ROS_Study/install/tutorial_interfaces/lib/python3.8/site-packages'
[7.186s] Level 1:colcon.colcon_core.shell:create_environment_hook('tutorial_interfaces', 'pythonpath')
[7.189s] INFO:colcon.colcon_core.shell:Creating environment hook '/home/huang/codes/ROS_Study/install/tutorial_interfaces/share/tutorial_interfaces/hook/pythonpath.ps1'
[7.190s] INFO:colcon.colcon_core.shell:Creating environment descriptor '/home/huang/codes/ROS_Study/install/tutorial_interfaces/share/tutorial_interfaces/hook/pythonpath.dsv'
[7.190s] INFO:colcon.colcon_core.shell:Creating environment hook '/home/huang/codes/ROS_Study/install/tutorial_interfaces/share/tutorial_interfaces/hook/pythonpath.sh'
[7.191s] Level 1:colcon.colcon_core.environment:checking '/home/huang/codes/ROS_Study/install/tutorial_interfaces/bin'
[7.194s] INFO:colcon.colcon_core.shell:Creating package script '/home/huang/codes/ROS_Study/install/tutorial_interfaces/share/tutorial_interfaces/package.ps1'
[7.196s] INFO:colcon.colcon_core.shell:Creating package descriptor '/home/huang/codes/ROS_Study/install/tutorial_interfaces/share/tutorial_interfaces/package.dsv'
[7.197s] INFO:colcon.colcon_core.shell:Creating package script '/home/huang/codes/ROS_Study/install/tutorial_interfaces/share/tutorial_interfaces/package.sh'
[7.197s] INFO:colcon.colcon_core.shell:Creating package script '/home/huang/codes/ROS_Study/install/tutorial_interfaces/share/tutorial_interfaces/package.bash'
[7.198s] INFO:colcon.colcon_core.shell:Creating package script '/home/huang/codes/ROS_Study/install/tutorial_interfaces/share/tutorial_interfaces/package.zsh'
[7.199s] Level 1:colcon.colcon_core.environment:create_file_with_runtime_dependencies(/home/huang/codes/ROS_Study/install/tutorial_interfaces/share/colcon-core/packages/tutorial_interfaces)
[7.200s] INFO:colcon.colcon_ros.task.ament_cmake.build:Building ROS package in '/home/huang/codes/ROS_Study/src/ros_pub_sub' with build type 'ament_cmake'
[7.200s] INFO:colcon.colcon_cmake.task.cmake.build:Building CMake package in '/home/huang/codes/ROS_Study/src/ros_pub_sub'
[7.204s] INFO:colcon.colcon_core.shell:Skip shell extension 'powershell' for command environment: Not usable outside of PowerShell
[7.204s] DEBUG:colcon.colcon_core.shell:Skip shell extension 'dsv' for command environment
[7.222s] INFO:colcon.colcon_ros.task.ament_cmake.build:Building ROS package in '/home/huang/codes/ROS_Study/src/ros_pub_sub_cv' with build type 'ament_cmake'
[7.223s] INFO:colcon.colcon_cmake.task.cmake.build:Building CMake package in '/home/huang/codes/ROS_Study/src/ros_pub_sub_cv'
[7.227s] INFO:colcon.colcon_core.shell:Skip shell extension 'powershell' for command environment: Not usable outside of PowerShell
[7.227s] DEBUG:colcon.colcon_core.shell:Skip shell extension 'dsv' for command environment
[7.253s] DEBUG:colcon.colcon_core.event_handler.log_command:Invoking command in '/home/huang/codes/ROS_Study/build/ros_pub_sub': CMAKE_PREFIX_PATH=/home/huang/codes/ROS_Study/install/tutorial_interfaces:/home/huang/codes/ROS_Study/install/village_wang:/home/huang/codes/ROS_Study/install/village_li:/home/huang/codes/ROS_Study/install/village_interfaces:/home/huang/codes/ROS_Study/install/ros_pub_sub_cv:/home/huang/codes/ROS_Study/install/ros_pub_sub:/opt/ros/galactic LD_LIBRARY_PATH=/home/huang/codes/ROS_Study/install/tutorial_interfaces/lib:/home/huang/codes/ROS_Study/install/village_interfaces/lib:/opt/ros/galactic/opt/yaml_cpp_vendor/lib:/opt/ros/galactic/opt/rviz_ogre_vendor/lib:/opt/ros/galactic/lib/x86_64-linux-gnu:/opt/ros/galactic/lib PYTHONPATH=/home/huang/codes/ROS_Study/install/tutorial_interfaces/lib/python3.8/site-packages:/home/huang/codes/ROS_Study/install/village_interfaces/lib/python3.8/site-packages:/opt/ros/galactic/lib/python3.8/site-packages /usr/bin/cmake /home/huang/codes/ROS_Study/src/ros_pub_sub -DAMENT_CMAKE_SYMLINK_INSTALL=1 -DCMAKE_INSTALL_PREFIX=/home/huang/codes/ROS_Study/install/ros_pub_sub
[7.265s] DEBUG:colcon.colcon_core.event_handler.log_command:Invoking command in '/home/huang/codes/ROS_Study/build/ros_pub_sub_cv': CMAKE_PREFIX_PATH=/home/huang/codes/ROS_Study/install/tutorial_interfaces:/home/huang/codes/ROS_Study/install/village_wang:/home/huang/codes/ROS_Study/install/village_li:/home/huang/codes/ROS_Study/install/village_interfaces:/home/huang/codes/ROS_Study/install/ros_pub_sub_cv:/home/huang/codes/ROS_Study/install/ros_pub_sub:/opt/ros/galactic LD_LIBRARY_PATH=/home/huang/codes/ROS_Study/install/tutorial_interfaces/lib:/home/huang/codes/ROS_Study/install/village_interfaces/lib:/opt/ros/galactic/opt/yaml_cpp_vendor/lib:/opt/ros/galactic/opt/rviz_ogre_vendor/lib:/opt/ros/galactic/lib/x86_64-linux-gnu:/opt/ros/galactic/lib PYTHONPATH=/home/huang/codes/ROS_Study/install/tutorial_interfaces/lib/python3.8/site-packages:/home/huang/codes/ROS_Study/install/village_interfaces/lib/python3.8/site-packages:/opt/ros/galactic/lib/python3.8/site-packages /usr/bin/cmake /home/huang/codes/ROS_Study/src/ros_pub_sub_cv -DAMENT_CMAKE_SYMLINK_INSTALL=1 -DCMAKE_INSTALL_PREFIX=/home/huang/codes/ROS_Study/install/ros_pub_sub_cv
[8.755s] DEBUG:colcon.colcon_core.event_handler.log_command:Invoked command in '/home/huang/codes/ROS_Study/build/ros_pub_sub_cv' returned '0': CMAKE_PREFIX_PATH=/home/huang/codes/ROS_Study/install/tutorial_interfaces:/home/huang/codes/ROS_Study/install/village_wang:/home/huang/codes/ROS_Study/install/village_li:/home/huang/codes/ROS_Study/install/village_interfaces:/home/huang/codes/ROS_Study/install/ros_pub_sub_cv:/home/huang/codes/ROS_Study/install/ros_pub_sub:/opt/ros/galactic LD_LIBRARY_PATH=/home/huang/codes/ROS_Study/install/tutorial_interfaces/lib:/home/huang/codes/ROS_Study/install/village_interfaces/lib:/opt/ros/galactic/opt/yaml_cpp_vendor/lib:/opt/ros/galactic/opt/rviz_ogre_vendor/lib:/opt/ros/galactic/lib/x86_64-linux-gnu:/opt/ros/galactic/lib PYTHONPATH=/home/huang/codes/ROS_Study/install/tutorial_interfaces/lib/python3.8/site-packages:/home/huang/codes/ROS_Study/install/village_interfaces/lib/python3.8/site-packages:/opt/ros/galactic/lib/python3.8/site-packages /usr/bin/cmake /home/huang/codes/ROS_Study/src/ros_pub_sub_cv -DAMENT_CMAKE_SYMLINK_INSTALL=1 -DCMAKE_INSTALL_PREFIX=/home/huang/codes/ROS_Study/install/ros_pub_sub_cv
[8.759s] DEBUG:colcon.colcon_core.event_handler.log_command:Invoking command in '/home/huang/codes/ROS_Study/build/ros_pub_sub_cv': CMAKE_PREFIX_PATH=/home/huang/codes/ROS_Study/install/tutorial_interfaces:/home/huang/codes/ROS_Study/install/village_wang:/home/huang/codes/ROS_Study/install/village_li:/home/huang/codes/ROS_Study/install/village_interfaces:/home/huang/codes/ROS_Study/install/ros_pub_sub_cv:/home/huang/codes/ROS_Study/install/ros_pub_sub:/opt/ros/galactic LD_LIBRARY_PATH=/home/huang/codes/ROS_Study/install/tutorial_interfaces/lib:/home/huang/codes/ROS_Study/install/village_interfaces/lib:/opt/ros/galactic/opt/yaml_cpp_vendor/lib:/opt/ros/galactic/opt/rviz_ogre_vendor/lib:/opt/ros/galactic/lib/x86_64-linux-gnu:/opt/ros/galactic/lib PYTHONPATH=/home/huang/codes/ROS_Study/install/tutorial_interfaces/lib/python3.8/site-packages:/home/huang/codes/ROS_Study/install/village_interfaces/lib/python3.8/site-packages:/opt/ros/galactic/lib/python3.8/site-packages /usr/bin/cmake --build /home/huang/codes/ROS_Study/build/ros_pub_sub_cv -- -j8 -l8
[8.808s] DEBUG:colcon.colcon_core.event_handler.log_command:Invoked command in '/home/huang/codes/ROS_Study/build/ros_pub_sub' returned '0': CMAKE_PREFIX_PATH=/home/huang/codes/ROS_Study/install/tutorial_interfaces:/home/huang/codes/ROS_Study/install/village_wang:/home/huang/codes/ROS_Study/install/village_li:/home/huang/codes/ROS_Study/install/village_interfaces:/home/huang/codes/ROS_Study/install/ros_pub_sub_cv:/home/huang/codes/ROS_Study/install/ros_pub_sub:/opt/ros/galactic LD_LIBRARY_PATH=/home/huang/codes/ROS_Study/install/tutorial_interfaces/lib:/home/huang/codes/ROS_Study/install/village_interfaces/lib:/opt/ros/galactic/opt/yaml_cpp_vendor/lib:/opt/ros/galactic/opt/rviz_ogre_vendor/lib:/opt/ros/galactic/lib/x86_64-linux-gnu:/opt/ros/galactic/lib PYTHONPATH=/home/huang/codes/ROS_Study/install/tutorial_interfaces/lib/python3.8/site-packages:/home/huang/codes/ROS_Study/install/village_interfaces/lib/python3.8/site-packages:/opt/ros/galactic/lib/python3.8/site-packages /usr/bin/cmake /home/huang/codes/ROS_Study/src/ros_pub_sub -DAMENT_CMAKE_SYMLINK_INSTALL=1 -DCMAKE_INSTALL_PREFIX=/home/huang/codes/ROS_Study/install/ros_pub_sub
[8.811s] DEBUG:colcon.colcon_core.event_handler.log_command:Invoking command in '/home/huang/codes/ROS_Study/build/ros_pub_sub': CMAKE_PREFIX_PATH=/home/huang/codes/ROS_Study/install/tutorial_interfaces:/home/huang/codes/ROS_Study/install/village_wang:/home/huang/codes/ROS_Study/install/village_li:/home/huang/codes/ROS_Study/install/village_interfaces:/home/huang/codes/ROS_Study/install/ros_pub_sub_cv:/home/huang/codes/ROS_Study/install/ros_pub_sub:/opt/ros/galactic LD_LIBRARY_PATH=/home/huang/codes/ROS_Study/install/tutorial_interfaces/lib:/home/huang/codes/ROS_Study/install/village_interfaces/lib:/opt/ros/galactic/opt/yaml_cpp_vendor/lib:/opt/ros/galactic/opt/rviz_ogre_vendor/lib:/opt/ros/galactic/lib/x86_64-linux-gnu:/opt/ros/galactic/lib PYTHONPATH=/home/huang/codes/ROS_Study/install/tutorial_interfaces/lib/python3.8/site-packages:/home/huang/codes/ROS_Study/install/village_interfaces/lib/python3.8/site-packages:/opt/ros/galactic/lib/python3.8/site-packages /usr/bin/cmake --build /home/huang/codes/ROS_Study/build/ros_pub_sub -- -j8 -l8
[9.506s] DEBUG:colcon.colcon_core.event_handler.log_command:Invoked command in '/home/huang/codes/ROS_Study/build/ros_pub_sub' returned '0': CMAKE_PREFIX_PATH=/home/huang/codes/ROS_Study/install/tutorial_interfaces:/home/huang/codes/ROS_Study/install/village_wang:/home/huang/codes/ROS_Study/install/village_li:/home/huang/codes/ROS_Study/install/village_interfaces:/home/huang/codes/ROS_Study/install/ros_pub_sub_cv:/home/huang/codes/ROS_Study/install/ros_pub_sub:/opt/ros/galactic LD_LIBRARY_PATH=/home/huang/codes/ROS_Study/install/tutorial_interfaces/lib:/home/huang/codes/ROS_Study/install/village_interfaces/lib:/opt/ros/galactic/opt/yaml_cpp_vendor/lib:/opt/ros/galactic/opt/rviz_ogre_vendor/lib:/opt/ros/galactic/lib/x86_64-linux-gnu:/opt/ros/galactic/lib PYTHONPATH=/home/huang/codes/ROS_Study/install/tutorial_interfaces/lib/python3.8/site-packages:/home/huang/codes/ROS_Study/install/village_interfaces/lib/python3.8/site-packages:/opt/ros/galactic/lib/python3.8/site-packages /usr/bin/cmake --build /home/huang/codes/ROS_Study/build/ros_pub_sub -- -j8 -l8
[9.550s] DEBUG:colcon.colcon_core.event_handler.log_command:Invoking command in '/home/huang/codes/ROS_Study/build/ros_pub_sub': CMAKE_PREFIX_PATH=/home/huang/codes/ROS_Study/install/tutorial_interfaces:/home/huang/codes/ROS_Study/install/village_wang:/home/huang/codes/ROS_Study/install/village_li:/home/huang/codes/ROS_Study/install/village_interfaces:/home/huang/codes/ROS_Study/install/ros_pub_sub_cv:/home/huang/codes/ROS_Study/install/ros_pub_sub:/opt/ros/galactic LD_LIBRARY_PATH=/home/huang/codes/ROS_Study/install/tutorial_interfaces/lib:/home/huang/codes/ROS_Study/install/village_interfaces/lib:/opt/ros/galactic/opt/yaml_cpp_vendor/lib:/opt/ros/galactic/opt/rviz_ogre_vendor/lib:/opt/ros/galactic/lib/x86_64-linux-gnu:/opt/ros/galactic/lib PYTHONPATH=/home/huang/codes/ROS_Study/install/tutorial_interfaces/lib/python3.8/site-packages:/home/huang/codes/ROS_Study/install/village_interfaces/lib/python3.8/site-packages:/opt/ros/galactic/lib/python3.8/site-packages /usr/bin/cmake --install /home/huang/codes/ROS_Study/build/ros_pub_sub
[9.858s] Level 1:colcon.colcon_core.environment:create_environment_scripts_only(ros_pub_sub)
[9.865s] Level 1:colcon.colcon_core.environment:checking '/home/huang/codes/ROS_Study/install/ros_pub_sub' for CMake module files
[9.869s] DEBUG:colcon.colcon_core.event_handler.log_command:Invoked command in '/home/huang/codes/ROS_Study/build/ros_pub_sub' returned '0': CMAKE_PREFIX_PATH=/home/huang/codes/ROS_Study/install/tutorial_interfaces:/home/huang/codes/ROS_Study/install/village_wang:/home/huang/codes/ROS_Study/install/village_li:/home/huang/codes/ROS_Study/install/village_interfaces:/home/huang/codes/ROS_Study/install/ros_pub_sub_cv:/home/huang/codes/ROS_Study/install/ros_pub_sub:/opt/ros/galactic LD_LIBRARY_PATH=/home/huang/codes/ROS_Study/install/tutorial_interfaces/lib:/home/huang/codes/ROS_Study/install/village_interfaces/lib:/opt/ros/galactic/opt/yaml_cpp_vendor/lib:/opt/ros/galactic/opt/rviz_ogre_vendor/lib:/opt/ros/galactic/lib/x86_64-linux-gnu:/opt/ros/galactic/lib PYTHONPATH=/home/huang/codes/ROS_Study/install/tutorial_interfaces/lib/python3.8/site-packages:/home/huang/codes/ROS_Study/install/village_interfaces/lib/python3.8/site-packages:/opt/ros/galactic/lib/python3.8/site-packages /usr/bin/cmake --install /home/huang/codes/ROS_Study/build/ros_pub_sub
[9.870s] Level 1:colcon.colcon_core.environment:checking '/home/huang/codes/ROS_Study/install/ros_pub_sub' for CMake config files
[9.871s] Level 1:colcon.colcon_core.shell:create_environment_hook('ros_pub_sub', 'cmake_prefix_path')
[9.875s] INFO:colcon.colcon_core.shell:Creating environment hook '/home/huang/codes/ROS_Study/install/ros_pub_sub/share/ros_pub_sub/hook/cmake_prefix_path.ps1'
[9.876s] INFO:colcon.colcon_core.shell:Creating environment descriptor '/home/huang/codes/ROS_Study/install/ros_pub_sub/share/ros_pub_sub/hook/cmake_prefix_path.dsv'
[9.877s] INFO:colcon.colcon_core.shell:Creating environment hook '/home/huang/codes/ROS_Study/install/ros_pub_sub/share/ros_pub_sub/hook/cmake_prefix_path.sh'
[9.878s] Level 1:colcon.colcon_core.environment:checking '/home/huang/codes/ROS_Study/install/ros_pub_sub/lib'
[9.878s] Level 1:colcon.colcon_core.environment:checking '/home/huang/codes/ROS_Study/install/ros_pub_sub/bin'
[9.878s] Level 1:colcon.colcon_core.environment:checking '/home/huang/codes/ROS_Study/install/ros_pub_sub/lib/pkgconfig/ros_pub_sub.pc'
[9.878s] Level 1:colcon.colcon_core.environment:checking '/home/huang/codes/ROS_Study/install/ros_pub_sub/lib/python3.8/site-packages'
[9.879s] Level 1:colcon.colcon_core.environment:checking '/home/huang/codes/ROS_Study/install/ros_pub_sub/bin'
[9.880s] INFO:colcon.colcon_core.shell:Creating package script '/home/huang/codes/ROS_Study/install/ros_pub_sub/share/ros_pub_sub/package.ps1'
[9.881s] INFO:colcon.colcon_core.shell:Creating package descriptor '/home/huang/codes/ROS_Study/install/ros_pub_sub/share/ros_pub_sub/package.dsv'
[9.881s] INFO:colcon.colcon_core.shell:Creating package script '/home/huang/codes/ROS_Study/install/ros_pub_sub/share/ros_pub_sub/package.sh'
[9.882s] INFO:colcon.colcon_core.shell:Creating package script '/home/huang/codes/ROS_Study/install/ros_pub_sub/share/ros_pub_sub/package.bash'
[9.882s] INFO:colcon.colcon_core.shell:Creating package script '/home/huang/codes/ROS_Study/install/ros_pub_sub/share/ros_pub_sub/package.zsh'
[9.883s] Level 1:colcon.colcon_core.environment:create_file_with_runtime_dependencies(/home/huang/codes/ROS_Study/install/ros_pub_sub/share/colcon-core/packages/ros_pub_sub)
[9.922s] Level 1:colcon.colcon_core.environment:create_environment_scripts_only(ros_pub_sub)
[9.927s] Level 1:colcon.colcon_core.environment:checking '/home/huang/codes/ROS_Study/install/ros_pub_sub' for CMake module files
[9.928s] Level 1:colcon.colcon_core.environment:checking '/home/huang/codes/ROS_Study/install/ros_pub_sub' for CMake config files
[9.929s] Level 1:colcon.colcon_core.shell:create_environment_hook('ros_pub_sub', 'cmake_prefix_path')
[9.933s] INFO:colcon.colcon_core.shell:Creating environment hook '/home/huang/codes/ROS_Study/install/ros_pub_sub/share/ros_pub_sub/hook/cmake_prefix_path.ps1'
[9.935s] INFO:colcon.colcon_core.shell:Creating environment descriptor '/home/huang/codes/ROS_Study/install/ros_pub_sub/share/ros_pub_sub/hook/cmake_prefix_path.dsv'
[9.936s] INFO:colcon.colcon_core.shell:Creating environment hook '/home/huang/codes/ROS_Study/install/ros_pub_sub/share/ros_pub_sub/hook/cmake_prefix_path.sh'
[9.937s] Level 1:colcon.colcon_core.environment:checking '/home/huang/codes/ROS_Study/install/ros_pub_sub/lib'
[9.938s] Level 1:colcon.colcon_core.environment:checking '/home/huang/codes/ROS_Study/install/ros_pub_sub/bin'
[9.938s] Level 1:colcon.colcon_core.environment:checking '/home/huang/codes/ROS_Study/install/ros_pub_sub/lib/pkgconfig/ros_pub_sub.pc'
[9.939s] Level 1:colcon.colcon_core.environment:checking '/home/huang/codes/ROS_Study/install/ros_pub_sub/lib/python3.8/site-packages'
[9.939s] Level 1:colcon.colcon_core.environment:checking '/home/huang/codes/ROS_Study/install/ros_pub_sub/bin'
[9.941s] INFO:colcon.colcon_core.shell:Creating package script '/home/huang/codes/ROS_Study/install/ros_pub_sub/share/ros_pub_sub/package.ps1'
[9.942s] INFO:colcon.colcon_core.shell:Creating package descriptor '/home/huang/codes/ROS_Study/install/ros_pub_sub/share/ros_pub_sub/package.dsv'
[9.943s] INFO:colcon.colcon_core.shell:Creating package script '/home/huang/codes/ROS_Study/install/ros_pub_sub/share/ros_pub_sub/package.sh'
[9.943s] INFO:colcon.colcon_core.shell:Creating package script '/home/huang/codes/ROS_Study/install/ros_pub_sub/share/ros_pub_sub/package.bash'
[9.944s] INFO:colcon.colcon_core.shell:Creating package script '/home/huang/codes/ROS_Study/install/ros_pub_sub/share/ros_pub_sub/package.zsh'
[9.945s] Level 1:colcon.colcon_core.environment:create_file_with_runtime_dependencies(/home/huang/codes/ROS_Study/install/ros_pub_sub/share/colcon-core/packages/ros_pub_sub)
[21.854s] DEBUG:colcon.colcon_core.event_handler.log_command:Invoked command in '/home/huang/codes/ROS_Study/build/ros_pub_sub_cv' returned '0': CMAKE_PREFIX_PATH=/home/huang/codes/ROS_Study/install/tutorial_interfaces:/home/huang/codes/ROS_Study/install/village_wang:/home/huang/codes/ROS_Study/install/village_li:/home/huang/codes/ROS_Study/install/village_interfaces:/home/huang/codes/ROS_Study/install/ros_pub_sub_cv:/home/huang/codes/ROS_Study/install/ros_pub_sub:/opt/ros/galactic LD_LIBRARY_PATH=/home/huang/codes/ROS_Study/install/tutorial_interfaces/lib:/home/huang/codes/ROS_Study/install/village_interfaces/lib:/opt/ros/galactic/opt/yaml_cpp_vendor/lib:/opt/ros/galactic/opt/rviz_ogre_vendor/lib:/opt/ros/galactic/lib/x86_64-linux-gnu:/opt/ros/galactic/lib PYTHONPATH=/home/huang/codes/ROS_Study/install/tutorial_interfaces/lib/python3.8/site-packages:/home/huang/codes/ROS_Study/install/village_interfaces/lib/python3.8/site-packages:/opt/ros/galactic/lib/python3.8/site-packages /usr/bin/cmake --build /home/huang/codes/ROS_Study/build/ros_pub_sub_cv -- -j8 -l8
[21.912s] DEBUG:colcon.colcon_core.event_handler.log_command:Invoking command in '/home/huang/codes/ROS_Study/build/ros_pub_sub_cv': CMAKE_PREFIX_PATH=/home/huang/codes/ROS_Study/install/tutorial_interfaces:/home/huang/codes/ROS_Study/install/village_wang:/home/huang/codes/ROS_Study/install/village_li:/home/huang/codes/ROS_Study/install/village_interfaces:/home/huang/codes/ROS_Study/install/ros_pub_sub_cv:/home/huang/codes/ROS_Study/install/ros_pub_sub:/opt/ros/galactic LD_LIBRARY_PATH=/home/huang/codes/ROS_Study/install/tutorial_interfaces/lib:/home/huang/codes/ROS_Study/install/village_interfaces/lib:/opt/ros/galactic/opt/yaml_cpp_vendor/lib:/opt/ros/galactic/opt/rviz_ogre_vendor/lib:/opt/ros/galactic/lib/x86_64-linux-gnu:/opt/ros/galactic/lib PYTHONPATH=/home/huang/codes/ROS_Study/install/tutorial_interfaces/lib/python3.8/site-packages:/home/huang/codes/ROS_Study/install/village_interfaces/lib/python3.8/site-packages:/opt/ros/galactic/lib/python3.8/site-packages /usr/bin/cmake --install /home/huang/codes/ROS_Study/build/ros_pub_sub_cv
[22.204s] Level 1:colcon.colcon_core.environment:create_environment_scripts_only(ros_pub_sub_cv)
[22.212s] Level 1:colcon.colcon_core.environment:checking '/home/huang/codes/ROS_Study/install/ros_pub_sub_cv' for CMake module files
[22.213s] DEBUG:colcon.colcon_core.event_handler.log_command:Invoked command in '/home/huang/codes/ROS_Study/build/ros_pub_sub_cv' returned '0': CMAKE_PREFIX_PATH=/home/huang/codes/ROS_Study/install/tutorial_interfaces:/home/huang/codes/ROS_Study/install/village_wang:/home/huang/codes/ROS_Study/install/village_li:/home/huang/codes/ROS_Study/install/village_interfaces:/home/huang/codes/ROS_Study/install/ros_pub_sub_cv:/home/huang/codes/ROS_Study/install/ros_pub_sub:/opt/ros/galactic LD_LIBRARY_PATH=/home/huang/codes/ROS_Study/install/tutorial_interfaces/lib:/home/huang/codes/ROS_Study/install/village_interfaces/lib:/opt/ros/galactic/opt/yaml_cpp_vendor/lib:/opt/ros/galactic/opt/rviz_ogre_vendor/lib:/opt/ros/galactic/lib/x86_64-linux-gnu:/opt/ros/galactic/lib PYTHONPATH=/home/huang/codes/ROS_Study/install/tutorial_interfaces/lib/python3.8/site-packages:/home/huang/codes/ROS_Study/install/village_interfaces/lib/python3.8/site-packages:/opt/ros/galactic/lib/python3.8/site-packages /usr/bin/cmake --install /home/huang/codes/ROS_Study/build/ros_pub_sub_cv
[22.214s] Level 1:colcon.colcon_core.environment:checking '/home/huang/codes/ROS_Study/install/ros_pub_sub_cv' for CMake config files
[22.215s] Level 1:colcon.colcon_core.shell:create_environment_hook('ros_pub_sub_cv', 'cmake_prefix_path')
[22.219s] INFO:colcon.colcon_core.shell:Creating environment hook '/home/huang/codes/ROS_Study/install/ros_pub_sub_cv/share/ros_pub_sub_cv/hook/cmake_prefix_path.ps1'
[22.221s] INFO:colcon.colcon_core.shell:Creating environment descriptor '/home/huang/codes/ROS_Study/install/ros_pub_sub_cv/share/ros_pub_sub_cv/hook/cmake_prefix_path.dsv'
[22.221s] INFO:colcon.colcon_core.shell:Creating environment hook '/home/huang/codes/ROS_Study/install/ros_pub_sub_cv/share/ros_pub_sub_cv/hook/cmake_prefix_path.sh'
[22.223s] Level 1:colcon.colcon_core.environment:checking '/home/huang/codes/ROS_Study/install/ros_pub_sub_cv/lib'
[22.223s] Level 1:colcon.colcon_core.environment:checking '/home/huang/codes/ROS_Study/install/ros_pub_sub_cv/bin'
[22.223s] Level 1:colcon.colcon_core.environment:checking '/home/huang/codes/ROS_Study/install/ros_pub_sub_cv/lib/pkgconfig/ros_pub_sub_cv.pc'
[22.223s] Level 1:colcon.colcon_core.environment:checking '/home/huang/codes/ROS_Study/install/ros_pub_sub_cv/lib/python3.8/site-packages'
[22.224s] Level 1:colcon.colcon_core.environment:checking '/home/huang/codes/ROS_Study/install/ros_pub_sub_cv/bin'
[22.228s] INFO:colcon.colcon_core.shell:Creating package script '/home/huang/codes/ROS_Study/install/ros_pub_sub_cv/share/ros_pub_sub_cv/package.ps1'
[22.229s] INFO:colcon.colcon_core.shell:Creating package descriptor '/home/huang/codes/ROS_Study/install/ros_pub_sub_cv/share/ros_pub_sub_cv/package.dsv'
[22.230s] INFO:colcon.colcon_core.shell:Creating package script '/home/huang/codes/ROS_Study/install/ros_pub_sub_cv/share/ros_pub_sub_cv/package.sh'
[22.231s] INFO:colcon.colcon_core.shell:Creating package script '/home/huang/codes/ROS_Study/install/ros_pub_sub_cv/share/ros_pub_sub_cv/package.bash'
[22.232s] INFO:colcon.colcon_core.shell:Creating package script '/home/huang/codes/ROS_Study/install/ros_pub_sub_cv/share/ros_pub_sub_cv/package.zsh'
[22.232s] Level 1:colcon.colcon_core.environment:create_file_with_runtime_dependencies(/home/huang/codes/ROS_Study/install/ros_pub_sub_cv/share/colcon-core/packages/ros_pub_sub_cv)
[22.313s] Level 1:colcon.colcon_core.environment:create_environment_scripts_only(ros_pub_sub_cv)
[22.321s] Level 1:colcon.colcon_core.environment:checking '/home/huang/codes/ROS_Study/install/ros_pub_sub_cv' for CMake module files
[22.322s] Level 1:colcon.colcon_core.environment:checking '/home/huang/codes/ROS_Study/install/ros_pub_sub_cv' for CMake config files
[22.322s] Level 1:colcon.colcon_core.shell:create_environment_hook('ros_pub_sub_cv', 'cmake_prefix_path')
[22.326s] INFO:colcon.colcon_core.shell:Creating environment hook '/home/huang/codes/ROS_Study/install/ros_pub_sub_cv/share/ros_pub_sub_cv/hook/cmake_prefix_path.ps1'
[22.327s] INFO:colcon.colcon_core.shell:Creating environment descriptor '/home/huang/codes/ROS_Study/install/ros_pub_sub_cv/share/ros_pub_sub_cv/hook/cmake_prefix_path.dsv'
[22.328s] INFO:colcon.colcon_core.shell:Creating environment hook '/home/huang/codes/ROS_Study/install/ros_pub_sub_cv/share/ros_pub_sub_cv/hook/cmake_prefix_path.sh'
[22.329s] Level 1:colcon.colcon_core.environment:checking '/home/huang/codes/ROS_Study/install/ros_pub_sub_cv/lib'
[22.329s] Level 1:colcon.colcon_core.environment:checking '/home/huang/codes/ROS_Study/install/ros_pub_sub_cv/bin'
[22.329s] Level 1:colcon.colcon_core.environment:checking '/home/huang/codes/ROS_Study/install/ros_pub_sub_cv/lib/pkgconfig/ros_pub_sub_cv.pc'
[22.329s] Level 1:colcon.colcon_core.environment:checking '/home/huang/codes/ROS_Study/install/ros_pub_sub_cv/lib/python3.8/site-packages'
[22.329s] Level 1:colcon.colcon_core.environment:checking '/home/huang/codes/ROS_Study/install/ros_pub_sub_cv/bin'
[22.333s] INFO:colcon.colcon_core.shell:Creating package script '/home/huang/codes/ROS_Study/install/ros_pub_sub_cv/share/ros_pub_sub_cv/package.ps1'
[22.335s] INFO:colcon.colcon_core.shell:Creating package descriptor '/home/huang/codes/ROS_Study/install/ros_pub_sub_cv/share/ros_pub_sub_cv/package.dsv'
[22.336s] INFO:colcon.colcon_core.shell:Creating package script '/home/huang/codes/ROS_Study/install/ros_pub_sub_cv/share/ros_pub_sub_cv/package.sh'
[22.337s] INFO:colcon.colcon_core.shell:Creating package script '/home/huang/codes/ROS_Study/install/ros_pub_sub_cv/share/ros_pub_sub_cv/package.bash'
[22.338s] INFO:colcon.colcon_core.shell:Creating package script '/home/huang/codes/ROS_Study/install/ros_pub_sub_cv/share/ros_pub_sub_cv/package.zsh'
[22.338s] Level 1:colcon.colcon_core.environment:create_file_with_runtime_dependencies(/home/huang/codes/ROS_Study/install/ros_pub_sub_cv/share/colcon-core/packages/ros_pub_sub_cv)
[22.339s] DEBUG:colcon.colcon_parallel_executor.executor.parallel:closing loop
[22.340s] DEBUG:colcon.colcon_parallel_executor.executor.parallel:loop closed
[22.340s] DEBUG:colcon.colcon_parallel_executor.executor.parallel:run_until_complete finished with '0'
[22.340s] DEBUG:colcon.colcon_core.event_reactor:joining thread
[22.356s] INFO:colcon.colcon_core.plugin_system:Skipping extension 'colcon_notification.desktop_notification.terminal_notifier': Not used on non-Darwin systems
[22.356s] INFO:colcon.colcon_core.plugin_system:Skipping extension 'colcon_notification.desktop_notification.win32': Not used on non-Windows systems
[22.356s] INFO:colcon.colcon_notification.desktop_notification:Sending desktop notification using 'notify2'
[22.375s] DEBUG:colcon.colcon_core.event_reactor:joined thread
[22.379s] INFO:colcon.colcon_core.shell:Creating prefix script '/home/huang/codes/ROS_Study/install/local_setup.ps1'
[22.381s] INFO:colcon.colcon_core.shell:Creating prefix util module '/home/huang/codes/ROS_Study/install/_local_setup_util_ps1.py'
[22.384s] INFO:colcon.colcon_core.shell:Creating prefix chain script '/home/huang/codes/ROS_Study/install/setup.ps1'
[22.388s] INFO:colcon.colcon_core.shell:Creating prefix script '/home/huang/codes/ROS_Study/install/local_setup.sh'
[22.390s] INFO:colcon.colcon_core.shell:Creating prefix util module '/home/huang/codes/ROS_Study/install/_local_setup_util_sh.py'
[22.391s] INFO:colcon.colcon_core.shell:Creating prefix chain script '/home/huang/codes/ROS_Study/install/setup.sh'
[22.394s] INFO:colcon.colcon_core.shell:Creating prefix script '/home/huang/codes/ROS_Study/install/local_setup.bash'
[22.395s] INFO:colcon.colcon_core.shell:Creating prefix chain script '/home/huang/codes/ROS_Study/install/setup.bash'
[22.397s] INFO:colcon.colcon_core.shell:Creating prefix script '/home/huang/codes/ROS_Study/install/local_setup.zsh'
[22.398s] INFO:colcon.colcon_core.shell:Creating prefix chain script '/home/huang/codes/ROS_Study/install/setup.zsh'
