-- Found ament_cmake: 1.1.6 (/opt/ros/galactic/share/ament_cmake/cmake)
-- Using PYTHON_EXECUTABLE: /usr/bin/python3
-- Override CMake install command with custom implementation using symlinks instead of copying resources
-- Found rclcpp: 9.2.2 (/opt/ros/galactic/share/rclcpp/cmake)
-- Using all available rosidl_typesupport_c: rosidl_typesupport_fastrtps_c;rosidl_typesupport_introspection_c
-- Found rosidl_adapter: 2.2.3 (/opt/ros/galactic/share/rosidl_adapter/cmake)
-- Using all available rosidl_typesupport_cpp: rosidl_typesupport_fastrtps_cpp;rosidl_typesupport_introspection_cpp
-- Found rmw_implementation_cmake: 3.3.1 (/opt/ros/galactic/share/rmw_implementation_cmake/cmake)
-- Found rmw_cyclonedds_cpp: 0.22.6 (/opt/ros/galactic/share/rmw_cyclonedds_cpp/cmake)
-- Using RMW implementation 'rmw_cyclonedds_cpp' as default
-- Found tutorial_interfaces: 0.0.0 (/home/huang/codes/ROS_Study/install/tutorial_interfaces/share/tutorial_interfaces/cmake)
-- Found ament_lint_auto: 0.10.7 (/opt/ros/galactic/share/ament_lint_auto/cmake)
-- Added test 'copyright' to check source files copyright and LICENSE
-- Added test 'cppcheck' to perform static code analysis on C / C++ code
-- Configured cppcheck include dirs: 
-- Configured cppcheck exclude dirs and/or files: 
-- Added test 'cpplint' to check C / C++ code against the Google style
-- Configured cpplint exclude dirs and/or files: 
-- Added test 'lint_cmake' to check CMake code style
-- Added test 'uncrustify' to check C / C++ code style
-- Configured uncrustify additional arguments: 
-- Added test 'xmllint' to check XML markup files
-- Configuring done
-- Generating done
-- Build files have been written to: /home/huang/codes/ROS_Study/build/ros_pub_sub
[ 50%] Built target sub_node
[100%] Built target pub_node
-- Install configuration: ""
-- Execute custom install script
-- Up-to-date symlink: /home/huang/codes/ROS_Study/install/ros_pub_sub/lib/ros_pub_sub/pub_node
-- Up-to-date symlink: /home/huang/codes/ROS_Study/install/ros_pub_sub/lib/ros_pub_sub/sub_node
-- Up-to-date symlink: /home/huang/codes/ROS_Study/install/ros_pub_sub/share/ament_index/resource_index/package_run_dependencies/ros_pub_sub
-- Up-to-date symlink: /home/huang/codes/ROS_Study/install/ros_pub_sub/share/ament_index/resource_index/parent_prefix_path/ros_pub_sub
-- Up-to-date symlink: /home/huang/codes/ROS_Study/install/ros_pub_sub/share/ros_pub_sub/environment/ament_prefix_path.sh
-- Up-to-date symlink: /home/huang/codes/ROS_Study/install/ros_pub_sub/share/ros_pub_sub/environment/ament_prefix_path.dsv
-- Up-to-date symlink: /home/huang/codes/ROS_Study/install/ros_pub_sub/share/ros_pub_sub/environment/path.sh
-- Up-to-date symlink: /home/huang/codes/ROS_Study/install/ros_pub_sub/share/ros_pub_sub/environment/path.dsv
-- Up-to-date symlink: /home/huang/codes/ROS_Study/install/ros_pub_sub/share/ros_pub_sub/local_setup.bash
-- Up-to-date symlink: /home/huang/codes/ROS_Study/install/ros_pub_sub/share/ros_pub_sub/local_setup.sh
-- Up-to-date symlink: /home/huang/codes/ROS_Study/install/ros_pub_sub/share/ros_pub_sub/local_setup.zsh
-- Up-to-date symlink: /home/huang/codes/ROS_Study/install/ros_pub_sub/share/ros_pub_sub/local_setup.dsv
-- Symlinking: /home/huang/codes/ROS_Study/install/ros_pub_sub/share/ros_pub_sub/package.dsv
-- Up-to-date symlink: /home/huang/codes/ROS_Study/install/ros_pub_sub/share/ament_index/resource_index/packages/ros_pub_sub
-- Up-to-date symlink: /home/huang/codes/ROS_Study/install/ros_pub_sub/share/ros_pub_sub/cmake/ros_pub_subConfig.cmake
-- Up-to-date symlink: /home/huang/codes/ROS_Study/install/ros_pub_sub/share/ros_pub_sub/cmake/ros_pub_subConfig-version.cmake
-- Up-to-date symlink: /home/huang/codes/ROS_Study/install/ros_pub_sub/share/ros_pub_sub/package.xml
