[0.044s] Invoking command in '/home/huang/codes/ROS_Study/build/ros_pub_sub_cv': CMAKE_PREFIX_PATH=/home/huang/codes/ROS_Study/install/tutorial_interfaces:/home/huang/codes/ROS_Study/install/village_wang:/home/huang/codes/ROS_Study/install/village_li:/home/huang/codes/ROS_Study/install/village_interfaces:/home/huang/codes/ROS_Study/install/ros_pub_sub_cv:/home/huang/codes/ROS_Study/install/ros_pub_sub:/opt/ros/galactic LD_LIBRARY_PATH=/home/huang/codes/ROS_Study/install/tutorial_interfaces/lib:/home/huang/codes/ROS_Study/install/village_interfaces/lib:/opt/ros/galactic/opt/yaml_cpp_vendor/lib:/opt/ros/galactic/opt/rviz_ogre_vendor/lib:/opt/ros/galactic/lib/x86_64-linux-gnu:/opt/ros/galactic/lib PYTHONPATH=/home/huang/codes/ROS_Study/install/tutorial_interfaces/lib/python3.8/site-packages:/home/huang/codes/ROS_Study/install/village_interfaces/lib/python3.8/site-packages:/opt/ros/galactic/lib/python3.8/site-packages /usr/bin/cmake --build /home/huang/codes/ROS_Study/build/ros_pub_sub_cv -- -j8 -l8
[0.083s] -- Found ament_cmake: 1.1.6 (/opt/ros/galactic/share/ament_cmake/cmake)
[0.111s] -- Using PYTHON_EXECUTABLE: /usr/bin/python3
[0.198s] -- Found rclcpp: 9.2.2 (/opt/ros/galactic/share/rclcpp/cmake)
[0.255s] -- Using all available rosidl_typesupport_c: rosidl_typesupport_fastrtps_c;rosidl_typesupport_introspection_c
[0.260s] -- Found rosidl_adapter: 2.2.3 (/opt/ros/galactic/share/rosidl_adapter/cmake)
[0.385s] -- Using all available rosidl_typesupport_cpp: rosidl_typesupport_fastrtps_cpp;rosidl_typesupport_introspection_cpp
[0.447s] -- Found rmw_implementation_cmake: 3.3.1 (/opt/ros/galactic/share/rmw_implementation_cmake/cmake)
[0.449s] -- Found rmw_cyclonedds_cpp: 0.22.6 (/opt/ros/galactic/share/rmw_cyclonedds_cpp/cmake)
[0.466s] -- Using RMW implementation 'rmw_cyclonedds_cpp' as default
[0.598s] -- Found tutorial_interfaces: 0.0.0 (/home/huang/codes/ROS_Study/install/tutorial_interfaces/share/tutorial_interfaces/cmake)
[0.824s] -- Found cv_bridge: 3.1.3 (/opt/ros/galactic/share/cv_bridge/cmake)
[0.839s] -- Found ament_lint_auto: 0.10.7 (/opt/ros/galactic/share/ament_lint_auto/cmake)
[0.905s] -- Added test 'copyright' to check source files copyright and LICENSE
[0.906s] -- Added test 'cppcheck' to perform static code analysis on C / C++ code
[0.906s] -- Configured cppcheck include dirs: 
[0.906s] -- Configured cppcheck exclude dirs and/or files: 
[0.907s] -- Added test 'cpplint' to check C / C++ code against the Google style
[0.907s] -- Configured cpplint exclude dirs and/or files: 
[0.907s] -- Added test 'lint_cmake' to check CMake code style
[0.908s] -- Added test 'uncrustify' to check C / C++ code style
[0.908s] -- Configured uncrustify additional arguments: 
[0.908s] -- Added test 'xmllint' to check XML markup files
[0.911s] -- Configuring done
[0.935s] -- Generating done
[0.938s] -- Build files have been written to: /home/huang/codes/ROS_Study/build/ros_pub_sub_cv
[0.991s] [ 50%] [32m[1mLinking CXX executable sub_node[0m
[0.992s] [ 50%] [32m[1mLinking CXX executable pub_node[0m
[1.597s] /usr/bin/ld: warning: libopencv_imgcodecs.so.4.2, needed by /opt/ros/galactic/lib/libcv_bridge.so, may conflict with libopencv_imgcodecs.so.4.5
[1.597s] /usr/bin/ld: warning: libopencv_core.so.4.2, needed by /opt/ros/galactic/lib/libcv_bridge.so, may conflict with libopencv_core.so.4.5
[1.608s] [ 75%] Built target pub_node
[1.714s] /usr/bin/ld: warning: libopencv_core.so.4.2, needed by /opt/ros/galactic/lib/libcv_bridge.so, may conflict with libopencv_core.so.4.5
[1.725s] [100%] Built target sub_node
[1.740s] Invoked command in '/home/huang/codes/ROS_Study/build/ros_pub_sub_cv' returned '0': CMAKE_PREFIX_PATH=/home/huang/codes/ROS_Study/install/tutorial_interfaces:/home/huang/codes/ROS_Study/install/village_wang:/home/huang/codes/ROS_Study/install/village_li:/home/huang/codes/ROS_Study/install/village_interfaces:/home/huang/codes/ROS_Study/install/ros_pub_sub_cv:/home/huang/codes/ROS_Study/install/ros_pub_sub:/opt/ros/galactic LD_LIBRARY_PATH=/home/huang/codes/ROS_Study/install/tutorial_interfaces/lib:/home/huang/codes/ROS_Study/install/village_interfaces/lib:/opt/ros/galactic/opt/yaml_cpp_vendor/lib:/opt/ros/galactic/opt/rviz_ogre_vendor/lib:/opt/ros/galactic/lib/x86_64-linux-gnu:/opt/ros/galactic/lib PYTHONPATH=/home/huang/codes/ROS_Study/install/tutorial_interfaces/lib/python3.8/site-packages:/home/huang/codes/ROS_Study/install/village_interfaces/lib/python3.8/site-packages:/opt/ros/galactic/lib/python3.8/site-packages /usr/bin/cmake --build /home/huang/codes/ROS_Study/build/ros_pub_sub_cv -- -j8 -l8
[1.773s] Invoking command in '/home/huang/codes/ROS_Study/build/ros_pub_sub_cv': CMAKE_PREFIX_PATH=/home/huang/codes/ROS_Study/install/tutorial_interfaces:/home/huang/codes/ROS_Study/install/village_wang:/home/huang/codes/ROS_Study/install/village_li:/home/huang/codes/ROS_Study/install/village_interfaces:/home/huang/codes/ROS_Study/install/ros_pub_sub_cv:/home/huang/codes/ROS_Study/install/ros_pub_sub:/opt/ros/galactic LD_LIBRARY_PATH=/home/huang/codes/ROS_Study/install/tutorial_interfaces/lib:/home/huang/codes/ROS_Study/install/village_interfaces/lib:/opt/ros/galactic/opt/yaml_cpp_vendor/lib:/opt/ros/galactic/opt/rviz_ogre_vendor/lib:/opt/ros/galactic/lib/x86_64-linux-gnu:/opt/ros/galactic/lib PYTHONPATH=/home/huang/codes/ROS_Study/install/tutorial_interfaces/lib/python3.8/site-packages:/home/huang/codes/ROS_Study/install/village_interfaces/lib/python3.8/site-packages:/opt/ros/galactic/lib/python3.8/site-packages /usr/bin/cmake --install /home/huang/codes/ROS_Study/build/ros_pub_sub_cv
[1.780s] -- Install configuration: ""
[1.781s] -- Installing: /home/huang/codes/ROS_Study/install/ros_pub_sub_cv/lib/ros_pub_sub_cv/pub_node
[1.781s] -- Set runtime path of "/home/huang/codes/ROS_Study/install/ros_pub_sub_cv/lib/ros_pub_sub_cv/pub_node" to ""
[1.781s] -- Installing: /home/huang/codes/ROS_Study/install/ros_pub_sub_cv/lib/ros_pub_sub_cv/sub_node
[1.783s] -- Set runtime path of "/home/huang/codes/ROS_Study/install/ros_pub_sub_cv/lib/ros_pub_sub_cv/sub_node" to ""
[1.784s] -- Up-to-date: /home/huang/codes/ROS_Study/install/ros_pub_sub_cv/share/ament_index/resource_index/package_run_dependencies/ros_pub_sub_cv
[1.784s] -- Installing: /home/huang/codes/ROS_Study/install/ros_pub_sub_cv/share/ament_index/resource_index/parent_prefix_path/ros_pub_sub_cv
[1.784s] -- Up-to-date: /home/huang/codes/ROS_Study/install/ros_pub_sub_cv/share/ros_pub_sub_cv/environment/ament_prefix_path.sh
[1.784s] -- Installing: /home/huang/codes/ROS_Study/install/ros_pub_sub_cv/share/ros_pub_sub_cv/environment/ament_prefix_path.dsv
[1.784s] -- Up-to-date: /home/huang/codes/ROS_Study/install/ros_pub_sub_cv/share/ros_pub_sub_cv/environment/path.sh
[1.784s] -- Installing: /home/huang/codes/ROS_Study/install/ros_pub_sub_cv/share/ros_pub_sub_cv/environment/path.dsv
[1.784s] -- Up-to-date: /home/huang/codes/ROS_Study/install/ros_pub_sub_cv/share/ros_pub_sub_cv/local_setup.bash
[1.784s] -- Up-to-date: /home/huang/codes/ROS_Study/install/ros_pub_sub_cv/share/ros_pub_sub_cv/local_setup.sh
[1.784s] -- Up-to-date: /home/huang/codes/ROS_Study/install/ros_pub_sub_cv/share/ros_pub_sub_cv/local_setup.zsh
[1.784s] -- Installing: /home/huang/codes/ROS_Study/install/ros_pub_sub_cv/share/ros_pub_sub_cv/local_setup.dsv
[1.785s] -- Installing: /home/huang/codes/ROS_Study/install/ros_pub_sub_cv/share/ros_pub_sub_cv/package.dsv
[1.785s] -- Up-to-date: /home/huang/codes/ROS_Study/install/ros_pub_sub_cv/share/ament_index/resource_index/packages/ros_pub_sub_cv
[1.785s] -- Up-to-date: /home/huang/codes/ROS_Study/install/ros_pub_sub_cv/share/ros_pub_sub_cv/cmake/ros_pub_sub_cvConfig.cmake
[1.785s] -- Up-to-date: /home/huang/codes/ROS_Study/install/ros_pub_sub_cv/share/ros_pub_sub_cv/cmake/ros_pub_sub_cvConfig-version.cmake
[1.785s] -- Up-to-date: /home/huang/codes/ROS_Study/install/ros_pub_sub_cv/share/ros_pub_sub_cv/package.xml
[1.789s] Invoked command in '/home/huang/codes/ROS_Study/build/ros_pub_sub_cv' returned '0': CMAKE_PREFIX_PATH=/home/huang/codes/ROS_Study/install/tutorial_interfaces:/home/huang/codes/ROS_Study/install/village_wang:/home/huang/codes/ROS_Study/install/village_li:/home/huang/codes/ROS_Study/install/village_interfaces:/home/huang/codes/ROS_Study/install/ros_pub_sub_cv:/home/huang/codes/ROS_Study/install/ros_pub_sub:/opt/ros/galactic LD_LIBRARY_PATH=/home/huang/codes/ROS_Study/install/tutorial_interfaces/lib:/home/huang/codes/ROS_Study/install/village_interfaces/lib:/opt/ros/galactic/opt/yaml_cpp_vendor/lib:/opt/ros/galactic/opt/rviz_ogre_vendor/lib:/opt/ros/galactic/lib/x86_64-linux-gnu:/opt/ros/galactic/lib PYTHONPATH=/home/huang/codes/ROS_Study/install/tutorial_interfaces/lib/python3.8/site-packages:/home/huang/codes/ROS_Study/install/village_interfaces/lib/python3.8/site-packages:/opt/ros/galactic/lib/python3.8/site-packages /usr/bin/cmake --install /home/huang/codes/ROS_Study/build/ros_pub_sub_cv
