[0.018s] Invoking command in '/home/huang/codes/ROS_Study/build/ros_pub_sub': AMENT_PREFIX_PATH=/home/huang/codes/ROS_Study/install/tutorial_interfaces:${AMENT_PREFIX_PATH} CMAKE_PREFIX_PATH=/home/huang/codes/ROS_Study/install/tutorial_interfaces:/home/huang/codes/ROS_Study/src/install/ROS_sub:/home/huang/codes/ROS_Study/src/install/ROS_pub:/home/huang/codes/ROS_Study/src/install/tutorial_interfaces:/opt/ros/galactic LD_LIBRARY_PATH=/home/huang/codes/ROS_Study/install/tutorial_interfaces/lib:${LD_LIBRARY_PATH} PYTHONPATH=/home/huang/codes/ROS_Study/install/tutorial_interfaces/lib/python3.8/site-packages:${PYTHONPATH} /usr/bin/cmake /home/huang/codes/ROS_Study/src/ros_pub_sub -DCMAKE_INSTALL_PREFIX=/home/huang/codes/ROS_Study/install/ros_pub_sub
[0.122s] -- The C compiler identification is GNU 9.4.0
[0.210s] -- The CXX compiler identification is GNU 9.4.0
[0.219s] -- Check for working C compiler: /usr/bin/cc
[0.322s] -- Check for working C compiler: /usr/bin/cc -- works
[0.323s] -- Detecting C compiler ABI info
[0.405s] -- Detecting C compiler ABI info - done
[0.418s] -- Detecting C compile features
[0.418s] -- Detecting C compile features - done
[0.421s] -- Check for working CXX compiler: /usr/bin/c++
[0.519s] -- Check for working CXX compiler: /usr/bin/c++ -- works
[0.521s] -- Detecting CXX compiler ABI info
[0.616s] -- Detecting CXX compiler ABI info - done
[0.629s] -- Detecting CXX compile features
[0.629s] -- Detecting CXX compile features - done
[0.632s] -- Found ament_cmake: 1.1.6 (/opt/ros/galactic/share/ament_cmake/cmake)
[0.669s] -- Found PythonInterp: /usr/bin/python3 (found suitable version "3.8.10", minimum required is "3") 
[0.669s] -- Using PYTHON_EXECUTABLE: /usr/bin/python3
[0.761s] -- Found rclcpp: 9.2.2 (/opt/ros/galactic/share/rclcpp/cmake)
[0.817s] -- Using all available rosidl_typesupport_c: rosidl_typesupport_fastrtps_c;rosidl_typesupport_introspection_c
[0.824s] -- Found rosidl_adapter: 2.2.3 (/opt/ros/galactic/share/rosidl_adapter/cmake)
[0.933s] -- Found OpenSSL: /usr/lib/x86_64-linux-gnu/libcrypto.so (found version "1.1.1f")  
[1.000s] -- Found FastRTPS: /opt/ros/galactic/include  
[1.109s] -- Using all available rosidl_typesupport_cpp: rosidl_typesupport_fastrtps_cpp;rosidl_typesupport_introspection_cpp
[1.185s] -- Found rmw_implementation_cmake: 3.3.1 (/opt/ros/galactic/share/rmw_implementation_cmake/cmake)
[1.188s] -- Found rmw_cyclonedds_cpp: 0.22.6 (/opt/ros/galactic/share/rmw_cyclonedds_cpp/cmake)
[1.210s] -- Using RMW implementation 'rmw_cyclonedds_cpp' as default
[1.211s] -- Looking for pthread.h
[1.298s] -- Looking for pthread.h - found
[1.298s] -- Performing Test CMAKE_HAVE_LIBC_PTHREAD
[1.394s] -- Performing Test CMAKE_HAVE_LIBC_PTHREAD - Failed
[1.394s] -- Looking for pthread_create in pthreads
[1.471s] -- Looking for pthread_create in pthreads - not found
[1.471s] -- Looking for pthread_create in pthread
[1.552s] -- Looking for pthread_create in pthread - found
[1.554s] -- Found Threads: TRUE  
[1.758s] -- Found tutorial_interfaces: 0.0.0 (/home/huang/codes/ROS_Study/install/tutorial_interfaces/share/tutorial_interfaces/cmake)
[1.893s] -- Found ament_lint_auto: 0.10.7 (/opt/ros/galactic/share/ament_lint_auto/cmake)
[1.997s] -- Added test 'copyright' to check source files copyright and LICENSE
[1.998s] -- Added test 'cppcheck' to perform static code analysis on C / C++ code
[1.998s] -- Configured cppcheck include dirs: 
[1.998s] -- Configured cppcheck exclude dirs and/or files: 
[1.999s] -- Added test 'cpplint' to check C / C++ code against the Google style
[1.999s] -- Configured cpplint exclude dirs and/or files: 
[2.000s] -- Added test 'lint_cmake' to check CMake code style
[2.001s] -- Added test 'uncrustify' to check C / C++ code style
[2.001s] -- Configured uncrustify additional arguments: 
[2.002s] -- Added test 'xmllint' to check XML markup files
[2.005s] -- Configuring done
[2.018s] -- Generating done
[2.020s] -- Build files have been written to: /home/huang/codes/ROS_Study/build/ros_pub_sub
[2.029s] Invoked command in '/home/huang/codes/ROS_Study/build/ros_pub_sub' returned '0': AMENT_PREFIX_PATH=/home/huang/codes/ROS_Study/install/tutorial_interfaces:${AMENT_PREFIX_PATH} CMAKE_PREFIX_PATH=/home/huang/codes/ROS_Study/install/tutorial_interfaces:/home/huang/codes/ROS_Study/src/install/ROS_sub:/home/huang/codes/ROS_Study/src/install/ROS_pub:/home/huang/codes/ROS_Study/src/install/tutorial_interfaces:/opt/ros/galactic LD_LIBRARY_PATH=/home/huang/codes/ROS_Study/install/tutorial_interfaces/lib:${LD_LIBRARY_PATH} PYTHONPATH=/home/huang/codes/ROS_Study/install/tutorial_interfaces/lib/python3.8/site-packages:${PYTHONPATH} /usr/bin/cmake /home/huang/codes/ROS_Study/src/ros_pub_sub -DCMAKE_INSTALL_PREFIX=/home/huang/codes/ROS_Study/install/ros_pub_sub
[2.031s] Invoking command in '/home/huang/codes/ROS_Study/build/ros_pub_sub': AMENT_PREFIX_PATH=/home/huang/codes/ROS_Study/install/tutorial_interfaces:${AMENT_PREFIX_PATH} CMAKE_PREFIX_PATH=/home/huang/codes/ROS_Study/install/tutorial_interfaces:/home/huang/codes/ROS_Study/src/install/ROS_sub:/home/huang/codes/ROS_Study/src/install/ROS_pub:/home/huang/codes/ROS_Study/src/install/tutorial_interfaces:/opt/ros/galactic LD_LIBRARY_PATH=/home/huang/codes/ROS_Study/install/tutorial_interfaces/lib:${LD_LIBRARY_PATH} PYTHONPATH=/home/huang/codes/ROS_Study/install/tutorial_interfaces/lib/python3.8/site-packages:${PYTHONPATH} /usr/bin/cmake --build /home/huang/codes/ROS_Study/build/ros_pub_sub -- -j8 -l8
[2.087s] [35m[1mScanning dependencies of target sub_node[0m
[2.088s] [35m[1mScanning dependencies of target pub_node[0m
[2.135s] [ 25%] [32mBuilding CXX object CMakeFiles/sub_node.dir/src/sub.cpp.o[0m
[2.140s] [ 50%] [32mBuilding CXX object CMakeFiles/pub_node.dir/src/pub.cpp.o[0m
[7.511s] [ 75%] [32m[1mLinking CXX executable pub_node[0m
[7.754s] [ 75%] Built target pub_node
[10.263s] [100%] [32m[1mLinking CXX executable sub_node[0m
[10.619s] [100%] Built target sub_node
[10.630s] Invoked command in '/home/huang/codes/ROS_Study/build/ros_pub_sub' returned '0': AMENT_PREFIX_PATH=/home/huang/codes/ROS_Study/install/tutorial_interfaces:${AMENT_PREFIX_PATH} CMAKE_PREFIX_PATH=/home/huang/codes/ROS_Study/install/tutorial_interfaces:/home/huang/codes/ROS_Study/src/install/ROS_sub:/home/huang/codes/ROS_Study/src/install/ROS_pub:/home/huang/codes/ROS_Study/src/install/tutorial_interfaces:/opt/ros/galactic LD_LIBRARY_PATH=/home/huang/codes/ROS_Study/install/tutorial_interfaces/lib:${LD_LIBRARY_PATH} PYTHONPATH=/home/huang/codes/ROS_Study/install/tutorial_interfaces/lib/python3.8/site-packages:${PYTHONPATH} /usr/bin/cmake --build /home/huang/codes/ROS_Study/build/ros_pub_sub -- -j8 -l8
[10.661s] Invoking command in '/home/huang/codes/ROS_Study/build/ros_pub_sub': AMENT_PREFIX_PATH=/home/huang/codes/ROS_Study/install/tutorial_interfaces:${AMENT_PREFIX_PATH} CMAKE_PREFIX_PATH=/home/huang/codes/ROS_Study/install/tutorial_interfaces:/home/huang/codes/ROS_Study/src/install/ROS_sub:/home/huang/codes/ROS_Study/src/install/ROS_pub:/home/huang/codes/ROS_Study/src/install/tutorial_interfaces:/opt/ros/galactic LD_LIBRARY_PATH=/home/huang/codes/ROS_Study/install/tutorial_interfaces/lib:${LD_LIBRARY_PATH} PYTHONPATH=/home/huang/codes/ROS_Study/install/tutorial_interfaces/lib/python3.8/site-packages:${PYTHONPATH} /usr/bin/cmake --install /home/huang/codes/ROS_Study/build/ros_pub_sub
[10.669s] -- Install configuration: ""
[10.669s] -- Installing: /home/huang/codes/ROS_Study/install/ros_pub_sub/lib/ros_pub_sub/pub_node
[10.670s] -- Set runtime path of "/home/huang/codes/ROS_Study/install/ros_pub_sub/lib/ros_pub_sub/pub_node" to ""
[10.670s] -- Installing: /home/huang/codes/ROS_Study/install/ros_pub_sub/lib/ros_pub_sub/sub_node
[10.673s] -- Set runtime path of "/home/huang/codes/ROS_Study/install/ros_pub_sub/lib/ros_pub_sub/sub_node" to ""
[10.673s] -- Installing: /home/huang/codes/ROS_Study/install/ros_pub_sub/share/ament_index/resource_index/package_run_dependencies/ros_pub_sub
[10.673s] -- Installing: /home/huang/codes/ROS_Study/install/ros_pub_sub/share/ament_index/resource_index/parent_prefix_path/ros_pub_sub
[10.673s] -- Installing: /home/huang/codes/ROS_Study/install/ros_pub_sub/share/ros_pub_sub/environment/ament_prefix_path.sh
[10.673s] -- Installing: /home/huang/codes/ROS_Study/install/ros_pub_sub/share/ros_pub_sub/environment/ament_prefix_path.dsv
[10.673s] -- Installing: /home/huang/codes/ROS_Study/install/ros_pub_sub/share/ros_pub_sub/environment/path.sh
[10.673s] -- Installing: /home/huang/codes/ROS_Study/install/ros_pub_sub/share/ros_pub_sub/environment/path.dsv
[10.673s] -- Installing: /home/huang/codes/ROS_Study/install/ros_pub_sub/share/ros_pub_sub/local_setup.bash
[10.674s] -- Installing: /home/huang/codes/ROS_Study/install/ros_pub_sub/share/ros_pub_sub/local_setup.sh
[10.674s] -- Installing: /home/huang/codes/ROS_Study/install/ros_pub_sub/share/ros_pub_sub/local_setup.zsh
[10.674s] -- Installing: /home/huang/codes/ROS_Study/install/ros_pub_sub/share/ros_pub_sub/local_setup.dsv
[10.674s] -- Installing: /home/huang/codes/ROS_Study/install/ros_pub_sub/share/ros_pub_sub/package.dsv
[10.674s] -- Installing: /home/huang/codes/ROS_Study/install/ros_pub_sub/share/ament_index/resource_index/packages/ros_pub_sub
[10.674s] -- Installing: /home/huang/codes/ROS_Study/install/ros_pub_sub/share/ros_pub_sub/cmake/ros_pub_subConfig.cmake
[10.674s] -- Installing: /home/huang/codes/ROS_Study/install/ros_pub_sub/share/ros_pub_sub/cmake/ros_pub_subConfig-version.cmake
[10.674s] -- Installing: /home/huang/codes/ROS_Study/install/ros_pub_sub/share/ros_pub_sub/package.xml
[10.676s] Invoked command in '/home/huang/codes/ROS_Study/build/ros_pub_sub' returned '0': AMENT_PREFIX_PATH=/home/huang/codes/ROS_Study/install/tutorial_interfaces:${AMENT_PREFIX_PATH} CMAKE_PREFIX_PATH=/home/huang/codes/ROS_Study/install/tutorial_interfaces:/home/huang/codes/ROS_Study/src/install/ROS_sub:/home/huang/codes/ROS_Study/src/install/ROS_pub:/home/huang/codes/ROS_Study/src/install/tutorial_interfaces:/opt/ros/galactic LD_LIBRARY_PATH=/home/huang/codes/ROS_Study/install/tutorial_interfaces/lib:${LD_LIBRARY_PATH} PYTHONPATH=/home/huang/codes/ROS_Study/install/tutorial_interfaces/lib/python3.8/site-packages:${PYTHONPATH} /usr/bin/cmake --install /home/huang/codes/ROS_Study/build/ros_pub_sub
