[0.031s] Invoking command in '/home/huang/codes/ROS_Study/build/ros_service_launch': CMAKE_PREFIX_PATH=/home/huang/codes/ROS_Study/install/tutorial_interfaces:/home/huang/codes/ROS_Study/install/ros_service_launch:/home/huang/codes/ROS_Study/install/village_wang:/home/huang/codes/ROS_Study/install/village_li:/home/huang/codes/ROS_Study/install/village_interfaces:/home/huang/codes/ROS_Study/install/ros_service:/home/huang/codes/ROS_Study/install/ros_pub_sub_cv:/home/huang/codes/ROS_Study/install/ros_pub_sub:/opt/ros/galactic LD_LIBRARY_PATH=/home/huang/codes/ROS_Study/install/tutorial_interfaces/lib:/home/huang/codes/ROS_Study/install/village_interfaces/lib:/opt/ros/galactic/opt/yaml_cpp_vendor/lib:/opt/ros/galactic/opt/rviz_ogre_vendor/lib:/opt/ros/galactic/lib/x86_64-linux-gnu:/opt/ros/galactic/lib PYTHONPATH=/home/huang/codes/ROS_Study/install/tutorial_interfaces/lib/python3.8/site-packages:/home/huang/codes/ROS_Study/install/village_interfaces/lib/python3.8/site-packages:/opt/ros/galactic/lib/python3.8/site-packages /usr/bin/cmake --build /home/huang/codes/ROS_Study/build/ros_service_launch -- -j8 -l8
[0.079s] [35m[1mScanning dependencies of target client_launch_node[0m
[0.099s] [ 50%] Built target service_launch_node
[0.114s] [ 75%] [32mBuilding CXX object CMakeFiles/client_launch_node.dir/src/client_test.cpp.o[0m
[4.400s] [100%] [32m[1mLinking CXX executable client_launch_node[0m
[4.668s] [100%] Built target client_launch_node
[4.680s] Invoked command in '/home/huang/codes/ROS_Study/build/ros_service_launch' returned '0': CMAKE_PREFIX_PATH=/home/huang/codes/ROS_Study/install/tutorial_interfaces:/home/huang/codes/ROS_Study/install/ros_service_launch:/home/huang/codes/ROS_Study/install/village_wang:/home/huang/codes/ROS_Study/install/village_li:/home/huang/codes/ROS_Study/install/village_interfaces:/home/huang/codes/ROS_Study/install/ros_service:/home/huang/codes/ROS_Study/install/ros_pub_sub_cv:/home/huang/codes/ROS_Study/install/ros_pub_sub:/opt/ros/galactic LD_LIBRARY_PATH=/home/huang/codes/ROS_Study/install/tutorial_interfaces/lib:/home/huang/codes/ROS_Study/install/village_interfaces/lib:/opt/ros/galactic/opt/yaml_cpp_vendor/lib:/opt/ros/galactic/opt/rviz_ogre_vendor/lib:/opt/ros/galactic/lib/x86_64-linux-gnu:/opt/ros/galactic/lib PYTHONPATH=/home/huang/codes/ROS_Study/install/tutorial_interfaces/lib/python3.8/site-packages:/home/huang/codes/ROS_Study/install/village_interfaces/lib/python3.8/site-packages:/opt/ros/galactic/lib/python3.8/site-packages /usr/bin/cmake --build /home/huang/codes/ROS_Study/build/ros_service_launch -- -j8 -l8
[4.729s] Invoking command in '/home/huang/codes/ROS_Study/build/ros_service_launch': CMAKE_PREFIX_PATH=/home/huang/codes/ROS_Study/install/tutorial_interfaces:/home/huang/codes/ROS_Study/install/ros_service_launch:/home/huang/codes/ROS_Study/install/village_wang:/home/huang/codes/ROS_Study/install/village_li:/home/huang/codes/ROS_Study/install/village_interfaces:/home/huang/codes/ROS_Study/install/ros_service:/home/huang/codes/ROS_Study/install/ros_pub_sub_cv:/home/huang/codes/ROS_Study/install/ros_pub_sub:/opt/ros/galactic LD_LIBRARY_PATH=/home/huang/codes/ROS_Study/install/tutorial_interfaces/lib:/home/huang/codes/ROS_Study/install/village_interfaces/lib:/opt/ros/galactic/opt/yaml_cpp_vendor/lib:/opt/ros/galactic/opt/rviz_ogre_vendor/lib:/opt/ros/galactic/lib/x86_64-linux-gnu:/opt/ros/galactic/lib PYTHONPATH=/home/huang/codes/ROS_Study/install/tutorial_interfaces/lib/python3.8/site-packages:/home/huang/codes/ROS_Study/install/village_interfaces/lib/python3.8/site-packages:/opt/ros/galactic/lib/python3.8/site-packages /usr/bin/cmake --install /home/huang/codes/ROS_Study/build/ros_service_launch
[4.741s] -- Install configuration: ""
[4.742s] -- Up-to-date: /home/huang/codes/ROS_Study/install/ros_service_launch/lib/ros_service_launch/service_launch_node
[4.742s] -- Installing: /home/huang/codes/ROS_Study/install/ros_service_launch/lib/ros_service_launch/client_launch_node
[4.743s] -- Set runtime path of "/home/huang/codes/ROS_Study/install/ros_service_launch/lib/ros_service_launch/client_launch_node" to ""
[4.744s] -- Up-to-date: /home/huang/codes/ROS_Study/install/ros_service_launch/share/ament_index/resource_index/package_run_dependencies/ros_service_launch
[4.744s] -- Up-to-date: /home/huang/codes/ROS_Study/install/ros_service_launch/share/ament_index/resource_index/parent_prefix_path/ros_service_launch
[4.745s] -- Up-to-date: /home/huang/codes/ROS_Study/install/ros_service_launch/share/ros_service_launch/environment/ament_prefix_path.sh
[4.745s] -- Up-to-date: /home/huang/codes/ROS_Study/install/ros_service_launch/share/ros_service_launch/environment/ament_prefix_path.dsv
[4.745s] -- Up-to-date: /home/huang/codes/ROS_Study/install/ros_service_launch/share/ros_service_launch/environment/path.sh
[4.745s] -- Up-to-date: /home/huang/codes/ROS_Study/install/ros_service_launch/share/ros_service_launch/environment/path.dsv
[4.746s] -- Up-to-date: /home/huang/codes/ROS_Study/install/ros_service_launch/share/ros_service_launch/local_setup.bash
[4.746s] -- Up-to-date: /home/huang/codes/ROS_Study/install/ros_service_launch/share/ros_service_launch/local_setup.sh
[4.746s] -- Up-to-date: /home/huang/codes/ROS_Study/install/ros_service_launch/share/ros_service_launch/local_setup.zsh
[4.747s] -- Up-to-date: /home/huang/codes/ROS_Study/install/ros_service_launch/share/ros_service_launch/local_setup.dsv
[4.750s] -- Installing: /home/huang/codes/ROS_Study/install/ros_service_launch/share/ros_service_launch/package.dsv
[4.750s] -- Up-to-date: /home/huang/codes/ROS_Study/install/ros_service_launch/share/ament_index/resource_index/packages/ros_service_launch
[4.751s] -- Up-to-date: /home/huang/codes/ROS_Study/install/ros_service_launch/share/ros_service_launch/cmake/ros_service_launchConfig.cmake
[4.751s] -- Up-to-date: /home/huang/codes/ROS_Study/install/ros_service_launch/share/ros_service_launch/cmake/ros_service_launchConfig-version.cmake
[4.751s] -- Up-to-date: /home/huang/codes/ROS_Study/install/ros_service_launch/share/ros_service_launch/package.xml
[4.752s] Invoked command in '/home/huang/codes/ROS_Study/build/ros_service_launch' returned '0': CMAKE_PREFIX_PATH=/home/huang/codes/ROS_Study/install/tutorial_interfaces:/home/huang/codes/ROS_Study/install/ros_service_launch:/home/huang/codes/ROS_Study/install/village_wang:/home/huang/codes/ROS_Study/install/village_li:/home/huang/codes/ROS_Study/install/village_interfaces:/home/huang/codes/ROS_Study/install/ros_service:/home/huang/codes/ROS_Study/install/ros_pub_sub_cv:/home/huang/codes/ROS_Study/install/ros_pub_sub:/opt/ros/galactic LD_LIBRARY_PATH=/home/huang/codes/ROS_Study/install/tutorial_interfaces/lib:/home/huang/codes/ROS_Study/install/village_interfaces/lib:/opt/ros/galactic/opt/yaml_cpp_vendor/lib:/opt/ros/galactic/opt/rviz_ogre_vendor/lib:/opt/ros/galactic/lib/x86_64-linux-gnu:/opt/ros/galactic/lib PYTHONPATH=/home/huang/codes/ROS_Study/install/tutorial_interfaces/lib/python3.8/site-packages:/home/huang/codes/ROS_Study/install/village_interfaces/lib/python3.8/site-packages:/opt/ros/galactic/lib/python3.8/site-packages /usr/bin/cmake --install /home/huang/codes/ROS_Study/build/ros_service_launch
