[0.106s] Invoking command in '/home/huang/codes/ROS_Study/build/village_li': CMAKE_PREFIX_PATH=${CMAKE_PREFIX_PATH}:/opt/ros/galactic /usr/bin/cmake --build /home/huang/codes/ROS_Study/build/village_li -- -j8 -l8
[0.241s] [100%] Built target li_node
[0.284s] Invoked command in '/home/huang/codes/ROS_Study/build/village_li' returned '0': CMAKE_PREFIX_PATH=${CMAKE_PREFIX_PATH}:/opt/ros/galactic /usr/bin/cmake --build /home/huang/codes/ROS_Study/build/village_li -- -j8 -l8
[0.376s] Invoking command in '/home/huang/codes/ROS_Study/build/village_li': CMAKE_PREFIX_PATH=${CMAKE_PREFIX_PATH}:/opt/ros/galactic /usr/bin/cmake --install /home/huang/codes/ROS_Study/build/village_li
[0.394s] -- Install configuration: ""
[0.396s] -- Execute custom install script
[0.398s] -- Up-to-date symlink: /home/huang/codes/ROS_Study/install/village_li/share/ament_index/resource_index/package_run_dependencies/village_li
[0.400s] -- Up-to-date symlink: /home/huang/codes/ROS_Study/install/village_li/share/ament_index/resource_index/parent_prefix_path/village_li
[0.401s] -- Up-to-date symlink: /home/huang/codes/ROS_Study/install/village_li/share/village_li/environment/ament_prefix_path.sh
[0.402s] -- Up-to-date symlink: /home/huang/codes/ROS_Study/install/village_li/share/village_li/environment/ament_prefix_path.dsv
[0.403s] -- Up-to-date symlink: /home/huang/codes/ROS_Study/install/village_li/share/village_li/environment/path.sh
[0.405s] -- Up-to-date symlink: /home/huang/codes/ROS_Study/install/village_li/share/village_li/environment/path.dsv
[0.407s] -- Up-to-date symlink: /home/huang/codes/ROS_Study/install/village_li/share/village_li/local_setup.bash
[0.408s] -- Up-to-date symlink: /home/huang/codes/ROS_Study/install/village_li/share/village_li/local_setup.sh
[0.408s] -- Up-to-date symlink: /home/huang/codes/ROS_Study/install/village_li/share/village_li/local_setup.zsh
[0.409s] -- Up-to-date symlink: /home/huang/codes/ROS_Study/install/village_li/share/village_li/local_setup.dsv
[0.410s] -- Symlinking: /home/huang/codes/ROS_Study/install/village_li/share/village_li/package.dsv
[0.436s] -- Up-to-date symlink: /home/huang/codes/ROS_Study/install/village_li/share/ament_index/resource_index/packages/village_li
[0.436s] -- Up-to-date symlink: /home/huang/codes/ROS_Study/install/village_li/share/village_li/cmake/village_liConfig.cmake
[0.437s] -- Up-to-date symlink: /home/huang/codes/ROS_Study/install/village_li/share/village_li/cmake/village_liConfig-version.cmake
[0.437s] -- Up-to-date symlink: /home/huang/codes/ROS_Study/install/village_li/share/village_li/package.xml
[0.439s] -- Up-to-date symlink: /home/huang/codes/ROS_Study/install/village_li/lib/village_li/li_node
[0.449s] Invoked command in '/home/huang/codes/ROS_Study/build/village_li' returned '0': CMAKE_PREFIX_PATH=${CMAKE_PREFIX_PATH}:/opt/ros/galactic /usr/bin/cmake --install /home/huang/codes/ROS_Study/build/village_li
