[0.044s] Invoking command in '/home/huang/codes/ROS_Study/build/ros_pub_sub': CMAKE_PREFIX_PATH=/home/huang/codes/ROS_Study/install/tutorial_interfaces:/home/huang/codes/ROS_Study/install/village_wang:/home/huang/codes/ROS_Study/install/village_li:/home/huang/codes/ROS_Study/install/village_interfaces:/home/huang/codes/ROS_Study/install/ros_pub_sub_cv:/home/huang/codes/ROS_Study/install/ros_pub_sub:/opt/ros/galactic LD_LIBRARY_PATH=/home/huang/codes/ROS_Study/install/tutorial_interfaces/lib:/home/huang/codes/ROS_Study/install/village_interfaces/lib:/opt/ros/galactic/opt/yaml_cpp_vendor/lib:/opt/ros/galactic/opt/rviz_ogre_vendor/lib:/opt/ros/galactic/lib/x86_64-linux-gnu:/opt/ros/galactic/lib PYTHONPATH=/home/huang/codes/ROS_Study/install/tutorial_interfaces/lib/python3.8/site-packages:/home/huang/codes/ROS_Study/install/village_interfaces/lib/python3.8/site-packages:/opt/ros/galactic/lib/python3.8/site-packages /usr/bin/cmake --build /home/huang/codes/ROS_Study/build/ros_pub_sub -- -j8 -l8
[0.145s] [ 50%] Built target sub_node
[0.152s] [100%] Built target pub_node
[0.168s] Invoked command in '/home/huang/codes/ROS_Study/build/ros_pub_sub' returned '0': CMAKE_PREFIX_PATH=/home/huang/codes/ROS_Study/install/tutorial_interfaces:/home/huang/codes/ROS_Study/install/village_wang:/home/huang/codes/ROS_Study/install/village_li:/home/huang/codes/ROS_Study/install/village_interfaces:/home/huang/codes/ROS_Study/install/ros_pub_sub_cv:/home/huang/codes/ROS_Study/install/ros_pub_sub:/opt/ros/galactic LD_LIBRARY_PATH=/home/huang/codes/ROS_Study/install/tutorial_interfaces/lib:/home/huang/codes/ROS_Study/install/village_interfaces/lib:/opt/ros/galactic/opt/yaml_cpp_vendor/lib:/opt/ros/galactic/opt/rviz_ogre_vendor/lib:/opt/ros/galactic/lib/x86_64-linux-gnu:/opt/ros/galactic/lib PYTHONPATH=/home/huang/codes/ROS_Study/install/tutorial_interfaces/lib/python3.8/site-packages:/home/huang/codes/ROS_Study/install/village_interfaces/lib/python3.8/site-packages:/opt/ros/galactic/lib/python3.8/site-packages /usr/bin/cmake --build /home/huang/codes/ROS_Study/build/ros_pub_sub -- -j8 -l8
[0.218s] Invoking command in '/home/huang/codes/ROS_Study/build/ros_pub_sub': CMAKE_PREFIX_PATH=/home/huang/codes/ROS_Study/install/tutorial_interfaces:/home/huang/codes/ROS_Study/install/village_wang:/home/huang/codes/ROS_Study/install/village_li:/home/huang/codes/ROS_Study/install/village_interfaces:/home/huang/codes/ROS_Study/install/ros_pub_sub_cv:/home/huang/codes/ROS_Study/install/ros_pub_sub:/opt/ros/galactic LD_LIBRARY_PATH=/home/huang/codes/ROS_Study/install/tutorial_interfaces/lib:/home/huang/codes/ROS_Study/install/village_interfaces/lib:/opt/ros/galactic/opt/yaml_cpp_vendor/lib:/opt/ros/galactic/opt/rviz_ogre_vendor/lib:/opt/ros/galactic/lib/x86_64-linux-gnu:/opt/ros/galactic/lib PYTHONPATH=/home/huang/codes/ROS_Study/install/tutorial_interfaces/lib/python3.8/site-packages:/home/huang/codes/ROS_Study/install/village_interfaces/lib/python3.8/site-packages:/opt/ros/galactic/lib/python3.8/site-packages /usr/bin/cmake --install /home/huang/codes/ROS_Study/build/ros_pub_sub
[0.236s] -- Install configuration: ""
[0.237s] -- Execute custom install script
[0.238s] -- Up-to-date symlink: /home/huang/codes/ROS_Study/install/ros_pub_sub/lib/ros_pub_sub/pub_node
[0.238s] -- Up-to-date symlink: /home/huang/codes/ROS_Study/install/ros_pub_sub/lib/ros_pub_sub/sub_node
[0.240s] -- Up-to-date symlink: /home/huang/codes/ROS_Study/install/ros_pub_sub/share/ament_index/resource_index/package_run_dependencies/ros_pub_sub
[0.241s] -- Up-to-date symlink: /home/huang/codes/ROS_Study/install/ros_pub_sub/share/ament_index/resource_index/parent_prefix_path/ros_pub_sub
[0.241s] -- Up-to-date symlink: /home/huang/codes/ROS_Study/install/ros_pub_sub/share/ros_pub_sub/environment/ament_prefix_path.sh
[0.242s] -- Up-to-date symlink: /home/huang/codes/ROS_Study/install/ros_pub_sub/share/ros_pub_sub/environment/ament_prefix_path.dsv
[0.242s] -- Up-to-date symlink: /home/huang/codes/ROS_Study/install/ros_pub_sub/share/ros_pub_sub/environment/path.sh
[0.243s] -- Up-to-date symlink: /home/huang/codes/ROS_Study/install/ros_pub_sub/share/ros_pub_sub/environment/path.dsv
[0.243s] -- Up-to-date symlink: /home/huang/codes/ROS_Study/install/ros_pub_sub/share/ros_pub_sub/local_setup.bash
[0.243s] -- Up-to-date symlink: /home/huang/codes/ROS_Study/install/ros_pub_sub/share/ros_pub_sub/local_setup.sh
[0.244s] -- Up-to-date symlink: /home/huang/codes/ROS_Study/install/ros_pub_sub/share/ros_pub_sub/local_setup.zsh
[0.244s] -- Up-to-date symlink: /home/huang/codes/ROS_Study/install/ros_pub_sub/share/ros_pub_sub/local_setup.dsv
[0.245s] -- Symlinking: /home/huang/codes/ROS_Study/install/ros_pub_sub/share/ros_pub_sub/package.dsv
[0.257s] -- Up-to-date symlink: /home/huang/codes/ROS_Study/install/ros_pub_sub/share/ament_index/resource_index/packages/ros_pub_sub
[0.258s] -- Up-to-date symlink: /home/huang/codes/ROS_Study/install/ros_pub_sub/share/ros_pub_sub/cmake/ros_pub_subConfig.cmake
[0.258s] -- Up-to-date symlink: /home/huang/codes/ROS_Study/install/ros_pub_sub/share/ros_pub_sub/cmake/ros_pub_subConfig-version.cmake
[0.258s] -- Up-to-date symlink: /home/huang/codes/ROS_Study/install/ros_pub_sub/share/ros_pub_sub/package.xml
[0.264s] Invoked command in '/home/huang/codes/ROS_Study/build/ros_pub_sub' returned '0': CMAKE_PREFIX_PATH=/home/huang/codes/ROS_Study/install/tutorial_interfaces:/home/huang/codes/ROS_Study/install/village_wang:/home/huang/codes/ROS_Study/install/village_li:/home/huang/codes/ROS_Study/install/village_interfaces:/home/huang/codes/ROS_Study/install/ros_pub_sub_cv:/home/huang/codes/ROS_Study/install/ros_pub_sub:/opt/ros/galactic LD_LIBRARY_PATH=/home/huang/codes/ROS_Study/install/tutorial_interfaces/lib:/home/huang/codes/ROS_Study/install/village_interfaces/lib:/opt/ros/galactic/opt/yaml_cpp_vendor/lib:/opt/ros/galactic/opt/rviz_ogre_vendor/lib:/opt/ros/galactic/lib/x86_64-linux-gnu:/opt/ros/galactic/lib PYTHONPATH=/home/huang/codes/ROS_Study/install/tutorial_interfaces/lib/python3.8/site-packages:/home/huang/codes/ROS_Study/install/village_interfaces/lib/python3.8/site-packages:/opt/ros/galactic/lib/python3.8/site-packages /usr/bin/cmake --install /home/huang/codes/ROS_Study/build/ros_pub_sub
