[0.290s] DEBUG:colcon:Command line arguments: ['/usr/bin/colcon', 'build']
[0.290s] DEBUG:colcon:Parsed command line arguments: Namespace(allow_overriding=[], ament_cmake_args=None, base_paths=['.'], build_base='build', catkin_cmake_args=None, catkin_skip_building_tests=False, cmake_args=None, cmake_clean_cache=False, cmake_clean_first=False, cmake_force_configure=False, cmake_target=None, cmake_target_skip_unavailable=False, continue_on_error=False, event_handlers=None, executor='parallel', ignore_user_meta=False, install_base='install', log_base=None, log_level=None, main=<bound method BuildVerb.main of <colcon_core.verb.build.BuildVerb object at 0x7f6f02106b80>>, merge_install=False, metas=['./colcon.meta'], packages_above=None, packages_above_and_dependencies=None, packages_above_depth=None, packages_end=None, packages_ignore=None, packages_ignore_regex=None, packages_select=None, packages_select_build_failed=False, packages_select_by_dep=None, packages_select_regex=None, packages_select_test_failures=False, packages_skip=None, packages_skip_build_finished=False, packages_skip_by_dep=None, packages_skip_regex=None, packages_skip_test_passed=False, packages_skip_up_to=None, packages_start=None, packages_up_to=None, packages_up_to_regex=None, parallel_workers=8, paths=None, symlink_install=False, test_result_base=None, verb_extension=<colcon_core.verb.build.BuildVerb object at 0x7f6f02106b80>, verb_name='build', verb_parser=<colcon_defaults.argument_parser.defaults.DefaultArgumentsDecorator object at 0x7f6f02112130>)
[0.323s] Level 1:colcon.colcon_core.package_discovery:discover_packages(colcon_meta) check parameters
[0.323s] Level 1:colcon.colcon_core.package_discovery:discover_packages(recursive) check parameters
[0.323s] Level 1:colcon.colcon_core.package_discovery:discover_packages(ignore) check parameters
[0.323s] Level 1:colcon.colcon_core.package_discovery:discover_packages(path) check parameters
[0.323s] Level 1:colcon.colcon_core.package_discovery:discover_packages(colcon_meta) discover
[0.323s] Level 1:colcon.colcon_core.package_discovery:discover_packages(recursive) discover
[0.323s] INFO:colcon.colcon_core.package_discovery:Crawling recursively for packages in '/home/huang/codes/ROS_Study'
[0.323s] Level 1:colcon.colcon_core.package_identification:_identify(.) by extensions ['ignore', 'ignore_ament_install']
[0.324s] Level 1:colcon.colcon_core.package_identification:_identify(.) by extension 'ignore'
[0.324s] Level 1:colcon.colcon_core.package_identification:_identify(.) by extension 'ignore_ament_install'
[0.324s] Level 1:colcon.colcon_core.package_identification:_identify(.) by extensions ['colcon_pkg']
[0.324s] Level 1:colcon.colcon_core.package_identification:_identify(.) by extension 'colcon_pkg'
[0.324s] Level 1:colcon.colcon_core.package_identification:_identify(.) by extensions ['colcon_meta']
[0.324s] Level 1:colcon.colcon_core.package_identification:_identify(.) by extension 'colcon_meta'
[0.324s] Level 1:colcon.colcon_core.package_identification:_identify(.) by extensions ['ros']
[0.324s] Level 1:colcon.colcon_core.package_identification:_identify(.) by extension 'ros'
[0.333s] Level 1:colcon.colcon_core.package_identification:_identify(.) by extensions ['cmake', 'python']
[0.333s] Level 1:colcon.colcon_core.package_identification:_identify(.) by extension 'cmake'
[0.333s] Level 1:colcon.colcon_core.package_identification:_identify(.) by extension 'python'
[0.333s] Level 1:colcon.colcon_core.package_identification:_identify(.) by extensions ['python_setup_py']
[0.333s] Level 1:colcon.colcon_core.package_identification:_identify(.) by extension 'python_setup_py'
[0.333s] Level 1:colcon.colcon_core.package_identification:_identify(build) by extensions ['ignore', 'ignore_ament_install']
[0.333s] Level 1:colcon.colcon_core.package_identification:_identify(build) by extension 'ignore'
[0.333s] Level 1:colcon.colcon_core.package_identification:_identify(build) ignored
[0.334s] Level 1:colcon.colcon_core.package_identification:_identify(install) by extensions ['ignore', 'ignore_ament_install']
[0.334s] Level 1:colcon.colcon_core.package_identification:_identify(install) by extension 'ignore'
[0.334s] Level 1:colcon.colcon_core.package_identification:_identify(install) ignored
[0.334s] Level 1:colcon.colcon_core.package_identification:_identify(log) by extensions ['ignore', 'ignore_ament_install']
[0.334s] Level 1:colcon.colcon_core.package_identification:_identify(log) by extension 'ignore'
[0.334s] Level 1:colcon.colcon_core.package_identification:_identify(log) ignored
[0.334s] Level 1:colcon.colcon_core.package_identification:_identify(src) by extensions ['ignore', 'ignore_ament_install']
[0.334s] Level 1:colcon.colcon_core.package_identification:_identify(src) by extension 'ignore'
[0.334s] Level 1:colcon.colcon_core.package_identification:_identify(src) by extension 'ignore_ament_install'
[0.334s] Level 1:colcon.colcon_core.package_identification:_identify(src) by extensions ['colcon_pkg']
[0.334s] Level 1:colcon.colcon_core.package_identification:_identify(src) by extension 'colcon_pkg'
[0.334s] Level 1:colcon.colcon_core.package_identification:_identify(src) by extensions ['colcon_meta']
[0.334s] Level 1:colcon.colcon_core.package_identification:_identify(src) by extension 'colcon_meta'
[0.335s] Level 1:colcon.colcon_core.package_identification:_identify(src) by extensions ['ros']
[0.335s] Level 1:colcon.colcon_core.package_identification:_identify(src) by extension 'ros'
[0.335s] Level 1:colcon.colcon_core.package_identification:_identify(src) by extensions ['cmake', 'python']
[0.335s] Level 1:colcon.colcon_core.package_identification:_identify(src) by extension 'cmake'
[0.335s] Level 1:colcon.colcon_core.package_identification:_identify(src) by extension 'python'
[0.335s] Level 1:colcon.colcon_core.package_identification:_identify(src) by extensions ['python_setup_py']
[0.335s] Level 1:colcon.colcon_core.package_identification:_identify(src) by extension 'python_setup_py'
[0.335s] Level 1:colcon.colcon_core.package_identification:_identify(src/ros_pub_sub) by extensions ['ignore', 'ignore_ament_install']
[0.335s] Level 1:colcon.colcon_core.package_identification:_identify(src/ros_pub_sub) by extension 'ignore'
[0.335s] Level 1:colcon.colcon_core.package_identification:_identify(src/ros_pub_sub) by extension 'ignore_ament_install'
[0.335s] Level 1:colcon.colcon_core.package_identification:_identify(src/ros_pub_sub) by extensions ['colcon_pkg']
[0.335s] Level 1:colcon.colcon_core.package_identification:_identify(src/ros_pub_sub) by extension 'colcon_pkg'
[0.335s] Level 1:colcon.colcon_core.package_identification:_identify(src/ros_pub_sub) by extensions ['colcon_meta']
[0.335s] Level 1:colcon.colcon_core.package_identification:_identify(src/ros_pub_sub) by extension 'colcon_meta'
[0.335s] Level 1:colcon.colcon_core.package_identification:_identify(src/ros_pub_sub) by extensions ['ros']
[0.335s] Level 1:colcon.colcon_core.package_identification:_identify(src/ros_pub_sub) by extension 'ros'
[0.337s] DEBUG:colcon.colcon_core.package_identification:Package 'src/ros_pub_sub' with type 'ros.ament_cmake' and name 'ros_pub_sub'
[0.338s] Level 1:colcon.colcon_core.package_identification:_identify(src/ros_pub_sub_cv) by extensions ['ignore', 'ignore_ament_install']
[0.338s] Level 1:colcon.colcon_core.package_identification:_identify(src/ros_pub_sub_cv) by extension 'ignore'
[0.338s] Level 1:colcon.colcon_core.package_identification:_identify(src/ros_pub_sub_cv) by extension 'ignore_ament_install'
[0.338s] Level 1:colcon.colcon_core.package_identification:_identify(src/ros_pub_sub_cv) by extensions ['colcon_pkg']
[0.338s] Level 1:colcon.colcon_core.package_identification:_identify(src/ros_pub_sub_cv) by extension 'colcon_pkg'
[0.338s] Level 1:colcon.colcon_core.package_identification:_identify(src/ros_pub_sub_cv) by extensions ['colcon_meta']
[0.338s] Level 1:colcon.colcon_core.package_identification:_identify(src/ros_pub_sub_cv) by extension 'colcon_meta'
[0.338s] Level 1:colcon.colcon_core.package_identification:_identify(src/ros_pub_sub_cv) by extensions ['ros']
[0.338s] Level 1:colcon.colcon_core.package_identification:_identify(src/ros_pub_sub_cv) by extension 'ros'
[0.338s] DEBUG:colcon.colcon_core.package_identification:Package 'src/ros_pub_sub_cv' with type 'ros.ament_cmake' and name 'ros_pub_sub_cv'
[0.339s] Level 1:colcon.colcon_core.package_identification:_identify(src/tutorial_interfaces) by extensions ['ignore', 'ignore_ament_install']
[0.339s] Level 1:colcon.colcon_core.package_identification:_identify(src/tutorial_interfaces) by extension 'ignore'
[0.339s] Level 1:colcon.colcon_core.package_identification:_identify(src/tutorial_interfaces) by extension 'ignore_ament_install'
[0.339s] Level 1:colcon.colcon_core.package_identification:_identify(src/tutorial_interfaces) by extensions ['colcon_pkg']
[0.339s] Level 1:colcon.colcon_core.package_identification:_identify(src/tutorial_interfaces) by extension 'colcon_pkg'
[0.339s] Level 1:colcon.colcon_core.package_identification:_identify(src/tutorial_interfaces) by extensions ['colcon_meta']
[0.339s] Level 1:colcon.colcon_core.package_identification:_identify(src/tutorial_interfaces) by extension 'colcon_meta'
[0.339s] Level 1:colcon.colcon_core.package_identification:_identify(src/tutorial_interfaces) by extensions ['ros']
[0.339s] Level 1:colcon.colcon_core.package_identification:_identify(src/tutorial_interfaces) by extension 'ros'
[0.340s] DEBUG:colcon.colcon_core.package_identification:Package 'src/tutorial_interfaces' with type 'ros.ament_cmake' and name 'tutorial_interfaces'
[0.340s] Level 1:colcon.colcon_core.package_identification:_identify(src/village_interfaces) by extensions ['ignore', 'ignore_ament_install']
[0.340s] Level 1:colcon.colcon_core.package_identification:_identify(src/village_interfaces) by extension 'ignore'
[0.340s] Level 1:colcon.colcon_core.package_identification:_identify(src/village_interfaces) by extension 'ignore_ament_install'
[0.340s] Level 1:colcon.colcon_core.package_identification:_identify(src/village_interfaces) by extensions ['colcon_pkg']
[0.340s] Level 1:colcon.colcon_core.package_identification:_identify(src/village_interfaces) by extension 'colcon_pkg'
[0.340s] Level 1:colcon.colcon_core.package_identification:_identify(src/village_interfaces) by extensions ['colcon_meta']
[0.340s] Level 1:colcon.colcon_core.package_identification:_identify(src/village_interfaces) by extension 'colcon_meta'
[0.340s] Level 1:colcon.colcon_core.package_identification:_identify(src/village_interfaces) by extensions ['ros']
[0.340s] Level 1:colcon.colcon_core.package_identification:_identify(src/village_interfaces) by extension 'ros'
[0.341s] DEBUG:colcon.colcon_core.package_identification:Package 'src/village_interfaces' with type 'ros.ament_cmake' and name 'village_interfaces'
[0.341s] Level 1:colcon.colcon_core.package_identification:_identify(src/village_li) by extensions ['ignore', 'ignore_ament_install']
[0.341s] Level 1:colcon.colcon_core.package_identification:_identify(src/village_li) by extension 'ignore'
[0.341s] Level 1:colcon.colcon_core.package_identification:_identify(src/village_li) by extension 'ignore_ament_install'
[0.341s] Level 1:colcon.colcon_core.package_identification:_identify(src/village_li) by extensions ['colcon_pkg']
[0.341s] Level 1:colcon.colcon_core.package_identification:_identify(src/village_li) by extension 'colcon_pkg'
[0.341s] Level 1:colcon.colcon_core.package_identification:_identify(src/village_li) by extensions ['colcon_meta']
[0.341s] Level 1:colcon.colcon_core.package_identification:_identify(src/village_li) by extension 'colcon_meta'
[0.341s] Level 1:colcon.colcon_core.package_identification:_identify(src/village_li) by extensions ['ros']
[0.341s] Level 1:colcon.colcon_core.package_identification:_identify(src/village_li) by extension 'ros'
[0.341s] DEBUG:colcon.colcon_core.package_identification:Package 'src/village_li' with type 'ros.ament_cmake' and name 'village_li'
[0.342s] Level 1:colcon.colcon_core.package_identification:_identify(src/village_wang) by extensions ['ignore', 'ignore_ament_install']
[0.342s] Level 1:colcon.colcon_core.package_identification:_identify(src/village_wang) by extension 'ignore'
[0.342s] Level 1:colcon.colcon_core.package_identification:_identify(src/village_wang) by extension 'ignore_ament_install'
[0.342s] Level 1:colcon.colcon_core.package_identification:_identify(src/village_wang) by extensions ['colcon_pkg']
[0.342s] Level 1:colcon.colcon_core.package_identification:_identify(src/village_wang) by extension 'colcon_pkg'
[0.342s] Level 1:colcon.colcon_core.package_identification:_identify(src/village_wang) by extensions ['colcon_meta']
[0.342s] Level 1:colcon.colcon_core.package_identification:_identify(src/village_wang) by extension 'colcon_meta'
[0.342s] Level 1:colcon.colcon_core.package_identification:_identify(src/village_wang) by extensions ['ros']
[0.342s] Level 1:colcon.colcon_core.package_identification:_identify(src/village_wang) by extension 'ros'
[0.343s] DEBUG:colcon.colcon_core.package_identification:Package 'src/village_wang' with type 'ros.ament_cmake' and name 'village_wang'
[0.343s] Level 1:colcon.colcon_core.package_discovery:discover_packages(recursive) using defaults
[0.343s] Level 1:colcon.colcon_core.package_discovery:discover_packages(ignore) discover
[0.343s] Level 1:colcon.colcon_core.package_discovery:discover_packages(ignore) using defaults
[0.343s] Level 1:colcon.colcon_core.package_discovery:discover_packages(path) discover
[0.343s] Level 1:colcon.colcon_core.package_discovery:discover_packages(path) using defaults
[0.360s] Level 1:colcon.colcon_core.package_discovery:discover_packages(prefix_path) check parameters
[0.360s] Level 1:colcon.colcon_core.package_discovery:discover_packages(prefix_path) discover
[0.363s] DEBUG:colcon.colcon_installed_package_information.package_discovery:Found 6 installed packages in /home/huang/codes/ROS_Study/install
[0.364s] DEBUG:colcon.colcon_installed_package_information.package_discovery:Found 285 installed packages in /opt/ros/galactic
[0.366s] Level 1:colcon.colcon_core.package_discovery:discover_packages(prefix_path) using defaults
[0.429s] Level 5:colcon.colcon_core.verb:set package 'tutorial_interfaces' build argument 'cmake_args' from command line to 'None'
[0.429s] Level 5:colcon.colcon_core.verb:set package 'tutorial_interfaces' build argument 'cmake_target' from command line to 'None'
[0.429s] Level 5:colcon.colcon_core.verb:set package 'tutorial_interfaces' build argument 'cmake_target_skip_unavailable' from command line to 'False'
[0.429s] Level 5:colcon.colcon_core.verb:set package 'tutorial_interfaces' build argument 'cmake_clean_cache' from command line to 'False'
[0.429s] Level 5:colcon.colcon_core.verb:set package 'tutorial_interfaces' build argument 'cmake_clean_first' from command line to 'False'
[0.429s] Level 5:colcon.colcon_core.verb:set package 'tutorial_interfaces' build argument 'cmake_force_configure' from command line to 'False'
[0.429s] Level 5:colcon.colcon_core.verb:set package 'tutorial_interfaces' build argument 'ament_cmake_args' from command line to 'None'
[0.429s] Level 5:colcon.colcon_core.verb:set package 'tutorial_interfaces' build argument 'catkin_cmake_args' from command line to 'None'
[0.429s] Level 5:colcon.colcon_core.verb:set package 'tutorial_interfaces' build argument 'catkin_skip_building_tests' from command line to 'False'
[0.429s] DEBUG:colcon.colcon_core.verb:Building package 'tutorial_interfaces' with the following arguments: {'ament_cmake_args': None, 'build_base': '/home/huang/codes/ROS_Study/build/tutorial_interfaces', 'catkin_cmake_args': None, 'catkin_skip_building_tests': False, 'cmake_args': None, 'cmake_clean_cache': False, 'cmake_clean_first': False, 'cmake_force_configure': False, 'cmake_target': None, 'cmake_target_skip_unavailable': False, 'install_base': '/home/huang/codes/ROS_Study/install/tutorial_interfaces', 'merge_install': False, 'path': '/home/huang/codes/ROS_Study/src/tutorial_interfaces', 'symlink_install': False, 'test_result_base': None}
[0.430s] Level 5:colcon.colcon_core.verb:set package 'village_interfaces' build argument 'cmake_args' from command line to 'None'
[0.430s] Level 5:colcon.colcon_core.verb:set package 'village_interfaces' build argument 'cmake_target' from command line to 'None'
[0.430s] Level 5:colcon.colcon_core.verb:set package 'village_interfaces' build argument 'cmake_target_skip_unavailable' from command line to 'False'
[0.430s] Level 5:colcon.colcon_core.verb:set package 'village_interfaces' build argument 'cmake_clean_cache' from command line to 'False'
[0.430s] Level 5:colcon.colcon_core.verb:set package 'village_interfaces' build argument 'cmake_clean_first' from command line to 'False'
[0.430s] Level 5:colcon.colcon_core.verb:set package 'village_interfaces' build argument 'cmake_force_configure' from command line to 'False'
[0.430s] Level 5:colcon.colcon_core.verb:set package 'village_interfaces' build argument 'ament_cmake_args' from command line to 'None'
[0.430s] Level 5:colcon.colcon_core.verb:set package 'village_interfaces' build argument 'catkin_cmake_args' from command line to 'None'
[0.430s] Level 5:colcon.colcon_core.verb:set package 'village_interfaces' build argument 'catkin_skip_building_tests' from command line to 'False'
[0.430s] DEBUG:colcon.colcon_core.verb:Building package 'village_interfaces' with the following arguments: {'ament_cmake_args': None, 'build_base': '/home/huang/codes/ROS_Study/build/village_interfaces', 'catkin_cmake_args': None, 'catkin_skip_building_tests': False, 'cmake_args': None, 'cmake_clean_cache': False, 'cmake_clean_first': False, 'cmake_force_configure': False, 'cmake_target': None, 'cmake_target_skip_unavailable': False, 'install_base': '/home/huang/codes/ROS_Study/install/village_interfaces', 'merge_install': False, 'path': '/home/huang/codes/ROS_Study/src/village_interfaces', 'symlink_install': False, 'test_result_base': None}
[0.431s] Level 5:colcon.colcon_core.verb:set package 'village_li' build argument 'cmake_args' from command line to 'None'
[0.431s] Level 5:colcon.colcon_core.verb:set package 'village_li' build argument 'cmake_target' from command line to 'None'
[0.431s] Level 5:colcon.colcon_core.verb:set package 'village_li' build argument 'cmake_target_skip_unavailable' from command line to 'False'
[0.431s] Level 5:colcon.colcon_core.verb:set package 'village_li' build argument 'cmake_clean_cache' from command line to 'False'
[0.431s] Level 5:colcon.colcon_core.verb:set package 'village_li' build argument 'cmake_clean_first' from command line to 'False'
[0.431s] Level 5:colcon.colcon_core.verb:set package 'village_li' build argument 'cmake_force_configure' from command line to 'False'
[0.431s] Level 5:colcon.colcon_core.verb:set package 'village_li' build argument 'ament_cmake_args' from command line to 'None'
[0.431s] Level 5:colcon.colcon_core.verb:set package 'village_li' build argument 'catkin_cmake_args' from command line to 'None'
[0.431s] Level 5:colcon.colcon_core.verb:set package 'village_li' build argument 'catkin_skip_building_tests' from command line to 'False'
[0.432s] DEBUG:colcon.colcon_core.verb:Building package 'village_li' with the following arguments: {'ament_cmake_args': None, 'build_base': '/home/huang/codes/ROS_Study/build/village_li', 'catkin_cmake_args': None, 'catkin_skip_building_tests': False, 'cmake_args': None, 'cmake_clean_cache': False, 'cmake_clean_first': False, 'cmake_force_configure': False, 'cmake_target': None, 'cmake_target_skip_unavailable': False, 'install_base': '/home/huang/codes/ROS_Study/install/village_li', 'merge_install': False, 'path': '/home/huang/codes/ROS_Study/src/village_li', 'symlink_install': False, 'test_result_base': None}
[0.432s] Level 5:colcon.colcon_core.verb:set package 'village_wang' build argument 'cmake_args' from command line to 'None'
[0.432s] Level 5:colcon.colcon_core.verb:set package 'village_wang' build argument 'cmake_target' from command line to 'None'
[0.432s] Level 5:colcon.colcon_core.verb:set package 'village_wang' build argument 'cmake_target_skip_unavailable' from command line to 'False'
[0.433s] Level 5:colcon.colcon_core.verb:set package 'village_wang' build argument 'cmake_clean_cache' from command line to 'False'
[0.433s] Level 5:colcon.colcon_core.verb:set package 'village_wang' build argument 'cmake_clean_first' from command line to 'False'
[0.433s] Level 5:colcon.colcon_core.verb:set package 'village_wang' build argument 'cmake_force_configure' from command line to 'False'
[0.433s] Level 5:colcon.colcon_core.verb:set package 'village_wang' build argument 'ament_cmake_args' from command line to 'None'
[0.433s] Level 5:colcon.colcon_core.verb:set package 'village_wang' build argument 'catkin_cmake_args' from command line to 'None'
[0.433s] Level 5:colcon.colcon_core.verb:set package 'village_wang' build argument 'catkin_skip_building_tests' from command line to 'False'
[0.433s] DEBUG:colcon.colcon_core.verb:Building package 'village_wang' with the following arguments: {'ament_cmake_args': None, 'build_base': '/home/huang/codes/ROS_Study/build/village_wang', 'catkin_cmake_args': None, 'catkin_skip_building_tests': False, 'cmake_args': None, 'cmake_clean_cache': False, 'cmake_clean_first': False, 'cmake_force_configure': False, 'cmake_target': None, 'cmake_target_skip_unavailable': False, 'install_base': '/home/huang/codes/ROS_Study/install/village_wang', 'merge_install': False, 'path': '/home/huang/codes/ROS_Study/src/village_wang', 'symlink_install': False, 'test_result_base': None}
[0.434s] Level 5:colcon.colcon_core.verb:set package 'ros_pub_sub' build argument 'cmake_args' from command line to 'None'
[0.434s] Level 5:colcon.colcon_core.verb:set package 'ros_pub_sub' build argument 'cmake_target' from command line to 'None'
[0.434s] Level 5:colcon.colcon_core.verb:set package 'ros_pub_sub' build argument 'cmake_target_skip_unavailable' from command line to 'False'
[0.434s] Level 5:colcon.colcon_core.verb:set package 'ros_pub_sub' build argument 'cmake_clean_cache' from command line to 'False'
[0.434s] Level 5:colcon.colcon_core.verb:set package 'ros_pub_sub' build argument 'cmake_clean_first' from command line to 'False'
[0.434s] Level 5:colcon.colcon_core.verb:set package 'ros_pub_sub' build argument 'cmake_force_configure' from command line to 'False'
[0.434s] Level 5:colcon.colcon_core.verb:set package 'ros_pub_sub' build argument 'ament_cmake_args' from command line to 'None'
[0.434s] Level 5:colcon.colcon_core.verb:set package 'ros_pub_sub' build argument 'catkin_cmake_args' from command line to 'None'
[0.434s] Level 5:colcon.colcon_core.verb:set package 'ros_pub_sub' build argument 'catkin_skip_building_tests' from command line to 'False'
[0.434s] DEBUG:colcon.colcon_core.verb:Building package 'ros_pub_sub' with the following arguments: {'ament_cmake_args': None, 'build_base': '/home/huang/codes/ROS_Study/build/ros_pub_sub', 'catkin_cmake_args': None, 'catkin_skip_building_tests': False, 'cmake_args': None, 'cmake_clean_cache': False, 'cmake_clean_first': False, 'cmake_force_configure': False, 'cmake_target': None, 'cmake_target_skip_unavailable': False, 'install_base': '/home/huang/codes/ROS_Study/install/ros_pub_sub', 'merge_install': False, 'path': '/home/huang/codes/ROS_Study/src/ros_pub_sub', 'symlink_install': False, 'test_result_base': None}
[0.435s] Level 5:colcon.colcon_core.verb:set package 'ros_pub_sub_cv' build argument 'cmake_args' from command line to 'None'
[0.435s] Level 5:colcon.colcon_core.verb:set package 'ros_pub_sub_cv' build argument 'cmake_target' from command line to 'None'
[0.435s] Level 5:colcon.colcon_core.verb:set package 'ros_pub_sub_cv' build argument 'cmake_target_skip_unavailable' from command line to 'False'
[0.435s] Level 5:colcon.colcon_core.verb:set package 'ros_pub_sub_cv' build argument 'cmake_clean_cache' from command line to 'False'
[0.435s] Level 5:colcon.colcon_core.verb:set package 'ros_pub_sub_cv' build argument 'cmake_clean_first' from command line to 'False'
[0.435s] Level 5:colcon.colcon_core.verb:set package 'ros_pub_sub_cv' build argument 'cmake_force_configure' from command line to 'False'
[0.435s] Level 5:colcon.colcon_core.verb:set package 'ros_pub_sub_cv' build argument 'ament_cmake_args' from command line to 'None'
[0.435s] Level 5:colcon.colcon_core.verb:set package 'ros_pub_sub_cv' build argument 'catkin_cmake_args' from command line to 'None'
[0.435s] Level 5:colcon.colcon_core.verb:set package 'ros_pub_sub_cv' build argument 'catkin_skip_building_tests' from command line to 'False'
[0.435s] DEBUG:colcon.colcon_core.verb:Building package 'ros_pub_sub_cv' with the following arguments: {'ament_cmake_args': None, 'build_base': '/home/huang/codes/ROS_Study/build/ros_pub_sub_cv', 'catkin_cmake_args': None, 'catkin_skip_building_tests': False, 'cmake_args': None, 'cmake_clean_cache': False, 'cmake_clean_first': False, 'cmake_force_configure': False, 'cmake_target': None, 'cmake_target_skip_unavailable': False, 'install_base': '/home/huang/codes/ROS_Study/install/ros_pub_sub_cv', 'merge_install': False, 'path': '/home/huang/codes/ROS_Study/src/ros_pub_sub_cv', 'symlink_install': False, 'test_result_base': None}
[0.436s] INFO:colcon.colcon_core.executor:Executing jobs using 'parallel' executor
[0.439s] DEBUG:colcon.colcon_parallel_executor.executor.parallel:run_until_complete
[0.440s] INFO:colcon.colcon_ros.task.ament_cmake.build:Building ROS package in '/home/huang/codes/ROS_Study/src/tutorial_interfaces' with build type 'ament_cmake'
[0.440s] INFO:colcon.colcon_cmake.task.cmake.build:Building CMake package in '/home/huang/codes/ROS_Study/src/tutorial_interfaces'
[0.445s] INFO:colcon.colcon_core.plugin_system:Skipping extension 'colcon_core.shell.bat': Not used on non-Windows systems
[0.446s] INFO:colcon.colcon_core.shell:Skip shell extension 'powershell' for command environment: Not usable outside of PowerShell
[0.446s] DEBUG:colcon.colcon_core.shell:Skip shell extension 'dsv' for command environment
[0.454s] INFO:colcon.colcon_ros.task.ament_cmake.build:Building ROS package in '/home/huang/codes/ROS_Study/src/village_interfaces' with build type 'ament_cmake'
[0.455s] INFO:colcon.colcon_cmake.task.cmake.build:Building CMake package in '/home/huang/codes/ROS_Study/src/village_interfaces'
[0.458s] INFO:colcon.colcon_core.shell:Skip shell extension 'powershell' for command environment: Not usable outside of PowerShell
[0.459s] DEBUG:colcon.colcon_core.shell:Skip shell extension 'dsv' for command environment
[0.469s] INFO:colcon.colcon_ros.task.ament_cmake.build:Building ROS package in '/home/huang/codes/ROS_Study/src/village_li' with build type 'ament_cmake'
[0.470s] INFO:colcon.colcon_cmake.task.cmake.build:Building CMake package in '/home/huang/codes/ROS_Study/src/village_li'
[0.475s] INFO:colcon.colcon_core.shell:Skip shell extension 'powershell' for command environment: Not usable outside of PowerShell
[0.476s] DEBUG:colcon.colcon_core.shell:Skip shell extension 'dsv' for command environment
[0.492s] INFO:colcon.colcon_ros.task.ament_cmake.build:Building ROS package in '/home/huang/codes/ROS_Study/src/village_wang' with build type 'ament_cmake'
[0.493s] INFO:colcon.colcon_cmake.task.cmake.build:Building CMake package in '/home/huang/codes/ROS_Study/src/village_wang'
[0.497s] INFO:colcon.colcon_core.shell:Skip shell extension 'powershell' for command environment: Not usable outside of PowerShell
[0.498s] DEBUG:colcon.colcon_core.shell:Skip shell extension 'dsv' for command environment
[0.529s] DEBUG:colcon.colcon_core.event_handler.log_command:Invoking command in '/home/huang/codes/ROS_Study/build/tutorial_interfaces': CMAKE_PREFIX_PATH=${CMAKE_PREFIX_PATH}:/opt/ros/galactic /usr/bin/cmake --build /home/huang/codes/ROS_Study/build/tutorial_interfaces -- -j8 -l8
[0.549s] DEBUG:colcon.colcon_core.event_handler.log_command:Invoking command in '/home/huang/codes/ROS_Study/build/village_interfaces': CMAKE_PREFIX_PATH=${CMAKE_PREFIX_PATH}:/opt/ros/galactic /usr/bin/cmake --build /home/huang/codes/ROS_Study/build/village_interfaces -- -j8 -l8
[0.561s] DEBUG:colcon.colcon_core.event_handler.log_command:Invoking command in '/home/huang/codes/ROS_Study/build/village_li': CMAKE_PREFIX_PATH=${CMAKE_PREFIX_PATH}:/opt/ros/galactic /usr/bin/cmake --build /home/huang/codes/ROS_Study/build/village_li -- -j8 -l8
[0.575s] DEBUG:colcon.colcon_core.event_handler.log_command:Invoking command in '/home/huang/codes/ROS_Study/build/village_wang': CMAKE_PREFIX_PATH=${CMAKE_PREFIX_PATH}:/opt/ros/galactic /usr/bin/cmake --build /home/huang/codes/ROS_Study/build/village_wang -- -j8 -l8
[0.696s] DEBUG:colcon.colcon_core.event_handler.log_command:Invoked command in '/home/huang/codes/ROS_Study/build/village_li' returned '0': CMAKE_PREFIX_PATH=${CMAKE_PREFIX_PATH}:/opt/ros/galactic /usr/bin/cmake --build /home/huang/codes/ROS_Study/build/village_li -- -j8 -l8
[0.712s] DEBUG:colcon.colcon_core.event_handler.log_command:Invoked command in '/home/huang/codes/ROS_Study/build/village_wang' returned '0': CMAKE_PREFIX_PATH=${CMAKE_PREFIX_PATH}:/opt/ros/galactic /usr/bin/cmake --build /home/huang/codes/ROS_Study/build/village_wang -- -j8 -l8
[0.749s] DEBUG:colcon.colcon_core.event_handler.log_command:Invoking command in '/home/huang/codes/ROS_Study/build/village_li': CMAKE_PREFIX_PATH=${CMAKE_PREFIX_PATH}:/opt/ros/galactic /usr/bin/cmake --install /home/huang/codes/ROS_Study/build/village_li
[0.759s] DEBUG:colcon.colcon_core.event_handler.log_command:Invoking command in '/home/huang/codes/ROS_Study/build/village_wang': CMAKE_PREFIX_PATH=${CMAKE_PREFIX_PATH}:/opt/ros/galactic /usr/bin/cmake --install /home/huang/codes/ROS_Study/build/village_wang
[0.773s] Level 1:colcon.colcon_core.environment:create_environment_scripts_only(village_li)
[0.776s] DEBUG:colcon.colcon_core.event_handler.log_command:Invoked command in '/home/huang/codes/ROS_Study/build/village_li' returned '0': CMAKE_PREFIX_PATH=${CMAKE_PREFIX_PATH}:/opt/ros/galactic /usr/bin/cmake --install /home/huang/codes/ROS_Study/build/village_li
[0.788s] Level 1:colcon.colcon_core.environment:checking '/home/huang/codes/ROS_Study/install/village_li' for CMake module files
[0.789s] Level 1:colcon.colcon_core.environment:checking '/home/huang/codes/ROS_Study/install/village_li' for CMake config files
[0.789s] Level 1:colcon.colcon_core.shell:create_environment_hook('village_li', 'cmake_prefix_path')
[0.792s] INFO:colcon.colcon_core.shell:Creating environment hook '/home/huang/codes/ROS_Study/install/village_li/share/village_li/hook/cmake_prefix_path.ps1'
[0.793s] INFO:colcon.colcon_core.shell:Creating environment descriptor '/home/huang/codes/ROS_Study/install/village_li/share/village_li/hook/cmake_prefix_path.dsv'
[0.794s] INFO:colcon.colcon_core.shell:Creating environment hook '/home/huang/codes/ROS_Study/install/village_li/share/village_li/hook/cmake_prefix_path.sh'
[0.795s] Level 1:colcon.colcon_core.environment:checking '/home/huang/codes/ROS_Study/install/village_li/lib'
[0.796s] Level 1:colcon.colcon_core.environment:checking '/home/huang/codes/ROS_Study/install/village_li/bin'
[0.796s] Level 1:colcon.colcon_core.environment:checking '/home/huang/codes/ROS_Study/install/village_li/lib/pkgconfig/village_li.pc'
[0.796s] Level 1:colcon.colcon_core.environment:checking '/home/huang/codes/ROS_Study/install/village_li/lib/python3.8/site-packages'
[0.796s] Level 1:colcon.colcon_core.environment:checking '/home/huang/codes/ROS_Study/install/village_li/bin'
[0.798s] INFO:colcon.colcon_core.shell:Creating package script '/home/huang/codes/ROS_Study/install/village_li/share/village_li/package.ps1'
[0.799s] INFO:colcon.colcon_core.shell:Creating package descriptor '/home/huang/codes/ROS_Study/install/village_li/share/village_li/package.dsv'
[0.799s] INFO:colcon.colcon_core.shell:Creating package script '/home/huang/codes/ROS_Study/install/village_li/share/village_li/package.sh'
[0.800s] INFO:colcon.colcon_core.shell:Creating package script '/home/huang/codes/ROS_Study/install/village_li/share/village_li/package.bash'
[0.801s] INFO:colcon.colcon_core.shell:Creating package script '/home/huang/codes/ROS_Study/install/village_li/share/village_li/package.zsh'
[0.801s] Level 1:colcon.colcon_core.environment:create_file_with_runtime_dependencies(/home/huang/codes/ROS_Study/install/village_li/share/colcon-core/packages/village_li)
[0.806s] Level 1:colcon.colcon_core.environment:create_environment_scripts_only(village_wang)
[0.808s] Level 1:colcon.colcon_core.environment:checking '/home/huang/codes/ROS_Study/install/village_wang' for CMake module files
[0.809s] DEBUG:colcon.colcon_core.event_handler.log_command:Invoked command in '/home/huang/codes/ROS_Study/build/village_wang' returned '0': CMAKE_PREFIX_PATH=${CMAKE_PREFIX_PATH}:/opt/ros/galactic /usr/bin/cmake --install /home/huang/codes/ROS_Study/build/village_wang
[0.810s] Level 1:colcon.colcon_core.environment:checking '/home/huang/codes/ROS_Study/install/village_wang' for CMake config files
[0.810s] Level 1:colcon.colcon_core.shell:create_environment_hook('village_wang', 'cmake_prefix_path')
[0.812s] INFO:colcon.colcon_core.shell:Creating environment hook '/home/huang/codes/ROS_Study/install/village_wang/share/village_wang/hook/cmake_prefix_path.ps1'
[0.812s] INFO:colcon.colcon_core.shell:Creating environment descriptor '/home/huang/codes/ROS_Study/install/village_wang/share/village_wang/hook/cmake_prefix_path.dsv'
[0.813s] INFO:colcon.colcon_core.shell:Creating environment hook '/home/huang/codes/ROS_Study/install/village_wang/share/village_wang/hook/cmake_prefix_path.sh'
[0.813s] Level 1:colcon.colcon_core.environment:checking '/home/huang/codes/ROS_Study/install/village_wang/lib'
[0.813s] Level 1:colcon.colcon_core.environment:checking '/home/huang/codes/ROS_Study/install/village_wang/bin'
[0.813s] Level 1:colcon.colcon_core.environment:checking '/home/huang/codes/ROS_Study/install/village_wang/lib/pkgconfig/village_wang.pc'
[0.814s] Level 1:colcon.colcon_core.environment:checking '/home/huang/codes/ROS_Study/install/village_wang/lib/python3.8/site-packages'
[0.814s] Level 1:colcon.colcon_core.environment:checking '/home/huang/codes/ROS_Study/install/village_wang/bin'
[0.816s] INFO:colcon.colcon_core.shell:Creating package script '/home/huang/codes/ROS_Study/install/village_wang/share/village_wang/package.ps1'
[0.816s] INFO:colcon.colcon_core.shell:Creating package descriptor '/home/huang/codes/ROS_Study/install/village_wang/share/village_wang/package.dsv'
[0.817s] INFO:colcon.colcon_core.shell:Creating package script '/home/huang/codes/ROS_Study/install/village_wang/share/village_wang/package.sh'
[0.818s] INFO:colcon.colcon_core.shell:Creating package script '/home/huang/codes/ROS_Study/install/village_wang/share/village_wang/package.bash'
[0.818s] INFO:colcon.colcon_core.shell:Creating package script '/home/huang/codes/ROS_Study/install/village_wang/share/village_wang/package.zsh'
[0.818s] Level 1:colcon.colcon_core.environment:create_file_with_runtime_dependencies(/home/huang/codes/ROS_Study/install/village_wang/share/colcon-core/packages/village_wang)
[0.832s] Level 1:colcon.colcon_core.environment:create_environment_scripts_only(village_li)
[0.835s] Level 1:colcon.colcon_core.environment:checking '/home/huang/codes/ROS_Study/install/village_li' for CMake module files
[0.836s] Level 1:colcon.colcon_core.environment:checking '/home/huang/codes/ROS_Study/install/village_li' for CMake config files
[0.836s] Level 1:colcon.colcon_core.shell:create_environment_hook('village_li', 'cmake_prefix_path')
[0.838s] INFO:colcon.colcon_core.shell:Creating environment hook '/home/huang/codes/ROS_Study/install/village_li/share/village_li/hook/cmake_prefix_path.ps1'
[0.838s] INFO:colcon.colcon_core.shell:Creating environment descriptor '/home/huang/codes/ROS_Study/install/village_li/share/village_li/hook/cmake_prefix_path.dsv'
[0.838s] INFO:colcon.colcon_core.shell:Creating environment hook '/home/huang/codes/ROS_Study/install/village_li/share/village_li/hook/cmake_prefix_path.sh'
[0.839s] Level 1:colcon.colcon_core.environment:checking '/home/huang/codes/ROS_Study/install/village_li/lib'
[0.839s] Level 1:colcon.colcon_core.environment:checking '/home/huang/codes/ROS_Study/install/village_li/bin'
[0.839s] Level 1:colcon.colcon_core.environment:checking '/home/huang/codes/ROS_Study/install/village_li/lib/pkgconfig/village_li.pc'
[0.840s] Level 1:colcon.colcon_core.environment:checking '/home/huang/codes/ROS_Study/install/village_li/lib/python3.8/site-packages'
[0.840s] Level 1:colcon.colcon_core.environment:checking '/home/huang/codes/ROS_Study/install/village_li/bin'
[0.843s] INFO:colcon.colcon_core.shell:Creating package script '/home/huang/codes/ROS_Study/install/village_li/share/village_li/package.ps1'
[0.844s] INFO:colcon.colcon_core.shell:Creating package descriptor '/home/huang/codes/ROS_Study/install/village_li/share/village_li/package.dsv'
[0.845s] INFO:colcon.colcon_core.shell:Creating package script '/home/huang/codes/ROS_Study/install/village_li/share/village_li/package.sh'
[0.846s] INFO:colcon.colcon_core.shell:Creating package script '/home/huang/codes/ROS_Study/install/village_li/share/village_li/package.bash'
[0.847s] INFO:colcon.colcon_core.shell:Creating package script '/home/huang/codes/ROS_Study/install/village_li/share/village_li/package.zsh'
[0.848s] Level 1:colcon.colcon_core.environment:create_file_with_runtime_dependencies(/home/huang/codes/ROS_Study/install/village_li/share/colcon-core/packages/village_li)
[0.853s] Level 1:colcon.colcon_core.environment:create_environment_scripts_only(village_wang)
[0.859s] Level 1:colcon.colcon_core.environment:checking '/home/huang/codes/ROS_Study/install/village_wang' for CMake module files
[0.860s] Level 1:colcon.colcon_core.environment:checking '/home/huang/codes/ROS_Study/install/village_wang' for CMake config files
[0.860s] Level 1:colcon.colcon_core.shell:create_environment_hook('village_wang', 'cmake_prefix_path')
[0.863s] INFO:colcon.colcon_core.shell:Creating environment hook '/home/huang/codes/ROS_Study/install/village_wang/share/village_wang/hook/cmake_prefix_path.ps1'
[0.864s] INFO:colcon.colcon_core.shell:Creating environment descriptor '/home/huang/codes/ROS_Study/install/village_wang/share/village_wang/hook/cmake_prefix_path.dsv'
[0.865s] INFO:colcon.colcon_core.shell:Creating environment hook '/home/huang/codes/ROS_Study/install/village_wang/share/village_wang/hook/cmake_prefix_path.sh'
[0.866s] Level 1:colcon.colcon_core.environment:checking '/home/huang/codes/ROS_Study/install/village_wang/lib'
[0.867s] Level 1:colcon.colcon_core.environment:checking '/home/huang/codes/ROS_Study/install/village_wang/bin'
[0.867s] Level 1:colcon.colcon_core.environment:checking '/home/huang/codes/ROS_Study/install/village_wang/lib/pkgconfig/village_wang.pc'
[0.867s] Level 1:colcon.colcon_core.environment:checking '/home/huang/codes/ROS_Study/install/village_wang/lib/python3.8/site-packages'
[0.868s] Level 1:colcon.colcon_core.environment:checking '/home/huang/codes/ROS_Study/install/village_wang/bin'
[0.871s] INFO:colcon.colcon_core.shell:Creating package script '/home/huang/codes/ROS_Study/install/village_wang/share/village_wang/package.ps1'
[0.873s] INFO:colcon.colcon_core.shell:Creating package descriptor '/home/huang/codes/ROS_Study/install/village_wang/share/village_wang/package.dsv'
[0.874s] INFO:colcon.colcon_core.shell:Creating package script '/home/huang/codes/ROS_Study/install/village_wang/share/village_wang/package.sh'
[0.877s] INFO:colcon.colcon_core.shell:Creating package script '/home/huang/codes/ROS_Study/install/village_wang/share/village_wang/package.bash'
[0.878s] INFO:colcon.colcon_core.shell:Creating package script '/home/huang/codes/ROS_Study/install/village_wang/share/village_wang/package.zsh'
[0.879s] Level 1:colcon.colcon_core.environment:create_file_with_runtime_dependencies(/home/huang/codes/ROS_Study/install/village_wang/share/colcon-core/packages/village_wang)
[0.972s] DEBUG:colcon.colcon_core.event_handler.log_command:Invoked command in '/home/huang/codes/ROS_Study/build/tutorial_interfaces' returned '0': CMAKE_PREFIX_PATH=${CMAKE_PREFIX_PATH}:/opt/ros/galactic /usr/bin/cmake --build /home/huang/codes/ROS_Study/build/tutorial_interfaces -- -j8 -l8
[0.975s] DEBUG:colcon.colcon_core.event_handler.log_command:Invoked command in '/home/huang/codes/ROS_Study/build/village_interfaces' returned '0': CMAKE_PREFIX_PATH=${CMAKE_PREFIX_PATH}:/opt/ros/galactic /usr/bin/cmake --build /home/huang/codes/ROS_Study/build/village_interfaces -- -j8 -l8
[1.081s] DEBUG:colcon.colcon_core.event_handler.log_command:Invoking command in '/home/huang/codes/ROS_Study/build/village_interfaces': CMAKE_PREFIX_PATH=${CMAKE_PREFIX_PATH}:/opt/ros/galactic /usr/bin/cmake --install /home/huang/codes/ROS_Study/build/village_interfaces
[1.147s] DEBUG:colcon.colcon_core.event_handler.log_command:Invoking command in '/home/huang/codes/ROS_Study/build/tutorial_interfaces': CMAKE_PREFIX_PATH=${CMAKE_PREFIX_PATH}:/opt/ros/galactic /usr/bin/cmake --install /home/huang/codes/ROS_Study/build/tutorial_interfaces
[1.183s] Level 1:colcon.colcon_core.environment:create_environment_scripts_only(village_interfaces)
[1.187s] Level 1:colcon.colcon_core.environment:checking '/home/huang/codes/ROS_Study/install/village_interfaces' for CMake module files
[1.190s] Level 1:colcon.colcon_core.environment:checking '/home/huang/codes/ROS_Study/install/village_interfaces' for CMake config files
[1.192s] DEBUG:colcon.colcon_core.event_handler.log_command:Invoked command in '/home/huang/codes/ROS_Study/build/village_interfaces' returned '0': CMAKE_PREFIX_PATH=${CMAKE_PREFIX_PATH}:/opt/ros/galactic /usr/bin/cmake --install /home/huang/codes/ROS_Study/build/village_interfaces
[1.192s] Level 1:colcon.colcon_core.shell:create_environment_hook('village_interfaces', 'cmake_prefix_path')
[1.194s] INFO:colcon.colcon_core.shell:Creating environment hook '/home/huang/codes/ROS_Study/install/village_interfaces/share/village_interfaces/hook/cmake_prefix_path.ps1'
[1.195s] INFO:colcon.colcon_core.shell:Creating environment descriptor '/home/huang/codes/ROS_Study/install/village_interfaces/share/village_interfaces/hook/cmake_prefix_path.dsv'
[1.195s] INFO:colcon.colcon_core.shell:Creating environment hook '/home/huang/codes/ROS_Study/install/village_interfaces/share/village_interfaces/hook/cmake_prefix_path.sh'
[1.196s] Level 1:colcon.colcon_core.environment:checking '/home/huang/codes/ROS_Study/install/village_interfaces/lib'
[1.196s] Level 1:colcon.colcon_core.shell:create_environment_hook('village_interfaces', 'ld_library_path_lib')
[1.197s] INFO:colcon.colcon_core.shell:Creating environment hook '/home/huang/codes/ROS_Study/install/village_interfaces/share/village_interfaces/hook/ld_library_path_lib.ps1'
[1.197s] INFO:colcon.colcon_core.shell:Creating environment descriptor '/home/huang/codes/ROS_Study/install/village_interfaces/share/village_interfaces/hook/ld_library_path_lib.dsv'
[1.198s] INFO:colcon.colcon_core.shell:Creating environment hook '/home/huang/codes/ROS_Study/install/village_interfaces/share/village_interfaces/hook/ld_library_path_lib.sh'
[1.198s] Level 1:colcon.colcon_core.environment:checking '/home/huang/codes/ROS_Study/install/village_interfaces/bin'
[1.198s] Level 1:colcon.colcon_core.environment:checking '/home/huang/codes/ROS_Study/install/village_interfaces/lib/pkgconfig/village_interfaces.pc'
[1.198s] Level 1:colcon.colcon_core.environment:checking '/home/huang/codes/ROS_Study/install/village_interfaces/lib/python3.8/site-packages'
[1.198s] Level 1:colcon.colcon_core.shell:create_environment_hook('village_interfaces', 'pythonpath')
[1.200s] INFO:colcon.colcon_core.shell:Creating environment hook '/home/huang/codes/ROS_Study/install/village_interfaces/share/village_interfaces/hook/pythonpath.ps1'
[1.200s] INFO:colcon.colcon_core.shell:Creating environment descriptor '/home/huang/codes/ROS_Study/install/village_interfaces/share/village_interfaces/hook/pythonpath.dsv'
[1.201s] INFO:colcon.colcon_core.shell:Creating environment hook '/home/huang/codes/ROS_Study/install/village_interfaces/share/village_interfaces/hook/pythonpath.sh'
[1.201s] Level 1:colcon.colcon_core.environment:checking '/home/huang/codes/ROS_Study/install/village_interfaces/bin'
[1.203s] INFO:colcon.colcon_core.shell:Creating package script '/home/huang/codes/ROS_Study/install/village_interfaces/share/village_interfaces/package.ps1'
[1.203s] INFO:colcon.colcon_core.shell:Creating package descriptor '/home/huang/codes/ROS_Study/install/village_interfaces/share/village_interfaces/package.dsv'
[1.204s] INFO:colcon.colcon_core.shell:Creating package script '/home/huang/codes/ROS_Study/install/village_interfaces/share/village_interfaces/package.sh'
[1.204s] INFO:colcon.colcon_core.shell:Creating package script '/home/huang/codes/ROS_Study/install/village_interfaces/share/village_interfaces/package.bash'
[1.204s] INFO:colcon.colcon_core.shell:Creating package script '/home/huang/codes/ROS_Study/install/village_interfaces/share/village_interfaces/package.zsh'
[1.205s] Level 1:colcon.colcon_core.environment:create_file_with_runtime_dependencies(/home/huang/codes/ROS_Study/install/village_interfaces/share/colcon-core/packages/village_interfaces)
[1.235s] Level 1:colcon.colcon_core.environment:create_environment_scripts_only(tutorial_interfaces)
[1.238s] Level 1:colcon.colcon_core.environment:checking '/home/huang/codes/ROS_Study/install/tutorial_interfaces' for CMake module files
[1.239s] DEBUG:colcon.colcon_core.event_handler.log_command:Invoked command in '/home/huang/codes/ROS_Study/build/tutorial_interfaces' returned '0': CMAKE_PREFIX_PATH=${CMAKE_PREFIX_PATH}:/opt/ros/galactic /usr/bin/cmake --install /home/huang/codes/ROS_Study/build/tutorial_interfaces
[1.239s] Level 1:colcon.colcon_core.environment:checking '/home/huang/codes/ROS_Study/install/tutorial_interfaces' for CMake config files
[1.239s] Level 1:colcon.colcon_core.shell:create_environment_hook('tutorial_interfaces', 'cmake_prefix_path')
[1.241s] INFO:colcon.colcon_core.shell:Creating environment hook '/home/huang/codes/ROS_Study/install/tutorial_interfaces/share/tutorial_interfaces/hook/cmake_prefix_path.ps1'
[1.242s] INFO:colcon.colcon_core.shell:Creating environment descriptor '/home/huang/codes/ROS_Study/install/tutorial_interfaces/share/tutorial_interfaces/hook/cmake_prefix_path.dsv'
[1.243s] INFO:colcon.colcon_core.shell:Creating environment hook '/home/huang/codes/ROS_Study/install/tutorial_interfaces/share/tutorial_interfaces/hook/cmake_prefix_path.sh'
[1.243s] Level 1:colcon.colcon_core.environment:checking '/home/huang/codes/ROS_Study/install/tutorial_interfaces/lib'
[1.244s] Level 1:colcon.colcon_core.shell:create_environment_hook('tutorial_interfaces', 'ld_library_path_lib')
[1.245s] INFO:colcon.colcon_core.shell:Creating environment hook '/home/huang/codes/ROS_Study/install/tutorial_interfaces/share/tutorial_interfaces/hook/ld_library_path_lib.ps1'
[1.246s] INFO:colcon.colcon_core.shell:Creating environment descriptor '/home/huang/codes/ROS_Study/install/tutorial_interfaces/share/tutorial_interfaces/hook/ld_library_path_lib.dsv'
[1.247s] INFO:colcon.colcon_core.shell:Creating environment hook '/home/huang/codes/ROS_Study/install/tutorial_interfaces/share/tutorial_interfaces/hook/ld_library_path_lib.sh'
[1.247s] Level 1:colcon.colcon_core.environment:checking '/home/huang/codes/ROS_Study/install/tutorial_interfaces/bin'
[1.248s] Level 1:colcon.colcon_core.environment:checking '/home/huang/codes/ROS_Study/install/tutorial_interfaces/lib/pkgconfig/tutorial_interfaces.pc'
[1.248s] Level 1:colcon.colcon_core.environment:checking '/home/huang/codes/ROS_Study/install/tutorial_interfaces/lib/python3.8/site-packages'
[1.248s] Level 1:colcon.colcon_core.shell:create_environment_hook('tutorial_interfaces', 'pythonpath')
[1.250s] INFO:colcon.colcon_core.shell:Creating environment hook '/home/huang/codes/ROS_Study/install/tutorial_interfaces/share/tutorial_interfaces/hook/pythonpath.ps1'
[1.251s] INFO:colcon.colcon_core.shell:Creating environment descriptor '/home/huang/codes/ROS_Study/install/tutorial_interfaces/share/tutorial_interfaces/hook/pythonpath.dsv'
[1.252s] INFO:colcon.colcon_core.shell:Creating environment hook '/home/huang/codes/ROS_Study/install/tutorial_interfaces/share/tutorial_interfaces/hook/pythonpath.sh'
[1.253s] Level 1:colcon.colcon_core.environment:checking '/home/huang/codes/ROS_Study/install/tutorial_interfaces/bin'
[1.255s] INFO:colcon.colcon_core.shell:Creating package script '/home/huang/codes/ROS_Study/install/tutorial_interfaces/share/tutorial_interfaces/package.ps1'
[1.256s] INFO:colcon.colcon_core.shell:Creating package descriptor '/home/huang/codes/ROS_Study/install/tutorial_interfaces/share/tutorial_interfaces/package.dsv'
[1.257s] INFO:colcon.colcon_core.shell:Creating package script '/home/huang/codes/ROS_Study/install/tutorial_interfaces/share/tutorial_interfaces/package.sh'
[1.258s] INFO:colcon.colcon_core.shell:Creating package script '/home/huang/codes/ROS_Study/install/tutorial_interfaces/share/tutorial_interfaces/package.bash'
[1.258s] INFO:colcon.colcon_core.shell:Creating package script '/home/huang/codes/ROS_Study/install/tutorial_interfaces/share/tutorial_interfaces/package.zsh'
[1.259s] Level 1:colcon.colcon_core.environment:create_file_with_runtime_dependencies(/home/huang/codes/ROS_Study/install/tutorial_interfaces/share/colcon-core/packages/tutorial_interfaces)
[1.282s] Level 1:colcon.colcon_core.environment:create_environment_scripts_only(village_interfaces)
[1.284s] Level 1:colcon.colcon_core.environment:checking '/home/huang/codes/ROS_Study/install/village_interfaces' for CMake module files
[1.285s] Level 1:colcon.colcon_core.environment:checking '/home/huang/codes/ROS_Study/install/village_interfaces' for CMake config files
[1.285s] Level 1:colcon.colcon_core.shell:create_environment_hook('village_interfaces', 'cmake_prefix_path')
[1.287s] INFO:colcon.colcon_core.shell:Creating environment hook '/home/huang/codes/ROS_Study/install/village_interfaces/share/village_interfaces/hook/cmake_prefix_path.ps1'
[1.288s] INFO:colcon.colcon_core.shell:Creating environment descriptor '/home/huang/codes/ROS_Study/install/village_interfaces/share/village_interfaces/hook/cmake_prefix_path.dsv'
[1.288s] INFO:colcon.colcon_core.shell:Creating environment hook '/home/huang/codes/ROS_Study/install/village_interfaces/share/village_interfaces/hook/cmake_prefix_path.sh'
[1.289s] Level 1:colcon.colcon_core.environment:checking '/home/huang/codes/ROS_Study/install/village_interfaces/lib'
[1.289s] Level 1:colcon.colcon_core.shell:create_environment_hook('village_interfaces', 'ld_library_path_lib')
[1.290s] INFO:colcon.colcon_core.shell:Creating environment hook '/home/huang/codes/ROS_Study/install/village_interfaces/share/village_interfaces/hook/ld_library_path_lib.ps1'
[1.291s] INFO:colcon.colcon_core.shell:Creating environment descriptor '/home/huang/codes/ROS_Study/install/village_interfaces/share/village_interfaces/hook/ld_library_path_lib.dsv'
[1.291s] INFO:colcon.colcon_core.shell:Creating environment hook '/home/huang/codes/ROS_Study/install/village_interfaces/share/village_interfaces/hook/ld_library_path_lib.sh'
[1.291s] Level 1:colcon.colcon_core.environment:checking '/home/huang/codes/ROS_Study/install/village_interfaces/bin'
[1.291s] Level 1:colcon.colcon_core.environment:checking '/home/huang/codes/ROS_Study/install/village_interfaces/lib/pkgconfig/village_interfaces.pc'
[1.292s] Level 1:colcon.colcon_core.environment:checking '/home/huang/codes/ROS_Study/install/village_interfaces/lib/python3.8/site-packages'
[1.292s] Level 1:colcon.colcon_core.shell:create_environment_hook('village_interfaces', 'pythonpath')
[1.294s] INFO:colcon.colcon_core.shell:Creating environment hook '/home/huang/codes/ROS_Study/install/village_interfaces/share/village_interfaces/hook/pythonpath.ps1'
[1.294s] INFO:colcon.colcon_core.shell:Creating environment descriptor '/home/huang/codes/ROS_Study/install/village_interfaces/share/village_interfaces/hook/pythonpath.dsv'
[1.295s] INFO:colcon.colcon_core.shell:Creating environment hook '/home/huang/codes/ROS_Study/install/village_interfaces/share/village_interfaces/hook/pythonpath.sh'
[1.295s] Level 1:colcon.colcon_core.environment:checking '/home/huang/codes/ROS_Study/install/village_interfaces/bin'
[1.297s] INFO:colcon.colcon_core.shell:Creating package script '/home/huang/codes/ROS_Study/install/village_interfaces/share/village_interfaces/package.ps1'
[1.298s] INFO:colcon.colcon_core.shell:Creating package descriptor '/home/huang/codes/ROS_Study/install/village_interfaces/share/village_interfaces/package.dsv'
[1.298s] INFO:colcon.colcon_core.shell:Creating package script '/home/huang/codes/ROS_Study/install/village_interfaces/share/village_interfaces/package.sh'
[1.299s] INFO:colcon.colcon_core.shell:Creating package script '/home/huang/codes/ROS_Study/install/village_interfaces/share/village_interfaces/package.bash'
[1.299s] INFO:colcon.colcon_core.shell:Creating package script '/home/huang/codes/ROS_Study/install/village_interfaces/share/village_interfaces/package.zsh'
[1.300s] Level 1:colcon.colcon_core.environment:create_file_with_runtime_dependencies(/home/huang/codes/ROS_Study/install/village_interfaces/share/colcon-core/packages/village_interfaces)
[1.467s] Level 1:colcon.colcon_core.environment:create_environment_scripts_only(tutorial_interfaces)
[1.470s] Level 1:colcon.colcon_core.environment:checking '/home/huang/codes/ROS_Study/install/tutorial_interfaces' for CMake module files
[1.471s] Level 1:colcon.colcon_core.environment:checking '/home/huang/codes/ROS_Study/install/tutorial_interfaces' for CMake config files
[1.472s] Level 1:colcon.colcon_core.shell:create_environment_hook('tutorial_interfaces', 'cmake_prefix_path')
[1.475s] INFO:colcon.colcon_core.shell:Creating environment hook '/home/huang/codes/ROS_Study/install/tutorial_interfaces/share/tutorial_interfaces/hook/cmake_prefix_path.ps1'
[1.476s] INFO:colcon.colcon_core.shell:Creating environment descriptor '/home/huang/codes/ROS_Study/install/tutorial_interfaces/share/tutorial_interfaces/hook/cmake_prefix_path.dsv'
[1.477s] INFO:colcon.colcon_core.shell:Creating environment hook '/home/huang/codes/ROS_Study/install/tutorial_interfaces/share/tutorial_interfaces/hook/cmake_prefix_path.sh'
[1.478s] Level 1:colcon.colcon_core.environment:checking '/home/huang/codes/ROS_Study/install/tutorial_interfaces/lib'
[1.479s] Level 1:colcon.colcon_core.shell:create_environment_hook('tutorial_interfaces', 'ld_library_path_lib')
[1.482s] INFO:colcon.colcon_core.shell:Creating environment hook '/home/huang/codes/ROS_Study/install/tutorial_interfaces/share/tutorial_interfaces/hook/ld_library_path_lib.ps1'
[1.484s] INFO:colcon.colcon_core.shell:Creating environment descriptor '/home/huang/codes/ROS_Study/install/tutorial_interfaces/share/tutorial_interfaces/hook/ld_library_path_lib.dsv'
[1.484s] INFO:colcon.colcon_core.shell:Creating environment hook '/home/huang/codes/ROS_Study/install/tutorial_interfaces/share/tutorial_interfaces/hook/ld_library_path_lib.sh'
[1.486s] Level 1:colcon.colcon_core.environment:checking '/home/huang/codes/ROS_Study/install/tutorial_interfaces/bin'
[1.486s] Level 1:colcon.colcon_core.environment:checking '/home/huang/codes/ROS_Study/install/tutorial_interfaces/lib/pkgconfig/tutorial_interfaces.pc'
[1.487s] Level 1:colcon.colcon_core.environment:checking '/home/huang/codes/ROS_Study/install/tutorial_interfaces/lib/python3.8/site-packages'
[1.487s] Level 1:colcon.colcon_core.shell:create_environment_hook('tutorial_interfaces', 'pythonpath')
[1.491s] INFO:colcon.colcon_core.shell:Creating environment hook '/home/huang/codes/ROS_Study/install/tutorial_interfaces/share/tutorial_interfaces/hook/pythonpath.ps1'
[1.493s] INFO:colcon.colcon_core.shell:Creating environment descriptor '/home/huang/codes/ROS_Study/install/tutorial_interfaces/share/tutorial_interfaces/hook/pythonpath.dsv'
[1.493s] INFO:colcon.colcon_core.shell:Creating environment hook '/home/huang/codes/ROS_Study/install/tutorial_interfaces/share/tutorial_interfaces/hook/pythonpath.sh'
[1.495s] Level 1:colcon.colcon_core.environment:checking '/home/huang/codes/ROS_Study/install/tutorial_interfaces/bin'
[1.500s] INFO:colcon.colcon_core.shell:Creating package script '/home/huang/codes/ROS_Study/install/tutorial_interfaces/share/tutorial_interfaces/package.ps1'
[1.501s] INFO:colcon.colcon_core.shell:Creating package descriptor '/home/huang/codes/ROS_Study/install/tutorial_interfaces/share/tutorial_interfaces/package.dsv'
[1.501s] INFO:colcon.colcon_core.shell:Creating package script '/home/huang/codes/ROS_Study/install/tutorial_interfaces/share/tutorial_interfaces/package.sh'
[1.502s] INFO:colcon.colcon_core.shell:Creating package script '/home/huang/codes/ROS_Study/install/tutorial_interfaces/share/tutorial_interfaces/package.bash'
[1.503s] INFO:colcon.colcon_core.shell:Creating package script '/home/huang/codes/ROS_Study/install/tutorial_interfaces/share/tutorial_interfaces/package.zsh'
[1.503s] Level 1:colcon.colcon_core.environment:create_file_with_runtime_dependencies(/home/huang/codes/ROS_Study/install/tutorial_interfaces/share/colcon-core/packages/tutorial_interfaces)
[1.504s] INFO:colcon.colcon_ros.task.ament_cmake.build:Building ROS package in '/home/huang/codes/ROS_Study/src/ros_pub_sub' with build type 'ament_cmake'
[1.504s] INFO:colcon.colcon_cmake.task.cmake.build:Building CMake package in '/home/huang/codes/ROS_Study/src/ros_pub_sub'
[1.507s] INFO:colcon.colcon_core.shell:Skip shell extension 'powershell' for command environment: Not usable outside of PowerShell
[1.507s] DEBUG:colcon.colcon_core.shell:Skip shell extension 'dsv' for command environment
[1.518s] INFO:colcon.colcon_ros.task.ament_cmake.build:Building ROS package in '/home/huang/codes/ROS_Study/src/ros_pub_sub_cv' with build type 'ament_cmake'
[1.519s] INFO:colcon.colcon_cmake.task.cmake.build:Building CMake package in '/home/huang/codes/ROS_Study/src/ros_pub_sub_cv'
[1.522s] INFO:colcon.colcon_core.shell:Skip shell extension 'powershell' for command environment: Not usable outside of PowerShell
[1.522s] DEBUG:colcon.colcon_core.shell:Skip shell extension 'dsv' for command environment
[1.545s] DEBUG:colcon.colcon_core.event_handler.log_command:Invoking command in '/home/huang/codes/ROS_Study/build/ros_pub_sub': CMAKE_PREFIX_PATH=/home/huang/codes/ROS_Study/install/tutorial_interfaces:/home/huang/codes/ROS_Study/install/village_wang:/home/huang/codes/ROS_Study/install/village_li:/home/huang/codes/ROS_Study/install/village_interfaces:/home/huang/codes/ROS_Study/install/ros_pub_sub_cv:/home/huang/codes/ROS_Study/install/ros_pub_sub:/opt/ros/galactic LD_LIBRARY_PATH=/home/huang/codes/ROS_Study/install/tutorial_interfaces/lib:/home/huang/codes/ROS_Study/install/village_interfaces/lib:/opt/ros/galactic/opt/yaml_cpp_vendor/lib:/opt/ros/galactic/opt/rviz_ogre_vendor/lib:/opt/ros/galactic/lib/x86_64-linux-gnu:/opt/ros/galactic/lib PYTHONPATH=/home/huang/codes/ROS_Study/install/tutorial_interfaces/lib/python3.8/site-packages:/home/huang/codes/ROS_Study/install/village_interfaces/lib/python3.8/site-packages:/opt/ros/galactic/lib/python3.8/site-packages /usr/bin/cmake --build /home/huang/codes/ROS_Study/build/ros_pub_sub -- -j8 -l8
[1.563s] DEBUG:colcon.colcon_core.event_handler.log_command:Invoking command in '/home/huang/codes/ROS_Study/build/ros_pub_sub_cv': CMAKE_PREFIX_PATH=/home/huang/codes/ROS_Study/install/tutorial_interfaces:/home/huang/codes/ROS_Study/install/village_wang:/home/huang/codes/ROS_Study/install/village_li:/home/huang/codes/ROS_Study/install/village_interfaces:/home/huang/codes/ROS_Study/install/ros_pub_sub_cv:/home/huang/codes/ROS_Study/install/ros_pub_sub:/opt/ros/galactic LD_LIBRARY_PATH=/home/huang/codes/ROS_Study/install/tutorial_interfaces/lib:/home/huang/codes/ROS_Study/install/village_interfaces/lib:/opt/ros/galactic/opt/yaml_cpp_vendor/lib:/opt/ros/galactic/opt/rviz_ogre_vendor/lib:/opt/ros/galactic/lib/x86_64-linux-gnu:/opt/ros/galactic/lib PYTHONPATH=/home/huang/codes/ROS_Study/install/tutorial_interfaces/lib/python3.8/site-packages:/home/huang/codes/ROS_Study/install/village_interfaces/lib/python3.8/site-packages:/opt/ros/galactic/lib/python3.8/site-packages /usr/bin/cmake --build /home/huang/codes/ROS_Study/build/ros_pub_sub_cv -- -j8 -l8
[1.657s] DEBUG:colcon.colcon_core.event_handler.log_command:Invoked command in '/home/huang/codes/ROS_Study/build/ros_pub_sub' returned '0': CMAKE_PREFIX_PATH=/home/huang/codes/ROS_Study/install/tutorial_interfaces:/home/huang/codes/ROS_Study/install/village_wang:/home/huang/codes/ROS_Study/install/village_li:/home/huang/codes/ROS_Study/install/village_interfaces:/home/huang/codes/ROS_Study/install/ros_pub_sub_cv:/home/huang/codes/ROS_Study/install/ros_pub_sub:/opt/ros/galactic LD_LIBRARY_PATH=/home/huang/codes/ROS_Study/install/tutorial_interfaces/lib:/home/huang/codes/ROS_Study/install/village_interfaces/lib:/opt/ros/galactic/opt/yaml_cpp_vendor/lib:/opt/ros/galactic/opt/rviz_ogre_vendor/lib:/opt/ros/galactic/lib/x86_64-linux-gnu:/opt/ros/galactic/lib PYTHONPATH=/home/huang/codes/ROS_Study/install/tutorial_interfaces/lib/python3.8/site-packages:/home/huang/codes/ROS_Study/install/village_interfaces/lib/python3.8/site-packages:/opt/ros/galactic/lib/python3.8/site-packages /usr/bin/cmake --build /home/huang/codes/ROS_Study/build/ros_pub_sub -- -j8 -l8
[1.706s] DEBUG:colcon.colcon_core.event_handler.log_command:Invoking command in '/home/huang/codes/ROS_Study/build/ros_pub_sub': CMAKE_PREFIX_PATH=/home/huang/codes/ROS_Study/install/tutorial_interfaces:/home/huang/codes/ROS_Study/install/village_wang:/home/huang/codes/ROS_Study/install/village_li:/home/huang/codes/ROS_Study/install/village_interfaces:/home/huang/codes/ROS_Study/install/ros_pub_sub_cv:/home/huang/codes/ROS_Study/install/ros_pub_sub:/opt/ros/galactic LD_LIBRARY_PATH=/home/huang/codes/ROS_Study/install/tutorial_interfaces/lib:/home/huang/codes/ROS_Study/install/village_interfaces/lib:/opt/ros/galactic/opt/yaml_cpp_vendor/lib:/opt/ros/galactic/opt/rviz_ogre_vendor/lib:/opt/ros/galactic/lib/x86_64-linux-gnu:/opt/ros/galactic/lib PYTHONPATH=/home/huang/codes/ROS_Study/install/tutorial_interfaces/lib/python3.8/site-packages:/home/huang/codes/ROS_Study/install/village_interfaces/lib/python3.8/site-packages:/opt/ros/galactic/lib/python3.8/site-packages /usr/bin/cmake --install /home/huang/codes/ROS_Study/build/ros_pub_sub
[1.727s] Level 1:colcon.colcon_core.environment:create_environment_scripts_only(ros_pub_sub)
[1.732s] Level 1:colcon.colcon_core.environment:checking '/home/huang/codes/ROS_Study/install/ros_pub_sub' for CMake module files
[1.733s] DEBUG:colcon.colcon_core.event_handler.log_command:Invoked command in '/home/huang/codes/ROS_Study/build/ros_pub_sub' returned '0': CMAKE_PREFIX_PATH=/home/huang/codes/ROS_Study/install/tutorial_interfaces:/home/huang/codes/ROS_Study/install/village_wang:/home/huang/codes/ROS_Study/install/village_li:/home/huang/codes/ROS_Study/install/village_interfaces:/home/huang/codes/ROS_Study/install/ros_pub_sub_cv:/home/huang/codes/ROS_Study/install/ros_pub_sub:/opt/ros/galactic LD_LIBRARY_PATH=/home/huang/codes/ROS_Study/install/tutorial_interfaces/lib:/home/huang/codes/ROS_Study/install/village_interfaces/lib:/opt/ros/galactic/opt/yaml_cpp_vendor/lib:/opt/ros/galactic/opt/rviz_ogre_vendor/lib:/opt/ros/galactic/lib/x86_64-linux-gnu:/opt/ros/galactic/lib PYTHONPATH=/home/huang/codes/ROS_Study/install/tutorial_interfaces/lib/python3.8/site-packages:/home/huang/codes/ROS_Study/install/village_interfaces/lib/python3.8/site-packages:/opt/ros/galactic/lib/python3.8/site-packages /usr/bin/cmake --install /home/huang/codes/ROS_Study/build/ros_pub_sub
[1.733s] Level 1:colcon.colcon_core.environment:checking '/home/huang/codes/ROS_Study/install/ros_pub_sub' for CMake config files
[1.734s] Level 1:colcon.colcon_core.shell:create_environment_hook('ros_pub_sub', 'cmake_prefix_path')
[1.737s] INFO:colcon.colcon_core.shell:Creating environment hook '/home/huang/codes/ROS_Study/install/ros_pub_sub/share/ros_pub_sub/hook/cmake_prefix_path.ps1'
[1.738s] INFO:colcon.colcon_core.shell:Creating environment descriptor '/home/huang/codes/ROS_Study/install/ros_pub_sub/share/ros_pub_sub/hook/cmake_prefix_path.dsv'
[1.738s] INFO:colcon.colcon_core.shell:Creating environment hook '/home/huang/codes/ROS_Study/install/ros_pub_sub/share/ros_pub_sub/hook/cmake_prefix_path.sh'
[1.739s] Level 1:colcon.colcon_core.environment:checking '/home/huang/codes/ROS_Study/install/ros_pub_sub/lib'
[1.739s] Level 1:colcon.colcon_core.environment:checking '/home/huang/codes/ROS_Study/install/ros_pub_sub/bin'
[1.739s] Level 1:colcon.colcon_core.environment:checking '/home/huang/codes/ROS_Study/install/ros_pub_sub/lib/pkgconfig/ros_pub_sub.pc'
[1.740s] Level 1:colcon.colcon_core.environment:checking '/home/huang/codes/ROS_Study/install/ros_pub_sub/lib/python3.8/site-packages'
[1.740s] Level 1:colcon.colcon_core.environment:checking '/home/huang/codes/ROS_Study/install/ros_pub_sub/bin'
[1.743s] INFO:colcon.colcon_core.shell:Creating package script '/home/huang/codes/ROS_Study/install/ros_pub_sub/share/ros_pub_sub/package.ps1'
[1.743s] INFO:colcon.colcon_core.shell:Creating package descriptor '/home/huang/codes/ROS_Study/install/ros_pub_sub/share/ros_pub_sub/package.dsv'
[1.744s] INFO:colcon.colcon_core.shell:Creating package script '/home/huang/codes/ROS_Study/install/ros_pub_sub/share/ros_pub_sub/package.sh'
[1.744s] INFO:colcon.colcon_core.shell:Creating package script '/home/huang/codes/ROS_Study/install/ros_pub_sub/share/ros_pub_sub/package.bash'
[1.745s] INFO:colcon.colcon_core.shell:Creating package script '/home/huang/codes/ROS_Study/install/ros_pub_sub/share/ros_pub_sub/package.zsh'
[1.745s] Level 1:colcon.colcon_core.environment:create_file_with_runtime_dependencies(/home/huang/codes/ROS_Study/install/ros_pub_sub/share/colcon-core/packages/ros_pub_sub)
[1.805s] Level 1:colcon.colcon_core.environment:create_environment_scripts_only(ros_pub_sub)
[1.811s] Level 1:colcon.colcon_core.environment:checking '/home/huang/codes/ROS_Study/install/ros_pub_sub' for CMake module files
[1.812s] Level 1:colcon.colcon_core.environment:checking '/home/huang/codes/ROS_Study/install/ros_pub_sub' for CMake config files
[1.812s] Level 1:colcon.colcon_core.shell:create_environment_hook('ros_pub_sub', 'cmake_prefix_path')
[1.816s] INFO:colcon.colcon_core.shell:Creating environment hook '/home/huang/codes/ROS_Study/install/ros_pub_sub/share/ros_pub_sub/hook/cmake_prefix_path.ps1'
[1.817s] INFO:colcon.colcon_core.shell:Creating environment descriptor '/home/huang/codes/ROS_Study/install/ros_pub_sub/share/ros_pub_sub/hook/cmake_prefix_path.dsv'
[1.818s] INFO:colcon.colcon_core.shell:Creating environment hook '/home/huang/codes/ROS_Study/install/ros_pub_sub/share/ros_pub_sub/hook/cmake_prefix_path.sh'
[1.820s] Level 1:colcon.colcon_core.environment:checking '/home/huang/codes/ROS_Study/install/ros_pub_sub/lib'
[1.820s] Level 1:colcon.colcon_core.environment:checking '/home/huang/codes/ROS_Study/install/ros_pub_sub/bin'
[1.820s] Level 1:colcon.colcon_core.environment:checking '/home/huang/codes/ROS_Study/install/ros_pub_sub/lib/pkgconfig/ros_pub_sub.pc'
[1.821s] Level 1:colcon.colcon_core.environment:checking '/home/huang/codes/ROS_Study/install/ros_pub_sub/lib/python3.8/site-packages'
[1.822s] Level 1:colcon.colcon_core.environment:checking '/home/huang/codes/ROS_Study/install/ros_pub_sub/bin'
[1.825s] INFO:colcon.colcon_core.shell:Creating package script '/home/huang/codes/ROS_Study/install/ros_pub_sub/share/ros_pub_sub/package.ps1'
[1.827s] INFO:colcon.colcon_core.shell:Creating package descriptor '/home/huang/codes/ROS_Study/install/ros_pub_sub/share/ros_pub_sub/package.dsv'
[1.827s] INFO:colcon.colcon_core.shell:Creating package script '/home/huang/codes/ROS_Study/install/ros_pub_sub/share/ros_pub_sub/package.sh'
[1.828s] INFO:colcon.colcon_core.shell:Creating package script '/home/huang/codes/ROS_Study/install/ros_pub_sub/share/ros_pub_sub/package.bash'
[1.829s] INFO:colcon.colcon_core.shell:Creating package script '/home/huang/codes/ROS_Study/install/ros_pub_sub/share/ros_pub_sub/package.zsh'
[1.830s] Level 1:colcon.colcon_core.environment:create_file_with_runtime_dependencies(/home/huang/codes/ROS_Study/install/ros_pub_sub/share/colcon-core/packages/ros_pub_sub)
[9.277s] DEBUG:colcon.colcon_core.event_handler.log_command:Invoked command in '/home/huang/codes/ROS_Study/build/ros_pub_sub_cv' returned '2': CMAKE_PREFIX_PATH=/home/huang/codes/ROS_Study/install/tutorial_interfaces:/home/huang/codes/ROS_Study/install/village_wang:/home/huang/codes/ROS_Study/install/village_li:/home/huang/codes/ROS_Study/install/village_interfaces:/home/huang/codes/ROS_Study/install/ros_pub_sub_cv:/home/huang/codes/ROS_Study/install/ros_pub_sub:/opt/ros/galactic LD_LIBRARY_PATH=/home/huang/codes/ROS_Study/install/tutorial_interfaces/lib:/home/huang/codes/ROS_Study/install/village_interfaces/lib:/opt/ros/galactic/opt/yaml_cpp_vendor/lib:/opt/ros/galactic/opt/rviz_ogre_vendor/lib:/opt/ros/galactic/lib/x86_64-linux-gnu:/opt/ros/galactic/lib PYTHONPATH=/home/huang/codes/ROS_Study/install/tutorial_interfaces/lib/python3.8/site-packages:/home/huang/codes/ROS_Study/install/village_interfaces/lib/python3.8/site-packages:/opt/ros/galactic/lib/python3.8/site-packages /usr/bin/cmake --build /home/huang/codes/ROS_Study/build/ros_pub_sub_cv -- -j8 -l8
[9.311s] Level 1:colcon.colcon_core.environment:create_environment_scripts_only(ros_pub_sub_cv)
[9.313s] Level 1:colcon.colcon_core.environment:checking '/home/huang/codes/ROS_Study/install/ros_pub_sub_cv' for CMake module files
[9.314s] Level 1:colcon.colcon_core.environment:checking '/home/huang/codes/ROS_Study/install/ros_pub_sub_cv' for CMake config files
[9.314s] Level 1:colcon.colcon_core.shell:create_environment_hook('ros_pub_sub_cv', 'cmake_prefix_path')
[9.316s] INFO:colcon.colcon_core.shell:Creating environment hook '/home/huang/codes/ROS_Study/install/ros_pub_sub_cv/share/ros_pub_sub_cv/hook/cmake_prefix_path.ps1'
[9.317s] INFO:colcon.colcon_core.shell:Creating environment descriptor '/home/huang/codes/ROS_Study/install/ros_pub_sub_cv/share/ros_pub_sub_cv/hook/cmake_prefix_path.dsv'
[9.318s] INFO:colcon.colcon_core.shell:Creating environment hook '/home/huang/codes/ROS_Study/install/ros_pub_sub_cv/share/ros_pub_sub_cv/hook/cmake_prefix_path.sh'
[9.318s] Level 1:colcon.colcon_core.environment:checking '/home/huang/codes/ROS_Study/install/ros_pub_sub_cv/lib'
[9.319s] Level 1:colcon.colcon_core.environment:checking '/home/huang/codes/ROS_Study/install/ros_pub_sub_cv/bin'
[9.319s] Level 1:colcon.colcon_core.environment:checking '/home/huang/codes/ROS_Study/install/ros_pub_sub_cv/lib/pkgconfig/ros_pub_sub_cv.pc'
[9.319s] Level 1:colcon.colcon_core.environment:checking '/home/huang/codes/ROS_Study/install/ros_pub_sub_cv/lib/python3.8/site-packages'
[9.319s] Level 1:colcon.colcon_core.environment:checking '/home/huang/codes/ROS_Study/install/ros_pub_sub_cv/bin'
[9.321s] INFO:colcon.colcon_core.shell:Creating package script '/home/huang/codes/ROS_Study/install/ros_pub_sub_cv/share/ros_pub_sub_cv/package.ps1'
[9.321s] INFO:colcon.colcon_core.shell:Creating package descriptor '/home/huang/codes/ROS_Study/install/ros_pub_sub_cv/share/ros_pub_sub_cv/package.dsv'
[9.322s] INFO:colcon.colcon_core.shell:Creating package script '/home/huang/codes/ROS_Study/install/ros_pub_sub_cv/share/ros_pub_sub_cv/package.sh'
[9.323s] INFO:colcon.colcon_core.shell:Creating package script '/home/huang/codes/ROS_Study/install/ros_pub_sub_cv/share/ros_pub_sub_cv/package.bash'
[9.323s] INFO:colcon.colcon_core.shell:Creating package script '/home/huang/codes/ROS_Study/install/ros_pub_sub_cv/share/ros_pub_sub_cv/package.zsh'
[9.324s] Level 1:colcon.colcon_core.environment:create_file_with_runtime_dependencies(/home/huang/codes/ROS_Study/install/ros_pub_sub_cv/share/colcon-core/packages/ros_pub_sub_cv)
[9.334s] DEBUG:colcon.colcon_parallel_executor.executor.parallel:closing loop
[9.335s] DEBUG:colcon.colcon_parallel_executor.executor.parallel:loop closed
[9.336s] DEBUG:colcon.colcon_parallel_executor.executor.parallel:run_until_complete finished with '2'
[9.336s] DEBUG:colcon.colcon_core.event_reactor:joining thread
[9.347s] INFO:colcon.colcon_core.plugin_system:Skipping extension 'colcon_notification.desktop_notification.terminal_notifier': Not used on non-Darwin systems
[9.347s] INFO:colcon.colcon_core.plugin_system:Skipping extension 'colcon_notification.desktop_notification.win32': Not used on non-Windows systems
[9.347s] INFO:colcon.colcon_notification.desktop_notification:Sending desktop notification using 'notify2'
[9.361s] DEBUG:colcon.colcon_core.event_reactor:joined thread
[9.365s] INFO:colcon.colcon_core.shell:Creating prefix script '/home/huang/codes/ROS_Study/install/local_setup.ps1'
[9.366s] INFO:colcon.colcon_core.shell:Creating prefix util module '/home/huang/codes/ROS_Study/install/_local_setup_util_ps1.py'
[9.368s] INFO:colcon.colcon_core.shell:Creating prefix chain script '/home/huang/codes/ROS_Study/install/setup.ps1'
[9.372s] INFO:colcon.colcon_core.shell:Creating prefix script '/home/huang/codes/ROS_Study/install/local_setup.sh'
[9.373s] INFO:colcon.colcon_core.shell:Creating prefix util module '/home/huang/codes/ROS_Study/install/_local_setup_util_sh.py'
[9.374s] INFO:colcon.colcon_core.shell:Creating prefix chain script '/home/huang/codes/ROS_Study/install/setup.sh'
[9.378s] INFO:colcon.colcon_core.shell:Creating prefix script '/home/huang/codes/ROS_Study/install/local_setup.bash'
[9.380s] INFO:colcon.colcon_core.shell:Creating prefix chain script '/home/huang/codes/ROS_Study/install/setup.bash'
[9.383s] INFO:colcon.colcon_core.shell:Creating prefix script '/home/huang/codes/ROS_Study/install/local_setup.zsh'
[9.385s] INFO:colcon.colcon_core.shell:Creating prefix chain script '/home/huang/codes/ROS_Study/install/setup.zsh'
