[0.083s] Invoking command in '/home/huang/codes/ROS_Study/build/village_li': CMAKE_PREFIX_PATH=${CMAKE_PREFIX_PATH}:/opt/ros/galactic /usr/bin/cmake /home/huang/codes/ROS_Study/src/village_li -DCMAKE_INSTALL_PREFIX=/home/huang/codes/ROS_Study/install/village_li
[0.183s] -- The C compiler identification is GNU 9.4.0
[0.259s] -- The CXX compiler identification is GNU 9.4.0
[0.267s] -- Check for working C compiler: /usr/bin/cc
[0.388s] -- Check for working C compiler: /usr/bin/cc -- works
[0.400s] -- Detecting C compiler ABI info
[0.554s] -- Detecting C compiler ABI info - done
[0.578s] -- Detecting C compile features
[0.579s] -- Detecting C compile features - done
[0.585s] -- Check for working CXX compiler: /usr/bin/c++
[0.750s] -- Check for working CXX compiler: /usr/bin/c++ -- works
[0.752s] -- Detecting CXX compiler ABI info
[0.918s] -- Detecting CXX compiler ABI info - done
[0.944s] -- Detecting CXX compile features
[0.945s] -- Detecting CXX compile features - done
[0.950s] -- Found ament_cmake: 1.1.6 (/opt/ros/galactic/share/ament_cmake/cmake)
[1.004s] -- Found PythonInterp: /usr/bin/python3 (found suitable version "3.8.10", minimum required is "3") 
[1.004s] -- Using PYTHON_EXECUTABLE: /usr/bin/python3
[1.181s] -- Found rclcpp: 9.2.2 (/opt/ros/galactic/share/rclcpp/cmake)
[1.302s] -- Using all available rosidl_typesupport_c: rosidl_typesupport_fastrtps_c;rosidl_typesupport_introspection_c
[1.320s] -- Found rosidl_adapter: 2.2.3 (/opt/ros/galactic/share/rosidl_adapter/cmake)
[1.491s] -- Found OpenSSL: /usr/lib/x86_64-linux-gnu/libcrypto.so (found version "1.1.1f")  
[1.560s] -- Found FastRTPS: /opt/ros/galactic/include  
[1.693s] -- Using all available rosidl_typesupport_cpp: rosidl_typesupport_fastrtps_cpp;rosidl_typesupport_introspection_cpp
[1.795s] -- Found rmw_implementation_cmake: 3.3.1 (/opt/ros/galactic/share/rmw_implementation_cmake/cmake)
[1.801s] -- Found rmw_cyclonedds_cpp: 0.22.6 (/opt/ros/galactic/share/rmw_cyclonedds_cpp/cmake)
[1.834s] -- Using RMW implementation 'rmw_cyclonedds_cpp' as default
[1.836s] -- Looking for pthread.h
[1.943s] -- Looking for pthread.h - found
[1.943s] -- Performing Test CMAKE_HAVE_LIBC_PTHREAD
[2.057s] -- Performing Test CMAKE_HAVE_LIBC_PTHREAD - Failed
[2.057s] -- Looking for pthread_create in pthreads
[2.168s] -- Looking for pthread_create in pthreads - not found
[2.169s] -- Looking for pthread_create in pthread
[2.302s] -- Looking for pthread_create in pthread - found
[2.310s] -- Found Threads: TRUE  
[2.689s] -- Found ament_lint_auto: 0.10.7 (/opt/ros/galactic/share/ament_lint_auto/cmake)
[2.854s] -- Added test 'copyright' to check source files copyright and LICENSE
[2.856s] -- Added test 'cppcheck' to perform static code analysis on C / C++ code
[2.856s] -- Configured cppcheck include dirs: 
[2.856s] -- Configured cppcheck exclude dirs and/or files: 
[2.858s] -- Added test 'cpplint' to check C / C++ code against the Google style
[2.858s] -- Configured cpplint exclude dirs and/or files: 
[2.859s] -- Added test 'lint_cmake' to check CMake code style
[2.861s] -- Added test 'uncrustify' to check C / C++ code style
[2.861s] -- Configured uncrustify additional arguments: 
[2.862s] -- Added test 'xmllint' to check XML markup files
[2.870s] -- Configuring done
[2.886s] -- Generating done
[2.890s] -- Build files have been written to: /home/huang/codes/ROS_Study/build/village_li
[2.908s] Invoked command in '/home/huang/codes/ROS_Study/build/village_li' returned '0': CMAKE_PREFIX_PATH=${CMAKE_PREFIX_PATH}:/opt/ros/galactic /usr/bin/cmake /home/huang/codes/ROS_Study/src/village_li -DCMAKE_INSTALL_PREFIX=/home/huang/codes/ROS_Study/install/village_li
[2.910s] Invoking command in '/home/huang/codes/ROS_Study/build/village_li': CMAKE_PREFIX_PATH=${CMAKE_PREFIX_PATH}:/opt/ros/galactic /usr/bin/cmake --build /home/huang/codes/ROS_Study/build/village_li -- -j8 -l8
[2.973s] [35m[1mScanning dependencies of target li_node[0m
[3.055s] [ 50%] [32mBuilding CXX object CMakeFiles/li_node.dir/src/li_oop.cpp.o[0m
[13.685s] [100%] [32m[1mLinking CXX executable li_node[0m
[14.160s] [100%] Built target li_node
[14.185s] Invoked command in '/home/huang/codes/ROS_Study/build/village_li' returned '0': CMAKE_PREFIX_PATH=${CMAKE_PREFIX_PATH}:/opt/ros/galactic /usr/bin/cmake --build /home/huang/codes/ROS_Study/build/village_li -- -j8 -l8
[14.255s] Invoking command in '/home/huang/codes/ROS_Study/build/village_li': CMAKE_PREFIX_PATH=${CMAKE_PREFIX_PATH}:/opt/ros/galactic /usr/bin/cmake --install /home/huang/codes/ROS_Study/build/village_li
[14.271s] -- Install configuration: ""
[14.271s] -- Installing: /home/huang/codes/ROS_Study/install/village_li/share/village_li/package.dsv
[14.280s] Invoked command in '/home/huang/codes/ROS_Study/build/village_li' returned '0': CMAKE_PREFIX_PATH=${CMAKE_PREFIX_PATH}:/opt/ros/galactic /usr/bin/cmake --install /home/huang/codes/ROS_Study/build/village_li
