[0.042s] Invoking command in '/home/huang/codes/ROS_Study/build/ros_pub_sub_cv': CMAKE_PREFIX_PATH=/home/huang/codes/ROS_Study/install/tutorial_interfaces:/home/huang/codes/ROS_Study/install/village_wang:/home/huang/codes/ROS_Study/install/village_li:/home/huang/codes/ROS_Study/install/village_interfaces:/home/huang/codes/ROS_Study/install/ros_pub_sub_cv:/home/huang/codes/ROS_Study/install/ros_pub_sub:/opt/ros/galactic LD_LIBRARY_PATH=/home/huang/codes/ROS_Study/install/tutorial_interfaces/lib:/home/huang/codes/ROS_Study/install/village_interfaces/lib:/opt/ros/galactic/opt/yaml_cpp_vendor/lib:/opt/ros/galactic/opt/rviz_ogre_vendor/lib:/opt/ros/galactic/lib/x86_64-linux-gnu:/opt/ros/galactic/lib PYTHONPATH=/home/huang/codes/ROS_Study/install/tutorial_interfaces/lib/python3.8/site-packages:/home/huang/codes/ROS_Study/install/village_interfaces/lib/python3.8/site-packages:/opt/ros/galactic/lib/python3.8/site-packages /usr/bin/cmake --build /home/huang/codes/ROS_Study/build/ros_pub_sub_cv -- -j8 -l8
[0.109s] [35m[1mScanning dependencies of target pub_node[0m
[0.146s] [ 25%] [32mBuilding CXX object CMakeFiles/sub_node.dir/src/sub.cpp.o[0m
[0.169s] [ 50%] [32mBuilding CXX object CMakeFiles/pub_node.dir/src/pub.cpp.o[0m
[3.892s] [01m[K/home/huang/codes/ROS_Study/src/ros_pub_sub_cv/src/pub.cpp:[m[K In member function ‘[01m[Kvoid MinimalPublisher::timer_callback()[m[K’:
[3.892s] [01m[K/home/huang/codes/ROS_Study/src/ros_pub_sub_cv/src/pub.cpp:35:50:[m[K [01;31m[Kerror: [m[K‘[01m[KHeader[m[K’ is not a member of ‘[01m[Kstd_msgs[m[K’; did you mean ‘[01m[Kstd_msgs::msg::Header[m[K’?
[3.892s]    35 |     message.image = cv_bridge::CvImage(std_msgs::[01;31m[KHeader[m[K(), "bgr8", img).toImageMsg();                                                // CHANGE
[3.893s]       |                                                  [01;31m[K^~~~~~[m[K
[3.893s] In file included from [01m[K/opt/ros/galactic/include/sensor_msgs/msg/detail/image__struct.hpp:19[m[K,
[3.893s]                  from [01m[K/opt/ros/galactic/include/sensor_msgs/msg/image.hpp:7[m[K,
[3.893s]                  from [01m[K/opt/ros/galactic/include/cv_bridge/cv_bridge.h:40[m[K,
[3.893s]                  from [01m[K/home/huang/codes/ROS_Study/src/ros_pub_sub_cv/src/pub.cpp:4[m[K:
[3.893s] [01m[K/opt/ros/galactic/include/std_msgs/msg/detail/header__struct.hpp:139:7:[m[K [01;36m[Knote: [m[K‘[01m[Kstd_msgs::msg::Header[m[K’ declared here
[3.893s]   139 | using [01;36m[KHeader[m[K =
[3.893s]       |       [01;36m[K^~~~~~[m[K
[4.146s] [01m[K/home/huang/codes/ROS_Study/src/ros_pub_sub_cv/src/sub.cpp:[m[K In member function ‘[01m[Kvoid MinimalSubscriber::topic_callback(const Picture&) const[m[K’:
[4.146s] [01m[K/home/huang/codes/ROS_Study/src/ros_pub_sub_cv/src/sub.cpp:22:95:[m[K [01;31m[Kerror: [m[Kno matching function for call to ‘[01m[KtoCvCopy(const Picture&, const char [5])[m[K’
[4.147s]    22 |     cv_bridge::CvImagePtr cv_ptr = cv_bridge::toCvCopy(msg, sensor_msgs::image_encodings::BGR8[01;31m[K)[m[K;
[4.147s]       |                                                                                               [01;31m[K^[m[K
[4.147s] In file included from [01m[K/home/huang/codes/ROS_Study/src/ros_pub_sub_cv/src/sub.cpp:4[m[K:
[4.147s] [01m[K/opt/ros/galactic/include/cv_bridge/cv_bridge.h:177:29:[m[K [01;36m[Knote: [m[Kcandidate: ‘[01m[Kcv_bridge::CvImagePtr cv_bridge::toCvCopy(const ConstSharedPtr&, const string&)[m[K’
[4.148s]   177 | CV_BRIDGE_EXPORT CvImagePtr [01;36m[KtoCvCopy[m[K(
[4.148s]       |                             [01;36m[K^~~~~~~~[m[K
[4.148s] [01m[K/opt/ros/galactic/include/cv_bridge/cv_bridge.h:178:51:[m[K [01;36m[Knote: [m[K  no known conversion for argument 1 from ‘[01m[Kconst Picture[m[K’ {aka ‘[01m[Kconst tutorial_interfaces::msg::Picture_<std::allocator<void> >[m[K’} to ‘[01m[Kconst ConstSharedPtr&[m[K’ {aka ‘[01m[Kconst std::shared_ptr<const sensor_msgs::msg::Image_<std::allocator<void> > >&[m[K’}
[4.148s]   178 |   [01;36m[Kconst sensor_msgs::msg::Image::ConstSharedPtr & source[m[K,
[4.148s]       |   [01;36m[K~~~~~~~~~~~~~~~~~~~~~~~~~~~~~~~~~~~~~~~~~~~~~~~~^~~~~~[m[K
[4.149s] [01m[K/opt/ros/galactic/include/cv_bridge/cv_bridge.h:181:29:[m[K [01;36m[Knote: [m[Kcandidate: ‘[01m[Kcv_bridge::CvImagePtr cv_bridge::toCvCopy(const ConstSharedPtr&, const string&)[m[K’
[4.149s]   181 | CV_BRIDGE_EXPORT CvImagePtr [01;36m[KtoCvCopy[m[K(
[4.149s]       |                             [01;36m[K^~~~~~~~[m[K
[4.149s] [01m[K/opt/ros/galactic/include/cv_bridge/cv_bridge.h:182:61:[m[K [01;36m[Knote: [m[K  no known conversion for argument 1 from ‘[01m[Kconst Picture[m[K’ {aka ‘[01m[Kconst tutorial_interfaces::msg::Picture_<std::allocator<void> >[m[K’} to ‘[01m[Kconst ConstSharedPtr&[m[K’ {aka ‘[01m[Kconst std::shared_ptr<const sensor_msgs::msg::CompressedImage_<std::allocator<void> > >&[m[K’}
[4.149s]   182 |   [01;36m[Kconst sensor_msgs::msg::CompressedImage::ConstSharedPtr & source[m[K,
[4.149s]       |   [01;36m[K~~~~~~~~~~~~~~~~~~~~~~~~~~~~~~~~~~~~~~~~~~~~~~~~~~~~~~~~~~^~~~~~[m[K
[4.150s] [01m[K/opt/ros/galactic/include/cv_bridge/cv_bridge.h:204:29:[m[K [01;36m[Knote: [m[Kcandidate: ‘[01m[Kcv_bridge::CvImagePtr cv_bridge::toCvCopy(const Image&, const string&)[m[K’
[4.150s]   204 | CV_BRIDGE_EXPORT CvImagePtr [01;36m[KtoCvCopy[m[K(
[4.150s]       |                             [01;36m[K^~~~~~~~[m[K
[4.150s] [01m[K/opt/ros/galactic/include/cv_bridge/cv_bridge.h:205:35:[m[K [01;36m[Knote: [m[K  no known conversion for argument 1 from ‘[01m[Kconst Picture[m[K’ {aka ‘[01m[Kconst tutorial_interfaces::msg::Picture_<std::allocator<void> >[m[K’} to ‘[01m[Kconst Image&[m[K’ {aka ‘[01m[Kconst sensor_msgs::msg::Image_<std::allocator<void> >&[m[K’}
[4.150s]   205 |   [01;36m[Kconst sensor_msgs::msg::Image & source[m[K,
[4.150s]       |   [01;36m[K~~~~~~~~~~~~~~~~~~~~~~~~~~~~~~~~^~~~~~[m[K
[4.150s] [01m[K/opt/ros/galactic/include/cv_bridge/cv_bridge.h:208:29:[m[K [01;36m[Knote: [m[Kcandidate: ‘[01m[Kcv_bridge::CvImagePtr cv_bridge::toCvCopy(const CompressedImage&, const string&)[m[K’
[4.151s]   208 | CV_BRIDGE_EXPORT CvImagePtr [01;36m[KtoCvCopy[m[K(
[4.151s]       |                             [01;36m[K^~~~~~~~[m[K
[4.151s] [01m[K/opt/ros/galactic/include/cv_bridge/cv_bridge.h:209:45:[m[K [01;36m[Knote: [m[K  no known conversion for argument 1 from ‘[01m[Kconst Picture[m[K’ {aka ‘[01m[Kconst tutorial_interfaces::msg::Picture_<std::allocator<void> >[m[K’} to ‘[01m[Kconst CompressedImage&[m[K’ {aka ‘[01m[Kconst sensor_msgs::msg::CompressedImage_<std::allocator<void> >&[m[K’}
[4.151s]   209 |   [01;36m[Kconst sensor_msgs::msg::CompressedImage & source[m[K,
[4.151s]       |   [01;36m[K~~~~~~~~~~~~~~~~~~~~~~~~~~~~~~~~~~~~~~~~~~^~~~~~[m[K
[6.398s] make[2]: *** [CMakeFiles/pub_node.dir/build.make:63：CMakeFiles/pub_node.dir/src/pub.cpp.o] 错误 1
[6.399s] make[1]: *** [CMakeFiles/Makefile2:107：CMakeFiles/pub_node.dir/all] 错误 2
[6.399s] make[1]: *** 正在等待未完成的任务....
[7.331s] make[2]: *** [CMakeFiles/sub_node.dir/build.make:63：CMakeFiles/sub_node.dir/src/sub.cpp.o] 错误 1
[7.331s] make[1]: *** [CMakeFiles/Makefile2:80：CMakeFiles/sub_node.dir/all] 错误 2
[7.331s] make: *** [Makefile:141：all] 错误 2
[7.335s] Invoked command in '/home/huang/codes/ROS_Study/build/ros_pub_sub_cv' returned '2': CMAKE_PREFIX_PATH=/home/huang/codes/ROS_Study/install/tutorial_interfaces:/home/huang/codes/ROS_Study/install/village_wang:/home/huang/codes/ROS_Study/install/village_li:/home/huang/codes/ROS_Study/install/village_interfaces:/home/huang/codes/ROS_Study/install/ros_pub_sub_cv:/home/huang/codes/ROS_Study/install/ros_pub_sub:/opt/ros/galactic LD_LIBRARY_PATH=/home/huang/codes/ROS_Study/install/tutorial_interfaces/lib:/home/huang/codes/ROS_Study/install/village_interfaces/lib:/opt/ros/galactic/opt/yaml_cpp_vendor/lib:/opt/ros/galactic/opt/rviz_ogre_vendor/lib:/opt/ros/galactic/lib/x86_64-linux-gnu:/opt/ros/galactic/lib PYTHONPATH=/home/huang/codes/ROS_Study/install/tutorial_interfaces/lib/python3.8/site-packages:/home/huang/codes/ROS_Study/install/village_interfaces/lib/python3.8/site-packages:/opt/ros/galactic/lib/python3.8/site-packages /usr/bin/cmake --build /home/huang/codes/ROS_Study/build/ros_pub_sub_cv -- -j8 -l8
