[0.104s] Invoking command in '/home/huang/codes/ROS_Study/build/ros_pub_sub': CMAKE_PREFIX_PATH=/home/huang/codes/ROS_Study/install/tutorial_interfaces:/home/huang/codes/ROS_Study/install/ros_service_launch:/home/huang/codes/ROS_Study/install/village_wang:/home/huang/codes/ROS_Study/install/village_li:/home/huang/codes/ROS_Study/install/village_interfaces:/home/huang/codes/ROS_Study/install/ros_service:/home/huang/codes/ROS_Study/install/ros_pub_sub_cv:/home/huang/codes/ROS_Study/install/ros_pub_sub:/opt/ros/galactic LD_LIBRARY_PATH=/home/huang/codes/ROS_Study/install/tutorial_interfaces/lib:/home/huang/codes/ROS_Study/install/village_interfaces/lib:/opt/ros/galactic/opt/yaml_cpp_vendor/lib:/opt/ros/galactic/opt/rviz_ogre_vendor/lib:/opt/ros/galactic/lib/x86_64-linux-gnu:/opt/ros/galactic/lib PYTHONPATH=/home/huang/codes/ROS_Study/install/tutorial_interfaces/lib/python3.8/site-packages:/home/huang/codes/ROS_Study/install/village_interfaces/lib/python3.8/site-packages:/opt/ros/galactic/lib/python3.8/site-packages /usr/bin/cmake /home/huang/codes/ROS_Study/src/ros_pub_sub -DCMAKE_INSTALL_PREFIX=/home/huang/codes/ROS_Study/install/ros_pub_sub
[0.222s] -- The C compiler identification is GNU 9.4.0
[0.343s] -- The CXX compiler identification is GNU 9.4.0
[0.353s] -- Check for working C compiler: /usr/bin/cc
[0.631s] -- Check for working C compiler: /usr/bin/cc -- works
[0.635s] -- Detecting C compiler ABI info
[0.801s] -- Detecting C compiler ABI info - done
[0.842s] -- Detecting C compile features
[0.843s] -- Detecting C compile features - done
[0.845s] -- Check for working CXX compiler: /usr/bin/c++
[1.036s] -- Check for working CXX compiler: /usr/bin/c++ -- works
[1.037s] -- Detecting CXX compiler ABI info
[1.257s] -- Detecting CXX compiler ABI info - done
[1.288s] -- Detecting CXX compile features
[1.291s] -- Detecting CXX compile features - done
[1.300s] -- Found ament_cmake: 1.1.6 (/opt/ros/galactic/share/ament_cmake/cmake)
[1.358s] -- Found PythonInterp: /usr/bin/python3 (found suitable version "3.8.10", minimum required is "3") 
[1.358s] -- Using PYTHON_EXECUTABLE: /usr/bin/python3
[1.601s] -- Found rclcpp: 9.2.2 (/opt/ros/galactic/share/rclcpp/cmake)
[1.729s] -- Using all available rosidl_typesupport_c: rosidl_typesupport_fastrtps_c;rosidl_typesupport_introspection_c
[1.746s] -- Found rosidl_adapter: 2.2.3 (/opt/ros/galactic/share/rosidl_adapter/cmake)
[1.971s] -- Found OpenSSL: /usr/lib/x86_64-linux-gnu/libcrypto.so (found version "1.1.1f")  
[2.060s] -- Found FastRTPS: /opt/ros/galactic/include  
[2.251s] -- Using all available rosidl_typesupport_cpp: rosidl_typesupport_fastrtps_cpp;rosidl_typesupport_introspection_cpp
[2.411s] -- Found rmw_implementation_cmake: 3.3.1 (/opt/ros/galactic/share/rmw_implementation_cmake/cmake)
[2.419s] -- Found rmw_cyclonedds_cpp: 0.22.6 (/opt/ros/galactic/share/rmw_cyclonedds_cpp/cmake)
[2.467s] -- Using RMW implementation 'rmw_cyclonedds_cpp' as default
[2.469s] -- Looking for pthread.h
[2.601s] -- Looking for pthread.h - found
[2.602s] -- Performing Test CMAKE_HAVE_LIBC_PTHREAD
[2.742s] -- Performing Test CMAKE_HAVE_LIBC_PTHREAD - Failed
[2.744s] -- Looking for pthread_create in pthreads
[2.870s] -- Looking for pthread_create in pthreads - not found
[2.871s] -- Looking for pthread_create in pthread
[3.039s] -- Looking for pthread_create in pthread - found
[3.041s] -- Found Threads: TRUE  
[3.433s] -- Found tutorial_interfaces: 0.0.0 (/home/huang/codes/ROS_Study/install/tutorial_interfaces/share/tutorial_interfaces/cmake)
[3.985s] -- Found ament_lint_auto: 0.10.7 (/opt/ros/galactic/share/ament_lint_auto/cmake)
[4.145s] -- Added test 'copyright' to check source files copyright and LICENSE
[4.149s] -- Added test 'cppcheck' to perform static code analysis on C / C++ code
[4.149s] -- Configured cppcheck include dirs: 
[4.149s] -- Configured cppcheck exclude dirs and/or files: 
[4.151s] -- Added test 'cpplint' to check C / C++ code against the Google style
[4.151s] -- Configured cpplint exclude dirs and/or files: 
[4.153s] -- Added test 'lint_cmake' to check CMake code style
[4.155s] -- Added test 'uncrustify' to check C / C++ code style
[4.155s] -- Configured uncrustify additional arguments: 
[4.157s] -- Added test 'xmllint' to check XML markup files
[4.163s] -- Configuring done
[4.199s] -- Generating done
[4.199s] -- Build files have been written to: /home/huang/codes/ROS_Study/build/ros_pub_sub
[4.224s] Invoked command in '/home/huang/codes/ROS_Study/build/ros_pub_sub' returned '0': CMAKE_PREFIX_PATH=/home/huang/codes/ROS_Study/install/tutorial_interfaces:/home/huang/codes/ROS_Study/install/ros_service_launch:/home/huang/codes/ROS_Study/install/village_wang:/home/huang/codes/ROS_Study/install/village_li:/home/huang/codes/ROS_Study/install/village_interfaces:/home/huang/codes/ROS_Study/install/ros_service:/home/huang/codes/ROS_Study/install/ros_pub_sub_cv:/home/huang/codes/ROS_Study/install/ros_pub_sub:/opt/ros/galactic LD_LIBRARY_PATH=/home/huang/codes/ROS_Study/install/tutorial_interfaces/lib:/home/huang/codes/ROS_Study/install/village_interfaces/lib:/opt/ros/galactic/opt/yaml_cpp_vendor/lib:/opt/ros/galactic/opt/rviz_ogre_vendor/lib:/opt/ros/galactic/lib/x86_64-linux-gnu:/opt/ros/galactic/lib PYTHONPATH=/home/huang/codes/ROS_Study/install/tutorial_interfaces/lib/python3.8/site-packages:/home/huang/codes/ROS_Study/install/village_interfaces/lib/python3.8/site-packages:/opt/ros/galactic/lib/python3.8/site-packages /usr/bin/cmake /home/huang/codes/ROS_Study/src/ros_pub_sub -DCMAKE_INSTALL_PREFIX=/home/huang/codes/ROS_Study/install/ros_pub_sub
[4.230s] Invoking command in '/home/huang/codes/ROS_Study/build/ros_pub_sub': CMAKE_PREFIX_PATH=/home/huang/codes/ROS_Study/install/tutorial_interfaces:/home/huang/codes/ROS_Study/install/ros_service_launch:/home/huang/codes/ROS_Study/install/village_wang:/home/huang/codes/ROS_Study/install/village_li:/home/huang/codes/ROS_Study/install/village_interfaces:/home/huang/codes/ROS_Study/install/ros_service:/home/huang/codes/ROS_Study/install/ros_pub_sub_cv:/home/huang/codes/ROS_Study/install/ros_pub_sub:/opt/ros/galactic LD_LIBRARY_PATH=/home/huang/codes/ROS_Study/install/tutorial_interfaces/lib:/home/huang/codes/ROS_Study/install/village_interfaces/lib:/opt/ros/galactic/opt/yaml_cpp_vendor/lib:/opt/ros/galactic/opt/rviz_ogre_vendor/lib:/opt/ros/galactic/lib/x86_64-linux-gnu:/opt/ros/galactic/lib PYTHONPATH=/home/huang/codes/ROS_Study/install/tutorial_interfaces/lib/python3.8/site-packages:/home/huang/codes/ROS_Study/install/village_interfaces/lib/python3.8/site-packages:/opt/ros/galactic/lib/python3.8/site-packages /usr/bin/cmake --build /home/huang/codes/ROS_Study/build/ros_pub_sub -- -j8 -l8
[4.380s] [35m[1mScanning dependencies of target pub_node[0m
[4.383s] [35m[1mScanning dependencies of target sub_node[0m
[4.531s] [ 25%] [32mBuilding CXX object CMakeFiles/sub_node.dir/src/sub.cpp.o[0m
[4.583s] [ 50%] [32mBuilding CXX object CMakeFiles/pub_node.dir/src/pub.cpp.o[0m
[16.794s] [ 75%] [32m[1mLinking CXX executable pub_node[0m
[17.196s] [ 75%] Built target pub_node
[22.199s] [100%] [32m[1mLinking CXX executable sub_node[0m
[22.660s] [100%] Built target sub_node
[22.677s] Invoked command in '/home/huang/codes/ROS_Study/build/ros_pub_sub' returned '0': CMAKE_PREFIX_PATH=/home/huang/codes/ROS_Study/install/tutorial_interfaces:/home/huang/codes/ROS_Study/install/ros_service_launch:/home/huang/codes/ROS_Study/install/village_wang:/home/huang/codes/ROS_Study/install/village_li:/home/huang/codes/ROS_Study/install/village_interfaces:/home/huang/codes/ROS_Study/install/ros_service:/home/huang/codes/ROS_Study/install/ros_pub_sub_cv:/home/huang/codes/ROS_Study/install/ros_pub_sub:/opt/ros/galactic LD_LIBRARY_PATH=/home/huang/codes/ROS_Study/install/tutorial_interfaces/lib:/home/huang/codes/ROS_Study/install/village_interfaces/lib:/opt/ros/galactic/opt/yaml_cpp_vendor/lib:/opt/ros/galactic/opt/rviz_ogre_vendor/lib:/opt/ros/galactic/lib/x86_64-linux-gnu:/opt/ros/galactic/lib PYTHONPATH=/home/huang/codes/ROS_Study/install/tutorial_interfaces/lib/python3.8/site-packages:/home/huang/codes/ROS_Study/install/village_interfaces/lib/python3.8/site-packages:/opt/ros/galactic/lib/python3.8/site-packages /usr/bin/cmake --build /home/huang/codes/ROS_Study/build/ros_pub_sub -- -j8 -l8
[22.712s] Invoking command in '/home/huang/codes/ROS_Study/build/ros_pub_sub': CMAKE_PREFIX_PATH=/home/huang/codes/ROS_Study/install/tutorial_interfaces:/home/huang/codes/ROS_Study/install/ros_service_launch:/home/huang/codes/ROS_Study/install/village_wang:/home/huang/codes/ROS_Study/install/village_li:/home/huang/codes/ROS_Study/install/village_interfaces:/home/huang/codes/ROS_Study/install/ros_service:/home/huang/codes/ROS_Study/install/ros_pub_sub_cv:/home/huang/codes/ROS_Study/install/ros_pub_sub:/opt/ros/galactic LD_LIBRARY_PATH=/home/huang/codes/ROS_Study/install/tutorial_interfaces/lib:/home/huang/codes/ROS_Study/install/village_interfaces/lib:/opt/ros/galactic/opt/yaml_cpp_vendor/lib:/opt/ros/galactic/opt/rviz_ogre_vendor/lib:/opt/ros/galactic/lib/x86_64-linux-gnu:/opt/ros/galactic/lib PYTHONPATH=/home/huang/codes/ROS_Study/install/tutorial_interfaces/lib/python3.8/site-packages:/home/huang/codes/ROS_Study/install/village_interfaces/lib/python3.8/site-packages:/opt/ros/galactic/lib/python3.8/site-packages /usr/bin/cmake --install /home/huang/codes/ROS_Study/build/ros_pub_sub
[22.725s] -- Install configuration: ""
[22.725s] -- Installing: /home/huang/codes/ROS_Study/install/ros_pub_sub/share/ros_pub_sub/package.dsv
[22.734s] Invoked command in '/home/huang/codes/ROS_Study/build/ros_pub_sub' returned '0': CMAKE_PREFIX_PATH=/home/huang/codes/ROS_Study/install/tutorial_interfaces:/home/huang/codes/ROS_Study/install/ros_service_launch:/home/huang/codes/ROS_Study/install/village_wang:/home/huang/codes/ROS_Study/install/village_li:/home/huang/codes/ROS_Study/install/village_interfaces:/home/huang/codes/ROS_Study/install/ros_service:/home/huang/codes/ROS_Study/install/ros_pub_sub_cv:/home/huang/codes/ROS_Study/install/ros_pub_sub:/opt/ros/galactic LD_LIBRARY_PATH=/home/huang/codes/ROS_Study/install/tutorial_interfaces/lib:/home/huang/codes/ROS_Study/install/village_interfaces/lib:/opt/ros/galactic/opt/yaml_cpp_vendor/lib:/opt/ros/galactic/opt/rviz_ogre_vendor/lib:/opt/ros/galactic/lib/x86_64-linux-gnu:/opt/ros/galactic/lib PYTHONPATH=/home/huang/codes/ROS_Study/install/tutorial_interfaces/lib/python3.8/site-packages:/home/huang/codes/ROS_Study/install/village_interfaces/lib/python3.8/site-packages:/opt/ros/galactic/lib/python3.8/site-packages /usr/bin/cmake --install /home/huang/codes/ROS_Study/build/ros_pub_sub
