[0.340s] DEBUG:colcon:Command line arguments: ['/usr/bin/colcon', 'build']
[0.340s] DEBUG:colcon:Parsed command line arguments: Namespace(allow_overriding=[], ament_cmake_args=None, base_paths=['.'], build_base='build', catkin_cmake_args=None, catkin_skip_building_tests=False, cmake_args=None, cmake_clean_cache=False, cmake_clean_first=False, cmake_force_configure=False, cmake_target=None, cmake_target_skip_unavailable=False, continue_on_error=False, event_handlers=None, executor='parallel', ignore_user_meta=False, install_base='install', log_base=None, log_level=None, main=<bound method BuildVerb.main of <colcon_core.verb.build.BuildVerb object at 0x7f77ff705940>>, merge_install=False, metas=['./colcon.meta'], packages_above=None, packages_above_and_dependencies=None, packages_above_depth=None, packages_end=None, packages_ignore=None, packages_ignore_regex=None, packages_select=None, packages_select_build_failed=False, packages_select_by_dep=None, packages_select_regex=None, packages_select_test_failures=False, packages_skip=None, packages_skip_build_finished=False, packages_skip_by_dep=None, packages_skip_regex=None, packages_skip_test_passed=False, packages_skip_up_to=None, packages_start=None, packages_up_to=None, packages_up_to_regex=None, parallel_workers=8, paths=None, symlink_install=False, test_result_base=None, verb_extension=<colcon_core.verb.build.BuildVerb object at 0x7f77ff705940>, verb_name='build', verb_parser=<colcon_defaults.argument_parser.defaults.DefaultArgumentsDecorator object at 0x7f77ff705eb0>)
[0.395s] Level 1:colcon.colcon_core.package_discovery:discover_packages(colcon_meta) check parameters
[0.395s] Level 1:colcon.colcon_core.package_discovery:discover_packages(recursive) check parameters
[0.395s] Level 1:colcon.colcon_core.package_discovery:discover_packages(ignore) check parameters
[0.395s] Level 1:colcon.colcon_core.package_discovery:discover_packages(path) check parameters
[0.395s] Level 1:colcon.colcon_core.package_discovery:discover_packages(colcon_meta) discover
[0.395s] Level 1:colcon.colcon_core.package_discovery:discover_packages(recursive) discover
[0.395s] INFO:colcon.colcon_core.package_discovery:Crawling recursively for packages in '/home/huang/codes/ROS_Study'
[0.395s] Level 1:colcon.colcon_core.package_identification:_identify(.) by extensions ['ignore', 'ignore_ament_install']
[0.395s] Level 1:colcon.colcon_core.package_identification:_identify(.) by extension 'ignore'
[0.395s] Level 1:colcon.colcon_core.package_identification:_identify(.) by extension 'ignore_ament_install'
[0.395s] Level 1:colcon.colcon_core.package_identification:_identify(.) by extensions ['colcon_pkg']
[0.395s] Level 1:colcon.colcon_core.package_identification:_identify(.) by extension 'colcon_pkg'
[0.395s] Level 1:colcon.colcon_core.package_identification:_identify(.) by extensions ['colcon_meta']
[0.395s] Level 1:colcon.colcon_core.package_identification:_identify(.) by extension 'colcon_meta'
[0.395s] Level 1:colcon.colcon_core.package_identification:_identify(.) by extensions ['ros']
[0.395s] Level 1:colcon.colcon_core.package_identification:_identify(.) by extension 'ros'
[0.405s] Level 1:colcon.colcon_core.package_identification:_identify(.) by extensions ['cmake', 'python']
[0.405s] Level 1:colcon.colcon_core.package_identification:_identify(.) by extension 'cmake'
[0.405s] Level 1:colcon.colcon_core.package_identification:_identify(.) by extension 'python'
[0.405s] Level 1:colcon.colcon_core.package_identification:_identify(.) by extensions ['python_setup_py']
[0.405s] Level 1:colcon.colcon_core.package_identification:_identify(.) by extension 'python_setup_py'
[0.405s] Level 1:colcon.colcon_core.package_identification:_identify(build) by extensions ['ignore', 'ignore_ament_install']
[0.405s] Level 1:colcon.colcon_core.package_identification:_identify(build) by extension 'ignore'
[0.405s] Level 1:colcon.colcon_core.package_identification:_identify(build) ignored
[0.406s] Level 1:colcon.colcon_core.package_identification:_identify(install) by extensions ['ignore', 'ignore_ament_install']
[0.406s] Level 1:colcon.colcon_core.package_identification:_identify(install) by extension 'ignore'
[0.406s] Level 1:colcon.colcon_core.package_identification:_identify(install) ignored
[0.406s] Level 1:colcon.colcon_core.package_identification:_identify(log) by extensions ['ignore', 'ignore_ament_install']
[0.406s] Level 1:colcon.colcon_core.package_identification:_identify(log) by extension 'ignore'
[0.406s] Level 1:colcon.colcon_core.package_identification:_identify(log) ignored
[0.406s] Level 1:colcon.colcon_core.package_identification:_identify(src) by extensions ['ignore', 'ignore_ament_install']
[0.406s] Level 1:colcon.colcon_core.package_identification:_identify(src) by extension 'ignore'
[0.406s] Level 1:colcon.colcon_core.package_identification:_identify(src) by extension 'ignore_ament_install'
[0.406s] Level 1:colcon.colcon_core.package_identification:_identify(src) by extensions ['colcon_pkg']
[0.406s] Level 1:colcon.colcon_core.package_identification:_identify(src) by extension 'colcon_pkg'
[0.406s] Level 1:colcon.colcon_core.package_identification:_identify(src) by extensions ['colcon_meta']
[0.406s] Level 1:colcon.colcon_core.package_identification:_identify(src) by extension 'colcon_meta'
[0.406s] Level 1:colcon.colcon_core.package_identification:_identify(src) by extensions ['ros']
[0.406s] Level 1:colcon.colcon_core.package_identification:_identify(src) by extension 'ros'
[0.406s] Level 1:colcon.colcon_core.package_identification:_identify(src) by extensions ['cmake', 'python']
[0.406s] Level 1:colcon.colcon_core.package_identification:_identify(src) by extension 'cmake'
[0.407s] Level 1:colcon.colcon_core.package_identification:_identify(src) by extension 'python'
[0.407s] Level 1:colcon.colcon_core.package_identification:_identify(src) by extensions ['python_setup_py']
[0.407s] Level 1:colcon.colcon_core.package_identification:_identify(src) by extension 'python_setup_py'
[0.407s] Level 1:colcon.colcon_core.package_identification:_identify(src/ros_pub_sub) by extensions ['ignore', 'ignore_ament_install']
[0.407s] Level 1:colcon.colcon_core.package_identification:_identify(src/ros_pub_sub) by extension 'ignore'
[0.407s] Level 1:colcon.colcon_core.package_identification:_identify(src/ros_pub_sub) by extension 'ignore_ament_install'
[0.407s] Level 1:colcon.colcon_core.package_identification:_identify(src/ros_pub_sub) by extensions ['colcon_pkg']
[0.407s] Level 1:colcon.colcon_core.package_identification:_identify(src/ros_pub_sub) by extension 'colcon_pkg'
[0.407s] Level 1:colcon.colcon_core.package_identification:_identify(src/ros_pub_sub) by extensions ['colcon_meta']
[0.407s] Level 1:colcon.colcon_core.package_identification:_identify(src/ros_pub_sub) by extension 'colcon_meta'
[0.407s] Level 1:colcon.colcon_core.package_identification:_identify(src/ros_pub_sub) by extensions ['ros']
[0.407s] Level 1:colcon.colcon_core.package_identification:_identify(src/ros_pub_sub) by extension 'ros'
[0.410s] DEBUG:colcon.colcon_core.package_identification:Package 'src/ros_pub_sub' with type 'ros.ament_cmake' and name 'ros_pub_sub'
[0.410s] Level 1:colcon.colcon_core.package_identification:_identify(src/ros_pub_sub_cv) by extensions ['ignore', 'ignore_ament_install']
[0.410s] Level 1:colcon.colcon_core.package_identification:_identify(src/ros_pub_sub_cv) by extension 'ignore'
[0.411s] Level 1:colcon.colcon_core.package_identification:_identify(src/ros_pub_sub_cv) by extension 'ignore_ament_install'
[0.411s] Level 1:colcon.colcon_core.package_identification:_identify(src/ros_pub_sub_cv) by extensions ['colcon_pkg']
[0.411s] Level 1:colcon.colcon_core.package_identification:_identify(src/ros_pub_sub_cv) by extension 'colcon_pkg'
[0.411s] Level 1:colcon.colcon_core.package_identification:_identify(src/ros_pub_sub_cv) by extensions ['colcon_meta']
[0.411s] Level 1:colcon.colcon_core.package_identification:_identify(src/ros_pub_sub_cv) by extension 'colcon_meta'
[0.411s] Level 1:colcon.colcon_core.package_identification:_identify(src/ros_pub_sub_cv) by extensions ['ros']
[0.411s] Level 1:colcon.colcon_core.package_identification:_identify(src/ros_pub_sub_cv) by extension 'ros'
[0.411s] DEBUG:colcon.colcon_core.package_identification:Package 'src/ros_pub_sub_cv' with type 'ros.ament_cmake' and name 'ros_pub_sub_cv'
[0.412s] Level 1:colcon.colcon_core.package_identification:_identify(src/tutorial_interfaces) by extensions ['ignore', 'ignore_ament_install']
[0.412s] Level 1:colcon.colcon_core.package_identification:_identify(src/tutorial_interfaces) by extension 'ignore'
[0.412s] Level 1:colcon.colcon_core.package_identification:_identify(src/tutorial_interfaces) by extension 'ignore_ament_install'
[0.412s] Level 1:colcon.colcon_core.package_identification:_identify(src/tutorial_interfaces) by extensions ['colcon_pkg']
[0.412s] Level 1:colcon.colcon_core.package_identification:_identify(src/tutorial_interfaces) by extension 'colcon_pkg'
[0.412s] Level 1:colcon.colcon_core.package_identification:_identify(src/tutorial_interfaces) by extensions ['colcon_meta']
[0.412s] Level 1:colcon.colcon_core.package_identification:_identify(src/tutorial_interfaces) by extension 'colcon_meta'
[0.412s] Level 1:colcon.colcon_core.package_identification:_identify(src/tutorial_interfaces) by extensions ['ros']
[0.412s] Level 1:colcon.colcon_core.package_identification:_identify(src/tutorial_interfaces) by extension 'ros'
[0.413s] DEBUG:colcon.colcon_core.package_identification:Package 'src/tutorial_interfaces' with type 'ros.ament_cmake' and name 'tutorial_interfaces'
[0.413s] Level 1:colcon.colcon_core.package_identification:_identify(src/village_interfaces) by extensions ['ignore', 'ignore_ament_install']
[0.413s] Level 1:colcon.colcon_core.package_identification:_identify(src/village_interfaces) by extension 'ignore'
[0.413s] Level 1:colcon.colcon_core.package_identification:_identify(src/village_interfaces) by extension 'ignore_ament_install'
[0.413s] Level 1:colcon.colcon_core.package_identification:_identify(src/village_interfaces) by extensions ['colcon_pkg']
[0.413s] Level 1:colcon.colcon_core.package_identification:_identify(src/village_interfaces) by extension 'colcon_pkg'
[0.413s] Level 1:colcon.colcon_core.package_identification:_identify(src/village_interfaces) by extensions ['colcon_meta']
[0.413s] Level 1:colcon.colcon_core.package_identification:_identify(src/village_interfaces) by extension 'colcon_meta'
[0.413s] Level 1:colcon.colcon_core.package_identification:_identify(src/village_interfaces) by extensions ['ros']
[0.413s] Level 1:colcon.colcon_core.package_identification:_identify(src/village_interfaces) by extension 'ros'
[0.414s] DEBUG:colcon.colcon_core.package_identification:Package 'src/village_interfaces' with type 'ros.ament_cmake' and name 'village_interfaces'
[0.414s] Level 1:colcon.colcon_core.package_identification:_identify(src/village_li) by extensions ['ignore', 'ignore_ament_install']
[0.414s] Level 1:colcon.colcon_core.package_identification:_identify(src/village_li) by extension 'ignore'
[0.414s] Level 1:colcon.colcon_core.package_identification:_identify(src/village_li) by extension 'ignore_ament_install'
[0.414s] Level 1:colcon.colcon_core.package_identification:_identify(src/village_li) by extensions ['colcon_pkg']
[0.414s] Level 1:colcon.colcon_core.package_identification:_identify(src/village_li) by extension 'colcon_pkg'
[0.414s] Level 1:colcon.colcon_core.package_identification:_identify(src/village_li) by extensions ['colcon_meta']
[0.414s] Level 1:colcon.colcon_core.package_identification:_identify(src/village_li) by extension 'colcon_meta'
[0.414s] Level 1:colcon.colcon_core.package_identification:_identify(src/village_li) by extensions ['ros']
[0.414s] Level 1:colcon.colcon_core.package_identification:_identify(src/village_li) by extension 'ros'
[0.415s] DEBUG:colcon.colcon_core.package_identification:Package 'src/village_li' with type 'ros.ament_cmake' and name 'village_li'
[0.415s] Level 1:colcon.colcon_core.package_identification:_identify(src/village_wang) by extensions ['ignore', 'ignore_ament_install']
[0.415s] Level 1:colcon.colcon_core.package_identification:_identify(src/village_wang) by extension 'ignore'
[0.415s] Level 1:colcon.colcon_core.package_identification:_identify(src/village_wang) by extension 'ignore_ament_install'
[0.415s] Level 1:colcon.colcon_core.package_identification:_identify(src/village_wang) by extensions ['colcon_pkg']
[0.415s] Level 1:colcon.colcon_core.package_identification:_identify(src/village_wang) by extension 'colcon_pkg'
[0.415s] Level 1:colcon.colcon_core.package_identification:_identify(src/village_wang) by extensions ['colcon_meta']
[0.415s] Level 1:colcon.colcon_core.package_identification:_identify(src/village_wang) by extension 'colcon_meta'
[0.416s] Level 1:colcon.colcon_core.package_identification:_identify(src/village_wang) by extensions ['ros']
[0.416s] Level 1:colcon.colcon_core.package_identification:_identify(src/village_wang) by extension 'ros'
[0.416s] DEBUG:colcon.colcon_core.package_identification:Package 'src/village_wang' with type 'ros.ament_cmake' and name 'village_wang'
[0.416s] Level 1:colcon.colcon_core.package_discovery:discover_packages(recursive) using defaults
[0.416s] Level 1:colcon.colcon_core.package_discovery:discover_packages(ignore) discover
[0.416s] Level 1:colcon.colcon_core.package_discovery:discover_packages(ignore) using defaults
[0.416s] Level 1:colcon.colcon_core.package_discovery:discover_packages(path) discover
[0.416s] Level 1:colcon.colcon_core.package_discovery:discover_packages(path) using defaults
[0.439s] Level 1:colcon.colcon_core.package_discovery:discover_packages(prefix_path) check parameters
[0.439s] Level 1:colcon.colcon_core.package_discovery:discover_packages(prefix_path) discover
[0.443s] DEBUG:colcon.colcon_installed_package_information.package_discovery:Found 6 installed packages in /home/huang/codes/ROS_Study/install
[0.445s] DEBUG:colcon.colcon_installed_package_information.package_discovery:Found 285 installed packages in /opt/ros/galactic
[0.446s] Level 1:colcon.colcon_core.package_discovery:discover_packages(prefix_path) using defaults
[0.534s] Level 5:colcon.colcon_core.verb:set package 'tutorial_interfaces' build argument 'cmake_args' from command line to 'None'
[0.534s] Level 5:colcon.colcon_core.verb:set package 'tutorial_interfaces' build argument 'cmake_target' from command line to 'None'
[0.534s] Level 5:colcon.colcon_core.verb:set package 'tutorial_interfaces' build argument 'cmake_target_skip_unavailable' from command line to 'False'
[0.534s] Level 5:colcon.colcon_core.verb:set package 'tutorial_interfaces' build argument 'cmake_clean_cache' from command line to 'False'
[0.534s] Level 5:colcon.colcon_core.verb:set package 'tutorial_interfaces' build argument 'cmake_clean_first' from command line to 'False'
[0.534s] Level 5:colcon.colcon_core.verb:set package 'tutorial_interfaces' build argument 'cmake_force_configure' from command line to 'False'
[0.534s] Level 5:colcon.colcon_core.verb:set package 'tutorial_interfaces' build argument 'ament_cmake_args' from command line to 'None'
[0.534s] Level 5:colcon.colcon_core.verb:set package 'tutorial_interfaces' build argument 'catkin_cmake_args' from command line to 'None'
[0.534s] Level 5:colcon.colcon_core.verb:set package 'tutorial_interfaces' build argument 'catkin_skip_building_tests' from command line to 'False'
[0.534s] DEBUG:colcon.colcon_core.verb:Building package 'tutorial_interfaces' with the following arguments: {'ament_cmake_args': None, 'build_base': '/home/huang/codes/ROS_Study/build/tutorial_interfaces', 'catkin_cmake_args': None, 'catkin_skip_building_tests': False, 'cmake_args': None, 'cmake_clean_cache': False, 'cmake_clean_first': False, 'cmake_force_configure': False, 'cmake_target': None, 'cmake_target_skip_unavailable': False, 'install_base': '/home/huang/codes/ROS_Study/install/tutorial_interfaces', 'merge_install': False, 'path': '/home/huang/codes/ROS_Study/src/tutorial_interfaces', 'symlink_install': False, 'test_result_base': None}
[0.536s] Level 5:colcon.colcon_core.verb:set package 'village_interfaces' build argument 'cmake_args' from command line to 'None'
[0.536s] Level 5:colcon.colcon_core.verb:set package 'village_interfaces' build argument 'cmake_target' from command line to 'None'
[0.536s] Level 5:colcon.colcon_core.verb:set package 'village_interfaces' build argument 'cmake_target_skip_unavailable' from command line to 'False'
[0.536s] Level 5:colcon.colcon_core.verb:set package 'village_interfaces' build argument 'cmake_clean_cache' from command line to 'False'
[0.536s] Level 5:colcon.colcon_core.verb:set package 'village_interfaces' build argument 'cmake_clean_first' from command line to 'False'
[0.536s] Level 5:colcon.colcon_core.verb:set package 'village_interfaces' build argument 'cmake_force_configure' from command line to 'False'
[0.536s] Level 5:colcon.colcon_core.verb:set package 'village_interfaces' build argument 'ament_cmake_args' from command line to 'None'
[0.536s] Level 5:colcon.colcon_core.verb:set package 'village_interfaces' build argument 'catkin_cmake_args' from command line to 'None'
[0.536s] Level 5:colcon.colcon_core.verb:set package 'village_interfaces' build argument 'catkin_skip_building_tests' from command line to 'False'
[0.536s] DEBUG:colcon.colcon_core.verb:Building package 'village_interfaces' with the following arguments: {'ament_cmake_args': None, 'build_base': '/home/huang/codes/ROS_Study/build/village_interfaces', 'catkin_cmake_args': None, 'catkin_skip_building_tests': False, 'cmake_args': None, 'cmake_clean_cache': False, 'cmake_clean_first': False, 'cmake_force_configure': False, 'cmake_target': None, 'cmake_target_skip_unavailable': False, 'install_base': '/home/huang/codes/ROS_Study/install/village_interfaces', 'merge_install': False, 'path': '/home/huang/codes/ROS_Study/src/village_interfaces', 'symlink_install': False, 'test_result_base': None}
[0.537s] Level 5:colcon.colcon_core.verb:set package 'village_li' build argument 'cmake_args' from command line to 'None'
[0.537s] Level 5:colcon.colcon_core.verb:set package 'village_li' build argument 'cmake_target' from command line to 'None'
[0.537s] Level 5:colcon.colcon_core.verb:set package 'village_li' build argument 'cmake_target_skip_unavailable' from command line to 'False'
[0.537s] Level 5:colcon.colcon_core.verb:set package 'village_li' build argument 'cmake_clean_cache' from command line to 'False'
[0.537s] Level 5:colcon.colcon_core.verb:set package 'village_li' build argument 'cmake_clean_first' from command line to 'False'
[0.537s] Level 5:colcon.colcon_core.verb:set package 'village_li' build argument 'cmake_force_configure' from command line to 'False'
[0.537s] Level 5:colcon.colcon_core.verb:set package 'village_li' build argument 'ament_cmake_args' from command line to 'None'
[0.537s] Level 5:colcon.colcon_core.verb:set package 'village_li' build argument 'catkin_cmake_args' from command line to 'None'
[0.537s] Level 5:colcon.colcon_core.verb:set package 'village_li' build argument 'catkin_skip_building_tests' from command line to 'False'
[0.537s] DEBUG:colcon.colcon_core.verb:Building package 'village_li' with the following arguments: {'ament_cmake_args': None, 'build_base': '/home/huang/codes/ROS_Study/build/village_li', 'catkin_cmake_args': None, 'catkin_skip_building_tests': False, 'cmake_args': None, 'cmake_clean_cache': False, 'cmake_clean_first': False, 'cmake_force_configure': False, 'cmake_target': None, 'cmake_target_skip_unavailable': False, 'install_base': '/home/huang/codes/ROS_Study/install/village_li', 'merge_install': False, 'path': '/home/huang/codes/ROS_Study/src/village_li', 'symlink_install': False, 'test_result_base': None}
[0.538s] Level 5:colcon.colcon_core.verb:set package 'village_wang' build argument 'cmake_args' from command line to 'None'
[0.538s] Level 5:colcon.colcon_core.verb:set package 'village_wang' build argument 'cmake_target' from command line to 'None'
[0.538s] Level 5:colcon.colcon_core.verb:set package 'village_wang' build argument 'cmake_target_skip_unavailable' from command line to 'False'
[0.538s] Level 5:colcon.colcon_core.verb:set package 'village_wang' build argument 'cmake_clean_cache' from command line to 'False'
[0.538s] Level 5:colcon.colcon_core.verb:set package 'village_wang' build argument 'cmake_clean_first' from command line to 'False'
[0.538s] Level 5:colcon.colcon_core.verb:set package 'village_wang' build argument 'cmake_force_configure' from command line to 'False'
[0.538s] Level 5:colcon.colcon_core.verb:set package 'village_wang' build argument 'ament_cmake_args' from command line to 'None'
[0.538s] Level 5:colcon.colcon_core.verb:set package 'village_wang' build argument 'catkin_cmake_args' from command line to 'None'
[0.538s] Level 5:colcon.colcon_core.verb:set package 'village_wang' build argument 'catkin_skip_building_tests' from command line to 'False'
[0.538s] DEBUG:colcon.colcon_core.verb:Building package 'village_wang' with the following arguments: {'ament_cmake_args': None, 'build_base': '/home/huang/codes/ROS_Study/build/village_wang', 'catkin_cmake_args': None, 'catkin_skip_building_tests': False, 'cmake_args': None, 'cmake_clean_cache': False, 'cmake_clean_first': False, 'cmake_force_configure': False, 'cmake_target': None, 'cmake_target_skip_unavailable': False, 'install_base': '/home/huang/codes/ROS_Study/install/village_wang', 'merge_install': False, 'path': '/home/huang/codes/ROS_Study/src/village_wang', 'symlink_install': False, 'test_result_base': None}
[0.539s] Level 5:colcon.colcon_core.verb:set package 'ros_pub_sub' build argument 'cmake_args' from command line to 'None'
[0.539s] Level 5:colcon.colcon_core.verb:set package 'ros_pub_sub' build argument 'cmake_target' from command line to 'None'
[0.539s] Level 5:colcon.colcon_core.verb:set package 'ros_pub_sub' build argument 'cmake_target_skip_unavailable' from command line to 'False'
[0.539s] Level 5:colcon.colcon_core.verb:set package 'ros_pub_sub' build argument 'cmake_clean_cache' from command line to 'False'
[0.539s] Level 5:colcon.colcon_core.verb:set package 'ros_pub_sub' build argument 'cmake_clean_first' from command line to 'False'
[0.539s] Level 5:colcon.colcon_core.verb:set package 'ros_pub_sub' build argument 'cmake_force_configure' from command line to 'False'
[0.539s] Level 5:colcon.colcon_core.verb:set package 'ros_pub_sub' build argument 'ament_cmake_args' from command line to 'None'
[0.539s] Level 5:colcon.colcon_core.verb:set package 'ros_pub_sub' build argument 'catkin_cmake_args' from command line to 'None'
[0.539s] Level 5:colcon.colcon_core.verb:set package 'ros_pub_sub' build argument 'catkin_skip_building_tests' from command line to 'False'
[0.539s] DEBUG:colcon.colcon_core.verb:Building package 'ros_pub_sub' with the following arguments: {'ament_cmake_args': None, 'build_base': '/home/huang/codes/ROS_Study/build/ros_pub_sub', 'catkin_cmake_args': None, 'catkin_skip_building_tests': False, 'cmake_args': None, 'cmake_clean_cache': False, 'cmake_clean_first': False, 'cmake_force_configure': False, 'cmake_target': None, 'cmake_target_skip_unavailable': False, 'install_base': '/home/huang/codes/ROS_Study/install/ros_pub_sub', 'merge_install': False, 'path': '/home/huang/codes/ROS_Study/src/ros_pub_sub', 'symlink_install': False, 'test_result_base': None}
[0.540s] Level 5:colcon.colcon_core.verb:set package 'ros_pub_sub_cv' build argument 'cmake_args' from command line to 'None'
[0.540s] Level 5:colcon.colcon_core.verb:set package 'ros_pub_sub_cv' build argument 'cmake_target' from command line to 'None'
[0.540s] Level 5:colcon.colcon_core.verb:set package 'ros_pub_sub_cv' build argument 'cmake_target_skip_unavailable' from command line to 'False'
[0.540s] Level 5:colcon.colcon_core.verb:set package 'ros_pub_sub_cv' build argument 'cmake_clean_cache' from command line to 'False'
[0.540s] Level 5:colcon.colcon_core.verb:set package 'ros_pub_sub_cv' build argument 'cmake_clean_first' from command line to 'False'
[0.540s] Level 5:colcon.colcon_core.verb:set package 'ros_pub_sub_cv' build argument 'cmake_force_configure' from command line to 'False'
[0.540s] Level 5:colcon.colcon_core.verb:set package 'ros_pub_sub_cv' build argument 'ament_cmake_args' from command line to 'None'
[0.540s] Level 5:colcon.colcon_core.verb:set package 'ros_pub_sub_cv' build argument 'catkin_cmake_args' from command line to 'None'
[0.540s] Level 5:colcon.colcon_core.verb:set package 'ros_pub_sub_cv' build argument 'catkin_skip_building_tests' from command line to 'False'
[0.540s] DEBUG:colcon.colcon_core.verb:Building package 'ros_pub_sub_cv' with the following arguments: {'ament_cmake_args': None, 'build_base': '/home/huang/codes/ROS_Study/build/ros_pub_sub_cv', 'catkin_cmake_args': None, 'catkin_skip_building_tests': False, 'cmake_args': None, 'cmake_clean_cache': False, 'cmake_clean_first': False, 'cmake_force_configure': False, 'cmake_target': None, 'cmake_target_skip_unavailable': False, 'install_base': '/home/huang/codes/ROS_Study/install/ros_pub_sub_cv', 'merge_install': False, 'path': '/home/huang/codes/ROS_Study/src/ros_pub_sub_cv', 'symlink_install': False, 'test_result_base': None}
[0.541s] INFO:colcon.colcon_core.executor:Executing jobs using 'parallel' executor
[0.545s] DEBUG:colcon.colcon_parallel_executor.executor.parallel:run_until_complete
[0.545s] INFO:colcon.colcon_ros.task.ament_cmake.build:Building ROS package in '/home/huang/codes/ROS_Study/src/tutorial_interfaces' with build type 'ament_cmake'
[0.545s] INFO:colcon.colcon_cmake.task.cmake.build:Building CMake package in '/home/huang/codes/ROS_Study/src/tutorial_interfaces'
[0.558s] INFO:colcon.colcon_core.plugin_system:Skipping extension 'colcon_core.shell.bat': Not used on non-Windows systems
[0.559s] INFO:colcon.colcon_core.shell:Skip shell extension 'powershell' for command environment: Not usable outside of PowerShell
[0.559s] DEBUG:colcon.colcon_core.shell:Skip shell extension 'dsv' for command environment
[0.576s] INFO:colcon.colcon_ros.task.ament_cmake.build:Building ROS package in '/home/huang/codes/ROS_Study/src/village_interfaces' with build type 'ament_cmake'
[0.577s] INFO:colcon.colcon_cmake.task.cmake.build:Building CMake package in '/home/huang/codes/ROS_Study/src/village_interfaces'
[0.581s] INFO:colcon.colcon_core.shell:Skip shell extension 'powershell' for command environment: Not usable outside of PowerShell
[0.582s] DEBUG:colcon.colcon_core.shell:Skip shell extension 'dsv' for command environment
[0.600s] INFO:colcon.colcon_ros.task.ament_cmake.build:Building ROS package in '/home/huang/codes/ROS_Study/src/village_li' with build type 'ament_cmake'
[0.601s] INFO:colcon.colcon_cmake.task.cmake.build:Building CMake package in '/home/huang/codes/ROS_Study/src/village_li'
[0.605s] INFO:colcon.colcon_core.shell:Skip shell extension 'powershell' for command environment: Not usable outside of PowerShell
[0.606s] DEBUG:colcon.colcon_core.shell:Skip shell extension 'dsv' for command environment
[0.621s] INFO:colcon.colcon_ros.task.ament_cmake.build:Building ROS package in '/home/huang/codes/ROS_Study/src/village_wang' with build type 'ament_cmake'
[0.622s] INFO:colcon.colcon_cmake.task.cmake.build:Building CMake package in '/home/huang/codes/ROS_Study/src/village_wang'
[0.627s] INFO:colcon.colcon_core.shell:Skip shell extension 'powershell' for command environment: Not usable outside of PowerShell
[0.628s] DEBUG:colcon.colcon_core.shell:Skip shell extension 'dsv' for command environment
[0.655s] DEBUG:colcon.colcon_core.event_handler.log_command:Invoking command in '/home/huang/codes/ROS_Study/build/tutorial_interfaces': CMAKE_PREFIX_PATH=${CMAKE_PREFIX_PATH}:/opt/ros/galactic /usr/bin/cmake /home/huang/codes/ROS_Study/src/tutorial_interfaces -DCMAKE_INSTALL_PREFIX=/home/huang/codes/ROS_Study/install/tutorial_interfaces
[0.674s] DEBUG:colcon.colcon_core.event_handler.log_command:Invoking command in '/home/huang/codes/ROS_Study/build/village_interfaces': CMAKE_PREFIX_PATH=${CMAKE_PREFIX_PATH}:/opt/ros/galactic /usr/bin/cmake /home/huang/codes/ROS_Study/src/village_interfaces -DCMAKE_INSTALL_PREFIX=/home/huang/codes/ROS_Study/install/village_interfaces
[0.690s] DEBUG:colcon.colcon_core.event_handler.log_command:Invoking command in '/home/huang/codes/ROS_Study/build/village_li': CMAKE_PREFIX_PATH=${CMAKE_PREFIX_PATH}:/opt/ros/galactic /usr/bin/cmake /home/huang/codes/ROS_Study/src/village_li -DCMAKE_INSTALL_PREFIX=/home/huang/codes/ROS_Study/install/village_li
[0.702s] DEBUG:colcon.colcon_core.event_handler.log_command:Invoking command in '/home/huang/codes/ROS_Study/build/village_wang': CMAKE_PREFIX_PATH=${CMAKE_PREFIX_PATH}:/opt/ros/galactic /usr/bin/cmake /home/huang/codes/ROS_Study/src/village_wang -DCMAKE_INSTALL_PREFIX=/home/huang/codes/ROS_Study/install/village_wang
[1.920s] DEBUG:colcon.colcon_core.event_handler.log_command:Invoked command in '/home/huang/codes/ROS_Study/build/village_wang' returned '0': CMAKE_PREFIX_PATH=${CMAKE_PREFIX_PATH}:/opt/ros/galactic /usr/bin/cmake /home/huang/codes/ROS_Study/src/village_wang -DCMAKE_INSTALL_PREFIX=/home/huang/codes/ROS_Study/install/village_wang
[1.926s] DEBUG:colcon.colcon_core.event_handler.log_command:Invoking command in '/home/huang/codes/ROS_Study/build/village_wang': CMAKE_PREFIX_PATH=${CMAKE_PREFIX_PATH}:/opt/ros/galactic /usr/bin/cmake --build /home/huang/codes/ROS_Study/build/village_wang -- -j8 -l8
[2.022s] DEBUG:colcon.colcon_core.event_handler.log_command:Invoked command in '/home/huang/codes/ROS_Study/build/village_li' returned '0': CMAKE_PREFIX_PATH=${CMAKE_PREFIX_PATH}:/opt/ros/galactic /usr/bin/cmake /home/huang/codes/ROS_Study/src/village_li -DCMAKE_INSTALL_PREFIX=/home/huang/codes/ROS_Study/install/village_li
[2.028s] DEBUG:colcon.colcon_core.event_handler.log_command:Invoking command in '/home/huang/codes/ROS_Study/build/village_li': CMAKE_PREFIX_PATH=${CMAKE_PREFIX_PATH}:/opt/ros/galactic /usr/bin/cmake --build /home/huang/codes/ROS_Study/build/village_li -- -j8 -l8
[2.040s] DEBUG:colcon.colcon_core.event_handler.log_command:Invoked command in '/home/huang/codes/ROS_Study/build/village_wang' returned '0': CMAKE_PREFIX_PATH=${CMAKE_PREFIX_PATH}:/opt/ros/galactic /usr/bin/cmake --build /home/huang/codes/ROS_Study/build/village_wang -- -j8 -l8
[2.097s] DEBUG:colcon.colcon_core.event_handler.log_command:Invoking command in '/home/huang/codes/ROS_Study/build/village_wang': CMAKE_PREFIX_PATH=${CMAKE_PREFIX_PATH}:/opt/ros/galactic /usr/bin/cmake --install /home/huang/codes/ROS_Study/build/village_wang
[2.134s] Level 1:colcon.colcon_core.environment:create_environment_scripts_only(village_wang)
[2.136s] DEBUG:colcon.colcon_core.event_handler.log_command:Invoked command in '/home/huang/codes/ROS_Study/build/village_wang' returned '0': CMAKE_PREFIX_PATH=${CMAKE_PREFIX_PATH}:/opt/ros/galactic /usr/bin/cmake --install /home/huang/codes/ROS_Study/build/village_wang
[2.147s] Level 1:colcon.colcon_core.environment:checking '/home/huang/codes/ROS_Study/install/village_wang' for CMake module files
[2.148s] Level 1:colcon.colcon_core.environment:checking '/home/huang/codes/ROS_Study/install/village_wang' for CMake config files
[2.148s] Level 1:colcon.colcon_core.shell:create_environment_hook('village_wang', 'cmake_prefix_path')
[2.151s] INFO:colcon.colcon_core.shell:Creating environment hook '/home/huang/codes/ROS_Study/install/village_wang/share/village_wang/hook/cmake_prefix_path.ps1'
[2.153s] INFO:colcon.colcon_core.shell:Creating environment descriptor '/home/huang/codes/ROS_Study/install/village_wang/share/village_wang/hook/cmake_prefix_path.dsv'
[2.154s] INFO:colcon.colcon_core.shell:Creating environment hook '/home/huang/codes/ROS_Study/install/village_wang/share/village_wang/hook/cmake_prefix_path.sh'
[2.156s] Level 1:colcon.colcon_core.environment:checking '/home/huang/codes/ROS_Study/install/village_wang/lib'
[2.157s] Level 1:colcon.colcon_core.environment:checking '/home/huang/codes/ROS_Study/install/village_wang/bin'
[2.157s] Level 1:colcon.colcon_core.environment:checking '/home/huang/codes/ROS_Study/install/village_wang/lib/pkgconfig/village_wang.pc'
[2.157s] Level 1:colcon.colcon_core.environment:checking '/home/huang/codes/ROS_Study/install/village_wang/lib/python3.8/site-packages'
[2.158s] Level 1:colcon.colcon_core.environment:checking '/home/huang/codes/ROS_Study/install/village_wang/bin'
[2.161s] INFO:colcon.colcon_core.shell:Creating package script '/home/huang/codes/ROS_Study/install/village_wang/share/village_wang/package.ps1'
[2.165s] INFO:colcon.colcon_core.shell:Creating package descriptor '/home/huang/codes/ROS_Study/install/village_wang/share/village_wang/package.dsv'
[2.167s] INFO:colcon.colcon_core.shell:Creating package script '/home/huang/codes/ROS_Study/install/village_wang/share/village_wang/package.sh'
[2.170s] INFO:colcon.colcon_core.shell:Creating package script '/home/huang/codes/ROS_Study/install/village_wang/share/village_wang/package.bash'
[2.172s] INFO:colcon.colcon_core.shell:Creating package script '/home/huang/codes/ROS_Study/install/village_wang/share/village_wang/package.zsh'
[2.174s] Level 1:colcon.colcon_core.environment:create_file_with_runtime_dependencies(/home/huang/codes/ROS_Study/install/village_wang/share/colcon-core/packages/village_wang)
[2.182s] DEBUG:colcon.colcon_core.event_handler.log_command:Invoked command in '/home/huang/codes/ROS_Study/build/village_li' returned '0': CMAKE_PREFIX_PATH=${CMAKE_PREFIX_PATH}:/opt/ros/galactic /usr/bin/cmake --build /home/huang/codes/ROS_Study/build/village_li -- -j8 -l8
[2.213s] Level 1:colcon.colcon_core.environment:create_environment_scripts_only(village_wang)
[2.219s] Level 1:colcon.colcon_core.environment:checking '/home/huang/codes/ROS_Study/install/village_wang' for CMake module files
[2.220s] Level 1:colcon.colcon_core.environment:checking '/home/huang/codes/ROS_Study/install/village_wang' for CMake config files
[2.221s] Level 1:colcon.colcon_core.shell:create_environment_hook('village_wang', 'cmake_prefix_path')
[2.225s] INFO:colcon.colcon_core.shell:Creating environment hook '/home/huang/codes/ROS_Study/install/village_wang/share/village_wang/hook/cmake_prefix_path.ps1'
[2.226s] INFO:colcon.colcon_core.shell:Creating environment descriptor '/home/huang/codes/ROS_Study/install/village_wang/share/village_wang/hook/cmake_prefix_path.dsv'
[2.227s] INFO:colcon.colcon_core.shell:Creating environment hook '/home/huang/codes/ROS_Study/install/village_wang/share/village_wang/hook/cmake_prefix_path.sh'
[2.228s] Level 1:colcon.colcon_core.environment:checking '/home/huang/codes/ROS_Study/install/village_wang/lib'
[2.228s] Level 1:colcon.colcon_core.environment:checking '/home/huang/codes/ROS_Study/install/village_wang/bin'
[2.228s] Level 1:colcon.colcon_core.environment:checking '/home/huang/codes/ROS_Study/install/village_wang/lib/pkgconfig/village_wang.pc'
[2.228s] Level 1:colcon.colcon_core.environment:checking '/home/huang/codes/ROS_Study/install/village_wang/lib/python3.8/site-packages'
[2.229s] Level 1:colcon.colcon_core.environment:checking '/home/huang/codes/ROS_Study/install/village_wang/bin'
[2.231s] INFO:colcon.colcon_core.shell:Creating package script '/home/huang/codes/ROS_Study/install/village_wang/share/village_wang/package.ps1'
[2.232s] INFO:colcon.colcon_core.shell:Creating package descriptor '/home/huang/codes/ROS_Study/install/village_wang/share/village_wang/package.dsv'
[2.233s] INFO:colcon.colcon_core.shell:Creating package script '/home/huang/codes/ROS_Study/install/village_wang/share/village_wang/package.sh'
[2.234s] INFO:colcon.colcon_core.shell:Creating package script '/home/huang/codes/ROS_Study/install/village_wang/share/village_wang/package.bash'
[2.235s] INFO:colcon.colcon_core.shell:Creating package script '/home/huang/codes/ROS_Study/install/village_wang/share/village_wang/package.zsh'
[2.235s] Level 1:colcon.colcon_core.environment:create_file_with_runtime_dependencies(/home/huang/codes/ROS_Study/install/village_wang/share/colcon-core/packages/village_wang)
[2.241s] DEBUG:colcon.colcon_core.event_handler.log_command:Invoking command in '/home/huang/codes/ROS_Study/build/village_li': CMAKE_PREFIX_PATH=${CMAKE_PREFIX_PATH}:/opt/ros/galactic /usr/bin/cmake --install /home/huang/codes/ROS_Study/build/village_li
[2.287s] Level 1:colcon.colcon_core.environment:create_environment_scripts_only(village_li)
[2.291s] Level 1:colcon.colcon_core.environment:checking '/home/huang/codes/ROS_Study/install/village_li' for CMake module files
[2.292s] DEBUG:colcon.colcon_core.event_handler.log_command:Invoked command in '/home/huang/codes/ROS_Study/build/village_li' returned '0': CMAKE_PREFIX_PATH=${CMAKE_PREFIX_PATH}:/opt/ros/galactic /usr/bin/cmake --install /home/huang/codes/ROS_Study/build/village_li
[2.293s] Level 1:colcon.colcon_core.environment:checking '/home/huang/codes/ROS_Study/install/village_li' for CMake config files
[2.294s] Level 1:colcon.colcon_core.shell:create_environment_hook('village_li', 'cmake_prefix_path')
[2.297s] INFO:colcon.colcon_core.shell:Creating environment hook '/home/huang/codes/ROS_Study/install/village_li/share/village_li/hook/cmake_prefix_path.ps1'
[2.298s] INFO:colcon.colcon_core.shell:Creating environment descriptor '/home/huang/codes/ROS_Study/install/village_li/share/village_li/hook/cmake_prefix_path.dsv'
[2.298s] INFO:colcon.colcon_core.shell:Creating environment hook '/home/huang/codes/ROS_Study/install/village_li/share/village_li/hook/cmake_prefix_path.sh'
[2.299s] Level 1:colcon.colcon_core.environment:checking '/home/huang/codes/ROS_Study/install/village_li/lib'
[2.299s] Level 1:colcon.colcon_core.environment:checking '/home/huang/codes/ROS_Study/install/village_li/bin'
[2.299s] Level 1:colcon.colcon_core.environment:checking '/home/huang/codes/ROS_Study/install/village_li/lib/pkgconfig/village_li.pc'
[2.300s] Level 1:colcon.colcon_core.environment:checking '/home/huang/codes/ROS_Study/install/village_li/lib/python3.8/site-packages'
[2.300s] Level 1:colcon.colcon_core.environment:checking '/home/huang/codes/ROS_Study/install/village_li/bin'
[2.303s] INFO:colcon.colcon_core.shell:Creating package script '/home/huang/codes/ROS_Study/install/village_li/share/village_li/package.ps1'
[2.304s] INFO:colcon.colcon_core.shell:Creating package descriptor '/home/huang/codes/ROS_Study/install/village_li/share/village_li/package.dsv'
[2.304s] INFO:colcon.colcon_core.shell:Creating package script '/home/huang/codes/ROS_Study/install/village_li/share/village_li/package.sh'
[2.305s] INFO:colcon.colcon_core.shell:Creating package script '/home/huang/codes/ROS_Study/install/village_li/share/village_li/package.bash'
[2.305s] INFO:colcon.colcon_core.shell:Creating package script '/home/huang/codes/ROS_Study/install/village_li/share/village_li/package.zsh'
[2.306s] Level 1:colcon.colcon_core.environment:create_file_with_runtime_dependencies(/home/huang/codes/ROS_Study/install/village_li/share/colcon-core/packages/village_li)
[2.348s] Level 1:colcon.colcon_core.environment:create_environment_scripts_only(village_li)
[2.351s] Level 1:colcon.colcon_core.environment:checking '/home/huang/codes/ROS_Study/install/village_li' for CMake module files
[2.352s] Level 1:colcon.colcon_core.environment:checking '/home/huang/codes/ROS_Study/install/village_li' for CMake config files
[2.353s] Level 1:colcon.colcon_core.shell:create_environment_hook('village_li', 'cmake_prefix_path')
[2.354s] INFO:colcon.colcon_core.shell:Creating environment hook '/home/huang/codes/ROS_Study/install/village_li/share/village_li/hook/cmake_prefix_path.ps1'
[2.355s] INFO:colcon.colcon_core.shell:Creating environment descriptor '/home/huang/codes/ROS_Study/install/village_li/share/village_li/hook/cmake_prefix_path.dsv'
[2.356s] INFO:colcon.colcon_core.shell:Creating environment hook '/home/huang/codes/ROS_Study/install/village_li/share/village_li/hook/cmake_prefix_path.sh'
[2.356s] Level 1:colcon.colcon_core.environment:checking '/home/huang/codes/ROS_Study/install/village_li/lib'
[2.356s] Level 1:colcon.colcon_core.environment:checking '/home/huang/codes/ROS_Study/install/village_li/bin'
[2.356s] Level 1:colcon.colcon_core.environment:checking '/home/huang/codes/ROS_Study/install/village_li/lib/pkgconfig/village_li.pc'
[2.357s] Level 1:colcon.colcon_core.environment:checking '/home/huang/codes/ROS_Study/install/village_li/lib/python3.8/site-packages'
[2.357s] Level 1:colcon.colcon_core.environment:checking '/home/huang/codes/ROS_Study/install/village_li/bin'
[2.359s] INFO:colcon.colcon_core.shell:Creating package script '/home/huang/codes/ROS_Study/install/village_li/share/village_li/package.ps1'
[2.360s] INFO:colcon.colcon_core.shell:Creating package descriptor '/home/huang/codes/ROS_Study/install/village_li/share/village_li/package.dsv'
[2.361s] INFO:colcon.colcon_core.shell:Creating package script '/home/huang/codes/ROS_Study/install/village_li/share/village_li/package.sh'
[2.362s] INFO:colcon.colcon_core.shell:Creating package script '/home/huang/codes/ROS_Study/install/village_li/share/village_li/package.bash'
[2.363s] INFO:colcon.colcon_core.shell:Creating package script '/home/huang/codes/ROS_Study/install/village_li/share/village_li/package.zsh'
[2.364s] Level 1:colcon.colcon_core.environment:create_file_with_runtime_dependencies(/home/huang/codes/ROS_Study/install/village_li/share/colcon-core/packages/village_li)
[3.690s] DEBUG:colcon.colcon_core.event_handler.log_command:Invoked command in '/home/huang/codes/ROS_Study/build/tutorial_interfaces' returned '0': CMAKE_PREFIX_PATH=${CMAKE_PREFIX_PATH}:/opt/ros/galactic /usr/bin/cmake /home/huang/codes/ROS_Study/src/tutorial_interfaces -DCMAKE_INSTALL_PREFIX=/home/huang/codes/ROS_Study/install/tutorial_interfaces
[3.695s] DEBUG:colcon.colcon_core.event_handler.log_command:Invoking command in '/home/huang/codes/ROS_Study/build/tutorial_interfaces': CMAKE_PREFIX_PATH=${CMAKE_PREFIX_PATH}:/opt/ros/galactic /usr/bin/cmake --build /home/huang/codes/ROS_Study/build/tutorial_interfaces -- -j8 -l8
[3.952s] DEBUG:colcon.colcon_core.event_handler.log_command:Invoked command in '/home/huang/codes/ROS_Study/build/village_interfaces' returned '0': CMAKE_PREFIX_PATH=${CMAKE_PREFIX_PATH}:/opt/ros/galactic /usr/bin/cmake /home/huang/codes/ROS_Study/src/village_interfaces -DCMAKE_INSTALL_PREFIX=/home/huang/codes/ROS_Study/install/village_interfaces
[3.957s] DEBUG:colcon.colcon_core.event_handler.log_command:Invoking command in '/home/huang/codes/ROS_Study/build/village_interfaces': CMAKE_PREFIX_PATH=${CMAKE_PREFIX_PATH}:/opt/ros/galactic /usr/bin/cmake --build /home/huang/codes/ROS_Study/build/village_interfaces -- -j8 -l8
[4.113s] DEBUG:colcon.colcon_core.event_handler.log_command:Invoked command in '/home/huang/codes/ROS_Study/build/tutorial_interfaces' returned '0': CMAKE_PREFIX_PATH=${CMAKE_PREFIX_PATH}:/opt/ros/galactic /usr/bin/cmake --build /home/huang/codes/ROS_Study/build/tutorial_interfaces -- -j8 -l8
[4.275s] DEBUG:colcon.colcon_core.event_handler.log_command:Invoking command in '/home/huang/codes/ROS_Study/build/tutorial_interfaces': CMAKE_PREFIX_PATH=${CMAKE_PREFIX_PATH}:/opt/ros/galactic /usr/bin/cmake --install /home/huang/codes/ROS_Study/build/tutorial_interfaces
[4.361s] DEBUG:colcon.colcon_core.event_handler.log_command:Invoked command in '/home/huang/codes/ROS_Study/build/village_interfaces' returned '0': CMAKE_PREFIX_PATH=${CMAKE_PREFIX_PATH}:/opt/ros/galactic /usr/bin/cmake --build /home/huang/codes/ROS_Study/build/village_interfaces -- -j8 -l8
[4.446s] Level 1:colcon.colcon_core.environment:create_environment_scripts_only(tutorial_interfaces)
[4.451s] Level 1:colcon.colcon_core.environment:checking '/home/huang/codes/ROS_Study/install/tutorial_interfaces' for CMake module files
[4.454s] DEBUG:colcon.colcon_core.event_handler.log_command:Invoked command in '/home/huang/codes/ROS_Study/build/tutorial_interfaces' returned '0': CMAKE_PREFIX_PATH=${CMAKE_PREFIX_PATH}:/opt/ros/galactic /usr/bin/cmake --install /home/huang/codes/ROS_Study/build/tutorial_interfaces
[4.454s] Level 1:colcon.colcon_core.environment:checking '/home/huang/codes/ROS_Study/install/tutorial_interfaces' for CMake config files
[4.455s] Level 1:colcon.colcon_core.shell:create_environment_hook('tutorial_interfaces', 'cmake_prefix_path')
[4.458s] INFO:colcon.colcon_core.shell:Creating environment hook '/home/huang/codes/ROS_Study/install/tutorial_interfaces/share/tutorial_interfaces/hook/cmake_prefix_path.ps1'
[4.460s] INFO:colcon.colcon_core.shell:Creating environment descriptor '/home/huang/codes/ROS_Study/install/tutorial_interfaces/share/tutorial_interfaces/hook/cmake_prefix_path.dsv'
[4.461s] INFO:colcon.colcon_core.shell:Creating environment hook '/home/huang/codes/ROS_Study/install/tutorial_interfaces/share/tutorial_interfaces/hook/cmake_prefix_path.sh'
[4.462s] Level 1:colcon.colcon_core.environment:checking '/home/huang/codes/ROS_Study/install/tutorial_interfaces/lib'
[4.462s] Level 1:colcon.colcon_core.shell:create_environment_hook('tutorial_interfaces', 'ld_library_path_lib')
[4.465s] INFO:colcon.colcon_core.shell:Creating environment hook '/home/huang/codes/ROS_Study/install/tutorial_interfaces/share/tutorial_interfaces/hook/ld_library_path_lib.ps1'
[4.465s] INFO:colcon.colcon_core.shell:Creating environment descriptor '/home/huang/codes/ROS_Study/install/tutorial_interfaces/share/tutorial_interfaces/hook/ld_library_path_lib.dsv'
[4.466s] INFO:colcon.colcon_core.shell:Creating environment hook '/home/huang/codes/ROS_Study/install/tutorial_interfaces/share/tutorial_interfaces/hook/ld_library_path_lib.sh'
[4.467s] Level 1:colcon.colcon_core.environment:checking '/home/huang/codes/ROS_Study/install/tutorial_interfaces/bin'
[4.467s] Level 1:colcon.colcon_core.environment:checking '/home/huang/codes/ROS_Study/install/tutorial_interfaces/lib/pkgconfig/tutorial_interfaces.pc'
[4.468s] Level 1:colcon.colcon_core.environment:checking '/home/huang/codes/ROS_Study/install/tutorial_interfaces/lib/python3.8/site-packages'
[4.468s] Level 1:colcon.colcon_core.shell:create_environment_hook('tutorial_interfaces', 'pythonpath')
[4.472s] INFO:colcon.colcon_core.shell:Creating environment hook '/home/huang/codes/ROS_Study/install/tutorial_interfaces/share/tutorial_interfaces/hook/pythonpath.ps1'
[4.473s] INFO:colcon.colcon_core.shell:Creating environment descriptor '/home/huang/codes/ROS_Study/install/tutorial_interfaces/share/tutorial_interfaces/hook/pythonpath.dsv'
[4.474s] INFO:colcon.colcon_core.shell:Creating environment hook '/home/huang/codes/ROS_Study/install/tutorial_interfaces/share/tutorial_interfaces/hook/pythonpath.sh'
[4.475s] Level 1:colcon.colcon_core.environment:checking '/home/huang/codes/ROS_Study/install/tutorial_interfaces/bin'
[4.479s] INFO:colcon.colcon_core.shell:Creating package script '/home/huang/codes/ROS_Study/install/tutorial_interfaces/share/tutorial_interfaces/package.ps1'
[4.480s] INFO:colcon.colcon_core.shell:Creating package descriptor '/home/huang/codes/ROS_Study/install/tutorial_interfaces/share/tutorial_interfaces/package.dsv'
[4.481s] INFO:colcon.colcon_core.shell:Creating package script '/home/huang/codes/ROS_Study/install/tutorial_interfaces/share/tutorial_interfaces/package.sh'
[4.482s] INFO:colcon.colcon_core.shell:Creating package script '/home/huang/codes/ROS_Study/install/tutorial_interfaces/share/tutorial_interfaces/package.bash'
[4.482s] INFO:colcon.colcon_core.shell:Creating package script '/home/huang/codes/ROS_Study/install/tutorial_interfaces/share/tutorial_interfaces/package.zsh'
[4.483s] Level 1:colcon.colcon_core.environment:create_file_with_runtime_dependencies(/home/huang/codes/ROS_Study/install/tutorial_interfaces/share/colcon-core/packages/tutorial_interfaces)
[4.494s] DEBUG:colcon.colcon_core.event_handler.log_command:Invoking command in '/home/huang/codes/ROS_Study/build/village_interfaces': CMAKE_PREFIX_PATH=${CMAKE_PREFIX_PATH}:/opt/ros/galactic /usr/bin/cmake --install /home/huang/codes/ROS_Study/build/village_interfaces
[4.637s] Level 1:colcon.colcon_core.environment:create_environment_scripts_only(village_interfaces)
[4.640s] Level 1:colcon.colcon_core.environment:checking '/home/huang/codes/ROS_Study/install/village_interfaces' for CMake module files
[4.641s] DEBUG:colcon.colcon_core.event_handler.log_command:Invoked command in '/home/huang/codes/ROS_Study/build/village_interfaces' returned '0': CMAKE_PREFIX_PATH=${CMAKE_PREFIX_PATH}:/opt/ros/galactic /usr/bin/cmake --install /home/huang/codes/ROS_Study/build/village_interfaces
[4.642s] Level 1:colcon.colcon_core.environment:checking '/home/huang/codes/ROS_Study/install/village_interfaces' for CMake config files
[4.643s] Level 1:colcon.colcon_core.shell:create_environment_hook('village_interfaces', 'cmake_prefix_path')
[4.645s] INFO:colcon.colcon_core.shell:Creating environment hook '/home/huang/codes/ROS_Study/install/village_interfaces/share/village_interfaces/hook/cmake_prefix_path.ps1'
[4.645s] INFO:colcon.colcon_core.shell:Creating environment descriptor '/home/huang/codes/ROS_Study/install/village_interfaces/share/village_interfaces/hook/cmake_prefix_path.dsv'
[4.646s] INFO:colcon.colcon_core.shell:Creating environment hook '/home/huang/codes/ROS_Study/install/village_interfaces/share/village_interfaces/hook/cmake_prefix_path.sh'
[4.647s] Level 1:colcon.colcon_core.environment:checking '/home/huang/codes/ROS_Study/install/village_interfaces/lib'
[4.647s] Level 1:colcon.colcon_core.shell:create_environment_hook('village_interfaces', 'ld_library_path_lib')
[4.649s] INFO:colcon.colcon_core.shell:Creating environment hook '/home/huang/codes/ROS_Study/install/village_interfaces/share/village_interfaces/hook/ld_library_path_lib.ps1'
[4.650s] INFO:colcon.colcon_core.shell:Creating environment descriptor '/home/huang/codes/ROS_Study/install/village_interfaces/share/village_interfaces/hook/ld_library_path_lib.dsv'
[4.650s] INFO:colcon.colcon_core.shell:Creating environment hook '/home/huang/codes/ROS_Study/install/village_interfaces/share/village_interfaces/hook/ld_library_path_lib.sh'
[4.651s] Level 1:colcon.colcon_core.environment:checking '/home/huang/codes/ROS_Study/install/village_interfaces/bin'
[4.651s] Level 1:colcon.colcon_core.environment:checking '/home/huang/codes/ROS_Study/install/village_interfaces/lib/pkgconfig/village_interfaces.pc'
[4.651s] Level 1:colcon.colcon_core.environment:checking '/home/huang/codes/ROS_Study/install/village_interfaces/lib/python3.8/site-packages'
[4.651s] Level 1:colcon.colcon_core.shell:create_environment_hook('village_interfaces', 'pythonpath')
[4.653s] INFO:colcon.colcon_core.shell:Creating environment hook '/home/huang/codes/ROS_Study/install/village_interfaces/share/village_interfaces/hook/pythonpath.ps1'
[4.653s] INFO:colcon.colcon_core.shell:Creating environment descriptor '/home/huang/codes/ROS_Study/install/village_interfaces/share/village_interfaces/hook/pythonpath.dsv'
[4.654s] INFO:colcon.colcon_core.shell:Creating environment hook '/home/huang/codes/ROS_Study/install/village_interfaces/share/village_interfaces/hook/pythonpath.sh'
[4.654s] Level 1:colcon.colcon_core.environment:checking '/home/huang/codes/ROS_Study/install/village_interfaces/bin'
[4.656s] INFO:colcon.colcon_core.shell:Creating package script '/home/huang/codes/ROS_Study/install/village_interfaces/share/village_interfaces/package.ps1'
[4.657s] INFO:colcon.colcon_core.shell:Creating package descriptor '/home/huang/codes/ROS_Study/install/village_interfaces/share/village_interfaces/package.dsv'
[4.657s] INFO:colcon.colcon_core.shell:Creating package script '/home/huang/codes/ROS_Study/install/village_interfaces/share/village_interfaces/package.sh'
[4.658s] INFO:colcon.colcon_core.shell:Creating package script '/home/huang/codes/ROS_Study/install/village_interfaces/share/village_interfaces/package.bash'
[4.658s] INFO:colcon.colcon_core.shell:Creating package script '/home/huang/codes/ROS_Study/install/village_interfaces/share/village_interfaces/package.zsh'
[4.659s] Level 1:colcon.colcon_core.environment:create_file_with_runtime_dependencies(/home/huang/codes/ROS_Study/install/village_interfaces/share/colcon-core/packages/village_interfaces)
[4.668s] Level 1:colcon.colcon_core.environment:create_environment_scripts_only(tutorial_interfaces)
[4.673s] Level 1:colcon.colcon_core.environment:checking '/home/huang/codes/ROS_Study/install/tutorial_interfaces' for CMake module files
[4.674s] Level 1:colcon.colcon_core.environment:checking '/home/huang/codes/ROS_Study/install/tutorial_interfaces' for CMake config files
[4.675s] Level 1:colcon.colcon_core.shell:create_environment_hook('tutorial_interfaces', 'cmake_prefix_path')
[4.678s] INFO:colcon.colcon_core.shell:Creating environment hook '/home/huang/codes/ROS_Study/install/tutorial_interfaces/share/tutorial_interfaces/hook/cmake_prefix_path.ps1'
[4.679s] INFO:colcon.colcon_core.shell:Creating environment descriptor '/home/huang/codes/ROS_Study/install/tutorial_interfaces/share/tutorial_interfaces/hook/cmake_prefix_path.dsv'
[4.680s] INFO:colcon.colcon_core.shell:Creating environment hook '/home/huang/codes/ROS_Study/install/tutorial_interfaces/share/tutorial_interfaces/hook/cmake_prefix_path.sh'
[4.681s] Level 1:colcon.colcon_core.environment:checking '/home/huang/codes/ROS_Study/install/tutorial_interfaces/lib'
[4.681s] Level 1:colcon.colcon_core.shell:create_environment_hook('tutorial_interfaces', 'ld_library_path_lib')
[4.684s] INFO:colcon.colcon_core.shell:Creating environment hook '/home/huang/codes/ROS_Study/install/tutorial_interfaces/share/tutorial_interfaces/hook/ld_library_path_lib.ps1'
[4.685s] INFO:colcon.colcon_core.shell:Creating environment descriptor '/home/huang/codes/ROS_Study/install/tutorial_interfaces/share/tutorial_interfaces/hook/ld_library_path_lib.dsv'
[4.685s] INFO:colcon.colcon_core.shell:Creating environment hook '/home/huang/codes/ROS_Study/install/tutorial_interfaces/share/tutorial_interfaces/hook/ld_library_path_lib.sh'
[4.686s] Level 1:colcon.colcon_core.environment:checking '/home/huang/codes/ROS_Study/install/tutorial_interfaces/bin'
[4.686s] Level 1:colcon.colcon_core.environment:checking '/home/huang/codes/ROS_Study/install/tutorial_interfaces/lib/pkgconfig/tutorial_interfaces.pc'
[4.686s] Level 1:colcon.colcon_core.environment:checking '/home/huang/codes/ROS_Study/install/tutorial_interfaces/lib/python3.8/site-packages'
[4.687s] Level 1:colcon.colcon_core.shell:create_environment_hook('tutorial_interfaces', 'pythonpath')
[4.689s] INFO:colcon.colcon_core.shell:Creating environment hook '/home/huang/codes/ROS_Study/install/tutorial_interfaces/share/tutorial_interfaces/hook/pythonpath.ps1'
[4.690s] INFO:colcon.colcon_core.shell:Creating environment descriptor '/home/huang/codes/ROS_Study/install/tutorial_interfaces/share/tutorial_interfaces/hook/pythonpath.dsv'
[4.691s] INFO:colcon.colcon_core.shell:Creating environment hook '/home/huang/codes/ROS_Study/install/tutorial_interfaces/share/tutorial_interfaces/hook/pythonpath.sh'
[4.692s] Level 1:colcon.colcon_core.environment:checking '/home/huang/codes/ROS_Study/install/tutorial_interfaces/bin'
[4.696s] INFO:colcon.colcon_core.shell:Creating package script '/home/huang/codes/ROS_Study/install/tutorial_interfaces/share/tutorial_interfaces/package.ps1'
[4.697s] INFO:colcon.colcon_core.shell:Creating package descriptor '/home/huang/codes/ROS_Study/install/tutorial_interfaces/share/tutorial_interfaces/package.dsv'
[4.698s] INFO:colcon.colcon_core.shell:Creating package script '/home/huang/codes/ROS_Study/install/tutorial_interfaces/share/tutorial_interfaces/package.sh'
[4.699s] INFO:colcon.colcon_core.shell:Creating package script '/home/huang/codes/ROS_Study/install/tutorial_interfaces/share/tutorial_interfaces/package.bash'
[4.700s] INFO:colcon.colcon_core.shell:Creating package script '/home/huang/codes/ROS_Study/install/tutorial_interfaces/share/tutorial_interfaces/package.zsh'
[4.700s] Level 1:colcon.colcon_core.environment:create_file_with_runtime_dependencies(/home/huang/codes/ROS_Study/install/tutorial_interfaces/share/colcon-core/packages/tutorial_interfaces)
[4.701s] INFO:colcon.colcon_ros.task.ament_cmake.build:Building ROS package in '/home/huang/codes/ROS_Study/src/ros_pub_sub' with build type 'ament_cmake'
[4.701s] INFO:colcon.colcon_cmake.task.cmake.build:Building CMake package in '/home/huang/codes/ROS_Study/src/ros_pub_sub'
[4.704s] INFO:colcon.colcon_core.shell:Skip shell extension 'powershell' for command environment: Not usable outside of PowerShell
[4.704s] DEBUG:colcon.colcon_core.shell:Skip shell extension 'dsv' for command environment
[4.715s] INFO:colcon.colcon_ros.task.ament_cmake.build:Building ROS package in '/home/huang/codes/ROS_Study/src/ros_pub_sub_cv' with build type 'ament_cmake'
[4.717s] INFO:colcon.colcon_cmake.task.cmake.build:Building CMake package in '/home/huang/codes/ROS_Study/src/ros_pub_sub_cv'
[4.723s] INFO:colcon.colcon_core.shell:Skip shell extension 'powershell' for command environment: Not usable outside of PowerShell
[4.723s] DEBUG:colcon.colcon_core.shell:Skip shell extension 'dsv' for command environment
[4.757s] DEBUG:colcon.colcon_core.event_handler.log_command:Invoking command in '/home/huang/codes/ROS_Study/build/ros_pub_sub': CMAKE_PREFIX_PATH=/home/huang/codes/ROS_Study/install/tutorial_interfaces:/home/huang/codes/ROS_Study/install/village_wang:/home/huang/codes/ROS_Study/install/village_li:/home/huang/codes/ROS_Study/install/village_interfaces:/home/huang/codes/ROS_Study/install/ros_pub_sub_cv:/home/huang/codes/ROS_Study/install/ros_pub_sub:/opt/ros/galactic LD_LIBRARY_PATH=/home/huang/codes/ROS_Study/install/tutorial_interfaces/lib:/home/huang/codes/ROS_Study/install/village_interfaces/lib:/opt/ros/galactic/opt/yaml_cpp_vendor/lib:/opt/ros/galactic/opt/rviz_ogre_vendor/lib:/opt/ros/galactic/lib/x86_64-linux-gnu:/opt/ros/galactic/lib PYTHONPATH=/home/huang/codes/ROS_Study/install/tutorial_interfaces/lib/python3.8/site-packages:/home/huang/codes/ROS_Study/install/village_interfaces/lib/python3.8/site-packages:/opt/ros/galactic/lib/python3.8/site-packages /usr/bin/cmake /home/huang/codes/ROS_Study/src/ros_pub_sub -DCMAKE_INSTALL_PREFIX=/home/huang/codes/ROS_Study/install/ros_pub_sub
[4.777s] DEBUG:colcon.colcon_core.event_handler.log_command:Invoking command in '/home/huang/codes/ROS_Study/build/ros_pub_sub_cv': CMAKE_PREFIX_PATH=/home/huang/codes/ROS_Study/install/tutorial_interfaces:/home/huang/codes/ROS_Study/install/village_wang:/home/huang/codes/ROS_Study/install/village_li:/home/huang/codes/ROS_Study/install/village_interfaces:/home/huang/codes/ROS_Study/install/ros_pub_sub_cv:/home/huang/codes/ROS_Study/install/ros_pub_sub:/opt/ros/galactic LD_LIBRARY_PATH=/home/huang/codes/ROS_Study/install/tutorial_interfaces/lib:/home/huang/codes/ROS_Study/install/village_interfaces/lib:/opt/ros/galactic/opt/yaml_cpp_vendor/lib:/opt/ros/galactic/opt/rviz_ogre_vendor/lib:/opt/ros/galactic/lib/x86_64-linux-gnu:/opt/ros/galactic/lib PYTHONPATH=/home/huang/codes/ROS_Study/install/tutorial_interfaces/lib/python3.8/site-packages:/home/huang/codes/ROS_Study/install/village_interfaces/lib/python3.8/site-packages:/opt/ros/galactic/lib/python3.8/site-packages /usr/bin/cmake /home/huang/codes/ROS_Study/src/ros_pub_sub_cv -DCMAKE_INSTALL_PREFIX=/home/huang/codes/ROS_Study/install/ros_pub_sub_cv
[4.788s] Level 1:colcon.colcon_core.environment:create_environment_scripts_only(village_interfaces)
[4.794s] Level 1:colcon.colcon_core.environment:checking '/home/huang/codes/ROS_Study/install/village_interfaces' for CMake module files
[4.796s] Level 1:colcon.colcon_core.environment:checking '/home/huang/codes/ROS_Study/install/village_interfaces' for CMake config files
[4.797s] Level 1:colcon.colcon_core.shell:create_environment_hook('village_interfaces', 'cmake_prefix_path')
[4.801s] INFO:colcon.colcon_core.shell:Creating environment hook '/home/huang/codes/ROS_Study/install/village_interfaces/share/village_interfaces/hook/cmake_prefix_path.ps1'
[4.802s] INFO:colcon.colcon_core.shell:Creating environment descriptor '/home/huang/codes/ROS_Study/install/village_interfaces/share/village_interfaces/hook/cmake_prefix_path.dsv'
[4.802s] INFO:colcon.colcon_core.shell:Creating environment hook '/home/huang/codes/ROS_Study/install/village_interfaces/share/village_interfaces/hook/cmake_prefix_path.sh'
[4.803s] Level 1:colcon.colcon_core.environment:checking '/home/huang/codes/ROS_Study/install/village_interfaces/lib'
[4.803s] Level 1:colcon.colcon_core.shell:create_environment_hook('village_interfaces', 'ld_library_path_lib')
[4.805s] INFO:colcon.colcon_core.shell:Creating environment hook '/home/huang/codes/ROS_Study/install/village_interfaces/share/village_interfaces/hook/ld_library_path_lib.ps1'
[4.806s] INFO:colcon.colcon_core.shell:Creating environment descriptor '/home/huang/codes/ROS_Study/install/village_interfaces/share/village_interfaces/hook/ld_library_path_lib.dsv'
[4.806s] INFO:colcon.colcon_core.shell:Creating environment hook '/home/huang/codes/ROS_Study/install/village_interfaces/share/village_interfaces/hook/ld_library_path_lib.sh'
[4.807s] Level 1:colcon.colcon_core.environment:checking '/home/huang/codes/ROS_Study/install/village_interfaces/bin'
[4.807s] Level 1:colcon.colcon_core.environment:checking '/home/huang/codes/ROS_Study/install/village_interfaces/lib/pkgconfig/village_interfaces.pc'
[4.807s] Level 1:colcon.colcon_core.environment:checking '/home/huang/codes/ROS_Study/install/village_interfaces/lib/python3.8/site-packages'
[4.807s] Level 1:colcon.colcon_core.shell:create_environment_hook('village_interfaces', 'pythonpath')
[4.809s] INFO:colcon.colcon_core.shell:Creating environment hook '/home/huang/codes/ROS_Study/install/village_interfaces/share/village_interfaces/hook/pythonpath.ps1'
[4.810s] INFO:colcon.colcon_core.shell:Creating environment descriptor '/home/huang/codes/ROS_Study/install/village_interfaces/share/village_interfaces/hook/pythonpath.dsv'
[4.811s] INFO:colcon.colcon_core.shell:Creating environment hook '/home/huang/codes/ROS_Study/install/village_interfaces/share/village_interfaces/hook/pythonpath.sh'
[4.812s] Level 1:colcon.colcon_core.environment:checking '/home/huang/codes/ROS_Study/install/village_interfaces/bin'
[4.815s] INFO:colcon.colcon_core.shell:Creating package script '/home/huang/codes/ROS_Study/install/village_interfaces/share/village_interfaces/package.ps1'
[4.817s] INFO:colcon.colcon_core.shell:Creating package descriptor '/home/huang/codes/ROS_Study/install/village_interfaces/share/village_interfaces/package.dsv'
[4.819s] INFO:colcon.colcon_core.shell:Creating package script '/home/huang/codes/ROS_Study/install/village_interfaces/share/village_interfaces/package.sh'
[4.820s] INFO:colcon.colcon_core.shell:Creating package script '/home/huang/codes/ROS_Study/install/village_interfaces/share/village_interfaces/package.bash'
[4.820s] INFO:colcon.colcon_core.shell:Creating package script '/home/huang/codes/ROS_Study/install/village_interfaces/share/village_interfaces/package.zsh'
[4.821s] Level 1:colcon.colcon_core.environment:create_file_with_runtime_dependencies(/home/huang/codes/ROS_Study/install/village_interfaces/share/colcon-core/packages/village_interfaces)
[6.126s] DEBUG:colcon.colcon_core.event_handler.log_command:Invoked command in '/home/huang/codes/ROS_Study/build/ros_pub_sub' returned '0': CMAKE_PREFIX_PATH=/home/huang/codes/ROS_Study/install/tutorial_interfaces:/home/huang/codes/ROS_Study/install/village_wang:/home/huang/codes/ROS_Study/install/village_li:/home/huang/codes/ROS_Study/install/village_interfaces:/home/huang/codes/ROS_Study/install/ros_pub_sub_cv:/home/huang/codes/ROS_Study/install/ros_pub_sub:/opt/ros/galactic LD_LIBRARY_PATH=/home/huang/codes/ROS_Study/install/tutorial_interfaces/lib:/home/huang/codes/ROS_Study/install/village_interfaces/lib:/opt/ros/galactic/opt/yaml_cpp_vendor/lib:/opt/ros/galactic/opt/rviz_ogre_vendor/lib:/opt/ros/galactic/lib/x86_64-linux-gnu:/opt/ros/galactic/lib PYTHONPATH=/home/huang/codes/ROS_Study/install/tutorial_interfaces/lib/python3.8/site-packages:/home/huang/codes/ROS_Study/install/village_interfaces/lib/python3.8/site-packages:/opt/ros/galactic/lib/python3.8/site-packages /usr/bin/cmake /home/huang/codes/ROS_Study/src/ros_pub_sub -DCMAKE_INSTALL_PREFIX=/home/huang/codes/ROS_Study/install/ros_pub_sub
[6.130s] DEBUG:colcon.colcon_core.event_handler.log_command:Invoking command in '/home/huang/codes/ROS_Study/build/ros_pub_sub': CMAKE_PREFIX_PATH=/home/huang/codes/ROS_Study/install/tutorial_interfaces:/home/huang/codes/ROS_Study/install/village_wang:/home/huang/codes/ROS_Study/install/village_li:/home/huang/codes/ROS_Study/install/village_interfaces:/home/huang/codes/ROS_Study/install/ros_pub_sub_cv:/home/huang/codes/ROS_Study/install/ros_pub_sub:/opt/ros/galactic LD_LIBRARY_PATH=/home/huang/codes/ROS_Study/install/tutorial_interfaces/lib:/home/huang/codes/ROS_Study/install/village_interfaces/lib:/opt/ros/galactic/opt/yaml_cpp_vendor/lib:/opt/ros/galactic/opt/rviz_ogre_vendor/lib:/opt/ros/galactic/lib/x86_64-linux-gnu:/opt/ros/galactic/lib PYTHONPATH=/home/huang/codes/ROS_Study/install/tutorial_interfaces/lib/python3.8/site-packages:/home/huang/codes/ROS_Study/install/village_interfaces/lib/python3.8/site-packages:/opt/ros/galactic/lib/python3.8/site-packages /usr/bin/cmake --build /home/huang/codes/ROS_Study/build/ros_pub_sub -- -j8 -l8
[6.195s] DEBUG:colcon.colcon_core.event_handler.log_command:Invoked command in '/home/huang/codes/ROS_Study/build/ros_pub_sub_cv' returned '0': CMAKE_PREFIX_PATH=/home/huang/codes/ROS_Study/install/tutorial_interfaces:/home/huang/codes/ROS_Study/install/village_wang:/home/huang/codes/ROS_Study/install/village_li:/home/huang/codes/ROS_Study/install/village_interfaces:/home/huang/codes/ROS_Study/install/ros_pub_sub_cv:/home/huang/codes/ROS_Study/install/ros_pub_sub:/opt/ros/galactic LD_LIBRARY_PATH=/home/huang/codes/ROS_Study/install/tutorial_interfaces/lib:/home/huang/codes/ROS_Study/install/village_interfaces/lib:/opt/ros/galactic/opt/yaml_cpp_vendor/lib:/opt/ros/galactic/opt/rviz_ogre_vendor/lib:/opt/ros/galactic/lib/x86_64-linux-gnu:/opt/ros/galactic/lib PYTHONPATH=/home/huang/codes/ROS_Study/install/tutorial_interfaces/lib/python3.8/site-packages:/home/huang/codes/ROS_Study/install/village_interfaces/lib/python3.8/site-packages:/opt/ros/galactic/lib/python3.8/site-packages /usr/bin/cmake /home/huang/codes/ROS_Study/src/ros_pub_sub_cv -DCMAKE_INSTALL_PREFIX=/home/huang/codes/ROS_Study/install/ros_pub_sub_cv
[6.202s] DEBUG:colcon.colcon_core.event_handler.log_command:Invoking command in '/home/huang/codes/ROS_Study/build/ros_pub_sub_cv': CMAKE_PREFIX_PATH=/home/huang/codes/ROS_Study/install/tutorial_interfaces:/home/huang/codes/ROS_Study/install/village_wang:/home/huang/codes/ROS_Study/install/village_li:/home/huang/codes/ROS_Study/install/village_interfaces:/home/huang/codes/ROS_Study/install/ros_pub_sub_cv:/home/huang/codes/ROS_Study/install/ros_pub_sub:/opt/ros/galactic LD_LIBRARY_PATH=/home/huang/codes/ROS_Study/install/tutorial_interfaces/lib:/home/huang/codes/ROS_Study/install/village_interfaces/lib:/opt/ros/galactic/opt/yaml_cpp_vendor/lib:/opt/ros/galactic/opt/rviz_ogre_vendor/lib:/opt/ros/galactic/lib/x86_64-linux-gnu:/opt/ros/galactic/lib PYTHONPATH=/home/huang/codes/ROS_Study/install/tutorial_interfaces/lib/python3.8/site-packages:/home/huang/codes/ROS_Study/install/village_interfaces/lib/python3.8/site-packages:/opt/ros/galactic/lib/python3.8/site-packages /usr/bin/cmake --build /home/huang/codes/ROS_Study/build/ros_pub_sub_cv -- -j8 -l8
[6.234s] DEBUG:colcon.colcon_core.event_handler.log_command:Invoked command in '/home/huang/codes/ROS_Study/build/ros_pub_sub' returned '0': CMAKE_PREFIX_PATH=/home/huang/codes/ROS_Study/install/tutorial_interfaces:/home/huang/codes/ROS_Study/install/village_wang:/home/huang/codes/ROS_Study/install/village_li:/home/huang/codes/ROS_Study/install/village_interfaces:/home/huang/codes/ROS_Study/install/ros_pub_sub_cv:/home/huang/codes/ROS_Study/install/ros_pub_sub:/opt/ros/galactic LD_LIBRARY_PATH=/home/huang/codes/ROS_Study/install/tutorial_interfaces/lib:/home/huang/codes/ROS_Study/install/village_interfaces/lib:/opt/ros/galactic/opt/yaml_cpp_vendor/lib:/opt/ros/galactic/opt/rviz_ogre_vendor/lib:/opt/ros/galactic/lib/x86_64-linux-gnu:/opt/ros/galactic/lib PYTHONPATH=/home/huang/codes/ROS_Study/install/tutorial_interfaces/lib/python3.8/site-packages:/home/huang/codes/ROS_Study/install/village_interfaces/lib/python3.8/site-packages:/opt/ros/galactic/lib/python3.8/site-packages /usr/bin/cmake --build /home/huang/codes/ROS_Study/build/ros_pub_sub -- -j8 -l8
[6.273s] DEBUG:colcon.colcon_core.event_handler.log_command:Invoking command in '/home/huang/codes/ROS_Study/build/ros_pub_sub': CMAKE_PREFIX_PATH=/home/huang/codes/ROS_Study/install/tutorial_interfaces:/home/huang/codes/ROS_Study/install/village_wang:/home/huang/codes/ROS_Study/install/village_li:/home/huang/codes/ROS_Study/install/village_interfaces:/home/huang/codes/ROS_Study/install/ros_pub_sub_cv:/home/huang/codes/ROS_Study/install/ros_pub_sub:/opt/ros/galactic LD_LIBRARY_PATH=/home/huang/codes/ROS_Study/install/tutorial_interfaces/lib:/home/huang/codes/ROS_Study/install/village_interfaces/lib:/opt/ros/galactic/opt/yaml_cpp_vendor/lib:/opt/ros/galactic/opt/rviz_ogre_vendor/lib:/opt/ros/galactic/lib/x86_64-linux-gnu:/opt/ros/galactic/lib PYTHONPATH=/home/huang/codes/ROS_Study/install/tutorial_interfaces/lib/python3.8/site-packages:/home/huang/codes/ROS_Study/install/village_interfaces/lib/python3.8/site-packages:/opt/ros/galactic/lib/python3.8/site-packages /usr/bin/cmake --install /home/huang/codes/ROS_Study/build/ros_pub_sub
[6.320s] Level 1:colcon.colcon_core.environment:create_environment_scripts_only(ros_pub_sub)
[6.326s] Level 1:colcon.colcon_core.environment:checking '/home/huang/codes/ROS_Study/install/ros_pub_sub' for CMake module files
[6.327s] DEBUG:colcon.colcon_core.event_handler.log_command:Invoked command in '/home/huang/codes/ROS_Study/build/ros_pub_sub' returned '0': CMAKE_PREFIX_PATH=/home/huang/codes/ROS_Study/install/tutorial_interfaces:/home/huang/codes/ROS_Study/install/village_wang:/home/huang/codes/ROS_Study/install/village_li:/home/huang/codes/ROS_Study/install/village_interfaces:/home/huang/codes/ROS_Study/install/ros_pub_sub_cv:/home/huang/codes/ROS_Study/install/ros_pub_sub:/opt/ros/galactic LD_LIBRARY_PATH=/home/huang/codes/ROS_Study/install/tutorial_interfaces/lib:/home/huang/codes/ROS_Study/install/village_interfaces/lib:/opt/ros/galactic/opt/yaml_cpp_vendor/lib:/opt/ros/galactic/opt/rviz_ogre_vendor/lib:/opt/ros/galactic/lib/x86_64-linux-gnu:/opt/ros/galactic/lib PYTHONPATH=/home/huang/codes/ROS_Study/install/tutorial_interfaces/lib/python3.8/site-packages:/home/huang/codes/ROS_Study/install/village_interfaces/lib/python3.8/site-packages:/opt/ros/galactic/lib/python3.8/site-packages /usr/bin/cmake --install /home/huang/codes/ROS_Study/build/ros_pub_sub
[6.328s] Level 1:colcon.colcon_core.environment:checking '/home/huang/codes/ROS_Study/install/ros_pub_sub' for CMake config files
[6.328s] Level 1:colcon.colcon_core.shell:create_environment_hook('ros_pub_sub', 'cmake_prefix_path')
[6.330s] INFO:colcon.colcon_core.shell:Creating environment hook '/home/huang/codes/ROS_Study/install/ros_pub_sub/share/ros_pub_sub/hook/cmake_prefix_path.ps1'
[6.331s] INFO:colcon.colcon_core.shell:Creating environment descriptor '/home/huang/codes/ROS_Study/install/ros_pub_sub/share/ros_pub_sub/hook/cmake_prefix_path.dsv'
[6.331s] INFO:colcon.colcon_core.shell:Creating environment hook '/home/huang/codes/ROS_Study/install/ros_pub_sub/share/ros_pub_sub/hook/cmake_prefix_path.sh'
[6.332s] Level 1:colcon.colcon_core.environment:checking '/home/huang/codes/ROS_Study/install/ros_pub_sub/lib'
[6.332s] Level 1:colcon.colcon_core.environment:checking '/home/huang/codes/ROS_Study/install/ros_pub_sub/bin'
[6.332s] Level 1:colcon.colcon_core.environment:checking '/home/huang/codes/ROS_Study/install/ros_pub_sub/lib/pkgconfig/ros_pub_sub.pc'
[6.332s] Level 1:colcon.colcon_core.environment:checking '/home/huang/codes/ROS_Study/install/ros_pub_sub/lib/python3.8/site-packages'
[6.332s] Level 1:colcon.colcon_core.environment:checking '/home/huang/codes/ROS_Study/install/ros_pub_sub/bin'
[6.335s] INFO:colcon.colcon_core.shell:Creating package script '/home/huang/codes/ROS_Study/install/ros_pub_sub/share/ros_pub_sub/package.ps1'
[6.335s] INFO:colcon.colcon_core.shell:Creating package descriptor '/home/huang/codes/ROS_Study/install/ros_pub_sub/share/ros_pub_sub/package.dsv'
[6.336s] INFO:colcon.colcon_core.shell:Creating package script '/home/huang/codes/ROS_Study/install/ros_pub_sub/share/ros_pub_sub/package.sh'
[6.336s] INFO:colcon.colcon_core.shell:Creating package script '/home/huang/codes/ROS_Study/install/ros_pub_sub/share/ros_pub_sub/package.bash'
[6.337s] INFO:colcon.colcon_core.shell:Creating package script '/home/huang/codes/ROS_Study/install/ros_pub_sub/share/ros_pub_sub/package.zsh'
[6.337s] Level 1:colcon.colcon_core.environment:create_file_with_runtime_dependencies(/home/huang/codes/ROS_Study/install/ros_pub_sub/share/colcon-core/packages/ros_pub_sub)
[6.380s] Level 1:colcon.colcon_core.environment:create_environment_scripts_only(ros_pub_sub)
[6.384s] Level 1:colcon.colcon_core.environment:checking '/home/huang/codes/ROS_Study/install/ros_pub_sub' for CMake module files
[6.385s] Level 1:colcon.colcon_core.environment:checking '/home/huang/codes/ROS_Study/install/ros_pub_sub' for CMake config files
[6.386s] Level 1:colcon.colcon_core.shell:create_environment_hook('ros_pub_sub', 'cmake_prefix_path')
[6.389s] INFO:colcon.colcon_core.shell:Creating environment hook '/home/huang/codes/ROS_Study/install/ros_pub_sub/share/ros_pub_sub/hook/cmake_prefix_path.ps1'
[6.390s] INFO:colcon.colcon_core.shell:Creating environment descriptor '/home/huang/codes/ROS_Study/install/ros_pub_sub/share/ros_pub_sub/hook/cmake_prefix_path.dsv'
[6.390s] INFO:colcon.colcon_core.shell:Creating environment hook '/home/huang/codes/ROS_Study/install/ros_pub_sub/share/ros_pub_sub/hook/cmake_prefix_path.sh'
[6.392s] Level 1:colcon.colcon_core.environment:checking '/home/huang/codes/ROS_Study/install/ros_pub_sub/lib'
[6.392s] Level 1:colcon.colcon_core.environment:checking '/home/huang/codes/ROS_Study/install/ros_pub_sub/bin'
[6.392s] Level 1:colcon.colcon_core.environment:checking '/home/huang/codes/ROS_Study/install/ros_pub_sub/lib/pkgconfig/ros_pub_sub.pc'
[6.393s] Level 1:colcon.colcon_core.environment:checking '/home/huang/codes/ROS_Study/install/ros_pub_sub/lib/python3.8/site-packages'
[6.393s] Level 1:colcon.colcon_core.environment:checking '/home/huang/codes/ROS_Study/install/ros_pub_sub/bin'
[6.397s] INFO:colcon.colcon_core.shell:Creating package script '/home/huang/codes/ROS_Study/install/ros_pub_sub/share/ros_pub_sub/package.ps1'
[6.398s] INFO:colcon.colcon_core.shell:Creating package descriptor '/home/huang/codes/ROS_Study/install/ros_pub_sub/share/ros_pub_sub/package.dsv'
[6.398s] INFO:colcon.colcon_core.shell:Creating package script '/home/huang/codes/ROS_Study/install/ros_pub_sub/share/ros_pub_sub/package.sh'
[6.399s] INFO:colcon.colcon_core.shell:Creating package script '/home/huang/codes/ROS_Study/install/ros_pub_sub/share/ros_pub_sub/package.bash'
[6.399s] INFO:colcon.colcon_core.shell:Creating package script '/home/huang/codes/ROS_Study/install/ros_pub_sub/share/ros_pub_sub/package.zsh'
[6.400s] Level 1:colcon.colcon_core.environment:create_file_with_runtime_dependencies(/home/huang/codes/ROS_Study/install/ros_pub_sub/share/colcon-core/packages/ros_pub_sub)
[18.135s] DEBUG:colcon.colcon_core.event_handler.log_command:Invoked command in '/home/huang/codes/ROS_Study/build/ros_pub_sub_cv' returned '0': CMAKE_PREFIX_PATH=/home/huang/codes/ROS_Study/install/tutorial_interfaces:/home/huang/codes/ROS_Study/install/village_wang:/home/huang/codes/ROS_Study/install/village_li:/home/huang/codes/ROS_Study/install/village_interfaces:/home/huang/codes/ROS_Study/install/ros_pub_sub_cv:/home/huang/codes/ROS_Study/install/ros_pub_sub:/opt/ros/galactic LD_LIBRARY_PATH=/home/huang/codes/ROS_Study/install/tutorial_interfaces/lib:/home/huang/codes/ROS_Study/install/village_interfaces/lib:/opt/ros/galactic/opt/yaml_cpp_vendor/lib:/opt/ros/galactic/opt/rviz_ogre_vendor/lib:/opt/ros/galactic/lib/x86_64-linux-gnu:/opt/ros/galactic/lib PYTHONPATH=/home/huang/codes/ROS_Study/install/tutorial_interfaces/lib/python3.8/site-packages:/home/huang/codes/ROS_Study/install/village_interfaces/lib/python3.8/site-packages:/opt/ros/galactic/lib/python3.8/site-packages /usr/bin/cmake --build /home/huang/codes/ROS_Study/build/ros_pub_sub_cv -- -j8 -l8
[18.178s] DEBUG:colcon.colcon_core.event_handler.log_command:Invoking command in '/home/huang/codes/ROS_Study/build/ros_pub_sub_cv': CMAKE_PREFIX_PATH=/home/huang/codes/ROS_Study/install/tutorial_interfaces:/home/huang/codes/ROS_Study/install/village_wang:/home/huang/codes/ROS_Study/install/village_li:/home/huang/codes/ROS_Study/install/village_interfaces:/home/huang/codes/ROS_Study/install/ros_pub_sub_cv:/home/huang/codes/ROS_Study/install/ros_pub_sub:/opt/ros/galactic LD_LIBRARY_PATH=/home/huang/codes/ROS_Study/install/tutorial_interfaces/lib:/home/huang/codes/ROS_Study/install/village_interfaces/lib:/opt/ros/galactic/opt/yaml_cpp_vendor/lib:/opt/ros/galactic/opt/rviz_ogre_vendor/lib:/opt/ros/galactic/lib/x86_64-linux-gnu:/opt/ros/galactic/lib PYTHONPATH=/home/huang/codes/ROS_Study/install/tutorial_interfaces/lib/python3.8/site-packages:/home/huang/codes/ROS_Study/install/village_interfaces/lib/python3.8/site-packages:/opt/ros/galactic/lib/python3.8/site-packages /usr/bin/cmake --install /home/huang/codes/ROS_Study/build/ros_pub_sub_cv
[18.208s] Level 1:colcon.colcon_core.environment:create_environment_scripts_only(ros_pub_sub_cv)
[18.211s] Level 1:colcon.colcon_core.environment:checking '/home/huang/codes/ROS_Study/install/ros_pub_sub_cv' for CMake module files
[18.212s] DEBUG:colcon.colcon_core.event_handler.log_command:Invoked command in '/home/huang/codes/ROS_Study/build/ros_pub_sub_cv' returned '0': CMAKE_PREFIX_PATH=/home/huang/codes/ROS_Study/install/tutorial_interfaces:/home/huang/codes/ROS_Study/install/village_wang:/home/huang/codes/ROS_Study/install/village_li:/home/huang/codes/ROS_Study/install/village_interfaces:/home/huang/codes/ROS_Study/install/ros_pub_sub_cv:/home/huang/codes/ROS_Study/install/ros_pub_sub:/opt/ros/galactic LD_LIBRARY_PATH=/home/huang/codes/ROS_Study/install/tutorial_interfaces/lib:/home/huang/codes/ROS_Study/install/village_interfaces/lib:/opt/ros/galactic/opt/yaml_cpp_vendor/lib:/opt/ros/galactic/opt/rviz_ogre_vendor/lib:/opt/ros/galactic/lib/x86_64-linux-gnu:/opt/ros/galactic/lib PYTHONPATH=/home/huang/codes/ROS_Study/install/tutorial_interfaces/lib/python3.8/site-packages:/home/huang/codes/ROS_Study/install/village_interfaces/lib/python3.8/site-packages:/opt/ros/galactic/lib/python3.8/site-packages /usr/bin/cmake --install /home/huang/codes/ROS_Study/build/ros_pub_sub_cv
[18.212s] Level 1:colcon.colcon_core.environment:checking '/home/huang/codes/ROS_Study/install/ros_pub_sub_cv' for CMake config files
[18.212s] Level 1:colcon.colcon_core.shell:create_environment_hook('ros_pub_sub_cv', 'cmake_prefix_path')
[18.214s] INFO:colcon.colcon_core.shell:Creating environment hook '/home/huang/codes/ROS_Study/install/ros_pub_sub_cv/share/ros_pub_sub_cv/hook/cmake_prefix_path.ps1'
[18.214s] INFO:colcon.colcon_core.shell:Creating environment descriptor '/home/huang/codes/ROS_Study/install/ros_pub_sub_cv/share/ros_pub_sub_cv/hook/cmake_prefix_path.dsv'
[18.215s] INFO:colcon.colcon_core.shell:Creating environment hook '/home/huang/codes/ROS_Study/install/ros_pub_sub_cv/share/ros_pub_sub_cv/hook/cmake_prefix_path.sh'
[18.215s] Level 1:colcon.colcon_core.environment:checking '/home/huang/codes/ROS_Study/install/ros_pub_sub_cv/lib'
[18.216s] Level 1:colcon.colcon_core.environment:checking '/home/huang/codes/ROS_Study/install/ros_pub_sub_cv/bin'
[18.216s] Level 1:colcon.colcon_core.environment:checking '/home/huang/codes/ROS_Study/install/ros_pub_sub_cv/lib/pkgconfig/ros_pub_sub_cv.pc'
[18.216s] Level 1:colcon.colcon_core.environment:checking '/home/huang/codes/ROS_Study/install/ros_pub_sub_cv/lib/python3.8/site-packages'
[18.216s] Level 1:colcon.colcon_core.environment:checking '/home/huang/codes/ROS_Study/install/ros_pub_sub_cv/bin'
[18.218s] INFO:colcon.colcon_core.shell:Creating package script '/home/huang/codes/ROS_Study/install/ros_pub_sub_cv/share/ros_pub_sub_cv/package.ps1'
[18.218s] INFO:colcon.colcon_core.shell:Creating package descriptor '/home/huang/codes/ROS_Study/install/ros_pub_sub_cv/share/ros_pub_sub_cv/package.dsv'
[18.219s] INFO:colcon.colcon_core.shell:Creating package script '/home/huang/codes/ROS_Study/install/ros_pub_sub_cv/share/ros_pub_sub_cv/package.sh'
[18.219s] INFO:colcon.colcon_core.shell:Creating package script '/home/huang/codes/ROS_Study/install/ros_pub_sub_cv/share/ros_pub_sub_cv/package.bash'
[18.219s] INFO:colcon.colcon_core.shell:Creating package script '/home/huang/codes/ROS_Study/install/ros_pub_sub_cv/share/ros_pub_sub_cv/package.zsh'
[18.219s] Level 1:colcon.colcon_core.environment:create_file_with_runtime_dependencies(/home/huang/codes/ROS_Study/install/ros_pub_sub_cv/share/colcon-core/packages/ros_pub_sub_cv)
[18.262s] Level 1:colcon.colcon_core.environment:create_environment_scripts_only(ros_pub_sub_cv)
[18.266s] Level 1:colcon.colcon_core.environment:checking '/home/huang/codes/ROS_Study/install/ros_pub_sub_cv' for CMake module files
[18.267s] Level 1:colcon.colcon_core.environment:checking '/home/huang/codes/ROS_Study/install/ros_pub_sub_cv' for CMake config files
[18.267s] Level 1:colcon.colcon_core.shell:create_environment_hook('ros_pub_sub_cv', 'cmake_prefix_path')
[18.269s] INFO:colcon.colcon_core.shell:Creating environment hook '/home/huang/codes/ROS_Study/install/ros_pub_sub_cv/share/ros_pub_sub_cv/hook/cmake_prefix_path.ps1'
[18.270s] INFO:colcon.colcon_core.shell:Creating environment descriptor '/home/huang/codes/ROS_Study/install/ros_pub_sub_cv/share/ros_pub_sub_cv/hook/cmake_prefix_path.dsv'
[18.270s] INFO:colcon.colcon_core.shell:Creating environment hook '/home/huang/codes/ROS_Study/install/ros_pub_sub_cv/share/ros_pub_sub_cv/hook/cmake_prefix_path.sh'
[18.271s] Level 1:colcon.colcon_core.environment:checking '/home/huang/codes/ROS_Study/install/ros_pub_sub_cv/lib'
[18.271s] Level 1:colcon.colcon_core.environment:checking '/home/huang/codes/ROS_Study/install/ros_pub_sub_cv/bin'
[18.271s] Level 1:colcon.colcon_core.environment:checking '/home/huang/codes/ROS_Study/install/ros_pub_sub_cv/lib/pkgconfig/ros_pub_sub_cv.pc'
[18.272s] Level 1:colcon.colcon_core.environment:checking '/home/huang/codes/ROS_Study/install/ros_pub_sub_cv/lib/python3.8/site-packages'
[18.272s] Level 1:colcon.colcon_core.environment:checking '/home/huang/codes/ROS_Study/install/ros_pub_sub_cv/bin'
[18.273s] INFO:colcon.colcon_core.shell:Creating package script '/home/huang/codes/ROS_Study/install/ros_pub_sub_cv/share/ros_pub_sub_cv/package.ps1'
[18.274s] INFO:colcon.colcon_core.shell:Creating package descriptor '/home/huang/codes/ROS_Study/install/ros_pub_sub_cv/share/ros_pub_sub_cv/package.dsv'
[18.275s] INFO:colcon.colcon_core.shell:Creating package script '/home/huang/codes/ROS_Study/install/ros_pub_sub_cv/share/ros_pub_sub_cv/package.sh'
[18.275s] INFO:colcon.colcon_core.shell:Creating package script '/home/huang/codes/ROS_Study/install/ros_pub_sub_cv/share/ros_pub_sub_cv/package.bash'
[18.276s] INFO:colcon.colcon_core.shell:Creating package script '/home/huang/codes/ROS_Study/install/ros_pub_sub_cv/share/ros_pub_sub_cv/package.zsh'
[18.276s] Level 1:colcon.colcon_core.environment:create_file_with_runtime_dependencies(/home/huang/codes/ROS_Study/install/ros_pub_sub_cv/share/colcon-core/packages/ros_pub_sub_cv)
[18.276s] DEBUG:colcon.colcon_parallel_executor.executor.parallel:closing loop
[18.277s] DEBUG:colcon.colcon_parallel_executor.executor.parallel:loop closed
[18.277s] DEBUG:colcon.colcon_parallel_executor.executor.parallel:run_until_complete finished with '0'
[18.277s] DEBUG:colcon.colcon_core.event_reactor:joining thread
[18.287s] INFO:colcon.colcon_core.plugin_system:Skipping extension 'colcon_notification.desktop_notification.terminal_notifier': Not used on non-Darwin systems
[18.288s] INFO:colcon.colcon_core.plugin_system:Skipping extension 'colcon_notification.desktop_notification.win32': Not used on non-Windows systems
[18.288s] INFO:colcon.colcon_notification.desktop_notification:Sending desktop notification using 'notify2'
[18.307s] DEBUG:colcon.colcon_core.event_reactor:joined thread
[18.311s] INFO:colcon.colcon_core.shell:Creating prefix script '/home/huang/codes/ROS_Study/install/local_setup.ps1'
[18.315s] INFO:colcon.colcon_core.shell:Creating prefix util module '/home/huang/codes/ROS_Study/install/_local_setup_util_ps1.py'
[18.319s] INFO:colcon.colcon_core.shell:Creating prefix chain script '/home/huang/codes/ROS_Study/install/setup.ps1'
[18.325s] INFO:colcon.colcon_core.shell:Creating prefix script '/home/huang/codes/ROS_Study/install/local_setup.sh'
[18.334s] INFO:colcon.colcon_core.shell:Creating prefix util module '/home/huang/codes/ROS_Study/install/_local_setup_util_sh.py'
[18.336s] INFO:colcon.colcon_core.shell:Creating prefix chain script '/home/huang/codes/ROS_Study/install/setup.sh'
[18.340s] INFO:colcon.colcon_core.shell:Creating prefix script '/home/huang/codes/ROS_Study/install/local_setup.bash'
[18.343s] INFO:colcon.colcon_core.shell:Creating prefix chain script '/home/huang/codes/ROS_Study/install/setup.bash'
[18.348s] INFO:colcon.colcon_core.shell:Creating prefix script '/home/huang/codes/ROS_Study/install/local_setup.zsh'
[18.349s] INFO:colcon.colcon_core.shell:Creating prefix chain script '/home/huang/codes/ROS_Study/install/setup.zsh'
