[0.072s] Invoking command in '/home/huang/codes/ROS_Study/build/village_wang': CMAKE_PREFIX_PATH=${CMAKE_PREFIX_PATH}:/opt/ros/galactic /usr/bin/cmake /home/huang/codes/ROS_Study/src/village_wang -DCMAKE_INSTALL_PREFIX=/home/huang/codes/ROS_Study/install/village_wang
[0.148s] -- The C compiler identification is GNU 9.4.0
[0.234s] -- The CXX compiler identification is GNU 9.4.0
[0.243s] -- Check for working C compiler: /usr/bin/cc
[0.336s] -- Check for working C compiler: /usr/bin/cc -- works
[0.337s] -- Detecting C compiler ABI info
[0.487s] -- Detecting C compiler ABI info - done
[0.518s] -- Detecting C compile features
[0.519s] -- Detecting C compile features - done
[0.523s] -- Check for working CXX compiler: /usr/bin/c++
[0.663s] -- Check for working CXX compiler: /usr/bin/c++ -- works
[0.665s] -- Detecting CXX compiler ABI info
[0.786s] -- Detecting CXX compiler ABI info - done
[0.804s] -- Detecting CXX compile features
[0.804s] -- Detecting CXX compile features - done
[0.807s] -- Found ament_cmake: 1.1.6 (/opt/ros/galactic/share/ament_cmake/cmake)
[0.837s] -- Found PythonInterp: /usr/bin/python3 (found suitable version "3.8.10", minimum required is "3") 
[0.837s] -- Using PYTHON_EXECUTABLE: /usr/bin/python3
[0.943s] -- Found rclcpp: 9.2.2 (/opt/ros/galactic/share/rclcpp/cmake)
[1.014s] -- Using all available rosidl_typesupport_c: rosidl_typesupport_fastrtps_c;rosidl_typesupport_introspection_c
[1.021s] -- Found rosidl_adapter: 2.2.3 (/opt/ros/galactic/share/rosidl_adapter/cmake)
[1.138s] -- Found OpenSSL: /usr/lib/x86_64-linux-gnu/libcrypto.so (found version "1.1.1f")  
[1.199s] -- Found FastRTPS: /opt/ros/galactic/include  
[1.341s] -- Using all available rosidl_typesupport_cpp: rosidl_typesupport_fastrtps_cpp;rosidl_typesupport_introspection_cpp
[1.437s] -- Found rmw_implementation_cmake: 3.3.1 (/opt/ros/galactic/share/rmw_implementation_cmake/cmake)
[1.440s] -- Found rmw_cyclonedds_cpp: 0.22.6 (/opt/ros/galactic/share/rmw_cyclonedds_cpp/cmake)
[1.474s] -- Using RMW implementation 'rmw_cyclonedds_cpp' as default
[1.475s] -- Looking for pthread.h
[1.569s] -- Looking for pthread.h - found
[1.570s] -- Performing Test CMAKE_HAVE_LIBC_PTHREAD
[1.673s] -- Performing Test CMAKE_HAVE_LIBC_PTHREAD - Failed
[1.673s] -- Looking for pthread_create in pthreads
[1.752s] -- Looking for pthread_create in pthreads - not found
[1.752s] -- Looking for pthread_create in pthread
[1.876s] -- Looking for pthread_create in pthread - found
[1.879s] -- Found Threads: TRUE  
[2.175s] -- Found ament_lint_auto: 0.10.7 (/opt/ros/galactic/share/ament_lint_auto/cmake)
[2.315s] -- Added test 'copyright' to check source files copyright and LICENSE
[2.317s] -- Added test 'cppcheck' to perform static code analysis on C / C++ code
[2.318s] -- Configured cppcheck include dirs: 
[2.318s] -- Configured cppcheck exclude dirs and/or files: 
[2.319s] -- Added test 'cpplint' to check C / C++ code against the Google style
[2.319s] -- Configured cpplint exclude dirs and/or files: 
[2.320s] -- Added test 'lint_cmake' to check CMake code style
[2.322s] -- Added test 'uncrustify' to check C / C++ code style
[2.322s] -- Configured uncrustify additional arguments: 
[2.322s] -- Added test 'xmllint' to check XML markup files
[2.327s] -- Configuring done
[2.337s] -- Generating done
[2.345s] -- Build files have been written to: /home/huang/codes/ROS_Study/build/village_wang
[2.352s] Invoked command in '/home/huang/codes/ROS_Study/build/village_wang' returned '0': CMAKE_PREFIX_PATH=${CMAKE_PREFIX_PATH}:/opt/ros/galactic /usr/bin/cmake /home/huang/codes/ROS_Study/src/village_wang -DCMAKE_INSTALL_PREFIX=/home/huang/codes/ROS_Study/install/village_wang
[2.357s] Invoking command in '/home/huang/codes/ROS_Study/build/village_wang': CMAKE_PREFIX_PATH=${CMAKE_PREFIX_PATH}:/opt/ros/galactic /usr/bin/cmake --build /home/huang/codes/ROS_Study/build/village_wang -- -j8 -l8
[2.430s] [35m[1mScanning dependencies of target wang2_node[0m
[2.486s] [ 50%] [32mBuilding CXX object CMakeFiles/wang2_node.dir/src/wang2_topic.cpp.o[0m
[16.062s] [100%] [32m[1mLinking CXX executable wang2_node[0m
[16.488s] [100%] Built target wang2_node
[16.507s] Invoked command in '/home/huang/codes/ROS_Study/build/village_wang' returned '0': CMAKE_PREFIX_PATH=${CMAKE_PREFIX_PATH}:/opt/ros/galactic /usr/bin/cmake --build /home/huang/codes/ROS_Study/build/village_wang -- -j8 -l8
[16.539s] Invoking command in '/home/huang/codes/ROS_Study/build/village_wang': CMAKE_PREFIX_PATH=${CMAKE_PREFIX_PATH}:/opt/ros/galactic /usr/bin/cmake --install /home/huang/codes/ROS_Study/build/village_wang
[16.549s] -- Install configuration: ""
[16.549s] -- Installing: /home/huang/codes/ROS_Study/install/village_wang/share/ament_index/resource_index/package_run_dependencies/village_wang
[16.549s] -- Installing: /home/huang/codes/ROS_Study/install/village_wang/share/ament_index/resource_index/parent_prefix_path/village_wang
[16.549s] -- Installing: /home/huang/codes/ROS_Study/install/village_wang/share/village_wang/environment/ament_prefix_path.sh
[16.549s] -- Installing: /home/huang/codes/ROS_Study/install/village_wang/share/village_wang/environment/ament_prefix_path.dsv
[16.549s] -- Installing: /home/huang/codes/ROS_Study/install/village_wang/share/village_wang/environment/path.sh
[16.550s] -- Installing: /home/huang/codes/ROS_Study/install/village_wang/share/village_wang/environment/path.dsv
[16.550s] -- Installing: /home/huang/codes/ROS_Study/install/village_wang/share/village_wang/local_setup.bash
[16.550s] -- Installing: /home/huang/codes/ROS_Study/install/village_wang/share/village_wang/local_setup.sh
[16.550s] -- Installing: /home/huang/codes/ROS_Study/install/village_wang/share/village_wang/local_setup.zsh
[16.550s] -- Installing: /home/huang/codes/ROS_Study/install/village_wang/share/village_wang/local_setup.dsv
[16.550s] -- Installing: /home/huang/codes/ROS_Study/install/village_wang/share/village_wang/package.dsv
[16.551s] -- Installing: /home/huang/codes/ROS_Study/install/village_wang/share/ament_index/resource_index/packages/village_wang
[16.551s] -- Installing: /home/huang/codes/ROS_Study/install/village_wang/share/village_wang/cmake/village_wangConfig.cmake
[16.551s] -- Installing: /home/huang/codes/ROS_Study/install/village_wang/share/village_wang/cmake/village_wangConfig-version.cmake
[16.551s] -- Installing: /home/huang/codes/ROS_Study/install/village_wang/share/village_wang/package.xml
[16.551s] -- Installing: /home/huang/codes/ROS_Study/install/village_wang/lib/village_wang/wang2_node
[16.553s] -- Set runtime path of "/home/huang/codes/ROS_Study/install/village_wang/lib/village_wang/wang2_node" to ""
[16.559s] Invoked command in '/home/huang/codes/ROS_Study/build/village_wang' returned '0': CMAKE_PREFIX_PATH=${CMAKE_PREFIX_PATH}:/opt/ros/galactic /usr/bin/cmake --install /home/huang/codes/ROS_Study/build/village_wang
