In file included from [01m[K/opt/ros/galactic/include/rclcpp/service.hpp:34[m[K,
                 from [01m[K/opt/ros/galactic/include/rclcpp/callback_group.hpp:25[m[K,
                 from [01m[K/opt/ros/galactic/include/rclcpp/any_executable.hpp:20[m[K,
                 from [01m[K/opt/ros/galactic/include/rclcpp/memory_strategy.hpp:25[m[K,
                 from [01m[K/opt/ros/galactic/include/rclcpp/memory_strategies.hpp:18[m[K,
                 from [01m[K/opt/ros/galactic/include/rclcpp/executor_options.hpp:20[m[K,
                 from [01m[K/opt/ros/galactic/include/rclcpp/executor.hpp:36[m[K,
                 from [01m[K/opt/ros/galactic/include/rclcpp/executors/multi_threaded_executor.hpp:26[m[K,
                 from [01m[K/opt/ros/galactic/include/rclcpp/executors.hpp:21[m[K,
                 from [01m[K/opt/ros/galactic/include/rclcpp/rclcpp.hpp:156[m[K,
                 from [01m[K/home/huang/codes/ROS_Study/src/ros_service/src/pub.cpp:5[m[K:
[01m[K/home/huang/codes/ROS_Study/src/ros_service/src/pub.cpp:[m[K In member function ‘[01m[Kvoid MinimalPublisher::service_callback(tutorial_interfaces::srv::Money_Request_<std::allocator<void> >::SharedPtr, tutorial_interfaces::srv::Money_Response_<std::allocator<void> >::SharedPtr)[m[K’:
[01m[K/home/huang/codes/ROS_Study/src/ros_service/src/pub.cpp:46:5:[m[K [01;31m[Kerror: [m[Kinvalid use of non-static member function ‘[01m[Krclcpp::Logger rclcpp::Node::get_logger() const[m[K’
   46 |     [01;31m[KRCLCPP_INFO[m[K(this->get_logger, "get a service that request name and money is %s, %d", request->name.c_str(), request->money);
      |     [01;31m[K^~~~~~~~~~~[m[K
In file included from [01m[K/opt/ros/galactic/include/rclcpp/executors/single_threaded_executor.hpp:28[m[K,
                 from [01m[K/opt/ros/galactic/include/rclcpp/executors.hpp:22[m[K,
                 from [01m[K/opt/ros/galactic/include/rclcpp/rclcpp.hpp:156[m[K,
                 from [01m[K/home/huang/codes/ROS_Study/src/ros_service/src/pub.cpp:5[m[K:
[01m[K/opt/ros/galactic/include/rclcpp/node.hpp:142:3:[m[K [01;36m[Knote: [m[Kdeclared here
  142 |   [01;36m[Kget_logger[m[K() const;
      |   [01;36m[K^~~~~~~~~~[m[K
In file included from [01m[K/opt/ros/galactic/include/rclcpp/service.hpp:34[m[K,
                 from [01m[K/opt/ros/galactic/include/rclcpp/callback_group.hpp:25[m[K,
                 from [01m[K/opt/ros/galactic/include/rclcpp/any_executable.hpp:20[m[K,
                 from [01m[K/opt/ros/galactic/include/rclcpp/memory_strategy.hpp:25[m[K,
                 from [01m[K/opt/ros/galactic/include/rclcpp/memory_strategies.hpp:18[m[K,
                 from [01m[K/opt/ros/galactic/include/rclcpp/executor_options.hpp:20[m[K,
                 from [01m[K/opt/ros/galactic/include/rclcpp/executor.hpp:36[m[K,
                 from [01m[K/opt/ros/galactic/include/rclcpp/executors/multi_threaded_executor.hpp:26[m[K,
                 from [01m[K/opt/ros/galactic/include/rclcpp/executors.hpp:21[m[K,
                 from [01m[K/opt/ros/galactic/include/rclcpp/rclcpp.hpp:156[m[K,
                 from [01m[K/home/huang/codes/ROS_Study/src/ros_service/src/pub.cpp:5[m[K:
[01m[K/home/huang/codes/ROS_Study/src/ros_service/src/pub.cpp:46:5:[m[K [01;31m[Kerror: [m[Ktemplate argument 1 is invalid
   46 |     [01;31m[KRCLCPP_INFO[m[K(this->get_logger, "get a service that request name and money is %s, %d", request->name.c_str(), request->money);
      |     [01;31m[K^~~~~~~~~~~[m[K
[01m[K/home/huang/codes/ROS_Study/src/ros_service/src/pub.cpp:46:5:[m[K [01;31m[Kerror: [m[Ktemplate argument 1 is invalid
   46 |     [01;31m[KRCLCPP_INFO[m[K(this->get_logger, "get a service that request name and money is %s, %d", request->name.c_str(), request->money);
      |     [01;31m[K^~~~~~~~~~~[m[K
[01m[K/home/huang/codes/ROS_Study/src/ros_service/src/pub.cpp:46:5:[m[K [01;31m[Kerror: [m[Ktemplate argument 1 is invalid
   46 |     [01;31m[KRCLCPP_INFO[m[K(this->get_logger, "get a service that request name and money is %s, %d", request->name.c_str(), request->money);
      |     [01;31m[K^~~~~~~~~~~[m[K
In file included from [01m[K/opt/ros/galactic/include/rclcpp/client.hpp:40[m[K,
                 from [01m[K/opt/ros/galactic/include/rclcpp/callback_group.hpp:23[m[K,
                 from [01m[K/opt/ros/galactic/include/rclcpp/any_executable.hpp:20[m[K,
                 from [01m[K/opt/ros/galactic/include/rclcpp/memory_strategy.hpp:25[m[K,
                 from [01m[K/opt/ros/galactic/include/rclcpp/memory_strategies.hpp:18[m[K,
                 from [01m[K/opt/ros/galactic/include/rclcpp/executor_options.hpp:20[m[K,
                 from [01m[K/opt/ros/galactic/include/rclcpp/executor.hpp:36[m[K,
                 from [01m[K/opt/ros/galactic/include/rclcpp/executors/multi_threaded_executor.hpp:26[m[K,
                 from [01m[K/opt/ros/galactic/include/rclcpp/executors.hpp:21[m[K,
                 from [01m[K/opt/ros/galactic/include/rclcpp/rclcpp.hpp:156[m[K,
                 from [01m[K/home/huang/codes/ROS_Study/src/ros_service/src/pub.cpp:5[m[K:
[01m[K/home/huang/codes/ROS_Study/src/ros_service/src/pub.cpp:46:23:[m[K [01;31m[Kerror: [m[Kinvalid use of member function ‘[01m[Krclcpp::Logger rclcpp::Node::get_logger() const[m[K’ (did you forget the ‘[01m[K()[m[K’ ?)
   46 |     RCLCPP_INFO(this->[01;31m[Kg[m[Ket_logger, "get a service that request name and money is %s, %d", request->name.c_str(), request->money);
      |                       [01;31m[K^[m[K
[01m[K/home/huang/codes/ROS_Study/src/ros_service/src/pub.cpp:46:23:[m[K [01;31m[Kerror: [m[Kinvalid use of member function ‘[01m[Krclcpp::Logger rclcpp::Node::get_logger() const[m[K’ (did you forget the ‘[01m[K()[m[K’ ?)
   46 |     RCLCPP_INFO(this->[01;31m[Kg[m[Ket_logger, "get a service that request name and money is %s, %d", request->name.c_str(), request->money);
      |                       [01;31m[K^[m[K
make[2]: *** [CMakeFiles/pub_node.dir/build.make:63：CMakeFiles/pub_node.dir/src/pub.cpp.o] 错误 1
make[1]: *** [CMakeFiles/Makefile2:80：CMakeFiles/pub_node.dir/all] 错误 2
make: *** [Makefile:141：all] 错误 2
