[0.034s] Invoking command in '/home/huang/codes/ROS_Study/build/ros_service': CMAKE_PREFIX_PATH=/home/huang/codes/ROS_Study/install/tutorial_interfaces:/home/huang/codes/ROS_Study/install/village_wang:/home/huang/codes/ROS_Study/install/village_li:/home/huang/codes/ROS_Study/install/village_interfaces:/home/huang/codes/ROS_Study/install/ros_pub_sub_cv:/home/huang/codes/ROS_Study/install/ros_pub_sub:/opt/ros/galactic LD_LIBRARY_PATH=/home/huang/codes/ROS_Study/install/tutorial_interfaces/lib:/home/huang/codes/ROS_Study/install/village_interfaces/lib:/opt/ros/galactic/opt/yaml_cpp_vendor/lib:/opt/ros/galactic/opt/rviz_ogre_vendor/lib:/opt/ros/galactic/lib/x86_64-linux-gnu:/opt/ros/galactic/lib PYTHONPATH=/home/huang/codes/ROS_Study/install/tutorial_interfaces/lib/python3.8/site-packages:/home/huang/codes/ROS_Study/install/village_interfaces/lib/python3.8/site-packages:/opt/ros/galactic/lib/python3.8/site-packages /usr/bin/cmake --build /home/huang/codes/ROS_Study/build/ros_service -- -j8 -l8
[0.093s] [35m[1mScanning dependencies of target pub_node[0m
[0.117s] [ 50%] Built target sub_node
[0.141s] [ 75%] [32mBuilding CXX object CMakeFiles/pub_node.dir/src/pub.cpp.o[0m
[4.753s] In file included from [01m[K/opt/ros/galactic/include/rclcpp/service.hpp:34[m[K,
[4.754s]                  from [01m[K/opt/ros/galactic/include/rclcpp/callback_group.hpp:25[m[K,
[4.754s]                  from [01m[K/opt/ros/galactic/include/rclcpp/any_executable.hpp:20[m[K,
[4.754s]                  from [01m[K/opt/ros/galactic/include/rclcpp/memory_strategy.hpp:25[m[K,
[4.754s]                  from [01m[K/opt/ros/galactic/include/rclcpp/memory_strategies.hpp:18[m[K,
[4.754s]                  from [01m[K/opt/ros/galactic/include/rclcpp/executor_options.hpp:20[m[K,
[4.754s]                  from [01m[K/opt/ros/galactic/include/rclcpp/executor.hpp:36[m[K,
[4.755s]                  from [01m[K/opt/ros/galactic/include/rclcpp/executors/multi_threaded_executor.hpp:26[m[K,
[4.755s]                  from [01m[K/opt/ros/galactic/include/rclcpp/executors.hpp:21[m[K,
[4.755s]                  from [01m[K/opt/ros/galactic/include/rclcpp/rclcpp.hpp:156[m[K,
[4.755s]                  from [01m[K/home/huang/codes/ROS_Study/src/ros_service/src/pub.cpp:5[m[K:
[4.755s] [01m[K/home/huang/codes/ROS_Study/src/ros_service/src/pub.cpp:[m[K In member function ‘[01m[Kvoid MinimalPublisher::service_callback(tutorial_interfaces::srv::Money_Request_<std::allocator<void> >::SharedPtr, tutorial_interfaces::srv::Money_Response_<std::allocator<void> >::SharedPtr)[m[K’:
[4.755s] [01m[K/home/huang/codes/ROS_Study/src/ros_service/src/pub.cpp:46:5:[m[K [01;31m[Kerror: [m[Kinvalid use of non-static member function ‘[01m[Krclcpp::Logger rclcpp::Node::get_logger() const[m[K’
[4.755s]    46 |     [01;31m[KRCLCPP_INFO[m[K(this->get_logger, "get a service that request name and money is %s, %d", request->name.c_str(), request->money);
[4.755s]       |     [01;31m[K^~~~~~~~~~~[m[K
[4.756s] In file included from [01m[K/opt/ros/galactic/include/rclcpp/executors/single_threaded_executor.hpp:28[m[K,
[4.756s]                  from [01m[K/opt/ros/galactic/include/rclcpp/executors.hpp:22[m[K,
[4.756s]                  from [01m[K/opt/ros/galactic/include/rclcpp/rclcpp.hpp:156[m[K,
[4.756s]                  from [01m[K/home/huang/codes/ROS_Study/src/ros_service/src/pub.cpp:5[m[K:
[4.756s] [01m[K/opt/ros/galactic/include/rclcpp/node.hpp:142:3:[m[K [01;36m[Knote: [m[Kdeclared here
[4.756s]   142 |   [01;36m[Kget_logger[m[K() const;
[4.756s]       |   [01;36m[K^~~~~~~~~~[m[K
[4.756s] In file included from [01m[K/opt/ros/galactic/include/rclcpp/service.hpp:34[m[K,
[4.757s]                  from [01m[K/opt/ros/galactic/include/rclcpp/callback_group.hpp:25[m[K,
[4.757s]                  from [01m[K/opt/ros/galactic/include/rclcpp/any_executable.hpp:20[m[K,
[4.757s]                  from [01m[K/opt/ros/galactic/include/rclcpp/memory_strategy.hpp:25[m[K,
[4.757s]                  from [01m[K/opt/ros/galactic/include/rclcpp/memory_strategies.hpp:18[m[K,
[4.757s]                  from [01m[K/opt/ros/galactic/include/rclcpp/executor_options.hpp:20[m[K,
[4.757s]                  from [01m[K/opt/ros/galactic/include/rclcpp/executor.hpp:36[m[K,
[4.757s]                  from [01m[K/opt/ros/galactic/include/rclcpp/executors/multi_threaded_executor.hpp:26[m[K,
[4.758s]                  from [01m[K/opt/ros/galactic/include/rclcpp/executors.hpp:21[m[K,
[4.758s]                  from [01m[K/opt/ros/galactic/include/rclcpp/rclcpp.hpp:156[m[K,
[4.758s]                  from [01m[K/home/huang/codes/ROS_Study/src/ros_service/src/pub.cpp:5[m[K:
[4.758s] [01m[K/home/huang/codes/ROS_Study/src/ros_service/src/pub.cpp:46:5:[m[K [01;31m[Kerror: [m[Ktemplate argument 1 is invalid
[4.758s]    46 |     [01;31m[KRCLCPP_INFO[m[K(this->get_logger, "get a service that request name and money is %s, %d", request->name.c_str(), request->money);
[4.758s]       |     [01;31m[K^~~~~~~~~~~[m[K
[4.758s] [01m[K/home/huang/codes/ROS_Study/src/ros_service/src/pub.cpp:46:5:[m[K [01;31m[Kerror: [m[Ktemplate argument 1 is invalid
[4.758s]    46 |     [01;31m[KRCLCPP_INFO[m[K(this->get_logger, "get a service that request name and money is %s, %d", request->name.c_str(), request->money);
[4.759s]       |     [01;31m[K^~~~~~~~~~~[m[K
[4.759s] [01m[K/home/huang/codes/ROS_Study/src/ros_service/src/pub.cpp:46:5:[m[K [01;31m[Kerror: [m[Ktemplate argument 1 is invalid
[4.759s]    46 |     [01;31m[KRCLCPP_INFO[m[K(this->get_logger, "get a service that request name and money is %s, %d", request->name.c_str(), request->money);
[4.759s]       |     [01;31m[K^~~~~~~~~~~[m[K
[4.759s] In file included from [01m[K/opt/ros/galactic/include/rclcpp/client.hpp:40[m[K,
[4.759s]                  from [01m[K/opt/ros/galactic/include/rclcpp/callback_group.hpp:23[m[K,
[4.759s]                  from [01m[K/opt/ros/galactic/include/rclcpp/any_executable.hpp:20[m[K,
[4.759s]                  from [01m[K/opt/ros/galactic/include/rclcpp/memory_strategy.hpp:25[m[K,
[4.760s]                  from [01m[K/opt/ros/galactic/include/rclcpp/memory_strategies.hpp:18[m[K,
[4.760s]                  from [01m[K/opt/ros/galactic/include/rclcpp/executor_options.hpp:20[m[K,
[4.760s]                  from [01m[K/opt/ros/galactic/include/rclcpp/executor.hpp:36[m[K,
[4.760s]                  from [01m[K/opt/ros/galactic/include/rclcpp/executors/multi_threaded_executor.hpp:26[m[K,
[4.760s]                  from [01m[K/opt/ros/galactic/include/rclcpp/executors.hpp:21[m[K,
[4.760s]                  from [01m[K/opt/ros/galactic/include/rclcpp/rclcpp.hpp:156[m[K,
[4.760s]                  from [01m[K/home/huang/codes/ROS_Study/src/ros_service/src/pub.cpp:5[m[K:
[4.760s] [01m[K/home/huang/codes/ROS_Study/src/ros_service/src/pub.cpp:46:23:[m[K [01;31m[Kerror: [m[Kinvalid use of member function ‘[01m[Krclcpp::Logger rclcpp::Node::get_logger() const[m[K’ (did you forget the ‘[01m[K()[m[K’ ?)
[4.761s]    46 |     RCLCPP_INFO(this->[01;31m[Kg[m[Ket_logger, "get a service that request name and money is %s, %d", request->name.c_str(), request->money);
[4.761s]       |                       [01;31m[K^[m[K
[4.761s] [01m[K/home/huang/codes/ROS_Study/src/ros_service/src/pub.cpp:46:23:[m[K [01;31m[Kerror: [m[Kinvalid use of member function ‘[01m[Krclcpp::Logger rclcpp::Node::get_logger() const[m[K’ (did you forget the ‘[01m[K()[m[K’ ?)
[4.761s]    46 |     RCLCPP_INFO(this->[01;31m[Kg[m[Ket_logger, "get a service that request name and money is %s, %d", request->name.c_str(), request->money);
[4.761s]       |                       [01;31m[K^[m[K
[6.371s] make[2]: *** [CMakeFiles/pub_node.dir/build.make:63：CMakeFiles/pub_node.dir/src/pub.cpp.o] 错误 1
[6.372s] make[1]: *** [CMakeFiles/Makefile2:80：CMakeFiles/pub_node.dir/all] 错误 2
[6.372s] make: *** [Makefile:141：all] 错误 2
[6.378s] Invoked command in '/home/huang/codes/ROS_Study/build/ros_service' returned '2': CMAKE_PREFIX_PATH=/home/huang/codes/ROS_Study/install/tutorial_interfaces:/home/huang/codes/ROS_Study/install/village_wang:/home/huang/codes/ROS_Study/install/village_li:/home/huang/codes/ROS_Study/install/village_interfaces:/home/huang/codes/ROS_Study/install/ros_pub_sub_cv:/home/huang/codes/ROS_Study/install/ros_pub_sub:/opt/ros/galactic LD_LIBRARY_PATH=/home/huang/codes/ROS_Study/install/tutorial_interfaces/lib:/home/huang/codes/ROS_Study/install/village_interfaces/lib:/opt/ros/galactic/opt/yaml_cpp_vendor/lib:/opt/ros/galactic/opt/rviz_ogre_vendor/lib:/opt/ros/galactic/lib/x86_64-linux-gnu:/opt/ros/galactic/lib PYTHONPATH=/home/huang/codes/ROS_Study/install/tutorial_interfaces/lib/python3.8/site-packages:/home/huang/codes/ROS_Study/install/village_interfaces/lib/python3.8/site-packages:/opt/ros/galactic/lib/python3.8/site-packages /usr/bin/cmake --build /home/huang/codes/ROS_Study/build/ros_service -- -j8 -l8
