[0.290s] DEBUG:colcon:Command line arguments: ['/usr/bin/colcon', 'build']
[0.290s] DEBUG:colcon:Parsed command line arguments: Namespace(allow_overriding=[], ament_cmake_args=None, base_paths=['.'], build_base='build', catkin_cmake_args=None, catkin_skip_building_tests=False, cmake_args=None, cmake_clean_cache=False, cmake_clean_first=False, cmake_force_configure=False, cmake_target=None, cmake_target_skip_unavailable=False, continue_on_error=False, event_handlers=None, executor='parallel', ignore_user_meta=False, install_base='install', log_base=None, log_level=None, main=<bound method BuildVerb.main of <colcon_core.verb.build.BuildVerb object at 0x7fade07e4940>>, merge_install=False, metas=['./colcon.meta'], packages_above=None, packages_above_and_dependencies=None, packages_above_depth=None, packages_end=None, packages_ignore=None, packages_ignore_regex=None, packages_select=None, packages_select_build_failed=False, packages_select_by_dep=None, packages_select_regex=None, packages_select_test_failures=False, packages_skip=None, packages_skip_build_finished=False, packages_skip_by_dep=None, packages_skip_regex=None, packages_skip_test_passed=False, packages_skip_up_to=None, packages_start=None, packages_up_to=None, packages_up_to_regex=None, parallel_workers=8, paths=None, symlink_install=False, test_result_base=None, verb_extension=<colcon_core.verb.build.BuildVerb object at 0x7fade07e4940>, verb_name='build', verb_parser=<colcon_defaults.argument_parser.defaults.DefaultArgumentsDecorator object at 0x7fade07e4eb0>)
[0.321s] Level 1:colcon.colcon_core.package_discovery:discover_packages(colcon_meta) check parameters
[0.321s] Level 1:colcon.colcon_core.package_discovery:discover_packages(recursive) check parameters
[0.321s] Level 1:colcon.colcon_core.package_discovery:discover_packages(ignore) check parameters
[0.321s] Level 1:colcon.colcon_core.package_discovery:discover_packages(path) check parameters
[0.321s] Level 1:colcon.colcon_core.package_discovery:discover_packages(colcon_meta) discover
[0.321s] Level 1:colcon.colcon_core.package_discovery:discover_packages(recursive) discover
[0.321s] INFO:colcon.colcon_core.package_discovery:Crawling recursively for packages in '/home/huang/codes/ROS_Study'
[0.321s] Level 1:colcon.colcon_core.package_identification:_identify(.) by extensions ['ignore', 'ignore_ament_install']
[0.321s] Level 1:colcon.colcon_core.package_identification:_identify(.) by extension 'ignore'
[0.321s] Level 1:colcon.colcon_core.package_identification:_identify(.) by extension 'ignore_ament_install'
[0.321s] Level 1:colcon.colcon_core.package_identification:_identify(.) by extensions ['colcon_pkg']
[0.321s] Level 1:colcon.colcon_core.package_identification:_identify(.) by extension 'colcon_pkg'
[0.321s] Level 1:colcon.colcon_core.package_identification:_identify(.) by extensions ['colcon_meta']
[0.321s] Level 1:colcon.colcon_core.package_identification:_identify(.) by extension 'colcon_meta'
[0.321s] Level 1:colcon.colcon_core.package_identification:_identify(.) by extensions ['ros']
[0.321s] Level 1:colcon.colcon_core.package_identification:_identify(.) by extension 'ros'
[0.330s] Level 1:colcon.colcon_core.package_identification:_identify(.) by extensions ['cmake', 'python']
[0.331s] Level 1:colcon.colcon_core.package_identification:_identify(.) by extension 'cmake'
[0.331s] Level 1:colcon.colcon_core.package_identification:_identify(.) by extension 'python'
[0.331s] Level 1:colcon.colcon_core.package_identification:_identify(.) by extensions ['python_setup_py']
[0.331s] Level 1:colcon.colcon_core.package_identification:_identify(.) by extension 'python_setup_py'
[0.331s] Level 1:colcon.colcon_core.package_identification:_identify(build) by extensions ['ignore', 'ignore_ament_install']
[0.331s] Level 1:colcon.colcon_core.package_identification:_identify(build) by extension 'ignore'
[0.331s] Level 1:colcon.colcon_core.package_identification:_identify(build) ignored
[0.331s] Level 1:colcon.colcon_core.package_identification:_identify(install) by extensions ['ignore', 'ignore_ament_install']
[0.331s] Level 1:colcon.colcon_core.package_identification:_identify(install) by extension 'ignore'
[0.331s] Level 1:colcon.colcon_core.package_identification:_identify(install) ignored
[0.331s] Level 1:colcon.colcon_core.package_identification:_identify(log) by extensions ['ignore', 'ignore_ament_install']
[0.331s] Level 1:colcon.colcon_core.package_identification:_identify(log) by extension 'ignore'
[0.331s] Level 1:colcon.colcon_core.package_identification:_identify(log) ignored
[0.331s] Level 1:colcon.colcon_core.package_identification:_identify(src) by extensions ['ignore', 'ignore_ament_install']
[0.332s] Level 1:colcon.colcon_core.package_identification:_identify(src) by extension 'ignore'
[0.332s] Level 1:colcon.colcon_core.package_identification:_identify(src) by extension 'ignore_ament_install'
[0.332s] Level 1:colcon.colcon_core.package_identification:_identify(src) by extensions ['colcon_pkg']
[0.332s] Level 1:colcon.colcon_core.package_identification:_identify(src) by extension 'colcon_pkg'
[0.332s] Level 1:colcon.colcon_core.package_identification:_identify(src) by extensions ['colcon_meta']
[0.332s] Level 1:colcon.colcon_core.package_identification:_identify(src) by extension 'colcon_meta'
[0.332s] Level 1:colcon.colcon_core.package_identification:_identify(src) by extensions ['ros']
[0.332s] Level 1:colcon.colcon_core.package_identification:_identify(src) by extension 'ros'
[0.332s] Level 1:colcon.colcon_core.package_identification:_identify(src) by extensions ['cmake', 'python']
[0.332s] Level 1:colcon.colcon_core.package_identification:_identify(src) by extension 'cmake'
[0.332s] Level 1:colcon.colcon_core.package_identification:_identify(src) by extension 'python'
[0.332s] Level 1:colcon.colcon_core.package_identification:_identify(src) by extensions ['python_setup_py']
[0.332s] Level 1:colcon.colcon_core.package_identification:_identify(src) by extension 'python_setup_py'
[0.332s] Level 1:colcon.colcon_core.package_identification:_identify(src/ros_pub_sub) by extensions ['ignore', 'ignore_ament_install']
[0.332s] Level 1:colcon.colcon_core.package_identification:_identify(src/ros_pub_sub) by extension 'ignore'
[0.332s] Level 1:colcon.colcon_core.package_identification:_identify(src/ros_pub_sub) by extension 'ignore_ament_install'
[0.332s] Level 1:colcon.colcon_core.package_identification:_identify(src/ros_pub_sub) by extensions ['colcon_pkg']
[0.332s] Level 1:colcon.colcon_core.package_identification:_identify(src/ros_pub_sub) by extension 'colcon_pkg'
[0.332s] Level 1:colcon.colcon_core.package_identification:_identify(src/ros_pub_sub) by extensions ['colcon_meta']
[0.332s] Level 1:colcon.colcon_core.package_identification:_identify(src/ros_pub_sub) by extension 'colcon_meta'
[0.332s] Level 1:colcon.colcon_core.package_identification:_identify(src/ros_pub_sub) by extensions ['ros']
[0.333s] Level 1:colcon.colcon_core.package_identification:_identify(src/ros_pub_sub) by extension 'ros'
[0.335s] DEBUG:colcon.colcon_core.package_identification:Package 'src/ros_pub_sub' with type 'ros.ament_cmake' and name 'ros_pub_sub'
[0.335s] Level 1:colcon.colcon_core.package_identification:_identify(src/ros_pub_sub_cv) by extensions ['ignore', 'ignore_ament_install']
[0.335s] Level 1:colcon.colcon_core.package_identification:_identify(src/ros_pub_sub_cv) by extension 'ignore'
[0.335s] Level 1:colcon.colcon_core.package_identification:_identify(src/ros_pub_sub_cv) by extension 'ignore_ament_install'
[0.335s] Level 1:colcon.colcon_core.package_identification:_identify(src/ros_pub_sub_cv) by extensions ['colcon_pkg']
[0.335s] Level 1:colcon.colcon_core.package_identification:_identify(src/ros_pub_sub_cv) by extension 'colcon_pkg'
[0.335s] Level 1:colcon.colcon_core.package_identification:_identify(src/ros_pub_sub_cv) by extensions ['colcon_meta']
[0.335s] Level 1:colcon.colcon_core.package_identification:_identify(src/ros_pub_sub_cv) by extension 'colcon_meta'
[0.335s] Level 1:colcon.colcon_core.package_identification:_identify(src/ros_pub_sub_cv) by extensions ['ros']
[0.335s] Level 1:colcon.colcon_core.package_identification:_identify(src/ros_pub_sub_cv) by extension 'ros'
[0.336s] DEBUG:colcon.colcon_core.package_identification:Package 'src/ros_pub_sub_cv' with type 'ros.ament_cmake' and name 'ros_pub_sub_cv'
[0.336s] Level 1:colcon.colcon_core.package_identification:_identify(src/tutorial_interfaces) by extensions ['ignore', 'ignore_ament_install']
[0.336s] Level 1:colcon.colcon_core.package_identification:_identify(src/tutorial_interfaces) by extension 'ignore'
[0.336s] Level 1:colcon.colcon_core.package_identification:_identify(src/tutorial_interfaces) by extension 'ignore_ament_install'
[0.336s] Level 1:colcon.colcon_core.package_identification:_identify(src/tutorial_interfaces) by extensions ['colcon_pkg']
[0.336s] Level 1:colcon.colcon_core.package_identification:_identify(src/tutorial_interfaces) by extension 'colcon_pkg'
[0.336s] Level 1:colcon.colcon_core.package_identification:_identify(src/tutorial_interfaces) by extensions ['colcon_meta']
[0.336s] Level 1:colcon.colcon_core.package_identification:_identify(src/tutorial_interfaces) by extension 'colcon_meta'
[0.336s] Level 1:colcon.colcon_core.package_identification:_identify(src/tutorial_interfaces) by extensions ['ros']
[0.336s] Level 1:colcon.colcon_core.package_identification:_identify(src/tutorial_interfaces) by extension 'ros'
[0.337s] DEBUG:colcon.colcon_core.package_identification:Package 'src/tutorial_interfaces' with type 'ros.ament_cmake' and name 'tutorial_interfaces'
[0.337s] Level 1:colcon.colcon_core.package_identification:_identify(src/village_interfaces) by extensions ['ignore', 'ignore_ament_install']
[0.337s] Level 1:colcon.colcon_core.package_identification:_identify(src/village_interfaces) by extension 'ignore'
[0.337s] Level 1:colcon.colcon_core.package_identification:_identify(src/village_interfaces) by extension 'ignore_ament_install'
[0.337s] Level 1:colcon.colcon_core.package_identification:_identify(src/village_interfaces) by extensions ['colcon_pkg']
[0.337s] Level 1:colcon.colcon_core.package_identification:_identify(src/village_interfaces) by extension 'colcon_pkg'
[0.337s] Level 1:colcon.colcon_core.package_identification:_identify(src/village_interfaces) by extensions ['colcon_meta']
[0.337s] Level 1:colcon.colcon_core.package_identification:_identify(src/village_interfaces) by extension 'colcon_meta'
[0.338s] Level 1:colcon.colcon_core.package_identification:_identify(src/village_interfaces) by extensions ['ros']
[0.338s] Level 1:colcon.colcon_core.package_identification:_identify(src/village_interfaces) by extension 'ros'
[0.338s] DEBUG:colcon.colcon_core.package_identification:Package 'src/village_interfaces' with type 'ros.ament_cmake' and name 'village_interfaces'
[0.338s] Level 1:colcon.colcon_core.package_identification:_identify(src/village_li) by extensions ['ignore', 'ignore_ament_install']
[0.338s] Level 1:colcon.colcon_core.package_identification:_identify(src/village_li) by extension 'ignore'
[0.338s] Level 1:colcon.colcon_core.package_identification:_identify(src/village_li) by extension 'ignore_ament_install'
[0.338s] Level 1:colcon.colcon_core.package_identification:_identify(src/village_li) by extensions ['colcon_pkg']
[0.338s] Level 1:colcon.colcon_core.package_identification:_identify(src/village_li) by extension 'colcon_pkg'
[0.339s] Level 1:colcon.colcon_core.package_identification:_identify(src/village_li) by extensions ['colcon_meta']
[0.339s] Level 1:colcon.colcon_core.package_identification:_identify(src/village_li) by extension 'colcon_meta'
[0.339s] Level 1:colcon.colcon_core.package_identification:_identify(src/village_li) by extensions ['ros']
[0.339s] Level 1:colcon.colcon_core.package_identification:_identify(src/village_li) by extension 'ros'
[0.339s] DEBUG:colcon.colcon_core.package_identification:Package 'src/village_li' with type 'ros.ament_cmake' and name 'village_li'
[0.339s] Level 1:colcon.colcon_core.package_identification:_identify(src/village_wang) by extensions ['ignore', 'ignore_ament_install']
[0.339s] Level 1:colcon.colcon_core.package_identification:_identify(src/village_wang) by extension 'ignore'
[0.339s] Level 1:colcon.colcon_core.package_identification:_identify(src/village_wang) by extension 'ignore_ament_install'
[0.339s] Level 1:colcon.colcon_core.package_identification:_identify(src/village_wang) by extensions ['colcon_pkg']
[0.339s] Level 1:colcon.colcon_core.package_identification:_identify(src/village_wang) by extension 'colcon_pkg'
[0.339s] Level 1:colcon.colcon_core.package_identification:_identify(src/village_wang) by extensions ['colcon_meta']
[0.339s] Level 1:colcon.colcon_core.package_identification:_identify(src/village_wang) by extension 'colcon_meta'
[0.339s] Level 1:colcon.colcon_core.package_identification:_identify(src/village_wang) by extensions ['ros']
[0.340s] Level 1:colcon.colcon_core.package_identification:_identify(src/village_wang) by extension 'ros'
[0.340s] DEBUG:colcon.colcon_core.package_identification:Package 'src/village_wang' with type 'ros.ament_cmake' and name 'village_wang'
[0.340s] Level 1:colcon.colcon_core.package_discovery:discover_packages(recursive) using defaults
[0.340s] Level 1:colcon.colcon_core.package_discovery:discover_packages(ignore) discover
[0.340s] Level 1:colcon.colcon_core.package_discovery:discover_packages(ignore) using defaults
[0.340s] Level 1:colcon.colcon_core.package_discovery:discover_packages(path) discover
[0.340s] Level 1:colcon.colcon_core.package_discovery:discover_packages(path) using defaults
[0.358s] Level 1:colcon.colcon_core.package_discovery:discover_packages(prefix_path) check parameters
[0.358s] Level 1:colcon.colcon_core.package_discovery:discover_packages(prefix_path) discover
[0.361s] DEBUG:colcon.colcon_installed_package_information.package_discovery:Found 6 installed packages in /home/huang/codes/ROS_Study/install
[0.362s] DEBUG:colcon.colcon_installed_package_information.package_discovery:Found 285 installed packages in /opt/ros/galactic
[0.364s] Level 1:colcon.colcon_core.package_discovery:discover_packages(prefix_path) using defaults
[0.427s] Level 5:colcon.colcon_core.verb:set package 'tutorial_interfaces' build argument 'cmake_args' from command line to 'None'
[0.427s] Level 5:colcon.colcon_core.verb:set package 'tutorial_interfaces' build argument 'cmake_target' from command line to 'None'
[0.427s] Level 5:colcon.colcon_core.verb:set package 'tutorial_interfaces' build argument 'cmake_target_skip_unavailable' from command line to 'False'
[0.427s] Level 5:colcon.colcon_core.verb:set package 'tutorial_interfaces' build argument 'cmake_clean_cache' from command line to 'False'
[0.427s] Level 5:colcon.colcon_core.verb:set package 'tutorial_interfaces' build argument 'cmake_clean_first' from command line to 'False'
[0.427s] Level 5:colcon.colcon_core.verb:set package 'tutorial_interfaces' build argument 'cmake_force_configure' from command line to 'False'
[0.427s] Level 5:colcon.colcon_core.verb:set package 'tutorial_interfaces' build argument 'ament_cmake_args' from command line to 'None'
[0.427s] Level 5:colcon.colcon_core.verb:set package 'tutorial_interfaces' build argument 'catkin_cmake_args' from command line to 'None'
[0.427s] Level 5:colcon.colcon_core.verb:set package 'tutorial_interfaces' build argument 'catkin_skip_building_tests' from command line to 'False'
[0.427s] DEBUG:colcon.colcon_core.verb:Building package 'tutorial_interfaces' with the following arguments: {'ament_cmake_args': None, 'build_base': '/home/huang/codes/ROS_Study/build/tutorial_interfaces', 'catkin_cmake_args': None, 'catkin_skip_building_tests': False, 'cmake_args': None, 'cmake_clean_cache': False, 'cmake_clean_first': False, 'cmake_force_configure': False, 'cmake_target': None, 'cmake_target_skip_unavailable': False, 'install_base': '/home/huang/codes/ROS_Study/install/tutorial_interfaces', 'merge_install': False, 'path': '/home/huang/codes/ROS_Study/src/tutorial_interfaces', 'symlink_install': False, 'test_result_base': None}
[0.428s] Level 5:colcon.colcon_core.verb:set package 'village_interfaces' build argument 'cmake_args' from command line to 'None'
[0.428s] Level 5:colcon.colcon_core.verb:set package 'village_interfaces' build argument 'cmake_target' from command line to 'None'
[0.428s] Level 5:colcon.colcon_core.verb:set package 'village_interfaces' build argument 'cmake_target_skip_unavailable' from command line to 'False'
[0.428s] Level 5:colcon.colcon_core.verb:set package 'village_interfaces' build argument 'cmake_clean_cache' from command line to 'False'
[0.428s] Level 5:colcon.colcon_core.verb:set package 'village_interfaces' build argument 'cmake_clean_first' from command line to 'False'
[0.428s] Level 5:colcon.colcon_core.verb:set package 'village_interfaces' build argument 'cmake_force_configure' from command line to 'False'
[0.428s] Level 5:colcon.colcon_core.verb:set package 'village_interfaces' build argument 'ament_cmake_args' from command line to 'None'
[0.428s] Level 5:colcon.colcon_core.verb:set package 'village_interfaces' build argument 'catkin_cmake_args' from command line to 'None'
[0.428s] Level 5:colcon.colcon_core.verb:set package 'village_interfaces' build argument 'catkin_skip_building_tests' from command line to 'False'
[0.428s] DEBUG:colcon.colcon_core.verb:Building package 'village_interfaces' with the following arguments: {'ament_cmake_args': None, 'build_base': '/home/huang/codes/ROS_Study/build/village_interfaces', 'catkin_cmake_args': None, 'catkin_skip_building_tests': False, 'cmake_args': None, 'cmake_clean_cache': False, 'cmake_clean_first': False, 'cmake_force_configure': False, 'cmake_target': None, 'cmake_target_skip_unavailable': False, 'install_base': '/home/huang/codes/ROS_Study/install/village_interfaces', 'merge_install': False, 'path': '/home/huang/codes/ROS_Study/src/village_interfaces', 'symlink_install': False, 'test_result_base': None}
[0.429s] Level 5:colcon.colcon_core.verb:set package 'village_li' build argument 'cmake_args' from command line to 'None'
[0.429s] Level 5:colcon.colcon_core.verb:set package 'village_li' build argument 'cmake_target' from command line to 'None'
[0.429s] Level 5:colcon.colcon_core.verb:set package 'village_li' build argument 'cmake_target_skip_unavailable' from command line to 'False'
[0.429s] Level 5:colcon.colcon_core.verb:set package 'village_li' build argument 'cmake_clean_cache' from command line to 'False'
[0.429s] Level 5:colcon.colcon_core.verb:set package 'village_li' build argument 'cmake_clean_first' from command line to 'False'
[0.429s] Level 5:colcon.colcon_core.verb:set package 'village_li' build argument 'cmake_force_configure' from command line to 'False'
[0.429s] Level 5:colcon.colcon_core.verb:set package 'village_li' build argument 'ament_cmake_args' from command line to 'None'
[0.429s] Level 5:colcon.colcon_core.verb:set package 'village_li' build argument 'catkin_cmake_args' from command line to 'None'
[0.429s] Level 5:colcon.colcon_core.verb:set package 'village_li' build argument 'catkin_skip_building_tests' from command line to 'False'
[0.430s] DEBUG:colcon.colcon_core.verb:Building package 'village_li' with the following arguments: {'ament_cmake_args': None, 'build_base': '/home/huang/codes/ROS_Study/build/village_li', 'catkin_cmake_args': None, 'catkin_skip_building_tests': False, 'cmake_args': None, 'cmake_clean_cache': False, 'cmake_clean_first': False, 'cmake_force_configure': False, 'cmake_target': None, 'cmake_target_skip_unavailable': False, 'install_base': '/home/huang/codes/ROS_Study/install/village_li', 'merge_install': False, 'path': '/home/huang/codes/ROS_Study/src/village_li', 'symlink_install': False, 'test_result_base': None}
[0.430s] Level 5:colcon.colcon_core.verb:set package 'village_wang' build argument 'cmake_args' from command line to 'None'
[0.430s] Level 5:colcon.colcon_core.verb:set package 'village_wang' build argument 'cmake_target' from command line to 'None'
[0.430s] Level 5:colcon.colcon_core.verb:set package 'village_wang' build argument 'cmake_target_skip_unavailable' from command line to 'False'
[0.430s] Level 5:colcon.colcon_core.verb:set package 'village_wang' build argument 'cmake_clean_cache' from command line to 'False'
[0.430s] Level 5:colcon.colcon_core.verb:set package 'village_wang' build argument 'cmake_clean_first' from command line to 'False'
[0.430s] Level 5:colcon.colcon_core.verb:set package 'village_wang' build argument 'cmake_force_configure' from command line to 'False'
[0.430s] Level 5:colcon.colcon_core.verb:set package 'village_wang' build argument 'ament_cmake_args' from command line to 'None'
[0.431s] Level 5:colcon.colcon_core.verb:set package 'village_wang' build argument 'catkin_cmake_args' from command line to 'None'
[0.431s] Level 5:colcon.colcon_core.verb:set package 'village_wang' build argument 'catkin_skip_building_tests' from command line to 'False'
[0.431s] DEBUG:colcon.colcon_core.verb:Building package 'village_wang' with the following arguments: {'ament_cmake_args': None, 'build_base': '/home/huang/codes/ROS_Study/build/village_wang', 'catkin_cmake_args': None, 'catkin_skip_building_tests': False, 'cmake_args': None, 'cmake_clean_cache': False, 'cmake_clean_first': False, 'cmake_force_configure': False, 'cmake_target': None, 'cmake_target_skip_unavailable': False, 'install_base': '/home/huang/codes/ROS_Study/install/village_wang', 'merge_install': False, 'path': '/home/huang/codes/ROS_Study/src/village_wang', 'symlink_install': False, 'test_result_base': None}
[0.431s] Level 5:colcon.colcon_core.verb:set package 'ros_pub_sub' build argument 'cmake_args' from command line to 'None'
[0.431s] Level 5:colcon.colcon_core.verb:set package 'ros_pub_sub' build argument 'cmake_target' from command line to 'None'
[0.432s] Level 5:colcon.colcon_core.verb:set package 'ros_pub_sub' build argument 'cmake_target_skip_unavailable' from command line to 'False'
[0.432s] Level 5:colcon.colcon_core.verb:set package 'ros_pub_sub' build argument 'cmake_clean_cache' from command line to 'False'
[0.432s] Level 5:colcon.colcon_core.verb:set package 'ros_pub_sub' build argument 'cmake_clean_first' from command line to 'False'
[0.432s] Level 5:colcon.colcon_core.verb:set package 'ros_pub_sub' build argument 'cmake_force_configure' from command line to 'False'
[0.432s] Level 5:colcon.colcon_core.verb:set package 'ros_pub_sub' build argument 'ament_cmake_args' from command line to 'None'
[0.432s] Level 5:colcon.colcon_core.verb:set package 'ros_pub_sub' build argument 'catkin_cmake_args' from command line to 'None'
[0.432s] Level 5:colcon.colcon_core.verb:set package 'ros_pub_sub' build argument 'catkin_skip_building_tests' from command line to 'False'
[0.432s] DEBUG:colcon.colcon_core.verb:Building package 'ros_pub_sub' with the following arguments: {'ament_cmake_args': None, 'build_base': '/home/huang/codes/ROS_Study/build/ros_pub_sub', 'catkin_cmake_args': None, 'catkin_skip_building_tests': False, 'cmake_args': None, 'cmake_clean_cache': False, 'cmake_clean_first': False, 'cmake_force_configure': False, 'cmake_target': None, 'cmake_target_skip_unavailable': False, 'install_base': '/home/huang/codes/ROS_Study/install/ros_pub_sub', 'merge_install': False, 'path': '/home/huang/codes/ROS_Study/src/ros_pub_sub', 'symlink_install': False, 'test_result_base': None}
[0.433s] Level 5:colcon.colcon_core.verb:set package 'ros_pub_sub_cv' build argument 'cmake_args' from command line to 'None'
[0.433s] Level 5:colcon.colcon_core.verb:set package 'ros_pub_sub_cv' build argument 'cmake_target' from command line to 'None'
[0.433s] Level 5:colcon.colcon_core.verb:set package 'ros_pub_sub_cv' build argument 'cmake_target_skip_unavailable' from command line to 'False'
[0.433s] Level 5:colcon.colcon_core.verb:set package 'ros_pub_sub_cv' build argument 'cmake_clean_cache' from command line to 'False'
[0.433s] Level 5:colcon.colcon_core.verb:set package 'ros_pub_sub_cv' build argument 'cmake_clean_first' from command line to 'False'
[0.433s] Level 5:colcon.colcon_core.verb:set package 'ros_pub_sub_cv' build argument 'cmake_force_configure' from command line to 'False'
[0.433s] Level 5:colcon.colcon_core.verb:set package 'ros_pub_sub_cv' build argument 'ament_cmake_args' from command line to 'None'
[0.433s] Level 5:colcon.colcon_core.verb:set package 'ros_pub_sub_cv' build argument 'catkin_cmake_args' from command line to 'None'
[0.433s] Level 5:colcon.colcon_core.verb:set package 'ros_pub_sub_cv' build argument 'catkin_skip_building_tests' from command line to 'False'
[0.433s] DEBUG:colcon.colcon_core.verb:Building package 'ros_pub_sub_cv' with the following arguments: {'ament_cmake_args': None, 'build_base': '/home/huang/codes/ROS_Study/build/ros_pub_sub_cv', 'catkin_cmake_args': None, 'catkin_skip_building_tests': False, 'cmake_args': None, 'cmake_clean_cache': False, 'cmake_clean_first': False, 'cmake_force_configure': False, 'cmake_target': None, 'cmake_target_skip_unavailable': False, 'install_base': '/home/huang/codes/ROS_Study/install/ros_pub_sub_cv', 'merge_install': False, 'path': '/home/huang/codes/ROS_Study/src/ros_pub_sub_cv', 'symlink_install': False, 'test_result_base': None}
[0.434s] INFO:colcon.colcon_core.executor:Executing jobs using 'parallel' executor
[0.437s] DEBUG:colcon.colcon_parallel_executor.executor.parallel:run_until_complete
[0.437s] INFO:colcon.colcon_ros.task.ament_cmake.build:Building ROS package in '/home/huang/codes/ROS_Study/src/tutorial_interfaces' with build type 'ament_cmake'
[0.437s] INFO:colcon.colcon_cmake.task.cmake.build:Building CMake package in '/home/huang/codes/ROS_Study/src/tutorial_interfaces'
[0.444s] INFO:colcon.colcon_core.plugin_system:Skipping extension 'colcon_core.shell.bat': Not used on non-Windows systems
[0.444s] INFO:colcon.colcon_core.shell:Skip shell extension 'powershell' for command environment: Not usable outside of PowerShell
[0.444s] DEBUG:colcon.colcon_core.shell:Skip shell extension 'dsv' for command environment
[0.455s] INFO:colcon.colcon_ros.task.ament_cmake.build:Building ROS package in '/home/huang/codes/ROS_Study/src/village_interfaces' with build type 'ament_cmake'
[0.455s] INFO:colcon.colcon_cmake.task.cmake.build:Building CMake package in '/home/huang/codes/ROS_Study/src/village_interfaces'
[0.459s] INFO:colcon.colcon_core.shell:Skip shell extension 'powershell' for command environment: Not usable outside of PowerShell
[0.460s] DEBUG:colcon.colcon_core.shell:Skip shell extension 'dsv' for command environment
[0.469s] INFO:colcon.colcon_ros.task.ament_cmake.build:Building ROS package in '/home/huang/codes/ROS_Study/src/village_li' with build type 'ament_cmake'
[0.470s] INFO:colcon.colcon_cmake.task.cmake.build:Building CMake package in '/home/huang/codes/ROS_Study/src/village_li'
[0.474s] INFO:colcon.colcon_core.shell:Skip shell extension 'powershell' for command environment: Not usable outside of PowerShell
[0.474s] DEBUG:colcon.colcon_core.shell:Skip shell extension 'dsv' for command environment
[0.490s] INFO:colcon.colcon_ros.task.ament_cmake.build:Building ROS package in '/home/huang/codes/ROS_Study/src/village_wang' with build type 'ament_cmake'
[0.491s] INFO:colcon.colcon_cmake.task.cmake.build:Building CMake package in '/home/huang/codes/ROS_Study/src/village_wang'
[0.495s] INFO:colcon.colcon_core.shell:Skip shell extension 'powershell' for command environment: Not usable outside of PowerShell
[0.495s] DEBUG:colcon.colcon_core.shell:Skip shell extension 'dsv' for command environment
[0.528s] DEBUG:colcon.colcon_core.event_handler.log_command:Invoking command in '/home/huang/codes/ROS_Study/build/tutorial_interfaces': CMAKE_PREFIX_PATH=${CMAKE_PREFIX_PATH}:/opt/ros/galactic /usr/bin/cmake --build /home/huang/codes/ROS_Study/build/tutorial_interfaces -- -j8 -l8
[0.537s] DEBUG:colcon.colcon_core.event_handler.log_command:Invoking command in '/home/huang/codes/ROS_Study/build/village_interfaces': CMAKE_PREFIX_PATH=${CMAKE_PREFIX_PATH}:/opt/ros/galactic /usr/bin/cmake --build /home/huang/codes/ROS_Study/build/village_interfaces -- -j8 -l8
[0.548s] DEBUG:colcon.colcon_core.event_handler.log_command:Invoking command in '/home/huang/codes/ROS_Study/build/village_li': CMAKE_PREFIX_PATH=${CMAKE_PREFIX_PATH}:/opt/ros/galactic /usr/bin/cmake --build /home/huang/codes/ROS_Study/build/village_li -- -j8 -l8
[0.558s] DEBUG:colcon.colcon_core.event_handler.log_command:Invoking command in '/home/huang/codes/ROS_Study/build/village_wang': CMAKE_PREFIX_PATH=${CMAKE_PREFIX_PATH}:/opt/ros/galactic /usr/bin/cmake --build /home/huang/codes/ROS_Study/build/village_wang -- -j8 -l8
[0.668s] DEBUG:colcon.colcon_core.event_handler.log_command:Invoked command in '/home/huang/codes/ROS_Study/build/village_li' returned '0': CMAKE_PREFIX_PATH=${CMAKE_PREFIX_PATH}:/opt/ros/galactic /usr/bin/cmake --build /home/huang/codes/ROS_Study/build/village_li -- -j8 -l8
[0.722s] DEBUG:colcon.colcon_core.event_handler.log_command:Invoked command in '/home/huang/codes/ROS_Study/build/village_wang' returned '0': CMAKE_PREFIX_PATH=${CMAKE_PREFIX_PATH}:/opt/ros/galactic /usr/bin/cmake --build /home/huang/codes/ROS_Study/build/village_wang -- -j8 -l8
[0.739s] DEBUG:colcon.colcon_core.event_handler.log_command:Invoking command in '/home/huang/codes/ROS_Study/build/village_li': CMAKE_PREFIX_PATH=${CMAKE_PREFIX_PATH}:/opt/ros/galactic /usr/bin/cmake --install /home/huang/codes/ROS_Study/build/village_li
[0.763s] DEBUG:colcon.colcon_core.event_handler.log_command:Invoking command in '/home/huang/codes/ROS_Study/build/village_wang': CMAKE_PREFIX_PATH=${CMAKE_PREFIX_PATH}:/opt/ros/galactic /usr/bin/cmake --install /home/huang/codes/ROS_Study/build/village_wang
[0.766s] Level 1:colcon.colcon_core.environment:create_environment_scripts_only(village_li)
[0.771s] DEBUG:colcon.colcon_core.event_handler.log_command:Invoked command in '/home/huang/codes/ROS_Study/build/village_li' returned '0': CMAKE_PREFIX_PATH=${CMAKE_PREFIX_PATH}:/opt/ros/galactic /usr/bin/cmake --install /home/huang/codes/ROS_Study/build/village_li
[0.781s] Level 1:colcon.colcon_core.environment:checking '/home/huang/codes/ROS_Study/install/village_li' for CMake module files
[0.782s] Level 1:colcon.colcon_core.environment:checking '/home/huang/codes/ROS_Study/install/village_li' for CMake config files
[0.782s] Level 1:colcon.colcon_core.shell:create_environment_hook('village_li', 'cmake_prefix_path')
[0.784s] INFO:colcon.colcon_core.shell:Creating environment hook '/home/huang/codes/ROS_Study/install/village_li/share/village_li/hook/cmake_prefix_path.ps1'
[0.785s] INFO:colcon.colcon_core.shell:Creating environment descriptor '/home/huang/codes/ROS_Study/install/village_li/share/village_li/hook/cmake_prefix_path.dsv'
[0.785s] INFO:colcon.colcon_core.shell:Creating environment hook '/home/huang/codes/ROS_Study/install/village_li/share/village_li/hook/cmake_prefix_path.sh'
[0.786s] Level 1:colcon.colcon_core.environment:checking '/home/huang/codes/ROS_Study/install/village_li/lib'
[0.787s] Level 1:colcon.colcon_core.environment:checking '/home/huang/codes/ROS_Study/install/village_li/bin'
[0.787s] Level 1:colcon.colcon_core.environment:checking '/home/huang/codes/ROS_Study/install/village_li/lib/pkgconfig/village_li.pc'
[0.787s] Level 1:colcon.colcon_core.environment:checking '/home/huang/codes/ROS_Study/install/village_li/lib/python3.8/site-packages'
[0.787s] Level 1:colcon.colcon_core.environment:checking '/home/huang/codes/ROS_Study/install/village_li/bin'
[0.790s] INFO:colcon.colcon_core.shell:Creating package script '/home/huang/codes/ROS_Study/install/village_li/share/village_li/package.ps1'
[0.791s] INFO:colcon.colcon_core.shell:Creating package descriptor '/home/huang/codes/ROS_Study/install/village_li/share/village_li/package.dsv'
[0.792s] INFO:colcon.colcon_core.shell:Creating package script '/home/huang/codes/ROS_Study/install/village_li/share/village_li/package.sh'
[0.793s] INFO:colcon.colcon_core.shell:Creating package script '/home/huang/codes/ROS_Study/install/village_li/share/village_li/package.bash'
[0.793s] INFO:colcon.colcon_core.shell:Creating package script '/home/huang/codes/ROS_Study/install/village_li/share/village_li/package.zsh'
[0.794s] Level 1:colcon.colcon_core.environment:create_file_with_runtime_dependencies(/home/huang/codes/ROS_Study/install/village_li/share/colcon-core/packages/village_li)
[0.799s] Level 1:colcon.colcon_core.environment:create_environment_scripts_only(village_wang)
[0.802s] Level 1:colcon.colcon_core.environment:checking '/home/huang/codes/ROS_Study/install/village_wang' for CMake module files
[0.803s] DEBUG:colcon.colcon_core.event_handler.log_command:Invoked command in '/home/huang/codes/ROS_Study/build/village_wang' returned '0': CMAKE_PREFIX_PATH=${CMAKE_PREFIX_PATH}:/opt/ros/galactic /usr/bin/cmake --install /home/huang/codes/ROS_Study/build/village_wang
[0.803s] Level 1:colcon.colcon_core.environment:checking '/home/huang/codes/ROS_Study/install/village_wang' for CMake config files
[0.804s] Level 1:colcon.colcon_core.shell:create_environment_hook('village_wang', 'cmake_prefix_path')
[0.805s] INFO:colcon.colcon_core.shell:Creating environment hook '/home/huang/codes/ROS_Study/install/village_wang/share/village_wang/hook/cmake_prefix_path.ps1'
[0.806s] INFO:colcon.colcon_core.shell:Creating environment descriptor '/home/huang/codes/ROS_Study/install/village_wang/share/village_wang/hook/cmake_prefix_path.dsv'
[0.806s] INFO:colcon.colcon_core.shell:Creating environment hook '/home/huang/codes/ROS_Study/install/village_wang/share/village_wang/hook/cmake_prefix_path.sh'
[0.807s] Level 1:colcon.colcon_core.environment:checking '/home/huang/codes/ROS_Study/install/village_wang/lib'
[0.807s] Level 1:colcon.colcon_core.environment:checking '/home/huang/codes/ROS_Study/install/village_wang/bin'
[0.807s] Level 1:colcon.colcon_core.environment:checking '/home/huang/codes/ROS_Study/install/village_wang/lib/pkgconfig/village_wang.pc'
[0.807s] Level 1:colcon.colcon_core.environment:checking '/home/huang/codes/ROS_Study/install/village_wang/lib/python3.8/site-packages'
[0.808s] Level 1:colcon.colcon_core.environment:checking '/home/huang/codes/ROS_Study/install/village_wang/bin'
[0.809s] INFO:colcon.colcon_core.shell:Creating package script '/home/huang/codes/ROS_Study/install/village_wang/share/village_wang/package.ps1'
[0.810s] INFO:colcon.colcon_core.shell:Creating package descriptor '/home/huang/codes/ROS_Study/install/village_wang/share/village_wang/package.dsv'
[0.810s] INFO:colcon.colcon_core.shell:Creating package script '/home/huang/codes/ROS_Study/install/village_wang/share/village_wang/package.sh'
[0.811s] INFO:colcon.colcon_core.shell:Creating package script '/home/huang/codes/ROS_Study/install/village_wang/share/village_wang/package.bash'
[0.811s] INFO:colcon.colcon_core.shell:Creating package script '/home/huang/codes/ROS_Study/install/village_wang/share/village_wang/package.zsh'
[0.811s] Level 1:colcon.colcon_core.environment:create_file_with_runtime_dependencies(/home/huang/codes/ROS_Study/install/village_wang/share/colcon-core/packages/village_wang)
[0.823s] Level 1:colcon.colcon_core.environment:create_environment_scripts_only(village_li)
[0.826s] Level 1:colcon.colcon_core.environment:checking '/home/huang/codes/ROS_Study/install/village_li' for CMake module files
[0.826s] Level 1:colcon.colcon_core.environment:checking '/home/huang/codes/ROS_Study/install/village_li' for CMake config files
[0.827s] Level 1:colcon.colcon_core.shell:create_environment_hook('village_li', 'cmake_prefix_path')
[0.829s] INFO:colcon.colcon_core.shell:Creating environment hook '/home/huang/codes/ROS_Study/install/village_li/share/village_li/hook/cmake_prefix_path.ps1'
[0.830s] INFO:colcon.colcon_core.shell:Creating environment descriptor '/home/huang/codes/ROS_Study/install/village_li/share/village_li/hook/cmake_prefix_path.dsv'
[0.831s] INFO:colcon.colcon_core.shell:Creating environment hook '/home/huang/codes/ROS_Study/install/village_li/share/village_li/hook/cmake_prefix_path.sh'
[0.831s] Level 1:colcon.colcon_core.environment:checking '/home/huang/codes/ROS_Study/install/village_li/lib'
[0.832s] Level 1:colcon.colcon_core.environment:checking '/home/huang/codes/ROS_Study/install/village_li/bin'
[0.832s] Level 1:colcon.colcon_core.environment:checking '/home/huang/codes/ROS_Study/install/village_li/lib/pkgconfig/village_li.pc'
[0.832s] Level 1:colcon.colcon_core.environment:checking '/home/huang/codes/ROS_Study/install/village_li/lib/python3.8/site-packages'
[0.832s] Level 1:colcon.colcon_core.environment:checking '/home/huang/codes/ROS_Study/install/village_li/bin'
[0.837s] INFO:colcon.colcon_core.shell:Creating package script '/home/huang/codes/ROS_Study/install/village_li/share/village_li/package.ps1'
[0.838s] INFO:colcon.colcon_core.shell:Creating package descriptor '/home/huang/codes/ROS_Study/install/village_li/share/village_li/package.dsv'
[0.839s] INFO:colcon.colcon_core.shell:Creating package script '/home/huang/codes/ROS_Study/install/village_li/share/village_li/package.sh'
[0.840s] INFO:colcon.colcon_core.shell:Creating package script '/home/huang/codes/ROS_Study/install/village_li/share/village_li/package.bash'
[0.841s] INFO:colcon.colcon_core.shell:Creating package script '/home/huang/codes/ROS_Study/install/village_li/share/village_li/package.zsh'
[0.842s] Level 1:colcon.colcon_core.environment:create_file_with_runtime_dependencies(/home/huang/codes/ROS_Study/install/village_li/share/colcon-core/packages/village_li)
[0.846s] Level 1:colcon.colcon_core.environment:create_environment_scripts_only(village_wang)
[0.851s] Level 1:colcon.colcon_core.environment:checking '/home/huang/codes/ROS_Study/install/village_wang' for CMake module files
[0.852s] Level 1:colcon.colcon_core.environment:checking '/home/huang/codes/ROS_Study/install/village_wang' for CMake config files
[0.852s] Level 1:colcon.colcon_core.shell:create_environment_hook('village_wang', 'cmake_prefix_path')
[0.855s] INFO:colcon.colcon_core.shell:Creating environment hook '/home/huang/codes/ROS_Study/install/village_wang/share/village_wang/hook/cmake_prefix_path.ps1'
[0.856s] INFO:colcon.colcon_core.shell:Creating environment descriptor '/home/huang/codes/ROS_Study/install/village_wang/share/village_wang/hook/cmake_prefix_path.dsv'
[0.857s] INFO:colcon.colcon_core.shell:Creating environment hook '/home/huang/codes/ROS_Study/install/village_wang/share/village_wang/hook/cmake_prefix_path.sh'
[0.859s] Level 1:colcon.colcon_core.environment:checking '/home/huang/codes/ROS_Study/install/village_wang/lib'
[0.859s] Level 1:colcon.colcon_core.environment:checking '/home/huang/codes/ROS_Study/install/village_wang/bin'
[0.859s] Level 1:colcon.colcon_core.environment:checking '/home/huang/codes/ROS_Study/install/village_wang/lib/pkgconfig/village_wang.pc'
[0.860s] Level 1:colcon.colcon_core.environment:checking '/home/huang/codes/ROS_Study/install/village_wang/lib/python3.8/site-packages'
[0.860s] Level 1:colcon.colcon_core.environment:checking '/home/huang/codes/ROS_Study/install/village_wang/bin'
[0.865s] INFO:colcon.colcon_core.shell:Creating package script '/home/huang/codes/ROS_Study/install/village_wang/share/village_wang/package.ps1'
[0.867s] INFO:colcon.colcon_core.shell:Creating package descriptor '/home/huang/codes/ROS_Study/install/village_wang/share/village_wang/package.dsv'
[0.868s] INFO:colcon.colcon_core.shell:Creating package script '/home/huang/codes/ROS_Study/install/village_wang/share/village_wang/package.sh'
[0.869s] INFO:colcon.colcon_core.shell:Creating package script '/home/huang/codes/ROS_Study/install/village_wang/share/village_wang/package.bash'
[0.870s] INFO:colcon.colcon_core.shell:Creating package script '/home/huang/codes/ROS_Study/install/village_wang/share/village_wang/package.zsh'
[0.871s] Level 1:colcon.colcon_core.environment:create_file_with_runtime_dependencies(/home/huang/codes/ROS_Study/install/village_wang/share/colcon-core/packages/village_wang)
[0.910s] DEBUG:colcon.colcon_core.event_handler.log_command:Invoked command in '/home/huang/codes/ROS_Study/build/village_interfaces' returned '0': CMAKE_PREFIX_PATH=${CMAKE_PREFIX_PATH}:/opt/ros/galactic /usr/bin/cmake --build /home/huang/codes/ROS_Study/build/village_interfaces -- -j8 -l8
[0.961s] DEBUG:colcon.colcon_core.event_handler.log_command:Invoked command in '/home/huang/codes/ROS_Study/build/tutorial_interfaces' returned '0': CMAKE_PREFIX_PATH=${CMAKE_PREFIX_PATH}:/opt/ros/galactic /usr/bin/cmake --build /home/huang/codes/ROS_Study/build/tutorial_interfaces -- -j8 -l8
[1.011s] DEBUG:colcon.colcon_core.event_handler.log_command:Invoking command in '/home/huang/codes/ROS_Study/build/village_interfaces': CMAKE_PREFIX_PATH=${CMAKE_PREFIX_PATH}:/opt/ros/galactic /usr/bin/cmake --install /home/huang/codes/ROS_Study/build/village_interfaces
[1.134s] Level 1:colcon.colcon_core.environment:create_environment_scripts_only(village_interfaces)
[1.140s] Level 1:colcon.colcon_core.environment:checking '/home/huang/codes/ROS_Study/install/village_interfaces' for CMake module files
[1.141s] Level 1:colcon.colcon_core.environment:checking '/home/huang/codes/ROS_Study/install/village_interfaces' for CMake config files
[1.142s] Level 1:colcon.colcon_core.shell:create_environment_hook('village_interfaces', 'cmake_prefix_path')
[1.144s] INFO:colcon.colcon_core.shell:Creating environment hook '/home/huang/codes/ROS_Study/install/village_interfaces/share/village_interfaces/hook/cmake_prefix_path.ps1'
[1.147s] DEBUG:colcon.colcon_core.event_handler.log_command:Invoked command in '/home/huang/codes/ROS_Study/build/village_interfaces' returned '0': CMAKE_PREFIX_PATH=${CMAKE_PREFIX_PATH}:/opt/ros/galactic /usr/bin/cmake --install /home/huang/codes/ROS_Study/build/village_interfaces
[1.149s] INFO:colcon.colcon_core.shell:Creating environment descriptor '/home/huang/codes/ROS_Study/install/village_interfaces/share/village_interfaces/hook/cmake_prefix_path.dsv'
[1.149s] INFO:colcon.colcon_core.shell:Creating environment hook '/home/huang/codes/ROS_Study/install/village_interfaces/share/village_interfaces/hook/cmake_prefix_path.sh'
[1.150s] Level 1:colcon.colcon_core.environment:checking '/home/huang/codes/ROS_Study/install/village_interfaces/lib'
[1.150s] Level 1:colcon.colcon_core.shell:create_environment_hook('village_interfaces', 'ld_library_path_lib')
[1.155s] INFO:colcon.colcon_core.shell:Creating environment hook '/home/huang/codes/ROS_Study/install/village_interfaces/share/village_interfaces/hook/ld_library_path_lib.ps1'
[1.156s] INFO:colcon.colcon_core.shell:Creating environment descriptor '/home/huang/codes/ROS_Study/install/village_interfaces/share/village_interfaces/hook/ld_library_path_lib.dsv'
[1.157s] INFO:colcon.colcon_core.shell:Creating environment hook '/home/huang/codes/ROS_Study/install/village_interfaces/share/village_interfaces/hook/ld_library_path_lib.sh'
[1.157s] Level 1:colcon.colcon_core.environment:checking '/home/huang/codes/ROS_Study/install/village_interfaces/bin'
[1.158s] Level 1:colcon.colcon_core.environment:checking '/home/huang/codes/ROS_Study/install/village_interfaces/lib/pkgconfig/village_interfaces.pc'
[1.158s] Level 1:colcon.colcon_core.environment:checking '/home/huang/codes/ROS_Study/install/village_interfaces/lib/python3.8/site-packages'
[1.159s] Level 1:colcon.colcon_core.shell:create_environment_hook('village_interfaces', 'pythonpath')
[1.163s] INFO:colcon.colcon_core.shell:Creating environment hook '/home/huang/codes/ROS_Study/install/village_interfaces/share/village_interfaces/hook/pythonpath.ps1'
[1.164s] INFO:colcon.colcon_core.shell:Creating environment descriptor '/home/huang/codes/ROS_Study/install/village_interfaces/share/village_interfaces/hook/pythonpath.dsv'
[1.165s] INFO:colcon.colcon_core.shell:Creating environment hook '/home/huang/codes/ROS_Study/install/village_interfaces/share/village_interfaces/hook/pythonpath.sh'
[1.166s] Level 1:colcon.colcon_core.environment:checking '/home/huang/codes/ROS_Study/install/village_interfaces/bin'
[1.171s] INFO:colcon.colcon_core.shell:Creating package script '/home/huang/codes/ROS_Study/install/village_interfaces/share/village_interfaces/package.ps1'
[1.174s] INFO:colcon.colcon_core.shell:Creating package descriptor '/home/huang/codes/ROS_Study/install/village_interfaces/share/village_interfaces/package.dsv'
[1.174s] INFO:colcon.colcon_core.shell:Creating package script '/home/huang/codes/ROS_Study/install/village_interfaces/share/village_interfaces/package.sh'
[1.175s] INFO:colcon.colcon_core.shell:Creating package script '/home/huang/codes/ROS_Study/install/village_interfaces/share/village_interfaces/package.bash'
[1.175s] INFO:colcon.colcon_core.shell:Creating package script '/home/huang/codes/ROS_Study/install/village_interfaces/share/village_interfaces/package.zsh'
[1.176s] Level 1:colcon.colcon_core.environment:create_file_with_runtime_dependencies(/home/huang/codes/ROS_Study/install/village_interfaces/share/colcon-core/packages/village_interfaces)
[1.236s] DEBUG:colcon.colcon_core.event_handler.log_command:Invoking command in '/home/huang/codes/ROS_Study/build/tutorial_interfaces': CMAKE_PREFIX_PATH=${CMAKE_PREFIX_PATH}:/opt/ros/galactic /usr/bin/cmake --install /home/huang/codes/ROS_Study/build/tutorial_interfaces
[1.289s] Level 1:colcon.colcon_core.environment:create_environment_scripts_only(village_interfaces)
[1.293s] Level 1:colcon.colcon_core.environment:checking '/home/huang/codes/ROS_Study/install/village_interfaces' for CMake module files
[1.294s] Level 1:colcon.colcon_core.environment:checking '/home/huang/codes/ROS_Study/install/village_interfaces' for CMake config files
[1.294s] Level 1:colcon.colcon_core.shell:create_environment_hook('village_interfaces', 'cmake_prefix_path')
[1.297s] INFO:colcon.colcon_core.shell:Creating environment hook '/home/huang/codes/ROS_Study/install/village_interfaces/share/village_interfaces/hook/cmake_prefix_path.ps1'
[1.298s] INFO:colcon.colcon_core.shell:Creating environment descriptor '/home/huang/codes/ROS_Study/install/village_interfaces/share/village_interfaces/hook/cmake_prefix_path.dsv'
[1.298s] INFO:colcon.colcon_core.shell:Creating environment hook '/home/huang/codes/ROS_Study/install/village_interfaces/share/village_interfaces/hook/cmake_prefix_path.sh'
[1.299s] Level 1:colcon.colcon_core.environment:checking '/home/huang/codes/ROS_Study/install/village_interfaces/lib'
[1.299s] Level 1:colcon.colcon_core.shell:create_environment_hook('village_interfaces', 'ld_library_path_lib')
[1.304s] INFO:colcon.colcon_core.shell:Creating environment hook '/home/huang/codes/ROS_Study/install/village_interfaces/share/village_interfaces/hook/ld_library_path_lib.ps1'
[1.304s] INFO:colcon.colcon_core.shell:Creating environment descriptor '/home/huang/codes/ROS_Study/install/village_interfaces/share/village_interfaces/hook/ld_library_path_lib.dsv'
[1.305s] INFO:colcon.colcon_core.shell:Creating environment hook '/home/huang/codes/ROS_Study/install/village_interfaces/share/village_interfaces/hook/ld_library_path_lib.sh'
[1.306s] Level 1:colcon.colcon_core.environment:checking '/home/huang/codes/ROS_Study/install/village_interfaces/bin'
[1.306s] Level 1:colcon.colcon_core.environment:checking '/home/huang/codes/ROS_Study/install/village_interfaces/lib/pkgconfig/village_interfaces.pc'
[1.307s] Level 1:colcon.colcon_core.environment:checking '/home/huang/codes/ROS_Study/install/village_interfaces/lib/python3.8/site-packages'
[1.307s] Level 1:colcon.colcon_core.shell:create_environment_hook('village_interfaces', 'pythonpath')
[1.310s] INFO:colcon.colcon_core.shell:Creating environment hook '/home/huang/codes/ROS_Study/install/village_interfaces/share/village_interfaces/hook/pythonpath.ps1'
[1.312s] INFO:colcon.colcon_core.shell:Creating environment descriptor '/home/huang/codes/ROS_Study/install/village_interfaces/share/village_interfaces/hook/pythonpath.dsv'
[1.312s] INFO:colcon.colcon_core.shell:Creating environment hook '/home/huang/codes/ROS_Study/install/village_interfaces/share/village_interfaces/hook/pythonpath.sh'
[1.314s] Level 1:colcon.colcon_core.environment:checking '/home/huang/codes/ROS_Study/install/village_interfaces/bin'
[1.317s] INFO:colcon.colcon_core.shell:Creating package script '/home/huang/codes/ROS_Study/install/village_interfaces/share/village_interfaces/package.ps1'
[1.318s] INFO:colcon.colcon_core.shell:Creating package descriptor '/home/huang/codes/ROS_Study/install/village_interfaces/share/village_interfaces/package.dsv'
[1.319s] INFO:colcon.colcon_core.shell:Creating package script '/home/huang/codes/ROS_Study/install/village_interfaces/share/village_interfaces/package.sh'
[1.320s] INFO:colcon.colcon_core.shell:Creating package script '/home/huang/codes/ROS_Study/install/village_interfaces/share/village_interfaces/package.bash'
[1.321s] INFO:colcon.colcon_core.shell:Creating package script '/home/huang/codes/ROS_Study/install/village_interfaces/share/village_interfaces/package.zsh'
[1.322s] Level 1:colcon.colcon_core.environment:create_file_with_runtime_dependencies(/home/huang/codes/ROS_Study/install/village_interfaces/share/colcon-core/packages/village_interfaces)
[1.340s] Level 1:colcon.colcon_core.environment:create_environment_scripts_only(tutorial_interfaces)
[1.343s] Level 1:colcon.colcon_core.environment:checking '/home/huang/codes/ROS_Study/install/tutorial_interfaces' for CMake module files
[1.344s] DEBUG:colcon.colcon_core.event_handler.log_command:Invoked command in '/home/huang/codes/ROS_Study/build/tutorial_interfaces' returned '0': CMAKE_PREFIX_PATH=${CMAKE_PREFIX_PATH}:/opt/ros/galactic /usr/bin/cmake --install /home/huang/codes/ROS_Study/build/tutorial_interfaces
[1.345s] Level 1:colcon.colcon_core.environment:checking '/home/huang/codes/ROS_Study/install/tutorial_interfaces' for CMake config files
[1.346s] Level 1:colcon.colcon_core.shell:create_environment_hook('tutorial_interfaces', 'cmake_prefix_path')
[1.350s] INFO:colcon.colcon_core.shell:Creating environment hook '/home/huang/codes/ROS_Study/install/tutorial_interfaces/share/tutorial_interfaces/hook/cmake_prefix_path.ps1'
[1.351s] INFO:colcon.colcon_core.shell:Creating environment descriptor '/home/huang/codes/ROS_Study/install/tutorial_interfaces/share/tutorial_interfaces/hook/cmake_prefix_path.dsv'
[1.351s] INFO:colcon.colcon_core.shell:Creating environment hook '/home/huang/codes/ROS_Study/install/tutorial_interfaces/share/tutorial_interfaces/hook/cmake_prefix_path.sh'
[1.352s] Level 1:colcon.colcon_core.environment:checking '/home/huang/codes/ROS_Study/install/tutorial_interfaces/lib'
[1.352s] Level 1:colcon.colcon_core.shell:create_environment_hook('tutorial_interfaces', 'ld_library_path_lib')
[1.356s] INFO:colcon.colcon_core.shell:Creating environment hook '/home/huang/codes/ROS_Study/install/tutorial_interfaces/share/tutorial_interfaces/hook/ld_library_path_lib.ps1'
[1.357s] INFO:colcon.colcon_core.shell:Creating environment descriptor '/home/huang/codes/ROS_Study/install/tutorial_interfaces/share/tutorial_interfaces/hook/ld_library_path_lib.dsv'
[1.358s] INFO:colcon.colcon_core.shell:Creating environment hook '/home/huang/codes/ROS_Study/install/tutorial_interfaces/share/tutorial_interfaces/hook/ld_library_path_lib.sh'
[1.358s] Level 1:colcon.colcon_core.environment:checking '/home/huang/codes/ROS_Study/install/tutorial_interfaces/bin'
[1.358s] Level 1:colcon.colcon_core.environment:checking '/home/huang/codes/ROS_Study/install/tutorial_interfaces/lib/pkgconfig/tutorial_interfaces.pc'
[1.359s] Level 1:colcon.colcon_core.environment:checking '/home/huang/codes/ROS_Study/install/tutorial_interfaces/lib/python3.8/site-packages'
[1.359s] Level 1:colcon.colcon_core.shell:create_environment_hook('tutorial_interfaces', 'pythonpath')
[1.362s] INFO:colcon.colcon_core.shell:Creating environment hook '/home/huang/codes/ROS_Study/install/tutorial_interfaces/share/tutorial_interfaces/hook/pythonpath.ps1'
[1.363s] INFO:colcon.colcon_core.shell:Creating environment descriptor '/home/huang/codes/ROS_Study/install/tutorial_interfaces/share/tutorial_interfaces/hook/pythonpath.dsv'
[1.363s] INFO:colcon.colcon_core.shell:Creating environment hook '/home/huang/codes/ROS_Study/install/tutorial_interfaces/share/tutorial_interfaces/hook/pythonpath.sh'
[1.364s] Level 1:colcon.colcon_core.environment:checking '/home/huang/codes/ROS_Study/install/tutorial_interfaces/bin'
[1.366s] INFO:colcon.colcon_core.shell:Creating package script '/home/huang/codes/ROS_Study/install/tutorial_interfaces/share/tutorial_interfaces/package.ps1'
[1.368s] INFO:colcon.colcon_core.shell:Creating package descriptor '/home/huang/codes/ROS_Study/install/tutorial_interfaces/share/tutorial_interfaces/package.dsv'
[1.369s] INFO:colcon.colcon_core.shell:Creating package script '/home/huang/codes/ROS_Study/install/tutorial_interfaces/share/tutorial_interfaces/package.sh'
[1.370s] INFO:colcon.colcon_core.shell:Creating package script '/home/huang/codes/ROS_Study/install/tutorial_interfaces/share/tutorial_interfaces/package.bash'
[1.370s] INFO:colcon.colcon_core.shell:Creating package script '/home/huang/codes/ROS_Study/install/tutorial_interfaces/share/tutorial_interfaces/package.zsh'
[1.371s] Level 1:colcon.colcon_core.environment:create_file_with_runtime_dependencies(/home/huang/codes/ROS_Study/install/tutorial_interfaces/share/colcon-core/packages/tutorial_interfaces)
[1.529s] Level 1:colcon.colcon_core.environment:create_environment_scripts_only(tutorial_interfaces)
[1.531s] Level 1:colcon.colcon_core.environment:checking '/home/huang/codes/ROS_Study/install/tutorial_interfaces' for CMake module files
[1.532s] Level 1:colcon.colcon_core.environment:checking '/home/huang/codes/ROS_Study/install/tutorial_interfaces' for CMake config files
[1.532s] Level 1:colcon.colcon_core.shell:create_environment_hook('tutorial_interfaces', 'cmake_prefix_path')
[1.533s] INFO:colcon.colcon_core.shell:Creating environment hook '/home/huang/codes/ROS_Study/install/tutorial_interfaces/share/tutorial_interfaces/hook/cmake_prefix_path.ps1'
[1.538s] INFO:colcon.colcon_core.shell:Creating environment descriptor '/home/huang/codes/ROS_Study/install/tutorial_interfaces/share/tutorial_interfaces/hook/cmake_prefix_path.dsv'
[1.538s] INFO:colcon.colcon_core.shell:Creating environment hook '/home/huang/codes/ROS_Study/install/tutorial_interfaces/share/tutorial_interfaces/hook/cmake_prefix_path.sh'
[1.539s] Level 1:colcon.colcon_core.environment:checking '/home/huang/codes/ROS_Study/install/tutorial_interfaces/lib'
[1.539s] Level 1:colcon.colcon_core.shell:create_environment_hook('tutorial_interfaces', 'ld_library_path_lib')
[1.541s] INFO:colcon.colcon_core.shell:Creating environment hook '/home/huang/codes/ROS_Study/install/tutorial_interfaces/share/tutorial_interfaces/hook/ld_library_path_lib.ps1'
[1.541s] INFO:colcon.colcon_core.shell:Creating environment descriptor '/home/huang/codes/ROS_Study/install/tutorial_interfaces/share/tutorial_interfaces/hook/ld_library_path_lib.dsv'
[1.541s] INFO:colcon.colcon_core.shell:Creating environment hook '/home/huang/codes/ROS_Study/install/tutorial_interfaces/share/tutorial_interfaces/hook/ld_library_path_lib.sh'
[1.542s] Level 1:colcon.colcon_core.environment:checking '/home/huang/codes/ROS_Study/install/tutorial_interfaces/bin'
[1.542s] Level 1:colcon.colcon_core.environment:checking '/home/huang/codes/ROS_Study/install/tutorial_interfaces/lib/pkgconfig/tutorial_interfaces.pc'
[1.542s] Level 1:colcon.colcon_core.environment:checking '/home/huang/codes/ROS_Study/install/tutorial_interfaces/lib/python3.8/site-packages'
[1.542s] Level 1:colcon.colcon_core.shell:create_environment_hook('tutorial_interfaces', 'pythonpath')
[1.543s] INFO:colcon.colcon_core.shell:Creating environment hook '/home/huang/codes/ROS_Study/install/tutorial_interfaces/share/tutorial_interfaces/hook/pythonpath.ps1'
[1.544s] INFO:colcon.colcon_core.shell:Creating environment descriptor '/home/huang/codes/ROS_Study/install/tutorial_interfaces/share/tutorial_interfaces/hook/pythonpath.dsv'
[1.544s] INFO:colcon.colcon_core.shell:Creating environment hook '/home/huang/codes/ROS_Study/install/tutorial_interfaces/share/tutorial_interfaces/hook/pythonpath.sh'
[1.544s] Level 1:colcon.colcon_core.environment:checking '/home/huang/codes/ROS_Study/install/tutorial_interfaces/bin'
[1.546s] INFO:colcon.colcon_core.shell:Creating package script '/home/huang/codes/ROS_Study/install/tutorial_interfaces/share/tutorial_interfaces/package.ps1'
[1.546s] INFO:colcon.colcon_core.shell:Creating package descriptor '/home/huang/codes/ROS_Study/install/tutorial_interfaces/share/tutorial_interfaces/package.dsv'
[1.547s] INFO:colcon.colcon_core.shell:Creating package script '/home/huang/codes/ROS_Study/install/tutorial_interfaces/share/tutorial_interfaces/package.sh'
[1.548s] INFO:colcon.colcon_core.shell:Creating package script '/home/huang/codes/ROS_Study/install/tutorial_interfaces/share/tutorial_interfaces/package.bash'
[1.548s] INFO:colcon.colcon_core.shell:Creating package script '/home/huang/codes/ROS_Study/install/tutorial_interfaces/share/tutorial_interfaces/package.zsh'
[1.549s] Level 1:colcon.colcon_core.environment:create_file_with_runtime_dependencies(/home/huang/codes/ROS_Study/install/tutorial_interfaces/share/colcon-core/packages/tutorial_interfaces)
[1.549s] INFO:colcon.colcon_ros.task.ament_cmake.build:Building ROS package in '/home/huang/codes/ROS_Study/src/ros_pub_sub' with build type 'ament_cmake'
[1.549s] INFO:colcon.colcon_cmake.task.cmake.build:Building CMake package in '/home/huang/codes/ROS_Study/src/ros_pub_sub'
[1.550s] INFO:colcon.colcon_core.shell:Skip shell extension 'powershell' for command environment: Not usable outside of PowerShell
[1.550s] DEBUG:colcon.colcon_core.shell:Skip shell extension 'dsv' for command environment
[1.558s] INFO:colcon.colcon_ros.task.ament_cmake.build:Building ROS package in '/home/huang/codes/ROS_Study/src/ros_pub_sub_cv' with build type 'ament_cmake'
[1.559s] INFO:colcon.colcon_cmake.task.cmake.build:Building CMake package in '/home/huang/codes/ROS_Study/src/ros_pub_sub_cv'
[1.562s] INFO:colcon.colcon_core.shell:Skip shell extension 'powershell' for command environment: Not usable outside of PowerShell
[1.563s] DEBUG:colcon.colcon_core.shell:Skip shell extension 'dsv' for command environment
[1.583s] DEBUG:colcon.colcon_core.event_handler.log_command:Invoking command in '/home/huang/codes/ROS_Study/build/ros_pub_sub': CMAKE_PREFIX_PATH=/home/huang/codes/ROS_Study/install/tutorial_interfaces:/home/huang/codes/ROS_Study/install/village_wang:/home/huang/codes/ROS_Study/install/village_li:/home/huang/codes/ROS_Study/install/village_interfaces:/home/huang/codes/ROS_Study/install/ros_pub_sub_cv:/home/huang/codes/ROS_Study/install/ros_pub_sub:/opt/ros/galactic LD_LIBRARY_PATH=/home/huang/codes/ROS_Study/install/tutorial_interfaces/lib:/home/huang/codes/ROS_Study/install/village_interfaces/lib:/opt/ros/galactic/opt/yaml_cpp_vendor/lib:/opt/ros/galactic/opt/rviz_ogre_vendor/lib:/opt/ros/galactic/lib/x86_64-linux-gnu:/opt/ros/galactic/lib PYTHONPATH=/home/huang/codes/ROS_Study/install/tutorial_interfaces/lib/python3.8/site-packages:/home/huang/codes/ROS_Study/install/village_interfaces/lib/python3.8/site-packages:/opt/ros/galactic/lib/python3.8/site-packages /usr/bin/cmake --build /home/huang/codes/ROS_Study/build/ros_pub_sub -- -j8 -l8
[1.591s] DEBUG:colcon.colcon_core.event_handler.log_command:Invoking command in '/home/huang/codes/ROS_Study/build/ros_pub_sub_cv': CMAKE_PREFIX_PATH=/home/huang/codes/ROS_Study/install/tutorial_interfaces:/home/huang/codes/ROS_Study/install/village_wang:/home/huang/codes/ROS_Study/install/village_li:/home/huang/codes/ROS_Study/install/village_interfaces:/home/huang/codes/ROS_Study/install/ros_pub_sub_cv:/home/huang/codes/ROS_Study/install/ros_pub_sub:/opt/ros/galactic LD_LIBRARY_PATH=/home/huang/codes/ROS_Study/install/tutorial_interfaces/lib:/home/huang/codes/ROS_Study/install/village_interfaces/lib:/opt/ros/galactic/opt/yaml_cpp_vendor/lib:/opt/ros/galactic/opt/rviz_ogre_vendor/lib:/opt/ros/galactic/lib/x86_64-linux-gnu:/opt/ros/galactic/lib PYTHONPATH=/home/huang/codes/ROS_Study/install/tutorial_interfaces/lib/python3.8/site-packages:/home/huang/codes/ROS_Study/install/village_interfaces/lib/python3.8/site-packages:/opt/ros/galactic/lib/python3.8/site-packages /usr/bin/cmake --build /home/huang/codes/ROS_Study/build/ros_pub_sub_cv -- -j8 -l8
[1.687s] DEBUG:colcon.colcon_core.event_handler.log_command:Invoked command in '/home/huang/codes/ROS_Study/build/ros_pub_sub' returned '0': CMAKE_PREFIX_PATH=/home/huang/codes/ROS_Study/install/tutorial_interfaces:/home/huang/codes/ROS_Study/install/village_wang:/home/huang/codes/ROS_Study/install/village_li:/home/huang/codes/ROS_Study/install/village_interfaces:/home/huang/codes/ROS_Study/install/ros_pub_sub_cv:/home/huang/codes/ROS_Study/install/ros_pub_sub:/opt/ros/galactic LD_LIBRARY_PATH=/home/huang/codes/ROS_Study/install/tutorial_interfaces/lib:/home/huang/codes/ROS_Study/install/village_interfaces/lib:/opt/ros/galactic/opt/yaml_cpp_vendor/lib:/opt/ros/galactic/opt/rviz_ogre_vendor/lib:/opt/ros/galactic/lib/x86_64-linux-gnu:/opt/ros/galactic/lib PYTHONPATH=/home/huang/codes/ROS_Study/install/tutorial_interfaces/lib/python3.8/site-packages:/home/huang/codes/ROS_Study/install/village_interfaces/lib/python3.8/site-packages:/opt/ros/galactic/lib/python3.8/site-packages /usr/bin/cmake --build /home/huang/codes/ROS_Study/build/ros_pub_sub -- -j8 -l8
[1.731s] DEBUG:colcon.colcon_core.event_handler.log_command:Invoking command in '/home/huang/codes/ROS_Study/build/ros_pub_sub': CMAKE_PREFIX_PATH=/home/huang/codes/ROS_Study/install/tutorial_interfaces:/home/huang/codes/ROS_Study/install/village_wang:/home/huang/codes/ROS_Study/install/village_li:/home/huang/codes/ROS_Study/install/village_interfaces:/home/huang/codes/ROS_Study/install/ros_pub_sub_cv:/home/huang/codes/ROS_Study/install/ros_pub_sub:/opt/ros/galactic LD_LIBRARY_PATH=/home/huang/codes/ROS_Study/install/tutorial_interfaces/lib:/home/huang/codes/ROS_Study/install/village_interfaces/lib:/opt/ros/galactic/opt/yaml_cpp_vendor/lib:/opt/ros/galactic/opt/rviz_ogre_vendor/lib:/opt/ros/galactic/lib/x86_64-linux-gnu:/opt/ros/galactic/lib PYTHONPATH=/home/huang/codes/ROS_Study/install/tutorial_interfaces/lib/python3.8/site-packages:/home/huang/codes/ROS_Study/install/village_interfaces/lib/python3.8/site-packages:/opt/ros/galactic/lib/python3.8/site-packages /usr/bin/cmake --install /home/huang/codes/ROS_Study/build/ros_pub_sub
[1.743s] Level 1:colcon.colcon_core.environment:create_environment_scripts_only(ros_pub_sub)
[1.747s] Level 1:colcon.colcon_core.environment:checking '/home/huang/codes/ROS_Study/install/ros_pub_sub' for CMake module files
[1.748s] DEBUG:colcon.colcon_core.event_handler.log_command:Invoked command in '/home/huang/codes/ROS_Study/build/ros_pub_sub' returned '0': CMAKE_PREFIX_PATH=/home/huang/codes/ROS_Study/install/tutorial_interfaces:/home/huang/codes/ROS_Study/install/village_wang:/home/huang/codes/ROS_Study/install/village_li:/home/huang/codes/ROS_Study/install/village_interfaces:/home/huang/codes/ROS_Study/install/ros_pub_sub_cv:/home/huang/codes/ROS_Study/install/ros_pub_sub:/opt/ros/galactic LD_LIBRARY_PATH=/home/huang/codes/ROS_Study/install/tutorial_interfaces/lib:/home/huang/codes/ROS_Study/install/village_interfaces/lib:/opt/ros/galactic/opt/yaml_cpp_vendor/lib:/opt/ros/galactic/opt/rviz_ogre_vendor/lib:/opt/ros/galactic/lib/x86_64-linux-gnu:/opt/ros/galactic/lib PYTHONPATH=/home/huang/codes/ROS_Study/install/tutorial_interfaces/lib/python3.8/site-packages:/home/huang/codes/ROS_Study/install/village_interfaces/lib/python3.8/site-packages:/opt/ros/galactic/lib/python3.8/site-packages /usr/bin/cmake --install /home/huang/codes/ROS_Study/build/ros_pub_sub
[1.748s] Level 1:colcon.colcon_core.environment:checking '/home/huang/codes/ROS_Study/install/ros_pub_sub' for CMake config files
[1.749s] Level 1:colcon.colcon_core.shell:create_environment_hook('ros_pub_sub', 'cmake_prefix_path')
[1.751s] INFO:colcon.colcon_core.shell:Creating environment hook '/home/huang/codes/ROS_Study/install/ros_pub_sub/share/ros_pub_sub/hook/cmake_prefix_path.ps1'
[1.751s] INFO:colcon.colcon_core.shell:Creating environment descriptor '/home/huang/codes/ROS_Study/install/ros_pub_sub/share/ros_pub_sub/hook/cmake_prefix_path.dsv'
[1.752s] INFO:colcon.colcon_core.shell:Creating environment hook '/home/huang/codes/ROS_Study/install/ros_pub_sub/share/ros_pub_sub/hook/cmake_prefix_path.sh'
[1.752s] Level 1:colcon.colcon_core.environment:checking '/home/huang/codes/ROS_Study/install/ros_pub_sub/lib'
[1.753s] Level 1:colcon.colcon_core.environment:checking '/home/huang/codes/ROS_Study/install/ros_pub_sub/bin'
[1.753s] Level 1:colcon.colcon_core.environment:checking '/home/huang/codes/ROS_Study/install/ros_pub_sub/lib/pkgconfig/ros_pub_sub.pc'
[1.753s] Level 1:colcon.colcon_core.environment:checking '/home/huang/codes/ROS_Study/install/ros_pub_sub/lib/python3.8/site-packages'
[1.753s] Level 1:colcon.colcon_core.environment:checking '/home/huang/codes/ROS_Study/install/ros_pub_sub/bin'
[1.755s] INFO:colcon.colcon_core.shell:Creating package script '/home/huang/codes/ROS_Study/install/ros_pub_sub/share/ros_pub_sub/package.ps1'
[1.756s] INFO:colcon.colcon_core.shell:Creating package descriptor '/home/huang/codes/ROS_Study/install/ros_pub_sub/share/ros_pub_sub/package.dsv'
[1.756s] INFO:colcon.colcon_core.shell:Creating package script '/home/huang/codes/ROS_Study/install/ros_pub_sub/share/ros_pub_sub/package.sh'
[1.757s] INFO:colcon.colcon_core.shell:Creating package script '/home/huang/codes/ROS_Study/install/ros_pub_sub/share/ros_pub_sub/package.bash'
[1.757s] INFO:colcon.colcon_core.shell:Creating package script '/home/huang/codes/ROS_Study/install/ros_pub_sub/share/ros_pub_sub/package.zsh'
[1.757s] Level 1:colcon.colcon_core.environment:create_file_with_runtime_dependencies(/home/huang/codes/ROS_Study/install/ros_pub_sub/share/colcon-core/packages/ros_pub_sub)
[1.816s] Level 1:colcon.colcon_core.environment:create_environment_scripts_only(ros_pub_sub)
[1.820s] Level 1:colcon.colcon_core.environment:checking '/home/huang/codes/ROS_Study/install/ros_pub_sub' for CMake module files
[1.821s] Level 1:colcon.colcon_core.environment:checking '/home/huang/codes/ROS_Study/install/ros_pub_sub' for CMake config files
[1.821s] Level 1:colcon.colcon_core.shell:create_environment_hook('ros_pub_sub', 'cmake_prefix_path')
[1.824s] INFO:colcon.colcon_core.shell:Creating environment hook '/home/huang/codes/ROS_Study/install/ros_pub_sub/share/ros_pub_sub/hook/cmake_prefix_path.ps1'
[1.824s] INFO:colcon.colcon_core.shell:Creating environment descriptor '/home/huang/codes/ROS_Study/install/ros_pub_sub/share/ros_pub_sub/hook/cmake_prefix_path.dsv'
[1.825s] INFO:colcon.colcon_core.shell:Creating environment hook '/home/huang/codes/ROS_Study/install/ros_pub_sub/share/ros_pub_sub/hook/cmake_prefix_path.sh'
[1.826s] Level 1:colcon.colcon_core.environment:checking '/home/huang/codes/ROS_Study/install/ros_pub_sub/lib'
[1.826s] Level 1:colcon.colcon_core.environment:checking '/home/huang/codes/ROS_Study/install/ros_pub_sub/bin'
[1.826s] Level 1:colcon.colcon_core.environment:checking '/home/huang/codes/ROS_Study/install/ros_pub_sub/lib/pkgconfig/ros_pub_sub.pc'
[1.826s] Level 1:colcon.colcon_core.environment:checking '/home/huang/codes/ROS_Study/install/ros_pub_sub/lib/python3.8/site-packages'
[1.826s] Level 1:colcon.colcon_core.environment:checking '/home/huang/codes/ROS_Study/install/ros_pub_sub/bin'
[1.828s] INFO:colcon.colcon_core.shell:Creating package script '/home/huang/codes/ROS_Study/install/ros_pub_sub/share/ros_pub_sub/package.ps1'
[1.829s] INFO:colcon.colcon_core.shell:Creating package descriptor '/home/huang/codes/ROS_Study/install/ros_pub_sub/share/ros_pub_sub/package.dsv'
[1.830s] INFO:colcon.colcon_core.shell:Creating package script '/home/huang/codes/ROS_Study/install/ros_pub_sub/share/ros_pub_sub/package.sh'
[1.830s] INFO:colcon.colcon_core.shell:Creating package script '/home/huang/codes/ROS_Study/install/ros_pub_sub/share/ros_pub_sub/package.bash'
[1.831s] INFO:colcon.colcon_core.shell:Creating package script '/home/huang/codes/ROS_Study/install/ros_pub_sub/share/ros_pub_sub/package.zsh'
[1.831s] Level 1:colcon.colcon_core.environment:create_file_with_runtime_dependencies(/home/huang/codes/ROS_Study/install/ros_pub_sub/share/colcon-core/packages/ros_pub_sub)
[8.528s] DEBUG:colcon.colcon_core.event_handler.log_command:Invoked command in '/home/huang/codes/ROS_Study/build/ros_pub_sub_cv' returned '2': CMAKE_PREFIX_PATH=/home/huang/codes/ROS_Study/install/tutorial_interfaces:/home/huang/codes/ROS_Study/install/village_wang:/home/huang/codes/ROS_Study/install/village_li:/home/huang/codes/ROS_Study/install/village_interfaces:/home/huang/codes/ROS_Study/install/ros_pub_sub_cv:/home/huang/codes/ROS_Study/install/ros_pub_sub:/opt/ros/galactic LD_LIBRARY_PATH=/home/huang/codes/ROS_Study/install/tutorial_interfaces/lib:/home/huang/codes/ROS_Study/install/village_interfaces/lib:/opt/ros/galactic/opt/yaml_cpp_vendor/lib:/opt/ros/galactic/opt/rviz_ogre_vendor/lib:/opt/ros/galactic/lib/x86_64-linux-gnu:/opt/ros/galactic/lib PYTHONPATH=/home/huang/codes/ROS_Study/install/tutorial_interfaces/lib/python3.8/site-packages:/home/huang/codes/ROS_Study/install/village_interfaces/lib/python3.8/site-packages:/opt/ros/galactic/lib/python3.8/site-packages /usr/bin/cmake --build /home/huang/codes/ROS_Study/build/ros_pub_sub_cv -- -j8 -l8
[8.557s] Level 1:colcon.colcon_core.environment:create_environment_scripts_only(ros_pub_sub_cv)
[8.559s] Level 1:colcon.colcon_core.environment:checking '/home/huang/codes/ROS_Study/install/ros_pub_sub_cv' for CMake module files
[8.559s] Level 1:colcon.colcon_core.environment:checking '/home/huang/codes/ROS_Study/install/ros_pub_sub_cv' for CMake config files
[8.560s] Level 1:colcon.colcon_core.shell:create_environment_hook('ros_pub_sub_cv', 'cmake_prefix_path')
[8.561s] INFO:colcon.colcon_core.shell:Creating environment hook '/home/huang/codes/ROS_Study/install/ros_pub_sub_cv/share/ros_pub_sub_cv/hook/cmake_prefix_path.ps1'
[8.562s] INFO:colcon.colcon_core.shell:Creating environment descriptor '/home/huang/codes/ROS_Study/install/ros_pub_sub_cv/share/ros_pub_sub_cv/hook/cmake_prefix_path.dsv'
[8.562s] INFO:colcon.colcon_core.shell:Creating environment hook '/home/huang/codes/ROS_Study/install/ros_pub_sub_cv/share/ros_pub_sub_cv/hook/cmake_prefix_path.sh'
[8.563s] Level 1:colcon.colcon_core.environment:checking '/home/huang/codes/ROS_Study/install/ros_pub_sub_cv/lib'
[8.563s] Level 1:colcon.colcon_core.environment:checking '/home/huang/codes/ROS_Study/install/ros_pub_sub_cv/bin'
[8.563s] Level 1:colcon.colcon_core.environment:checking '/home/huang/codes/ROS_Study/install/ros_pub_sub_cv/lib/pkgconfig/ros_pub_sub_cv.pc'
[8.563s] Level 1:colcon.colcon_core.environment:checking '/home/huang/codes/ROS_Study/install/ros_pub_sub_cv/lib/python3.8/site-packages'
[8.563s] Level 1:colcon.colcon_core.environment:checking '/home/huang/codes/ROS_Study/install/ros_pub_sub_cv/bin'
[8.564s] INFO:colcon.colcon_core.shell:Creating package script '/home/huang/codes/ROS_Study/install/ros_pub_sub_cv/share/ros_pub_sub_cv/package.ps1'
[8.565s] INFO:colcon.colcon_core.shell:Creating package descriptor '/home/huang/codes/ROS_Study/install/ros_pub_sub_cv/share/ros_pub_sub_cv/package.dsv'
[8.565s] INFO:colcon.colcon_core.shell:Creating package script '/home/huang/codes/ROS_Study/install/ros_pub_sub_cv/share/ros_pub_sub_cv/package.sh'
[8.566s] INFO:colcon.colcon_core.shell:Creating package script '/home/huang/codes/ROS_Study/install/ros_pub_sub_cv/share/ros_pub_sub_cv/package.bash'
[8.566s] INFO:colcon.colcon_core.shell:Creating package script '/home/huang/codes/ROS_Study/install/ros_pub_sub_cv/share/ros_pub_sub_cv/package.zsh'
[8.566s] Level 1:colcon.colcon_core.environment:create_file_with_runtime_dependencies(/home/huang/codes/ROS_Study/install/ros_pub_sub_cv/share/colcon-core/packages/ros_pub_sub_cv)
[8.577s] DEBUG:colcon.colcon_parallel_executor.executor.parallel:closing loop
[8.578s] DEBUG:colcon.colcon_parallel_executor.executor.parallel:loop closed
[8.578s] DEBUG:colcon.colcon_parallel_executor.executor.parallel:run_until_complete finished with '2'
[8.578s] DEBUG:colcon.colcon_core.event_reactor:joining thread
[8.591s] INFO:colcon.colcon_core.plugin_system:Skipping extension 'colcon_notification.desktop_notification.terminal_notifier': Not used on non-Darwin systems
[8.591s] INFO:colcon.colcon_core.plugin_system:Skipping extension 'colcon_notification.desktop_notification.win32': Not used on non-Windows systems
[8.591s] INFO:colcon.colcon_notification.desktop_notification:Sending desktop notification using 'notify2'
[8.606s] DEBUG:colcon.colcon_core.event_reactor:joined thread
[8.609s] INFO:colcon.colcon_core.shell:Creating prefix script '/home/huang/codes/ROS_Study/install/local_setup.ps1'
[8.610s] INFO:colcon.colcon_core.shell:Creating prefix util module '/home/huang/codes/ROS_Study/install/_local_setup_util_ps1.py'
[8.612s] INFO:colcon.colcon_core.shell:Creating prefix chain script '/home/huang/codes/ROS_Study/install/setup.ps1'
[8.614s] INFO:colcon.colcon_core.shell:Creating prefix script '/home/huang/codes/ROS_Study/install/local_setup.sh'
[8.615s] INFO:colcon.colcon_core.shell:Creating prefix util module '/home/huang/codes/ROS_Study/install/_local_setup_util_sh.py'
[8.616s] INFO:colcon.colcon_core.shell:Creating prefix chain script '/home/huang/codes/ROS_Study/install/setup.sh'
[8.618s] INFO:colcon.colcon_core.shell:Creating prefix script '/home/huang/codes/ROS_Study/install/local_setup.bash'
[8.618s] INFO:colcon.colcon_core.shell:Creating prefix chain script '/home/huang/codes/ROS_Study/install/setup.bash'
[8.621s] INFO:colcon.colcon_core.shell:Creating prefix script '/home/huang/codes/ROS_Study/install/local_setup.zsh'
[8.622s] INFO:colcon.colcon_core.shell:Creating prefix chain script '/home/huang/codes/ROS_Study/install/setup.zsh'
