[0.289s] DEBUG:colcon:Command line arguments: ['/usr/bin/colcon', 'build']
[0.289s] DEBUG:colcon:Parsed command line arguments: Namespace(allow_overriding=[], ament_cmake_args=None, base_paths=['.'], build_base='build', catkin_cmake_args=None, catkin_skip_building_tests=False, cmake_args=None, cmake_clean_cache=False, cmake_clean_first=False, cmake_force_configure=False, cmake_target=None, cmake_target_skip_unavailable=False, continue_on_error=False, event_handlers=None, executor='parallel', ignore_user_meta=False, install_base='install', log_base=None, log_level=None, main=<bound method BuildVerb.main of <colcon_core.verb.build.BuildVerb object at 0x7fd9d8efd910>>, merge_install=False, metas=['./colcon.meta'], packages_above=None, packages_above_and_dependencies=None, packages_above_depth=None, packages_end=None, packages_ignore=None, packages_ignore_regex=None, packages_select=None, packages_select_build_failed=False, packages_select_by_dep=None, packages_select_regex=None, packages_select_test_failures=False, packages_skip=None, packages_skip_build_finished=False, packages_skip_by_dep=None, packages_skip_regex=None, packages_skip_test_passed=False, packages_skip_up_to=None, packages_start=None, packages_up_to=None, packages_up_to_regex=None, parallel_workers=8, paths=None, symlink_install=False, test_result_base=None, verb_extension=<colcon_core.verb.build.BuildVerb object at 0x7fd9d8efd910>, verb_name='build', verb_parser=<colcon_defaults.argument_parser.defaults.DefaultArgumentsDecorator object at 0x7fd9d8efde80>)
[0.327s] Level 1:colcon.colcon_core.package_discovery:discover_packages(colcon_meta) check parameters
[0.327s] Level 1:colcon.colcon_core.package_discovery:discover_packages(recursive) check parameters
[0.327s] Level 1:colcon.colcon_core.package_discovery:discover_packages(ignore) check parameters
[0.327s] Level 1:colcon.colcon_core.package_discovery:discover_packages(path) check parameters
[0.327s] Level 1:colcon.colcon_core.package_discovery:discover_packages(colcon_meta) discover
[0.327s] Level 1:colcon.colcon_core.package_discovery:discover_packages(recursive) discover
[0.327s] INFO:colcon.colcon_core.package_discovery:Crawling recursively for packages in '/home/huang/codes/ROS_Study'
[0.328s] Level 1:colcon.colcon_core.package_identification:_identify(.) by extensions ['ignore', 'ignore_ament_install']
[0.328s] Level 1:colcon.colcon_core.package_identification:_identify(.) by extension 'ignore'
[0.328s] Level 1:colcon.colcon_core.package_identification:_identify(.) by extension 'ignore_ament_install'
[0.328s] Level 1:colcon.colcon_core.package_identification:_identify(.) by extensions ['colcon_pkg']
[0.328s] Level 1:colcon.colcon_core.package_identification:_identify(.) by extension 'colcon_pkg'
[0.328s] Level 1:colcon.colcon_core.package_identification:_identify(.) by extensions ['colcon_meta']
[0.328s] Level 1:colcon.colcon_core.package_identification:_identify(.) by extension 'colcon_meta'
[0.328s] Level 1:colcon.colcon_core.package_identification:_identify(.) by extensions ['ros']
[0.328s] Level 1:colcon.colcon_core.package_identification:_identify(.) by extension 'ros'
[0.338s] Level 1:colcon.colcon_core.package_identification:_identify(.) by extensions ['cmake', 'python']
[0.338s] Level 1:colcon.colcon_core.package_identification:_identify(.) by extension 'cmake'
[0.338s] Level 1:colcon.colcon_core.package_identification:_identify(.) by extension 'python'
[0.338s] Level 1:colcon.colcon_core.package_identification:_identify(.) by extensions ['python_setup_py']
[0.338s] Level 1:colcon.colcon_core.package_identification:_identify(.) by extension 'python_setup_py'
[0.338s] Level 1:colcon.colcon_core.package_identification:_identify(build) by extensions ['ignore', 'ignore_ament_install']
[0.338s] Level 1:colcon.colcon_core.package_identification:_identify(build) by extension 'ignore'
[0.338s] Level 1:colcon.colcon_core.package_identification:_identify(build) ignored
[0.339s] Level 1:colcon.colcon_core.package_identification:_identify(install) by extensions ['ignore', 'ignore_ament_install']
[0.339s] Level 1:colcon.colcon_core.package_identification:_identify(install) by extension 'ignore'
[0.339s] Level 1:colcon.colcon_core.package_identification:_identify(install) ignored
[0.339s] Level 1:colcon.colcon_core.package_identification:_identify(log) by extensions ['ignore', 'ignore_ament_install']
[0.339s] Level 1:colcon.colcon_core.package_identification:_identify(log) by extension 'ignore'
[0.339s] Level 1:colcon.colcon_core.package_identification:_identify(log) ignored
[0.339s] Level 1:colcon.colcon_core.package_identification:_identify(src) by extensions ['ignore', 'ignore_ament_install']
[0.339s] Level 1:colcon.colcon_core.package_identification:_identify(src) by extension 'ignore'
[0.339s] Level 1:colcon.colcon_core.package_identification:_identify(src) by extension 'ignore_ament_install'
[0.339s] Level 1:colcon.colcon_core.package_identification:_identify(src) by extensions ['colcon_pkg']
[0.339s] Level 1:colcon.colcon_core.package_identification:_identify(src) by extension 'colcon_pkg'
[0.339s] Level 1:colcon.colcon_core.package_identification:_identify(src) by extensions ['colcon_meta']
[0.339s] Level 1:colcon.colcon_core.package_identification:_identify(src) by extension 'colcon_meta'
[0.339s] Level 1:colcon.colcon_core.package_identification:_identify(src) by extensions ['ros']
[0.339s] Level 1:colcon.colcon_core.package_identification:_identify(src) by extension 'ros'
[0.339s] Level 1:colcon.colcon_core.package_identification:_identify(src) by extensions ['cmake', 'python']
[0.339s] Level 1:colcon.colcon_core.package_identification:_identify(src) by extension 'cmake'
[0.339s] Level 1:colcon.colcon_core.package_identification:_identify(src) by extension 'python'
[0.339s] Level 1:colcon.colcon_core.package_identification:_identify(src) by extensions ['python_setup_py']
[0.339s] Level 1:colcon.colcon_core.package_identification:_identify(src) by extension 'python_setup_py'
[0.340s] Level 1:colcon.colcon_core.package_identification:_identify(src/ros_pub_sub) by extensions ['ignore', 'ignore_ament_install']
[0.340s] Level 1:colcon.colcon_core.package_identification:_identify(src/ros_pub_sub) by extension 'ignore'
[0.340s] Level 1:colcon.colcon_core.package_identification:_identify(src/ros_pub_sub) by extension 'ignore_ament_install'
[0.340s] Level 1:colcon.colcon_core.package_identification:_identify(src/ros_pub_sub) by extensions ['colcon_pkg']
[0.340s] Level 1:colcon.colcon_core.package_identification:_identify(src/ros_pub_sub) by extension 'colcon_pkg'
[0.340s] Level 1:colcon.colcon_core.package_identification:_identify(src/ros_pub_sub) by extensions ['colcon_meta']
[0.340s] Level 1:colcon.colcon_core.package_identification:_identify(src/ros_pub_sub) by extension 'colcon_meta'
[0.340s] Level 1:colcon.colcon_core.package_identification:_identify(src/ros_pub_sub) by extensions ['ros']
[0.340s] Level 1:colcon.colcon_core.package_identification:_identify(src/ros_pub_sub) by extension 'ros'
[0.342s] DEBUG:colcon.colcon_core.package_identification:Package 'src/ros_pub_sub' with type 'ros.ament_cmake' and name 'ros_pub_sub'
[0.343s] Level 1:colcon.colcon_core.package_identification:_identify(src/ros_pub_sub_cv) by extensions ['ignore', 'ignore_ament_install']
[0.343s] Level 1:colcon.colcon_core.package_identification:_identify(src/ros_pub_sub_cv) by extension 'ignore'
[0.343s] Level 1:colcon.colcon_core.package_identification:_identify(src/ros_pub_sub_cv) by extension 'ignore_ament_install'
[0.343s] Level 1:colcon.colcon_core.package_identification:_identify(src/ros_pub_sub_cv) by extensions ['colcon_pkg']
[0.343s] Level 1:colcon.colcon_core.package_identification:_identify(src/ros_pub_sub_cv) by extension 'colcon_pkg'
[0.343s] Level 1:colcon.colcon_core.package_identification:_identify(src/ros_pub_sub_cv) by extensions ['colcon_meta']
[0.343s] Level 1:colcon.colcon_core.package_identification:_identify(src/ros_pub_sub_cv) by extension 'colcon_meta'
[0.343s] Level 1:colcon.colcon_core.package_identification:_identify(src/ros_pub_sub_cv) by extensions ['ros']
[0.343s] Level 1:colcon.colcon_core.package_identification:_identify(src/ros_pub_sub_cv) by extension 'ros'
[0.344s] DEBUG:colcon.colcon_core.package_identification:Package 'src/ros_pub_sub_cv' with type 'ros.ament_cmake' and name 'ros_pub_sub_cv'
[0.344s] Level 1:colcon.colcon_core.package_identification:_identify(src/tutorial_interfaces) by extensions ['ignore', 'ignore_ament_install']
[0.344s] Level 1:colcon.colcon_core.package_identification:_identify(src/tutorial_interfaces) by extension 'ignore'
[0.344s] Level 1:colcon.colcon_core.package_identification:_identify(src/tutorial_interfaces) by extension 'ignore_ament_install'
[0.344s] Level 1:colcon.colcon_core.package_identification:_identify(src/tutorial_interfaces) by extensions ['colcon_pkg']
[0.344s] Level 1:colcon.colcon_core.package_identification:_identify(src/tutorial_interfaces) by extension 'colcon_pkg'
[0.344s] Level 1:colcon.colcon_core.package_identification:_identify(src/tutorial_interfaces) by extensions ['colcon_meta']
[0.344s] Level 1:colcon.colcon_core.package_identification:_identify(src/tutorial_interfaces) by extension 'colcon_meta'
[0.344s] Level 1:colcon.colcon_core.package_identification:_identify(src/tutorial_interfaces) by extensions ['ros']
[0.344s] Level 1:colcon.colcon_core.package_identification:_identify(src/tutorial_interfaces) by extension 'ros'
[0.345s] DEBUG:colcon.colcon_core.package_identification:Package 'src/tutorial_interfaces' with type 'ros.ament_cmake' and name 'tutorial_interfaces'
[0.345s] Level 1:colcon.colcon_core.package_identification:_identify(src/village_interfaces) by extensions ['ignore', 'ignore_ament_install']
[0.345s] Level 1:colcon.colcon_core.package_identification:_identify(src/village_interfaces) by extension 'ignore'
[0.345s] Level 1:colcon.colcon_core.package_identification:_identify(src/village_interfaces) by extension 'ignore_ament_install'
[0.345s] Level 1:colcon.colcon_core.package_identification:_identify(src/village_interfaces) by extensions ['colcon_pkg']
[0.345s] Level 1:colcon.colcon_core.package_identification:_identify(src/village_interfaces) by extension 'colcon_pkg'
[0.345s] Level 1:colcon.colcon_core.package_identification:_identify(src/village_interfaces) by extensions ['colcon_meta']
[0.345s] Level 1:colcon.colcon_core.package_identification:_identify(src/village_interfaces) by extension 'colcon_meta'
[0.345s] Level 1:colcon.colcon_core.package_identification:_identify(src/village_interfaces) by extensions ['ros']
[0.345s] Level 1:colcon.colcon_core.package_identification:_identify(src/village_interfaces) by extension 'ros'
[0.346s] DEBUG:colcon.colcon_core.package_identification:Package 'src/village_interfaces' with type 'ros.ament_cmake' and name 'village_interfaces'
[0.346s] Level 1:colcon.colcon_core.package_identification:_identify(src/village_li) by extensions ['ignore', 'ignore_ament_install']
[0.346s] Level 1:colcon.colcon_core.package_identification:_identify(src/village_li) by extension 'ignore'
[0.346s] Level 1:colcon.colcon_core.package_identification:_identify(src/village_li) by extension 'ignore_ament_install'
[0.346s] Level 1:colcon.colcon_core.package_identification:_identify(src/village_li) by extensions ['colcon_pkg']
[0.346s] Level 1:colcon.colcon_core.package_identification:_identify(src/village_li) by extension 'colcon_pkg'
[0.346s] Level 1:colcon.colcon_core.package_identification:_identify(src/village_li) by extensions ['colcon_meta']
[0.346s] Level 1:colcon.colcon_core.package_identification:_identify(src/village_li) by extension 'colcon_meta'
[0.346s] Level 1:colcon.colcon_core.package_identification:_identify(src/village_li) by extensions ['ros']
[0.346s] Level 1:colcon.colcon_core.package_identification:_identify(src/village_li) by extension 'ros'
[0.346s] DEBUG:colcon.colcon_core.package_identification:Package 'src/village_li' with type 'ros.ament_cmake' and name 'village_li'
[0.347s] Level 1:colcon.colcon_core.package_identification:_identify(src/village_wang) by extensions ['ignore', 'ignore_ament_install']
[0.347s] Level 1:colcon.colcon_core.package_identification:_identify(src/village_wang) by extension 'ignore'
[0.347s] Level 1:colcon.colcon_core.package_identification:_identify(src/village_wang) by extension 'ignore_ament_install'
[0.347s] Level 1:colcon.colcon_core.package_identification:_identify(src/village_wang) by extensions ['colcon_pkg']
[0.347s] Level 1:colcon.colcon_core.package_identification:_identify(src/village_wang) by extension 'colcon_pkg'
[0.347s] Level 1:colcon.colcon_core.package_identification:_identify(src/village_wang) by extensions ['colcon_meta']
[0.347s] Level 1:colcon.colcon_core.package_identification:_identify(src/village_wang) by extension 'colcon_meta'
[0.347s] Level 1:colcon.colcon_core.package_identification:_identify(src/village_wang) by extensions ['ros']
[0.347s] Level 1:colcon.colcon_core.package_identification:_identify(src/village_wang) by extension 'ros'
[0.347s] DEBUG:colcon.colcon_core.package_identification:Package 'src/village_wang' with type 'ros.ament_cmake' and name 'village_wang'
[0.347s] Level 1:colcon.colcon_core.package_discovery:discover_packages(recursive) using defaults
[0.348s] Level 1:colcon.colcon_core.package_discovery:discover_packages(ignore) discover
[0.348s] Level 1:colcon.colcon_core.package_discovery:discover_packages(ignore) using defaults
[0.348s] Level 1:colcon.colcon_core.package_discovery:discover_packages(path) discover
[0.348s] Level 1:colcon.colcon_core.package_discovery:discover_packages(path) using defaults
[0.367s] Level 1:colcon.colcon_core.package_discovery:discover_packages(prefix_path) check parameters
[0.367s] Level 1:colcon.colcon_core.package_discovery:discover_packages(prefix_path) discover
[0.370s] DEBUG:colcon.colcon_installed_package_information.package_discovery:Found 6 installed packages in /home/huang/codes/ROS_Study/install
[0.371s] DEBUG:colcon.colcon_installed_package_information.package_discovery:Found 285 installed packages in /opt/ros/galactic
[0.373s] Level 1:colcon.colcon_core.package_discovery:discover_packages(prefix_path) using defaults
[0.438s] Level 5:colcon.colcon_core.verb:set package 'tutorial_interfaces' build argument 'cmake_args' from command line to 'None'
[0.438s] Level 5:colcon.colcon_core.verb:set package 'tutorial_interfaces' build argument 'cmake_target' from command line to 'None'
[0.438s] Level 5:colcon.colcon_core.verb:set package 'tutorial_interfaces' build argument 'cmake_target_skip_unavailable' from command line to 'False'
[0.438s] Level 5:colcon.colcon_core.verb:set package 'tutorial_interfaces' build argument 'cmake_clean_cache' from command line to 'False'
[0.438s] Level 5:colcon.colcon_core.verb:set package 'tutorial_interfaces' build argument 'cmake_clean_first' from command line to 'False'
[0.438s] Level 5:colcon.colcon_core.verb:set package 'tutorial_interfaces' build argument 'cmake_force_configure' from command line to 'False'
[0.438s] Level 5:colcon.colcon_core.verb:set package 'tutorial_interfaces' build argument 'ament_cmake_args' from command line to 'None'
[0.438s] Level 5:colcon.colcon_core.verb:set package 'tutorial_interfaces' build argument 'catkin_cmake_args' from command line to 'None'
[0.438s] Level 5:colcon.colcon_core.verb:set package 'tutorial_interfaces' build argument 'catkin_skip_building_tests' from command line to 'False'
[0.438s] DEBUG:colcon.colcon_core.verb:Building package 'tutorial_interfaces' with the following arguments: {'ament_cmake_args': None, 'build_base': '/home/huang/codes/ROS_Study/build/tutorial_interfaces', 'catkin_cmake_args': None, 'catkin_skip_building_tests': False, 'cmake_args': None, 'cmake_clean_cache': False, 'cmake_clean_first': False, 'cmake_force_configure': False, 'cmake_target': None, 'cmake_target_skip_unavailable': False, 'install_base': '/home/huang/codes/ROS_Study/install/tutorial_interfaces', 'merge_install': False, 'path': '/home/huang/codes/ROS_Study/src/tutorial_interfaces', 'symlink_install': False, 'test_result_base': None}
[0.439s] Level 5:colcon.colcon_core.verb:set package 'village_interfaces' build argument 'cmake_args' from command line to 'None'
[0.439s] Level 5:colcon.colcon_core.verb:set package 'village_interfaces' build argument 'cmake_target' from command line to 'None'
[0.439s] Level 5:colcon.colcon_core.verb:set package 'village_interfaces' build argument 'cmake_target_skip_unavailable' from command line to 'False'
[0.440s] Level 5:colcon.colcon_core.verb:set package 'village_interfaces' build argument 'cmake_clean_cache' from command line to 'False'
[0.440s] Level 5:colcon.colcon_core.verb:set package 'village_interfaces' build argument 'cmake_clean_first' from command line to 'False'
[0.440s] Level 5:colcon.colcon_core.verb:set package 'village_interfaces' build argument 'cmake_force_configure' from command line to 'False'
[0.440s] Level 5:colcon.colcon_core.verb:set package 'village_interfaces' build argument 'ament_cmake_args' from command line to 'None'
[0.440s] Level 5:colcon.colcon_core.verb:set package 'village_interfaces' build argument 'catkin_cmake_args' from command line to 'None'
[0.440s] Level 5:colcon.colcon_core.verb:set package 'village_interfaces' build argument 'catkin_skip_building_tests' from command line to 'False'
[0.440s] DEBUG:colcon.colcon_core.verb:Building package 'village_interfaces' with the following arguments: {'ament_cmake_args': None, 'build_base': '/home/huang/codes/ROS_Study/build/village_interfaces', 'catkin_cmake_args': None, 'catkin_skip_building_tests': False, 'cmake_args': None, 'cmake_clean_cache': False, 'cmake_clean_first': False, 'cmake_force_configure': False, 'cmake_target': None, 'cmake_target_skip_unavailable': False, 'install_base': '/home/huang/codes/ROS_Study/install/village_interfaces', 'merge_install': False, 'path': '/home/huang/codes/ROS_Study/src/village_interfaces', 'symlink_install': False, 'test_result_base': None}
[0.441s] Level 5:colcon.colcon_core.verb:set package 'village_li' build argument 'cmake_args' from command line to 'None'
[0.441s] Level 5:colcon.colcon_core.verb:set package 'village_li' build argument 'cmake_target' from command line to 'None'
[0.441s] Level 5:colcon.colcon_core.verb:set package 'village_li' build argument 'cmake_target_skip_unavailable' from command line to 'False'
[0.441s] Level 5:colcon.colcon_core.verb:set package 'village_li' build argument 'cmake_clean_cache' from command line to 'False'
[0.441s] Level 5:colcon.colcon_core.verb:set package 'village_li' build argument 'cmake_clean_first' from command line to 'False'
[0.441s] Level 5:colcon.colcon_core.verb:set package 'village_li' build argument 'cmake_force_configure' from command line to 'False'
[0.441s] Level 5:colcon.colcon_core.verb:set package 'village_li' build argument 'ament_cmake_args' from command line to 'None'
[0.441s] Level 5:colcon.colcon_core.verb:set package 'village_li' build argument 'catkin_cmake_args' from command line to 'None'
[0.441s] Level 5:colcon.colcon_core.verb:set package 'village_li' build argument 'catkin_skip_building_tests' from command line to 'False'
[0.441s] DEBUG:colcon.colcon_core.verb:Building package 'village_li' with the following arguments: {'ament_cmake_args': None, 'build_base': '/home/huang/codes/ROS_Study/build/village_li', 'catkin_cmake_args': None, 'catkin_skip_building_tests': False, 'cmake_args': None, 'cmake_clean_cache': False, 'cmake_clean_first': False, 'cmake_force_configure': False, 'cmake_target': None, 'cmake_target_skip_unavailable': False, 'install_base': '/home/huang/codes/ROS_Study/install/village_li', 'merge_install': False, 'path': '/home/huang/codes/ROS_Study/src/village_li', 'symlink_install': False, 'test_result_base': None}
[0.442s] Level 5:colcon.colcon_core.verb:set package 'village_wang' build argument 'cmake_args' from command line to 'None'
[0.442s] Level 5:colcon.colcon_core.verb:set package 'village_wang' build argument 'cmake_target' from command line to 'None'
[0.442s] Level 5:colcon.colcon_core.verb:set package 'village_wang' build argument 'cmake_target_skip_unavailable' from command line to 'False'
[0.442s] Level 5:colcon.colcon_core.verb:set package 'village_wang' build argument 'cmake_clean_cache' from command line to 'False'
[0.442s] Level 5:colcon.colcon_core.verb:set package 'village_wang' build argument 'cmake_clean_first' from command line to 'False'
[0.442s] Level 5:colcon.colcon_core.verb:set package 'village_wang' build argument 'cmake_force_configure' from command line to 'False'
[0.442s] Level 5:colcon.colcon_core.verb:set package 'village_wang' build argument 'ament_cmake_args' from command line to 'None'
[0.442s] Level 5:colcon.colcon_core.verb:set package 'village_wang' build argument 'catkin_cmake_args' from command line to 'None'
[0.442s] Level 5:colcon.colcon_core.verb:set package 'village_wang' build argument 'catkin_skip_building_tests' from command line to 'False'
[0.442s] DEBUG:colcon.colcon_core.verb:Building package 'village_wang' with the following arguments: {'ament_cmake_args': None, 'build_base': '/home/huang/codes/ROS_Study/build/village_wang', 'catkin_cmake_args': None, 'catkin_skip_building_tests': False, 'cmake_args': None, 'cmake_clean_cache': False, 'cmake_clean_first': False, 'cmake_force_configure': False, 'cmake_target': None, 'cmake_target_skip_unavailable': False, 'install_base': '/home/huang/codes/ROS_Study/install/village_wang', 'merge_install': False, 'path': '/home/huang/codes/ROS_Study/src/village_wang', 'symlink_install': False, 'test_result_base': None}
[0.443s] Level 5:colcon.colcon_core.verb:set package 'ros_pub_sub' build argument 'cmake_args' from command line to 'None'
[0.443s] Level 5:colcon.colcon_core.verb:set package 'ros_pub_sub' build argument 'cmake_target' from command line to 'None'
[0.443s] Level 5:colcon.colcon_core.verb:set package 'ros_pub_sub' build argument 'cmake_target_skip_unavailable' from command line to 'False'
[0.443s] Level 5:colcon.colcon_core.verb:set package 'ros_pub_sub' build argument 'cmake_clean_cache' from command line to 'False'
[0.443s] Level 5:colcon.colcon_core.verb:set package 'ros_pub_sub' build argument 'cmake_clean_first' from command line to 'False'
[0.443s] Level 5:colcon.colcon_core.verb:set package 'ros_pub_sub' build argument 'cmake_force_configure' from command line to 'False'
[0.443s] Level 5:colcon.colcon_core.verb:set package 'ros_pub_sub' build argument 'ament_cmake_args' from command line to 'None'
[0.443s] Level 5:colcon.colcon_core.verb:set package 'ros_pub_sub' build argument 'catkin_cmake_args' from command line to 'None'
[0.443s] Level 5:colcon.colcon_core.verb:set package 'ros_pub_sub' build argument 'catkin_skip_building_tests' from command line to 'False'
[0.443s] DEBUG:colcon.colcon_core.verb:Building package 'ros_pub_sub' with the following arguments: {'ament_cmake_args': None, 'build_base': '/home/huang/codes/ROS_Study/build/ros_pub_sub', 'catkin_cmake_args': None, 'catkin_skip_building_tests': False, 'cmake_args': None, 'cmake_clean_cache': False, 'cmake_clean_first': False, 'cmake_force_configure': False, 'cmake_target': None, 'cmake_target_skip_unavailable': False, 'install_base': '/home/huang/codes/ROS_Study/install/ros_pub_sub', 'merge_install': False, 'path': '/home/huang/codes/ROS_Study/src/ros_pub_sub', 'symlink_install': False, 'test_result_base': None}
[0.444s] Level 5:colcon.colcon_core.verb:set package 'ros_pub_sub_cv' build argument 'cmake_args' from command line to 'None'
[0.444s] Level 5:colcon.colcon_core.verb:set package 'ros_pub_sub_cv' build argument 'cmake_target' from command line to 'None'
[0.444s] Level 5:colcon.colcon_core.verb:set package 'ros_pub_sub_cv' build argument 'cmake_target_skip_unavailable' from command line to 'False'
[0.444s] Level 5:colcon.colcon_core.verb:set package 'ros_pub_sub_cv' build argument 'cmake_clean_cache' from command line to 'False'
[0.444s] Level 5:colcon.colcon_core.verb:set package 'ros_pub_sub_cv' build argument 'cmake_clean_first' from command line to 'False'
[0.444s] Level 5:colcon.colcon_core.verb:set package 'ros_pub_sub_cv' build argument 'cmake_force_configure' from command line to 'False'
[0.444s] Level 5:colcon.colcon_core.verb:set package 'ros_pub_sub_cv' build argument 'ament_cmake_args' from command line to 'None'
[0.444s] Level 5:colcon.colcon_core.verb:set package 'ros_pub_sub_cv' build argument 'catkin_cmake_args' from command line to 'None'
[0.444s] Level 5:colcon.colcon_core.verb:set package 'ros_pub_sub_cv' build argument 'catkin_skip_building_tests' from command line to 'False'
[0.444s] DEBUG:colcon.colcon_core.verb:Building package 'ros_pub_sub_cv' with the following arguments: {'ament_cmake_args': None, 'build_base': '/home/huang/codes/ROS_Study/build/ros_pub_sub_cv', 'catkin_cmake_args': None, 'catkin_skip_building_tests': False, 'cmake_args': None, 'cmake_clean_cache': False, 'cmake_clean_first': False, 'cmake_force_configure': False, 'cmake_target': None, 'cmake_target_skip_unavailable': False, 'install_base': '/home/huang/codes/ROS_Study/install/ros_pub_sub_cv', 'merge_install': False, 'path': '/home/huang/codes/ROS_Study/src/ros_pub_sub_cv', 'symlink_install': False, 'test_result_base': None}
[0.445s] INFO:colcon.colcon_core.executor:Executing jobs using 'parallel' executor
[0.448s] DEBUG:colcon.colcon_parallel_executor.executor.parallel:run_until_complete
[0.449s] INFO:colcon.colcon_ros.task.ament_cmake.build:Building ROS package in '/home/huang/codes/ROS_Study/src/tutorial_interfaces' with build type 'ament_cmake'
[0.449s] INFO:colcon.colcon_cmake.task.cmake.build:Building CMake package in '/home/huang/codes/ROS_Study/src/tutorial_interfaces'
[0.459s] INFO:colcon.colcon_core.plugin_system:Skipping extension 'colcon_core.shell.bat': Not used on non-Windows systems
[0.459s] INFO:colcon.colcon_core.shell:Skip shell extension 'powershell' for command environment: Not usable outside of PowerShell
[0.459s] DEBUG:colcon.colcon_core.shell:Skip shell extension 'dsv' for command environment
[0.473s] INFO:colcon.colcon_ros.task.ament_cmake.build:Building ROS package in '/home/huang/codes/ROS_Study/src/village_interfaces' with build type 'ament_cmake'
[0.475s] INFO:colcon.colcon_cmake.task.cmake.build:Building CMake package in '/home/huang/codes/ROS_Study/src/village_interfaces'
[0.479s] INFO:colcon.colcon_core.shell:Skip shell extension 'powershell' for command environment: Not usable outside of PowerShell
[0.479s] DEBUG:colcon.colcon_core.shell:Skip shell extension 'dsv' for command environment
[0.493s] INFO:colcon.colcon_ros.task.ament_cmake.build:Building ROS package in '/home/huang/codes/ROS_Study/src/village_li' with build type 'ament_cmake'
[0.494s] INFO:colcon.colcon_cmake.task.cmake.build:Building CMake package in '/home/huang/codes/ROS_Study/src/village_li'
[0.499s] INFO:colcon.colcon_core.shell:Skip shell extension 'powershell' for command environment: Not usable outside of PowerShell
[0.500s] DEBUG:colcon.colcon_core.shell:Skip shell extension 'dsv' for command environment
[0.516s] INFO:colcon.colcon_ros.task.ament_cmake.build:Building ROS package in '/home/huang/codes/ROS_Study/src/village_wang' with build type 'ament_cmake'
[0.517s] INFO:colcon.colcon_cmake.task.cmake.build:Building CMake package in '/home/huang/codes/ROS_Study/src/village_wang'
[0.523s] INFO:colcon.colcon_core.shell:Skip shell extension 'powershell' for command environment: Not usable outside of PowerShell
[0.524s] DEBUG:colcon.colcon_core.shell:Skip shell extension 'dsv' for command environment
[0.554s] DEBUG:colcon.colcon_core.event_handler.log_command:Invoking command in '/home/huang/codes/ROS_Study/build/tutorial_interfaces': CMAKE_PREFIX_PATH=${CMAKE_PREFIX_PATH}:/opt/ros/galactic /usr/bin/cmake --build /home/huang/codes/ROS_Study/build/tutorial_interfaces -- -j8 -l8
[0.566s] DEBUG:colcon.colcon_core.event_handler.log_command:Invoking command in '/home/huang/codes/ROS_Study/build/village_interfaces': CMAKE_PREFIX_PATH=${CMAKE_PREFIX_PATH}:/opt/ros/galactic /usr/bin/cmake --build /home/huang/codes/ROS_Study/build/village_interfaces -- -j8 -l8
[0.575s] DEBUG:colcon.colcon_core.event_handler.log_command:Invoking command in '/home/huang/codes/ROS_Study/build/village_li': CMAKE_PREFIX_PATH=${CMAKE_PREFIX_PATH}:/opt/ros/galactic /usr/bin/cmake --build /home/huang/codes/ROS_Study/build/village_li -- -j8 -l8
[0.590s] DEBUG:colcon.colcon_core.event_handler.log_command:Invoking command in '/home/huang/codes/ROS_Study/build/village_wang': CMAKE_PREFIX_PATH=${CMAKE_PREFIX_PATH}:/opt/ros/galactic /usr/bin/cmake --build /home/huang/codes/ROS_Study/build/village_wang -- -j8 -l8
[0.741s] DEBUG:colcon.colcon_core.event_handler.log_command:Invoked command in '/home/huang/codes/ROS_Study/build/village_li' returned '0': CMAKE_PREFIX_PATH=${CMAKE_PREFIX_PATH}:/opt/ros/galactic /usr/bin/cmake --build /home/huang/codes/ROS_Study/build/village_li -- -j8 -l8
[0.765s] DEBUG:colcon.colcon_core.event_handler.log_command:Invoked command in '/home/huang/codes/ROS_Study/build/village_wang' returned '0': CMAKE_PREFIX_PATH=${CMAKE_PREFIX_PATH}:/opt/ros/galactic /usr/bin/cmake --build /home/huang/codes/ROS_Study/build/village_wang -- -j8 -l8
[0.848s] DEBUG:colcon.colcon_core.event_handler.log_command:Invoking command in '/home/huang/codes/ROS_Study/build/village_li': CMAKE_PREFIX_PATH=${CMAKE_PREFIX_PATH}:/opt/ros/galactic /usr/bin/cmake --install /home/huang/codes/ROS_Study/build/village_li
[0.858s] DEBUG:colcon.colcon_core.event_handler.log_command:Invoking command in '/home/huang/codes/ROS_Study/build/village_wang': CMAKE_PREFIX_PATH=${CMAKE_PREFIX_PATH}:/opt/ros/galactic /usr/bin/cmake --install /home/huang/codes/ROS_Study/build/village_wang
[0.880s] Level 1:colcon.colcon_core.environment:create_environment_scripts_only(village_li)
[0.891s] DEBUG:colcon.colcon_core.event_handler.log_command:Invoked command in '/home/huang/codes/ROS_Study/build/village_li' returned '0': CMAKE_PREFIX_PATH=${CMAKE_PREFIX_PATH}:/opt/ros/galactic /usr/bin/cmake --install /home/huang/codes/ROS_Study/build/village_li
[0.902s] Level 1:colcon.colcon_core.environment:checking '/home/huang/codes/ROS_Study/install/village_li' for CMake module files
[0.903s] Level 1:colcon.colcon_core.environment:checking '/home/huang/codes/ROS_Study/install/village_li' for CMake config files
[0.903s] Level 1:colcon.colcon_core.shell:create_environment_hook('village_li', 'cmake_prefix_path')
[0.906s] INFO:colcon.colcon_core.shell:Creating environment hook '/home/huang/codes/ROS_Study/install/village_li/share/village_li/hook/cmake_prefix_path.ps1'
[0.908s] INFO:colcon.colcon_core.shell:Creating environment descriptor '/home/huang/codes/ROS_Study/install/village_li/share/village_li/hook/cmake_prefix_path.dsv'
[0.909s] INFO:colcon.colcon_core.shell:Creating environment hook '/home/huang/codes/ROS_Study/install/village_li/share/village_li/hook/cmake_prefix_path.sh'
[0.912s] Level 1:colcon.colcon_core.environment:checking '/home/huang/codes/ROS_Study/install/village_li/lib'
[0.912s] Level 1:colcon.colcon_core.environment:checking '/home/huang/codes/ROS_Study/install/village_li/bin'
[0.912s] Level 1:colcon.colcon_core.environment:checking '/home/huang/codes/ROS_Study/install/village_li/lib/pkgconfig/village_li.pc'
[0.913s] Level 1:colcon.colcon_core.environment:checking '/home/huang/codes/ROS_Study/install/village_li/lib/python3.8/site-packages'
[0.913s] Level 1:colcon.colcon_core.environment:checking '/home/huang/codes/ROS_Study/install/village_li/bin'
[0.919s] INFO:colcon.colcon_core.shell:Creating package script '/home/huang/codes/ROS_Study/install/village_li/share/village_li/package.ps1'
[0.921s] INFO:colcon.colcon_core.shell:Creating package descriptor '/home/huang/codes/ROS_Study/install/village_li/share/village_li/package.dsv'
[0.923s] INFO:colcon.colcon_core.shell:Creating package script '/home/huang/codes/ROS_Study/install/village_li/share/village_li/package.sh'
[0.925s] INFO:colcon.colcon_core.shell:Creating package script '/home/huang/codes/ROS_Study/install/village_li/share/village_li/package.bash'
[0.927s] INFO:colcon.colcon_core.shell:Creating package script '/home/huang/codes/ROS_Study/install/village_li/share/village_li/package.zsh'
[0.931s] Level 1:colcon.colcon_core.environment:create_file_with_runtime_dependencies(/home/huang/codes/ROS_Study/install/village_li/share/colcon-core/packages/village_li)
[0.946s] Level 1:colcon.colcon_core.environment:create_environment_scripts_only(village_wang)
[0.947s] DEBUG:colcon.colcon_core.event_handler.log_command:Invoked command in '/home/huang/codes/ROS_Study/build/village_wang' returned '0': CMAKE_PREFIX_PATH=${CMAKE_PREFIX_PATH}:/opt/ros/galactic /usr/bin/cmake --install /home/huang/codes/ROS_Study/build/village_wang
[0.959s] Level 1:colcon.colcon_core.environment:checking '/home/huang/codes/ROS_Study/install/village_wang' for CMake module files
[0.963s] Level 1:colcon.colcon_core.environment:checking '/home/huang/codes/ROS_Study/install/village_wang' for CMake config files
[0.963s] Level 1:colcon.colcon_core.shell:create_environment_hook('village_wang', 'cmake_prefix_path')
[0.966s] INFO:colcon.colcon_core.shell:Creating environment hook '/home/huang/codes/ROS_Study/install/village_wang/share/village_wang/hook/cmake_prefix_path.ps1'
[0.969s] INFO:colcon.colcon_core.shell:Creating environment descriptor '/home/huang/codes/ROS_Study/install/village_wang/share/village_wang/hook/cmake_prefix_path.dsv'
[0.971s] INFO:colcon.colcon_core.shell:Creating environment hook '/home/huang/codes/ROS_Study/install/village_wang/share/village_wang/hook/cmake_prefix_path.sh'
[0.974s] Level 1:colcon.colcon_core.environment:checking '/home/huang/codes/ROS_Study/install/village_wang/lib'
[0.974s] Level 1:colcon.colcon_core.environment:checking '/home/huang/codes/ROS_Study/install/village_wang/bin'
[0.974s] Level 1:colcon.colcon_core.environment:checking '/home/huang/codes/ROS_Study/install/village_wang/lib/pkgconfig/village_wang.pc'
[0.976s] Level 1:colcon.colcon_core.environment:checking '/home/huang/codes/ROS_Study/install/village_wang/lib/python3.8/site-packages'
[0.981s] Level 1:colcon.colcon_core.environment:checking '/home/huang/codes/ROS_Study/install/village_wang/bin'
[0.985s] INFO:colcon.colcon_core.shell:Creating package script '/home/huang/codes/ROS_Study/install/village_wang/share/village_wang/package.ps1'
[0.987s] INFO:colcon.colcon_core.shell:Creating package descriptor '/home/huang/codes/ROS_Study/install/village_wang/share/village_wang/package.dsv'
[0.988s] INFO:colcon.colcon_core.shell:Creating package script '/home/huang/codes/ROS_Study/install/village_wang/share/village_wang/package.sh'
[0.990s] INFO:colcon.colcon_core.shell:Creating package script '/home/huang/codes/ROS_Study/install/village_wang/share/village_wang/package.bash'
[0.991s] INFO:colcon.colcon_core.shell:Creating package script '/home/huang/codes/ROS_Study/install/village_wang/share/village_wang/package.zsh'
[0.992s] Level 1:colcon.colcon_core.environment:create_file_with_runtime_dependencies(/home/huang/codes/ROS_Study/install/village_wang/share/colcon-core/packages/village_wang)
[1.068s] Level 1:colcon.colcon_core.environment:create_environment_scripts_only(village_li)
[1.073s] Level 1:colcon.colcon_core.environment:checking '/home/huang/codes/ROS_Study/install/village_li' for CMake module files
[1.074s] Level 1:colcon.colcon_core.environment:checking '/home/huang/codes/ROS_Study/install/village_li' for CMake config files
[1.075s] Level 1:colcon.colcon_core.shell:create_environment_hook('village_li', 'cmake_prefix_path')
[1.079s] INFO:colcon.colcon_core.shell:Creating environment hook '/home/huang/codes/ROS_Study/install/village_li/share/village_li/hook/cmake_prefix_path.ps1'
[1.079s] INFO:colcon.colcon_core.shell:Creating environment descriptor '/home/huang/codes/ROS_Study/install/village_li/share/village_li/hook/cmake_prefix_path.dsv'
[1.080s] INFO:colcon.colcon_core.shell:Creating environment hook '/home/huang/codes/ROS_Study/install/village_li/share/village_li/hook/cmake_prefix_path.sh'
[1.081s] Level 1:colcon.colcon_core.environment:checking '/home/huang/codes/ROS_Study/install/village_li/lib'
[1.081s] Level 1:colcon.colcon_core.environment:checking '/home/huang/codes/ROS_Study/install/village_li/bin'
[1.081s] Level 1:colcon.colcon_core.environment:checking '/home/huang/codes/ROS_Study/install/village_li/lib/pkgconfig/village_li.pc'
[1.081s] Level 1:colcon.colcon_core.environment:checking '/home/huang/codes/ROS_Study/install/village_li/lib/python3.8/site-packages'
[1.082s] Level 1:colcon.colcon_core.environment:checking '/home/huang/codes/ROS_Study/install/village_li/bin'
[1.086s] INFO:colcon.colcon_core.shell:Creating package script '/home/huang/codes/ROS_Study/install/village_li/share/village_li/package.ps1'
[1.087s] INFO:colcon.colcon_core.shell:Creating package descriptor '/home/huang/codes/ROS_Study/install/village_li/share/village_li/package.dsv'
[1.089s] INFO:colcon.colcon_core.shell:Creating package script '/home/huang/codes/ROS_Study/install/village_li/share/village_li/package.sh'
[1.090s] INFO:colcon.colcon_core.shell:Creating package script '/home/huang/codes/ROS_Study/install/village_li/share/village_li/package.bash'
[1.091s] INFO:colcon.colcon_core.shell:Creating package script '/home/huang/codes/ROS_Study/install/village_li/share/village_li/package.zsh'
[1.092s] Level 1:colcon.colcon_core.environment:create_file_with_runtime_dependencies(/home/huang/codes/ROS_Study/install/village_li/share/colcon-core/packages/village_li)
[1.114s] Level 1:colcon.colcon_core.environment:create_environment_scripts_only(village_wang)
[1.129s] Level 1:colcon.colcon_core.environment:checking '/home/huang/codes/ROS_Study/install/village_wang' for CMake module files
[1.130s] Level 1:colcon.colcon_core.environment:checking '/home/huang/codes/ROS_Study/install/village_wang' for CMake config files
[1.131s] Level 1:colcon.colcon_core.shell:create_environment_hook('village_wang', 'cmake_prefix_path')
[1.138s] INFO:colcon.colcon_core.shell:Creating environment hook '/home/huang/codes/ROS_Study/install/village_wang/share/village_wang/hook/cmake_prefix_path.ps1'
[1.140s] INFO:colcon.colcon_core.shell:Creating environment descriptor '/home/huang/codes/ROS_Study/install/village_wang/share/village_wang/hook/cmake_prefix_path.dsv'
[1.141s] INFO:colcon.colcon_core.shell:Creating environment hook '/home/huang/codes/ROS_Study/install/village_wang/share/village_wang/hook/cmake_prefix_path.sh'
[1.142s] Level 1:colcon.colcon_core.environment:checking '/home/huang/codes/ROS_Study/install/village_wang/lib'
[1.142s] Level 1:colcon.colcon_core.environment:checking '/home/huang/codes/ROS_Study/install/village_wang/bin'
[1.142s] Level 1:colcon.colcon_core.environment:checking '/home/huang/codes/ROS_Study/install/village_wang/lib/pkgconfig/village_wang.pc'
[1.143s] Level 1:colcon.colcon_core.environment:checking '/home/huang/codes/ROS_Study/install/village_wang/lib/python3.8/site-packages'
[1.143s] Level 1:colcon.colcon_core.environment:checking '/home/huang/codes/ROS_Study/install/village_wang/bin'
[1.147s] INFO:colcon.colcon_core.shell:Creating package script '/home/huang/codes/ROS_Study/install/village_wang/share/village_wang/package.ps1'
[1.149s] INFO:colcon.colcon_core.shell:Creating package descriptor '/home/huang/codes/ROS_Study/install/village_wang/share/village_wang/package.dsv'
[1.150s] INFO:colcon.colcon_core.shell:Creating package script '/home/huang/codes/ROS_Study/install/village_wang/share/village_wang/package.sh'
[1.151s] INFO:colcon.colcon_core.shell:Creating package script '/home/huang/codes/ROS_Study/install/village_wang/share/village_wang/package.bash'
[1.152s] INFO:colcon.colcon_core.shell:Creating package script '/home/huang/codes/ROS_Study/install/village_wang/share/village_wang/package.zsh'
[1.153s] Level 1:colcon.colcon_core.environment:create_file_with_runtime_dependencies(/home/huang/codes/ROS_Study/install/village_wang/share/colcon-core/packages/village_wang)
[1.160s] DEBUG:colcon.colcon_core.event_handler.log_command:Invoked command in '/home/huang/codes/ROS_Study/build/tutorial_interfaces' returned '0': CMAKE_PREFIX_PATH=${CMAKE_PREFIX_PATH}:/opt/ros/galactic /usr/bin/cmake --build /home/huang/codes/ROS_Study/build/tutorial_interfaces -- -j8 -l8
[1.172s] DEBUG:colcon.colcon_core.event_handler.log_command:Invoked command in '/home/huang/codes/ROS_Study/build/village_interfaces' returned '0': CMAKE_PREFIX_PATH=${CMAKE_PREFIX_PATH}:/opt/ros/galactic /usr/bin/cmake --build /home/huang/codes/ROS_Study/build/village_interfaces -- -j8 -l8
[1.262s] DEBUG:colcon.colcon_core.event_handler.log_command:Invoking command in '/home/huang/codes/ROS_Study/build/village_interfaces': CMAKE_PREFIX_PATH=${CMAKE_PREFIX_PATH}:/opt/ros/galactic /usr/bin/cmake --install /home/huang/codes/ROS_Study/build/village_interfaces
[1.333s] DEBUG:colcon.colcon_core.event_handler.log_command:Invoking command in '/home/huang/codes/ROS_Study/build/tutorial_interfaces': CMAKE_PREFIX_PATH=${CMAKE_PREFIX_PATH}:/opt/ros/galactic /usr/bin/cmake --install /home/huang/codes/ROS_Study/build/tutorial_interfaces
[1.355s] Level 1:colcon.colcon_core.environment:create_environment_scripts_only(village_interfaces)
[1.360s] Level 1:colcon.colcon_core.environment:checking '/home/huang/codes/ROS_Study/install/village_interfaces' for CMake module files
[1.364s] Level 1:colcon.colcon_core.environment:checking '/home/huang/codes/ROS_Study/install/village_interfaces' for CMake config files
[1.365s] Level 1:colcon.colcon_core.shell:create_environment_hook('village_interfaces', 'cmake_prefix_path')
[1.367s] INFO:colcon.colcon_core.shell:Creating environment hook '/home/huang/codes/ROS_Study/install/village_interfaces/share/village_interfaces/hook/cmake_prefix_path.ps1'
[1.368s] INFO:colcon.colcon_core.shell:Creating environment descriptor '/home/huang/codes/ROS_Study/install/village_interfaces/share/village_interfaces/hook/cmake_prefix_path.dsv'
[1.370s] INFO:colcon.colcon_core.shell:Creating environment hook '/home/huang/codes/ROS_Study/install/village_interfaces/share/village_interfaces/hook/cmake_prefix_path.sh'
[1.372s] Level 1:colcon.colcon_core.environment:checking '/home/huang/codes/ROS_Study/install/village_interfaces/lib'
[1.373s] Level 1:colcon.colcon_core.shell:create_environment_hook('village_interfaces', 'ld_library_path_lib')
[1.376s] INFO:colcon.colcon_core.shell:Creating environment hook '/home/huang/codes/ROS_Study/install/village_interfaces/share/village_interfaces/hook/ld_library_path_lib.ps1'
[1.379s] INFO:colcon.colcon_core.shell:Creating environment descriptor '/home/huang/codes/ROS_Study/install/village_interfaces/share/village_interfaces/hook/ld_library_path_lib.dsv'
[1.381s] INFO:colcon.colcon_core.shell:Creating environment hook '/home/huang/codes/ROS_Study/install/village_interfaces/share/village_interfaces/hook/ld_library_path_lib.sh'
[1.383s] Level 1:colcon.colcon_core.environment:checking '/home/huang/codes/ROS_Study/install/village_interfaces/bin'
[1.383s] Level 1:colcon.colcon_core.environment:checking '/home/huang/codes/ROS_Study/install/village_interfaces/lib/pkgconfig/village_interfaces.pc'
[1.384s] Level 1:colcon.colcon_core.environment:checking '/home/huang/codes/ROS_Study/install/village_interfaces/lib/python3.8/site-packages'
[1.384s] Level 1:colcon.colcon_core.shell:create_environment_hook('village_interfaces', 'pythonpath')
[1.387s] INFO:colcon.colcon_core.shell:Creating environment hook '/home/huang/codes/ROS_Study/install/village_interfaces/share/village_interfaces/hook/pythonpath.ps1'
[1.389s] INFO:colcon.colcon_core.shell:Creating environment descriptor '/home/huang/codes/ROS_Study/install/village_interfaces/share/village_interfaces/hook/pythonpath.dsv'
[1.390s] INFO:colcon.colcon_core.shell:Creating environment hook '/home/huang/codes/ROS_Study/install/village_interfaces/share/village_interfaces/hook/pythonpath.sh'
[1.391s] Level 1:colcon.colcon_core.environment:checking '/home/huang/codes/ROS_Study/install/village_interfaces/bin'
[1.394s] INFO:colcon.colcon_core.shell:Creating package script '/home/huang/codes/ROS_Study/install/village_interfaces/share/village_interfaces/package.ps1'
[1.396s] INFO:colcon.colcon_core.shell:Creating package descriptor '/home/huang/codes/ROS_Study/install/village_interfaces/share/village_interfaces/package.dsv'
[1.398s] INFO:colcon.colcon_core.shell:Creating package script '/home/huang/codes/ROS_Study/install/village_interfaces/share/village_interfaces/package.sh'
[1.399s] INFO:colcon.colcon_core.shell:Creating package script '/home/huang/codes/ROS_Study/install/village_interfaces/share/village_interfaces/package.bash'
[1.400s] INFO:colcon.colcon_core.shell:Creating package script '/home/huang/codes/ROS_Study/install/village_interfaces/share/village_interfaces/package.zsh'
[1.402s] Level 1:colcon.colcon_core.environment:create_file_with_runtime_dependencies(/home/huang/codes/ROS_Study/install/village_interfaces/share/colcon-core/packages/village_interfaces)
[1.410s] DEBUG:colcon.colcon_core.event_handler.log_command:Invoked command in '/home/huang/codes/ROS_Study/build/village_interfaces' returned '0': CMAKE_PREFIX_PATH=${CMAKE_PREFIX_PATH}:/opt/ros/galactic /usr/bin/cmake --install /home/huang/codes/ROS_Study/build/village_interfaces
[1.437s] Level 1:colcon.colcon_core.environment:create_environment_scripts_only(tutorial_interfaces)
[1.446s] Level 1:colcon.colcon_core.environment:checking '/home/huang/codes/ROS_Study/install/tutorial_interfaces' for CMake module files
[1.447s] DEBUG:colcon.colcon_core.event_handler.log_command:Invoked command in '/home/huang/codes/ROS_Study/build/tutorial_interfaces' returned '0': CMAKE_PREFIX_PATH=${CMAKE_PREFIX_PATH}:/opt/ros/galactic /usr/bin/cmake --install /home/huang/codes/ROS_Study/build/tutorial_interfaces
[1.449s] Level 1:colcon.colcon_core.environment:checking '/home/huang/codes/ROS_Study/install/tutorial_interfaces' for CMake config files
[1.450s] Level 1:colcon.colcon_core.shell:create_environment_hook('tutorial_interfaces', 'cmake_prefix_path')
[1.455s] INFO:colcon.colcon_core.shell:Creating environment hook '/home/huang/codes/ROS_Study/install/tutorial_interfaces/share/tutorial_interfaces/hook/cmake_prefix_path.ps1'
[1.456s] INFO:colcon.colcon_core.shell:Creating environment descriptor '/home/huang/codes/ROS_Study/install/tutorial_interfaces/share/tutorial_interfaces/hook/cmake_prefix_path.dsv'
[1.457s] INFO:colcon.colcon_core.shell:Creating environment hook '/home/huang/codes/ROS_Study/install/tutorial_interfaces/share/tutorial_interfaces/hook/cmake_prefix_path.sh'
[1.457s] Level 1:colcon.colcon_core.environment:checking '/home/huang/codes/ROS_Study/install/tutorial_interfaces/lib'
[1.457s] Level 1:colcon.colcon_core.shell:create_environment_hook('tutorial_interfaces', 'ld_library_path_lib')
[1.461s] INFO:colcon.colcon_core.shell:Creating environment hook '/home/huang/codes/ROS_Study/install/tutorial_interfaces/share/tutorial_interfaces/hook/ld_library_path_lib.ps1'
[1.462s] INFO:colcon.colcon_core.shell:Creating environment descriptor '/home/huang/codes/ROS_Study/install/tutorial_interfaces/share/tutorial_interfaces/hook/ld_library_path_lib.dsv'
[1.464s] INFO:colcon.colcon_core.shell:Creating environment hook '/home/huang/codes/ROS_Study/install/tutorial_interfaces/share/tutorial_interfaces/hook/ld_library_path_lib.sh'
[1.465s] Level 1:colcon.colcon_core.environment:checking '/home/huang/codes/ROS_Study/install/tutorial_interfaces/bin'
[1.465s] Level 1:colcon.colcon_core.environment:checking '/home/huang/codes/ROS_Study/install/tutorial_interfaces/lib/pkgconfig/tutorial_interfaces.pc'
[1.465s] Level 1:colcon.colcon_core.environment:checking '/home/huang/codes/ROS_Study/install/tutorial_interfaces/lib/python3.8/site-packages'
[1.465s] Level 1:colcon.colcon_core.shell:create_environment_hook('tutorial_interfaces', 'pythonpath')
[1.468s] INFO:colcon.colcon_core.shell:Creating environment hook '/home/huang/codes/ROS_Study/install/tutorial_interfaces/share/tutorial_interfaces/hook/pythonpath.ps1'
[1.470s] INFO:colcon.colcon_core.shell:Creating environment descriptor '/home/huang/codes/ROS_Study/install/tutorial_interfaces/share/tutorial_interfaces/hook/pythonpath.dsv'
[1.471s] INFO:colcon.colcon_core.shell:Creating environment hook '/home/huang/codes/ROS_Study/install/tutorial_interfaces/share/tutorial_interfaces/hook/pythonpath.sh'
[1.473s] Level 1:colcon.colcon_core.environment:checking '/home/huang/codes/ROS_Study/install/tutorial_interfaces/bin'
[1.477s] INFO:colcon.colcon_core.shell:Creating package script '/home/huang/codes/ROS_Study/install/tutorial_interfaces/share/tutorial_interfaces/package.ps1'
[1.479s] INFO:colcon.colcon_core.shell:Creating package descriptor '/home/huang/codes/ROS_Study/install/tutorial_interfaces/share/tutorial_interfaces/package.dsv'
[1.480s] INFO:colcon.colcon_core.shell:Creating package script '/home/huang/codes/ROS_Study/install/tutorial_interfaces/share/tutorial_interfaces/package.sh'
[1.481s] INFO:colcon.colcon_core.shell:Creating package script '/home/huang/codes/ROS_Study/install/tutorial_interfaces/share/tutorial_interfaces/package.bash'
[1.481s] INFO:colcon.colcon_core.shell:Creating package script '/home/huang/codes/ROS_Study/install/tutorial_interfaces/share/tutorial_interfaces/package.zsh'
[1.482s] Level 1:colcon.colcon_core.environment:create_file_with_runtime_dependencies(/home/huang/codes/ROS_Study/install/tutorial_interfaces/share/colcon-core/packages/tutorial_interfaces)
[1.519s] Level 1:colcon.colcon_core.environment:create_environment_scripts_only(village_interfaces)
[1.526s] Level 1:colcon.colcon_core.environment:checking '/home/huang/codes/ROS_Study/install/village_interfaces' for CMake module files
[1.528s] Level 1:colcon.colcon_core.environment:checking '/home/huang/codes/ROS_Study/install/village_interfaces' for CMake config files
[1.529s] Level 1:colcon.colcon_core.shell:create_environment_hook('village_interfaces', 'cmake_prefix_path')
[1.534s] INFO:colcon.colcon_core.shell:Creating environment hook '/home/huang/codes/ROS_Study/install/village_interfaces/share/village_interfaces/hook/cmake_prefix_path.ps1'
[1.536s] INFO:colcon.colcon_core.shell:Creating environment descriptor '/home/huang/codes/ROS_Study/install/village_interfaces/share/village_interfaces/hook/cmake_prefix_path.dsv'
[1.537s] INFO:colcon.colcon_core.shell:Creating environment hook '/home/huang/codes/ROS_Study/install/village_interfaces/share/village_interfaces/hook/cmake_prefix_path.sh'
[1.540s] Level 1:colcon.colcon_core.environment:checking '/home/huang/codes/ROS_Study/install/village_interfaces/lib'
[1.540s] Level 1:colcon.colcon_core.shell:create_environment_hook('village_interfaces', 'ld_library_path_lib')
[1.544s] INFO:colcon.colcon_core.shell:Creating environment hook '/home/huang/codes/ROS_Study/install/village_interfaces/share/village_interfaces/hook/ld_library_path_lib.ps1'
[1.545s] INFO:colcon.colcon_core.shell:Creating environment descriptor '/home/huang/codes/ROS_Study/install/village_interfaces/share/village_interfaces/hook/ld_library_path_lib.dsv'
[1.546s] INFO:colcon.colcon_core.shell:Creating environment hook '/home/huang/codes/ROS_Study/install/village_interfaces/share/village_interfaces/hook/ld_library_path_lib.sh'
[1.547s] Level 1:colcon.colcon_core.environment:checking '/home/huang/codes/ROS_Study/install/village_interfaces/bin'
[1.547s] Level 1:colcon.colcon_core.environment:checking '/home/huang/codes/ROS_Study/install/village_interfaces/lib/pkgconfig/village_interfaces.pc'
[1.548s] Level 1:colcon.colcon_core.environment:checking '/home/huang/codes/ROS_Study/install/village_interfaces/lib/python3.8/site-packages'
[1.548s] Level 1:colcon.colcon_core.shell:create_environment_hook('village_interfaces', 'pythonpath')
[1.552s] INFO:colcon.colcon_core.shell:Creating environment hook '/home/huang/codes/ROS_Study/install/village_interfaces/share/village_interfaces/hook/pythonpath.ps1'
[1.554s] INFO:colcon.colcon_core.shell:Creating environment descriptor '/home/huang/codes/ROS_Study/install/village_interfaces/share/village_interfaces/hook/pythonpath.dsv'
[1.555s] INFO:colcon.colcon_core.shell:Creating environment hook '/home/huang/codes/ROS_Study/install/village_interfaces/share/village_interfaces/hook/pythonpath.sh'
[1.556s] Level 1:colcon.colcon_core.environment:checking '/home/huang/codes/ROS_Study/install/village_interfaces/bin'
[1.561s] INFO:colcon.colcon_core.shell:Creating package script '/home/huang/codes/ROS_Study/install/village_interfaces/share/village_interfaces/package.ps1'
[1.563s] INFO:colcon.colcon_core.shell:Creating package descriptor '/home/huang/codes/ROS_Study/install/village_interfaces/share/village_interfaces/package.dsv'
[1.565s] INFO:colcon.colcon_core.shell:Creating package script '/home/huang/codes/ROS_Study/install/village_interfaces/share/village_interfaces/package.sh'
[1.566s] INFO:colcon.colcon_core.shell:Creating package script '/home/huang/codes/ROS_Study/install/village_interfaces/share/village_interfaces/package.bash'
[1.568s] INFO:colcon.colcon_core.shell:Creating package script '/home/huang/codes/ROS_Study/install/village_interfaces/share/village_interfaces/package.zsh'
[1.569s] Level 1:colcon.colcon_core.environment:create_file_with_runtime_dependencies(/home/huang/codes/ROS_Study/install/village_interfaces/share/colcon-core/packages/village_interfaces)
[1.744s] Level 1:colcon.colcon_core.environment:create_environment_scripts_only(tutorial_interfaces)
[1.749s] Level 1:colcon.colcon_core.environment:checking '/home/huang/codes/ROS_Study/install/tutorial_interfaces' for CMake module files
[1.750s] Level 1:colcon.colcon_core.environment:checking '/home/huang/codes/ROS_Study/install/tutorial_interfaces' for CMake config files
[1.750s] Level 1:colcon.colcon_core.shell:create_environment_hook('tutorial_interfaces', 'cmake_prefix_path')
[1.753s] INFO:colcon.colcon_core.shell:Creating environment hook '/home/huang/codes/ROS_Study/install/tutorial_interfaces/share/tutorial_interfaces/hook/cmake_prefix_path.ps1'
[1.755s] INFO:colcon.colcon_core.shell:Creating environment descriptor '/home/huang/codes/ROS_Study/install/tutorial_interfaces/share/tutorial_interfaces/hook/cmake_prefix_path.dsv'
[1.755s] INFO:colcon.colcon_core.shell:Creating environment hook '/home/huang/codes/ROS_Study/install/tutorial_interfaces/share/tutorial_interfaces/hook/cmake_prefix_path.sh'
[1.756s] Level 1:colcon.colcon_core.environment:checking '/home/huang/codes/ROS_Study/install/tutorial_interfaces/lib'
[1.757s] Level 1:colcon.colcon_core.shell:create_environment_hook('tutorial_interfaces', 'ld_library_path_lib')
[1.760s] INFO:colcon.colcon_core.shell:Creating environment hook '/home/huang/codes/ROS_Study/install/tutorial_interfaces/share/tutorial_interfaces/hook/ld_library_path_lib.ps1'
[1.761s] INFO:colcon.colcon_core.shell:Creating environment descriptor '/home/huang/codes/ROS_Study/install/tutorial_interfaces/share/tutorial_interfaces/hook/ld_library_path_lib.dsv'
[1.761s] INFO:colcon.colcon_core.shell:Creating environment hook '/home/huang/codes/ROS_Study/install/tutorial_interfaces/share/tutorial_interfaces/hook/ld_library_path_lib.sh'
[1.762s] Level 1:colcon.colcon_core.environment:checking '/home/huang/codes/ROS_Study/install/tutorial_interfaces/bin'
[1.763s] Level 1:colcon.colcon_core.environment:checking '/home/huang/codes/ROS_Study/install/tutorial_interfaces/lib/pkgconfig/tutorial_interfaces.pc'
[1.763s] Level 1:colcon.colcon_core.environment:checking '/home/huang/codes/ROS_Study/install/tutorial_interfaces/lib/python3.8/site-packages'
[1.763s] Level 1:colcon.colcon_core.shell:create_environment_hook('tutorial_interfaces', 'pythonpath')
[1.766s] INFO:colcon.colcon_core.shell:Creating environment hook '/home/huang/codes/ROS_Study/install/tutorial_interfaces/share/tutorial_interfaces/hook/pythonpath.ps1'
[1.768s] INFO:colcon.colcon_core.shell:Creating environment descriptor '/home/huang/codes/ROS_Study/install/tutorial_interfaces/share/tutorial_interfaces/hook/pythonpath.dsv'
[1.768s] INFO:colcon.colcon_core.shell:Creating environment hook '/home/huang/codes/ROS_Study/install/tutorial_interfaces/share/tutorial_interfaces/hook/pythonpath.sh'
[1.770s] Level 1:colcon.colcon_core.environment:checking '/home/huang/codes/ROS_Study/install/tutorial_interfaces/bin'
[1.774s] INFO:colcon.colcon_core.shell:Creating package script '/home/huang/codes/ROS_Study/install/tutorial_interfaces/share/tutorial_interfaces/package.ps1'
[1.775s] INFO:colcon.colcon_core.shell:Creating package descriptor '/home/huang/codes/ROS_Study/install/tutorial_interfaces/share/tutorial_interfaces/package.dsv'
[1.776s] INFO:colcon.colcon_core.shell:Creating package script '/home/huang/codes/ROS_Study/install/tutorial_interfaces/share/tutorial_interfaces/package.sh'
[1.777s] INFO:colcon.colcon_core.shell:Creating package script '/home/huang/codes/ROS_Study/install/tutorial_interfaces/share/tutorial_interfaces/package.bash'
[1.778s] INFO:colcon.colcon_core.shell:Creating package script '/home/huang/codes/ROS_Study/install/tutorial_interfaces/share/tutorial_interfaces/package.zsh'
[1.779s] Level 1:colcon.colcon_core.environment:create_file_with_runtime_dependencies(/home/huang/codes/ROS_Study/install/tutorial_interfaces/share/colcon-core/packages/tutorial_interfaces)
[1.780s] INFO:colcon.colcon_ros.task.ament_cmake.build:Building ROS package in '/home/huang/codes/ROS_Study/src/ros_pub_sub' with build type 'ament_cmake'
[1.780s] INFO:colcon.colcon_cmake.task.cmake.build:Building CMake package in '/home/huang/codes/ROS_Study/src/ros_pub_sub'
[1.784s] INFO:colcon.colcon_core.shell:Skip shell extension 'powershell' for command environment: Not usable outside of PowerShell
[1.785s] DEBUG:colcon.colcon_core.shell:Skip shell extension 'dsv' for command environment
[1.804s] INFO:colcon.colcon_ros.task.ament_cmake.build:Building ROS package in '/home/huang/codes/ROS_Study/src/ros_pub_sub_cv' with build type 'ament_cmake'
[1.805s] INFO:colcon.colcon_cmake.task.cmake.build:Building CMake package in '/home/huang/codes/ROS_Study/src/ros_pub_sub_cv'
[1.808s] INFO:colcon.colcon_core.shell:Skip shell extension 'powershell' for command environment: Not usable outside of PowerShell
[1.808s] DEBUG:colcon.colcon_core.shell:Skip shell extension 'dsv' for command environment
[1.840s] DEBUG:colcon.colcon_core.event_handler.log_command:Invoking command in '/home/huang/codes/ROS_Study/build/ros_pub_sub': CMAKE_PREFIX_PATH=/home/huang/codes/ROS_Study/install/tutorial_interfaces:/home/huang/codes/ROS_Study/install/village_wang:/home/huang/codes/ROS_Study/install/village_li:/home/huang/codes/ROS_Study/install/village_interfaces:/home/huang/codes/ROS_Study/install/ros_pub_sub_cv:/home/huang/codes/ROS_Study/install/ros_pub_sub:/opt/ros/galactic LD_LIBRARY_PATH=/home/huang/codes/ROS_Study/install/tutorial_interfaces/lib:/home/huang/codes/ROS_Study/install/village_interfaces/lib:/opt/ros/galactic/opt/yaml_cpp_vendor/lib:/opt/ros/galactic/opt/rviz_ogre_vendor/lib:/opt/ros/galactic/lib/x86_64-linux-gnu:/opt/ros/galactic/lib PYTHONPATH=/home/huang/codes/ROS_Study/install/tutorial_interfaces/lib/python3.8/site-packages:/home/huang/codes/ROS_Study/install/village_interfaces/lib/python3.8/site-packages:/opt/ros/galactic/lib/python3.8/site-packages /usr/bin/cmake --build /home/huang/codes/ROS_Study/build/ros_pub_sub -- -j8 -l8
[1.852s] DEBUG:colcon.colcon_core.event_handler.log_command:Invoking command in '/home/huang/codes/ROS_Study/build/ros_pub_sub_cv': CMAKE_PREFIX_PATH=/home/huang/codes/ROS_Study/install/tutorial_interfaces:/home/huang/codes/ROS_Study/install/village_wang:/home/huang/codes/ROS_Study/install/village_li:/home/huang/codes/ROS_Study/install/village_interfaces:/home/huang/codes/ROS_Study/install/ros_pub_sub_cv:/home/huang/codes/ROS_Study/install/ros_pub_sub:/opt/ros/galactic LD_LIBRARY_PATH=/home/huang/codes/ROS_Study/install/tutorial_interfaces/lib:/home/huang/codes/ROS_Study/install/village_interfaces/lib:/opt/ros/galactic/opt/yaml_cpp_vendor/lib:/opt/ros/galactic/opt/rviz_ogre_vendor/lib:/opt/ros/galactic/lib/x86_64-linux-gnu:/opt/ros/galactic/lib PYTHONPATH=/home/huang/codes/ROS_Study/install/tutorial_interfaces/lib/python3.8/site-packages:/home/huang/codes/ROS_Study/install/village_interfaces/lib/python3.8/site-packages:/opt/ros/galactic/lib/python3.8/site-packages /usr/bin/cmake --build /home/huang/codes/ROS_Study/build/ros_pub_sub_cv -- -j8 -l8
[2.000s] DEBUG:colcon.colcon_core.event_handler.log_command:Invoked command in '/home/huang/codes/ROS_Study/build/ros_pub_sub' returned '0': CMAKE_PREFIX_PATH=/home/huang/codes/ROS_Study/install/tutorial_interfaces:/home/huang/codes/ROS_Study/install/village_wang:/home/huang/codes/ROS_Study/install/village_li:/home/huang/codes/ROS_Study/install/village_interfaces:/home/huang/codes/ROS_Study/install/ros_pub_sub_cv:/home/huang/codes/ROS_Study/install/ros_pub_sub:/opt/ros/galactic LD_LIBRARY_PATH=/home/huang/codes/ROS_Study/install/tutorial_interfaces/lib:/home/huang/codes/ROS_Study/install/village_interfaces/lib:/opt/ros/galactic/opt/yaml_cpp_vendor/lib:/opt/ros/galactic/opt/rviz_ogre_vendor/lib:/opt/ros/galactic/lib/x86_64-linux-gnu:/opt/ros/galactic/lib PYTHONPATH=/home/huang/codes/ROS_Study/install/tutorial_interfaces/lib/python3.8/site-packages:/home/huang/codes/ROS_Study/install/village_interfaces/lib/python3.8/site-packages:/opt/ros/galactic/lib/python3.8/site-packages /usr/bin/cmake --build /home/huang/codes/ROS_Study/build/ros_pub_sub -- -j8 -l8
[2.082s] DEBUG:colcon.colcon_core.event_handler.log_command:Invoking command in '/home/huang/codes/ROS_Study/build/ros_pub_sub': CMAKE_PREFIX_PATH=/home/huang/codes/ROS_Study/install/tutorial_interfaces:/home/huang/codes/ROS_Study/install/village_wang:/home/huang/codes/ROS_Study/install/village_li:/home/huang/codes/ROS_Study/install/village_interfaces:/home/huang/codes/ROS_Study/install/ros_pub_sub_cv:/home/huang/codes/ROS_Study/install/ros_pub_sub:/opt/ros/galactic LD_LIBRARY_PATH=/home/huang/codes/ROS_Study/install/tutorial_interfaces/lib:/home/huang/codes/ROS_Study/install/village_interfaces/lib:/opt/ros/galactic/opt/yaml_cpp_vendor/lib:/opt/ros/galactic/opt/rviz_ogre_vendor/lib:/opt/ros/galactic/lib/x86_64-linux-gnu:/opt/ros/galactic/lib PYTHONPATH=/home/huang/codes/ROS_Study/install/tutorial_interfaces/lib/python3.8/site-packages:/home/huang/codes/ROS_Study/install/village_interfaces/lib/python3.8/site-packages:/opt/ros/galactic/lib/python3.8/site-packages /usr/bin/cmake --install /home/huang/codes/ROS_Study/build/ros_pub_sub
[2.114s] Level 1:colcon.colcon_core.environment:create_environment_scripts_only(ros_pub_sub)
[2.121s] Level 1:colcon.colcon_core.environment:checking '/home/huang/codes/ROS_Study/install/ros_pub_sub' for CMake module files
[2.122s] DEBUG:colcon.colcon_core.event_handler.log_command:Invoked command in '/home/huang/codes/ROS_Study/build/ros_pub_sub' returned '0': CMAKE_PREFIX_PATH=/home/huang/codes/ROS_Study/install/tutorial_interfaces:/home/huang/codes/ROS_Study/install/village_wang:/home/huang/codes/ROS_Study/install/village_li:/home/huang/codes/ROS_Study/install/village_interfaces:/home/huang/codes/ROS_Study/install/ros_pub_sub_cv:/home/huang/codes/ROS_Study/install/ros_pub_sub:/opt/ros/galactic LD_LIBRARY_PATH=/home/huang/codes/ROS_Study/install/tutorial_interfaces/lib:/home/huang/codes/ROS_Study/install/village_interfaces/lib:/opt/ros/galactic/opt/yaml_cpp_vendor/lib:/opt/ros/galactic/opt/rviz_ogre_vendor/lib:/opt/ros/galactic/lib/x86_64-linux-gnu:/opt/ros/galactic/lib PYTHONPATH=/home/huang/codes/ROS_Study/install/tutorial_interfaces/lib/python3.8/site-packages:/home/huang/codes/ROS_Study/install/village_interfaces/lib/python3.8/site-packages:/opt/ros/galactic/lib/python3.8/site-packages /usr/bin/cmake --install /home/huang/codes/ROS_Study/build/ros_pub_sub
[2.123s] Level 1:colcon.colcon_core.environment:checking '/home/huang/codes/ROS_Study/install/ros_pub_sub' for CMake config files
[2.124s] Level 1:colcon.colcon_core.shell:create_environment_hook('ros_pub_sub', 'cmake_prefix_path')
[2.128s] INFO:colcon.colcon_core.shell:Creating environment hook '/home/huang/codes/ROS_Study/install/ros_pub_sub/share/ros_pub_sub/hook/cmake_prefix_path.ps1'
[2.130s] INFO:colcon.colcon_core.shell:Creating environment descriptor '/home/huang/codes/ROS_Study/install/ros_pub_sub/share/ros_pub_sub/hook/cmake_prefix_path.dsv'
[2.131s] INFO:colcon.colcon_core.shell:Creating environment hook '/home/huang/codes/ROS_Study/install/ros_pub_sub/share/ros_pub_sub/hook/cmake_prefix_path.sh'
[2.133s] Level 1:colcon.colcon_core.environment:checking '/home/huang/codes/ROS_Study/install/ros_pub_sub/lib'
[2.133s] Level 1:colcon.colcon_core.environment:checking '/home/huang/codes/ROS_Study/install/ros_pub_sub/bin'
[2.133s] Level 1:colcon.colcon_core.environment:checking '/home/huang/codes/ROS_Study/install/ros_pub_sub/lib/pkgconfig/ros_pub_sub.pc'
[2.134s] Level 1:colcon.colcon_core.environment:checking '/home/huang/codes/ROS_Study/install/ros_pub_sub/lib/python3.8/site-packages'
[2.135s] Level 1:colcon.colcon_core.environment:checking '/home/huang/codes/ROS_Study/install/ros_pub_sub/bin'
[2.138s] INFO:colcon.colcon_core.shell:Creating package script '/home/huang/codes/ROS_Study/install/ros_pub_sub/share/ros_pub_sub/package.ps1'
[2.139s] INFO:colcon.colcon_core.shell:Creating package descriptor '/home/huang/codes/ROS_Study/install/ros_pub_sub/share/ros_pub_sub/package.dsv'
[2.141s] INFO:colcon.colcon_core.shell:Creating package script '/home/huang/codes/ROS_Study/install/ros_pub_sub/share/ros_pub_sub/package.sh'
[2.142s] INFO:colcon.colcon_core.shell:Creating package script '/home/huang/codes/ROS_Study/install/ros_pub_sub/share/ros_pub_sub/package.bash'
[2.143s] INFO:colcon.colcon_core.shell:Creating package script '/home/huang/codes/ROS_Study/install/ros_pub_sub/share/ros_pub_sub/package.zsh'
[2.144s] Level 1:colcon.colcon_core.environment:create_file_with_runtime_dependencies(/home/huang/codes/ROS_Study/install/ros_pub_sub/share/colcon-core/packages/ros_pub_sub)
[2.228s] Level 1:colcon.colcon_core.environment:create_environment_scripts_only(ros_pub_sub)
[2.233s] Level 1:colcon.colcon_core.environment:checking '/home/huang/codes/ROS_Study/install/ros_pub_sub' for CMake module files
[2.234s] Level 1:colcon.colcon_core.environment:checking '/home/huang/codes/ROS_Study/install/ros_pub_sub' for CMake config files
[2.235s] Level 1:colcon.colcon_core.shell:create_environment_hook('ros_pub_sub', 'cmake_prefix_path')
[2.238s] INFO:colcon.colcon_core.shell:Creating environment hook '/home/huang/codes/ROS_Study/install/ros_pub_sub/share/ros_pub_sub/hook/cmake_prefix_path.ps1'
[2.240s] INFO:colcon.colcon_core.shell:Creating environment descriptor '/home/huang/codes/ROS_Study/install/ros_pub_sub/share/ros_pub_sub/hook/cmake_prefix_path.dsv'
[2.241s] INFO:colcon.colcon_core.shell:Creating environment hook '/home/huang/codes/ROS_Study/install/ros_pub_sub/share/ros_pub_sub/hook/cmake_prefix_path.sh'
[2.243s] Level 1:colcon.colcon_core.environment:checking '/home/huang/codes/ROS_Study/install/ros_pub_sub/lib'
[2.243s] Level 1:colcon.colcon_core.environment:checking '/home/huang/codes/ROS_Study/install/ros_pub_sub/bin'
[2.243s] Level 1:colcon.colcon_core.environment:checking '/home/huang/codes/ROS_Study/install/ros_pub_sub/lib/pkgconfig/ros_pub_sub.pc'
[2.244s] Level 1:colcon.colcon_core.environment:checking '/home/huang/codes/ROS_Study/install/ros_pub_sub/lib/python3.8/site-packages'
[2.244s] Level 1:colcon.colcon_core.environment:checking '/home/huang/codes/ROS_Study/install/ros_pub_sub/bin'
[2.248s] INFO:colcon.colcon_core.shell:Creating package script '/home/huang/codes/ROS_Study/install/ros_pub_sub/share/ros_pub_sub/package.ps1'
[2.250s] INFO:colcon.colcon_core.shell:Creating package descriptor '/home/huang/codes/ROS_Study/install/ros_pub_sub/share/ros_pub_sub/package.dsv'
[2.251s] INFO:colcon.colcon_core.shell:Creating package script '/home/huang/codes/ROS_Study/install/ros_pub_sub/share/ros_pub_sub/package.sh'
[2.252s] INFO:colcon.colcon_core.shell:Creating package script '/home/huang/codes/ROS_Study/install/ros_pub_sub/share/ros_pub_sub/package.bash'
[2.253s] INFO:colcon.colcon_core.shell:Creating package script '/home/huang/codes/ROS_Study/install/ros_pub_sub/share/ros_pub_sub/package.zsh'
[2.254s] Level 1:colcon.colcon_core.environment:create_file_with_runtime_dependencies(/home/huang/codes/ROS_Study/install/ros_pub_sub/share/colcon-core/packages/ros_pub_sub)
[9.252s] DEBUG:colcon.colcon_core.event_handler.log_command:Invoked command in '/home/huang/codes/ROS_Study/build/ros_pub_sub_cv' returned '2': CMAKE_PREFIX_PATH=/home/huang/codes/ROS_Study/install/tutorial_interfaces:/home/huang/codes/ROS_Study/install/village_wang:/home/huang/codes/ROS_Study/install/village_li:/home/huang/codes/ROS_Study/install/village_interfaces:/home/huang/codes/ROS_Study/install/ros_pub_sub_cv:/home/huang/codes/ROS_Study/install/ros_pub_sub:/opt/ros/galactic LD_LIBRARY_PATH=/home/huang/codes/ROS_Study/install/tutorial_interfaces/lib:/home/huang/codes/ROS_Study/install/village_interfaces/lib:/opt/ros/galactic/opt/yaml_cpp_vendor/lib:/opt/ros/galactic/opt/rviz_ogre_vendor/lib:/opt/ros/galactic/lib/x86_64-linux-gnu:/opt/ros/galactic/lib PYTHONPATH=/home/huang/codes/ROS_Study/install/tutorial_interfaces/lib/python3.8/site-packages:/home/huang/codes/ROS_Study/install/village_interfaces/lib/python3.8/site-packages:/opt/ros/galactic/lib/python3.8/site-packages /usr/bin/cmake --build /home/huang/codes/ROS_Study/build/ros_pub_sub_cv -- -j8 -l8
[9.281s] Level 1:colcon.colcon_core.environment:create_environment_scripts_only(ros_pub_sub_cv)
[9.282s] Level 1:colcon.colcon_core.environment:checking '/home/huang/codes/ROS_Study/install/ros_pub_sub_cv' for CMake module files
[9.283s] Level 1:colcon.colcon_core.environment:checking '/home/huang/codes/ROS_Study/install/ros_pub_sub_cv' for CMake config files
[9.283s] Level 1:colcon.colcon_core.shell:create_environment_hook('ros_pub_sub_cv', 'cmake_prefix_path')
[9.285s] INFO:colcon.colcon_core.shell:Creating environment hook '/home/huang/codes/ROS_Study/install/ros_pub_sub_cv/share/ros_pub_sub_cv/hook/cmake_prefix_path.ps1'
[9.285s] INFO:colcon.colcon_core.shell:Creating environment descriptor '/home/huang/codes/ROS_Study/install/ros_pub_sub_cv/share/ros_pub_sub_cv/hook/cmake_prefix_path.dsv'
[9.286s] INFO:colcon.colcon_core.shell:Creating environment hook '/home/huang/codes/ROS_Study/install/ros_pub_sub_cv/share/ros_pub_sub_cv/hook/cmake_prefix_path.sh'
[9.286s] Level 1:colcon.colcon_core.environment:checking '/home/huang/codes/ROS_Study/install/ros_pub_sub_cv/lib'
[9.286s] Level 1:colcon.colcon_core.environment:checking '/home/huang/codes/ROS_Study/install/ros_pub_sub_cv/bin'
[9.286s] Level 1:colcon.colcon_core.environment:checking '/home/huang/codes/ROS_Study/install/ros_pub_sub_cv/lib/pkgconfig/ros_pub_sub_cv.pc'
[9.287s] Level 1:colcon.colcon_core.environment:checking '/home/huang/codes/ROS_Study/install/ros_pub_sub_cv/lib/python3.8/site-packages'
[9.287s] Level 1:colcon.colcon_core.environment:checking '/home/huang/codes/ROS_Study/install/ros_pub_sub_cv/bin'
[9.289s] INFO:colcon.colcon_core.shell:Creating package script '/home/huang/codes/ROS_Study/install/ros_pub_sub_cv/share/ros_pub_sub_cv/package.ps1'
[9.289s] INFO:colcon.colcon_core.shell:Creating package descriptor '/home/huang/codes/ROS_Study/install/ros_pub_sub_cv/share/ros_pub_sub_cv/package.dsv'
[9.290s] INFO:colcon.colcon_core.shell:Creating package script '/home/huang/codes/ROS_Study/install/ros_pub_sub_cv/share/ros_pub_sub_cv/package.sh'
[9.290s] INFO:colcon.colcon_core.shell:Creating package script '/home/huang/codes/ROS_Study/install/ros_pub_sub_cv/share/ros_pub_sub_cv/package.bash'
[9.290s] INFO:colcon.colcon_core.shell:Creating package script '/home/huang/codes/ROS_Study/install/ros_pub_sub_cv/share/ros_pub_sub_cv/package.zsh'
[9.291s] Level 1:colcon.colcon_core.environment:create_file_with_runtime_dependencies(/home/huang/codes/ROS_Study/install/ros_pub_sub_cv/share/colcon-core/packages/ros_pub_sub_cv)
[9.301s] DEBUG:colcon.colcon_parallel_executor.executor.parallel:closing loop
[9.301s] DEBUG:colcon.colcon_parallel_executor.executor.parallel:loop closed
[9.302s] DEBUG:colcon.colcon_parallel_executor.executor.parallel:run_until_complete finished with '2'
[9.302s] DEBUG:colcon.colcon_core.event_reactor:joining thread
[9.313s] INFO:colcon.colcon_core.plugin_system:Skipping extension 'colcon_notification.desktop_notification.terminal_notifier': Not used on non-Darwin systems
[9.313s] INFO:colcon.colcon_core.plugin_system:Skipping extension 'colcon_notification.desktop_notification.win32': Not used on non-Windows systems
[9.313s] INFO:colcon.colcon_notification.desktop_notification:Sending desktop notification using 'notify2'
[9.339s] DEBUG:colcon.colcon_core.event_reactor:joined thread
[9.342s] INFO:colcon.colcon_core.shell:Creating prefix script '/home/huang/codes/ROS_Study/install/local_setup.ps1'
[9.344s] INFO:colcon.colcon_core.shell:Creating prefix util module '/home/huang/codes/ROS_Study/install/_local_setup_util_ps1.py'
[9.346s] INFO:colcon.colcon_core.shell:Creating prefix chain script '/home/huang/codes/ROS_Study/install/setup.ps1'
[9.349s] INFO:colcon.colcon_core.shell:Creating prefix script '/home/huang/codes/ROS_Study/install/local_setup.sh'
[9.351s] INFO:colcon.colcon_core.shell:Creating prefix util module '/home/huang/codes/ROS_Study/install/_local_setup_util_sh.py'
[9.352s] INFO:colcon.colcon_core.shell:Creating prefix chain script '/home/huang/codes/ROS_Study/install/setup.sh'
[9.355s] INFO:colcon.colcon_core.shell:Creating prefix script '/home/huang/codes/ROS_Study/install/local_setup.bash'
[9.356s] INFO:colcon.colcon_core.shell:Creating prefix chain script '/home/huang/codes/ROS_Study/install/setup.bash'
[9.359s] INFO:colcon.colcon_core.shell:Creating prefix script '/home/huang/codes/ROS_Study/install/local_setup.zsh'
[9.359s] INFO:colcon.colcon_core.shell:Creating prefix chain script '/home/huang/codes/ROS_Study/install/setup.zsh'
