[0.042s] Invoking command in '/home/huang/codes/ROS_Study/build/ros_pub_sub_cv': CMAKE_PREFIX_PATH=/home/huang/codes/ROS_Study/install/tutorial_interfaces:/home/huang/codes/ROS_Study/install/village_wang:/home/huang/codes/ROS_Study/install/village_li:/home/huang/codes/ROS_Study/install/village_interfaces:/home/huang/codes/ROS_Study/install/ros_pub_sub_cv:/home/huang/codes/ROS_Study/install/ros_pub_sub:/opt/ros/galactic LD_LIBRARY_PATH=/home/huang/codes/ROS_Study/install/tutorial_interfaces/lib:/home/huang/codes/ROS_Study/install/village_interfaces/lib:/opt/ros/galactic/opt/yaml_cpp_vendor/lib:/opt/ros/galactic/opt/rviz_ogre_vendor/lib:/opt/ros/galactic/lib/x86_64-linux-gnu:/opt/ros/galactic/lib PYTHONPATH=/home/huang/codes/ROS_Study/install/tutorial_interfaces/lib/python3.8/site-packages:/home/huang/codes/ROS_Study/install/village_interfaces/lib/python3.8/site-packages:/opt/ros/galactic/lib/python3.8/site-packages /usr/bin/cmake --build /home/huang/codes/ROS_Study/build/ros_pub_sub_cv -- -j8 -l8
[0.102s] [35m[1mScanning dependencies of target sub_node[0m
[0.129s] [ 50%] Built target pub_node
[0.154s] [ 75%] [32mBuilding CXX object CMakeFiles/sub_node.dir/src/sub.cpp.o[0m
[10.672s] [100%] [32m[1mLinking CXX executable sub_node[0m
[11.874s] /usr/bin/ld: warning: libopencv_imgproc.so.4.2, needed by /opt/ros/galactic/lib/libcv_bridge.so, may conflict with libopencv_imgproc.so.4.5
[11.875s] /usr/bin/ld: warning: libopencv_core.so.4.2, needed by /opt/ros/galactic/lib/libcv_bridge.so, may conflict with libopencv_core.so.4.5
[11.894s] [100%] Built target sub_node
[11.921s] Invoked command in '/home/huang/codes/ROS_Study/build/ros_pub_sub_cv' returned '0': CMAKE_PREFIX_PATH=/home/huang/codes/ROS_Study/install/tutorial_interfaces:/home/huang/codes/ROS_Study/install/village_wang:/home/huang/codes/ROS_Study/install/village_li:/home/huang/codes/ROS_Study/install/village_interfaces:/home/huang/codes/ROS_Study/install/ros_pub_sub_cv:/home/huang/codes/ROS_Study/install/ros_pub_sub:/opt/ros/galactic LD_LIBRARY_PATH=/home/huang/codes/ROS_Study/install/tutorial_interfaces/lib:/home/huang/codes/ROS_Study/install/village_interfaces/lib:/opt/ros/galactic/opt/yaml_cpp_vendor/lib:/opt/ros/galactic/opt/rviz_ogre_vendor/lib:/opt/ros/galactic/lib/x86_64-linux-gnu:/opt/ros/galactic/lib PYTHONPATH=/home/huang/codes/ROS_Study/install/tutorial_interfaces/lib/python3.8/site-packages:/home/huang/codes/ROS_Study/install/village_interfaces/lib/python3.8/site-packages:/opt/ros/galactic/lib/python3.8/site-packages /usr/bin/cmake --build /home/huang/codes/ROS_Study/build/ros_pub_sub_cv -- -j8 -l8
[12.027s] Invoking command in '/home/huang/codes/ROS_Study/build/ros_pub_sub_cv': CMAKE_PREFIX_PATH=/home/huang/codes/ROS_Study/install/tutorial_interfaces:/home/huang/codes/ROS_Study/install/village_wang:/home/huang/codes/ROS_Study/install/village_li:/home/huang/codes/ROS_Study/install/village_interfaces:/home/huang/codes/ROS_Study/install/ros_pub_sub_cv:/home/huang/codes/ROS_Study/install/ros_pub_sub:/opt/ros/galactic LD_LIBRARY_PATH=/home/huang/codes/ROS_Study/install/tutorial_interfaces/lib:/home/huang/codes/ROS_Study/install/village_interfaces/lib:/opt/ros/galactic/opt/yaml_cpp_vendor/lib:/opt/ros/galactic/opt/rviz_ogre_vendor/lib:/opt/ros/galactic/lib/x86_64-linux-gnu:/opt/ros/galactic/lib PYTHONPATH=/home/huang/codes/ROS_Study/install/tutorial_interfaces/lib/python3.8/site-packages:/home/huang/codes/ROS_Study/install/village_interfaces/lib/python3.8/site-packages:/opt/ros/galactic/lib/python3.8/site-packages /usr/bin/cmake --install /home/huang/codes/ROS_Study/build/ros_pub_sub_cv
[12.052s] -- Install configuration: ""
[12.052s] -- Up-to-date: /home/huang/codes/ROS_Study/install/ros_pub_sub_cv/lib/ros_pub_sub_cv/pub_node
[12.053s] -- Installing: /home/huang/codes/ROS_Study/install/ros_pub_sub_cv/lib/ros_pub_sub_cv/sub_node
[12.060s] -- Set runtime path of "/home/huang/codes/ROS_Study/install/ros_pub_sub_cv/lib/ros_pub_sub_cv/sub_node" to ""
[12.061s] -- Up-to-date: /home/huang/codes/ROS_Study/install/ros_pub_sub_cv/share/ament_index/resource_index/package_run_dependencies/ros_pub_sub_cv
[12.061s] -- Up-to-date: /home/huang/codes/ROS_Study/install/ros_pub_sub_cv/share/ament_index/resource_index/parent_prefix_path/ros_pub_sub_cv
[12.061s] -- Up-to-date: /home/huang/codes/ROS_Study/install/ros_pub_sub_cv/share/ros_pub_sub_cv/environment/ament_prefix_path.sh
[12.061s] -- Up-to-date: /home/huang/codes/ROS_Study/install/ros_pub_sub_cv/share/ros_pub_sub_cv/environment/ament_prefix_path.dsv
[12.061s] -- Up-to-date: /home/huang/codes/ROS_Study/install/ros_pub_sub_cv/share/ros_pub_sub_cv/environment/path.sh
[12.061s] -- Up-to-date: /home/huang/codes/ROS_Study/install/ros_pub_sub_cv/share/ros_pub_sub_cv/environment/path.dsv
[12.061s] -- Up-to-date: /home/huang/codes/ROS_Study/install/ros_pub_sub_cv/share/ros_pub_sub_cv/local_setup.bash
[12.062s] -- Up-to-date: /home/huang/codes/ROS_Study/install/ros_pub_sub_cv/share/ros_pub_sub_cv/local_setup.sh
[12.062s] -- Up-to-date: /home/huang/codes/ROS_Study/install/ros_pub_sub_cv/share/ros_pub_sub_cv/local_setup.zsh
[12.062s] -- Up-to-date: /home/huang/codes/ROS_Study/install/ros_pub_sub_cv/share/ros_pub_sub_cv/local_setup.dsv
[12.062s] -- Installing: /home/huang/codes/ROS_Study/install/ros_pub_sub_cv/share/ros_pub_sub_cv/package.dsv
[12.062s] -- Up-to-date: /home/huang/codes/ROS_Study/install/ros_pub_sub_cv/share/ament_index/resource_index/packages/ros_pub_sub_cv
[12.062s] -- Up-to-date: /home/huang/codes/ROS_Study/install/ros_pub_sub_cv/share/ros_pub_sub_cv/cmake/ros_pub_sub_cvConfig.cmake
[12.063s] -- Up-to-date: /home/huang/codes/ROS_Study/install/ros_pub_sub_cv/share/ros_pub_sub_cv/cmake/ros_pub_sub_cvConfig-version.cmake
[12.063s] -- Up-to-date: /home/huang/codes/ROS_Study/install/ros_pub_sub_cv/share/ros_pub_sub_cv/package.xml
[12.067s] Invoked command in '/home/huang/codes/ROS_Study/build/ros_pub_sub_cv' returned '0': CMAKE_PREFIX_PATH=/home/huang/codes/ROS_Study/install/tutorial_interfaces:/home/huang/codes/ROS_Study/install/village_wang:/home/huang/codes/ROS_Study/install/village_li:/home/huang/codes/ROS_Study/install/village_interfaces:/home/huang/codes/ROS_Study/install/ros_pub_sub_cv:/home/huang/codes/ROS_Study/install/ros_pub_sub:/opt/ros/galactic LD_LIBRARY_PATH=/home/huang/codes/ROS_Study/install/tutorial_interfaces/lib:/home/huang/codes/ROS_Study/install/village_interfaces/lib:/opt/ros/galactic/opt/yaml_cpp_vendor/lib:/opt/ros/galactic/opt/rviz_ogre_vendor/lib:/opt/ros/galactic/lib/x86_64-linux-gnu:/opt/ros/galactic/lib PYTHONPATH=/home/huang/codes/ROS_Study/install/tutorial_interfaces/lib/python3.8/site-packages:/home/huang/codes/ROS_Study/install/village_interfaces/lib/python3.8/site-packages:/opt/ros/galactic/lib/python3.8/site-packages /usr/bin/cmake --install /home/huang/codes/ROS_Study/build/ros_pub_sub_cv
