[0.073s] Invoking command in '/home/huang/codes/ROS_Study/build/ros_service': CMAKE_PREFIX_PATH=/home/huang/codes/ROS_Study/install/tutorial_interfaces:/home/huang/codes/ROS_Study/install/village_wang:/home/huang/codes/ROS_Study/install/village_li:/home/huang/codes/ROS_Study/install/village_interfaces:/home/huang/codes/ROS_Study/install/ros_pub_sub_cv:/home/huang/codes/ROS_Study/install/ros_pub_sub:/opt/ros/galactic LD_LIBRARY_PATH=/home/huang/codes/ROS_Study/install/tutorial_interfaces/lib:/home/huang/codes/ROS_Study/install/village_interfaces/lib:/opt/ros/galactic/opt/yaml_cpp_vendor/lib:/opt/ros/galactic/opt/rviz_ogre_vendor/lib:/opt/ros/galactic/lib/x86_64-linux-gnu:/opt/ros/galactic/lib PYTHONPATH=/home/huang/codes/ROS_Study/install/tutorial_interfaces/lib/python3.8/site-packages:/home/huang/codes/ROS_Study/install/village_interfaces/lib/python3.8/site-packages:/opt/ros/galactic/lib/python3.8/site-packages /usr/bin/cmake --build /home/huang/codes/ROS_Study/build/ros_service -- -j8 -l8
[0.169s] [35m[1mScanning dependencies of target pub_node[0m
[0.230s] [ 50%] Built target sub_node
[0.240s] [ 75%] [32mBuilding CXX object CMakeFiles/pub_node.dir/src/pub.cpp.o[0m
[3.816s] In file included from [01m[K/usr/include/c++/9/pstl/glue_algorithm_defs.h:13[m[K,
[3.816s]                  from [01m[K/usr/include/c++/9/algorithm:71[m[K,
[3.817s]                  from [01m[K/usr/local/include/opencv4/opencv2/core/base.hpp:55[m[K,
[3.817s]                  from [01m[K/usr/local/include/opencv4/opencv2/core.hpp:53[m[K,
[3.817s]                  from [01m[K/usr/local/include/opencv4/opencv2/opencv.hpp:52[m[K,
[3.817s]                  from [01m[K/home/huang/codes/ROS_Study/src/ros_service/src/pub.cpp:3[m[K:
[3.817s] /usr/include/c++/9/functional: In instantiation of ‘[01m[Kstruct std::_Bind_check_arity<void (*)(tutorial_interfaces::srv::Money_Request_<std::allocator<void> >, tutorial_interfaces::srv::Money_Response_<std::allocator<void> >), MinimalPublisher*, const std::_Placeholder<1>&, const std::_Placeholder<2>&>[m[K’:
[3.817s] [01m[K/usr/include/c++/9/functional:787:12:[m[K   required from ‘[01m[Kstruct std::_Bind_helper<false, void (&)(tutorial_interfaces::srv::Money_Request_<std::allocator<void> >, tutorial_interfaces::srv::Money_Response_<std::allocator<void> >), MinimalPublisher*, const std::_Placeholder<1>&, const std::_Placeholder<2>&>[m[K’
[3.817s] [01m[K/usr/include/c++/9/functional:808:5:[m[K   required by substitution of ‘[01m[Ktemplate<class _Func, class ... _BoundArgs> typename std::_Bind_helper<std::__is_socketlike<_Func>::value, _Func, _BoundArgs ...>::type std::bind(_Func&&, _BoundArgs&& ...) [with _Func = void (&)(tutorial_interfaces::srv::Money_Request_<std::allocator<void> >, tutorial_interfaces::srv::Money_Response_<std::allocator<void> >); _BoundArgs = {MinimalPublisher*, const std::_Placeholder<1>&, const std::_Placeholder<2>&}][m[K’
[3.817s] [01m[K/home/huang/codes/ROS_Study/src/ros_service/src/pub.cpp:27:149:[m[K   required from here
[3.817s] [01m[K/usr/include/c++/9/functional:758:43:[m[K [01;31m[Kerror: [m[Kstatic assertion failed: Wrong number of arguments for function
[3.817s]   758 |       static_assert([01;31m[Ksizeof...(_BoundArgs) == sizeof...(_Args)[m[K,
[3.818s]       |                     [01;31m[K~~~~~~~~~~~~~~~~~~~~~~^~~~~~~~~~~~~~~~~~~[m[K
[3.831s] In file included from [01m[K/opt/ros/galactic/include/rclcpp/service.hpp:34[m[K,
[3.831s]                  from [01m[K/opt/ros/galactic/include/rclcpp/callback_group.hpp:25[m[K,
[3.831s]                  from [01m[K/opt/ros/galactic/include/rclcpp/any_executable.hpp:20[m[K,
[3.831s]                  from [01m[K/opt/ros/galactic/include/rclcpp/memory_strategy.hpp:25[m[K,
[3.831s]                  from [01m[K/opt/ros/galactic/include/rclcpp/memory_strategies.hpp:18[m[K,
[3.831s]                  from [01m[K/opt/ros/galactic/include/rclcpp/executor_options.hpp:20[m[K,
[3.832s]                  from [01m[K/opt/ros/galactic/include/rclcpp/executor.hpp:36[m[K,
[3.832s]                  from [01m[K/opt/ros/galactic/include/rclcpp/executors/multi_threaded_executor.hpp:26[m[K,
[3.832s]                  from [01m[K/opt/ros/galactic/include/rclcpp/executors.hpp:21[m[K,
[3.832s]                  from [01m[K/opt/ros/galactic/include/rclcpp/rclcpp.hpp:156[m[K,
[3.832s]                  from [01m[K/home/huang/codes/ROS_Study/src/ros_service/src/pub.cpp:5[m[K:
[3.832s] [01m[K/home/huang/codes/ROS_Study/src/ros_service/src/pub.cpp:[m[K In static member function ‘[01m[Kstatic void MinimalPublisher::service_callback(tutorial_interfaces::srv::Money::Request, tutorial_interfaces::srv::Money::Response)[m[K’:
[3.832s] [01m[K/home/huang/codes/ROS_Study/src/ros_service/src/pub.cpp:46:17:[m[K [01;31m[Kerror: [m[K‘[01m[Kthis[m[K’ is unavailable for static member functions
[3.832s]    46 |     RCLCPP_INFO([01;31m[Kthis[m[K->get_logger, "get a service that request name and money is %s, %d", request->name.c_str(), request->money);
[3.833s]       |                 [01;31m[K^~~~[m[K
[3.833s] [01m[K/home/huang/codes/ROS_Study/src/ros_service/src/pub.cpp:46:17:[m[K [01;31m[Kerror: [m[K‘[01m[Kthis[m[K’ is unavailable for static member functions
[3.833s] [01m[K/home/huang/codes/ROS_Study/src/ros_service/src/pub.cpp:46:5:[m[K [01;31m[Kerror: [m[Ktemplate argument 1 is invalid
[3.833s]    46 |     [01;31m[KRCLCPP_INFO[m[K(this->get_logger, "get a service that request name and money is %s, %d", request->name.c_str(), request->money);
[3.833s]       |     [01;31m[K^~~~~~~~~~~[m[K
[3.833s] [01m[K/home/huang/codes/ROS_Study/src/ros_service/src/pub.cpp:46:5:[m[K [01;31m[Kerror: [m[Ktemplate argument 1 is invalid
[3.833s]    46 |     [01;31m[KRCLCPP_INFO[m[K(this->get_logger, "get a service that request name and money is %s, %d", request->name.c_str(), request->money);
[3.833s]       |     [01;31m[K^~~~~~~~~~~[m[K
[3.834s] [01m[K/home/huang/codes/ROS_Study/src/ros_service/src/pub.cpp:46:5:[m[K [01;31m[Kerror: [m[Ktemplate argument 1 is invalid
[3.834s]    46 |     [01;31m[KRCLCPP_INFO[m[K(this->get_logger, "get a service that request name and money is %s, %d", request->name.c_str(), request->money);
[3.834s]       |     [01;31m[K^~~~~~~~~~~[m[K
[3.834s] In file included from [01m[K/opt/ros/galactic/include/rclcpp/client.hpp:40[m[K,
[3.834s]                  from [01m[K/opt/ros/galactic/include/rclcpp/callback_group.hpp:23[m[K,
[3.834s]                  from [01m[K/opt/ros/galactic/include/rclcpp/any_executable.hpp:20[m[K,
[3.834s]                  from [01m[K/opt/ros/galactic/include/rclcpp/memory_strategy.hpp:25[m[K,
[3.834s]                  from [01m[K/opt/ros/galactic/include/rclcpp/memory_strategies.hpp:18[m[K,
[3.834s]                  from [01m[K/opt/ros/galactic/include/rclcpp/executor_options.hpp:20[m[K,
[3.834s]                  from [01m[K/opt/ros/galactic/include/rclcpp/executor.hpp:36[m[K,
[3.835s]                  from [01m[K/opt/ros/galactic/include/rclcpp/executors/multi_threaded_executor.hpp:26[m[K,
[3.835s]                  from [01m[K/opt/ros/galactic/include/rclcpp/executors.hpp:21[m[K,
[3.835s]                  from [01m[K/opt/ros/galactic/include/rclcpp/rclcpp.hpp:156[m[K,
[3.835s]                  from [01m[K/home/huang/codes/ROS_Study/src/ros_service/src/pub.cpp:5[m[K:
[3.835s] [01m[K/home/huang/codes/ROS_Study/src/ros_service/src/pub.cpp:46:17:[m[K [01;31m[Kerror: [m[K‘[01m[Kthis[m[K’ is unavailable for static member functions
[3.835s]    46 |     RCLCPP_INFO([01;31m[Kthis[m[K->get_logger, "get a service that request name and money is %s, %d", request->name.c_str(), request->money);
[3.835s]       |                 [01;31m[K^~~~[m[K
[3.835s] [01m[K/home/huang/codes/ROS_Study/src/ros_service/src/pub.cpp:46:17:[m[K [01;31m[Kerror: [m[K‘[01m[Kthis[m[K’ is unavailable for static member functions
[3.836s]    46 |     RCLCPP_INFO([01;31m[Kthis[m[K->get_logger, "get a service that request name and money is %s, %d", request->name.c_str(), request->money);
[3.836s]       |                 [01;31m[K^~~~[m[K
[3.836s] [01m[K/home/huang/codes/ROS_Study/src/ros_service/src/pub.cpp:46:97:[m[K [01;31m[Kerror: [m[Kbase operand of ‘[01m[K->[m[K’ has non-pointer type ‘[01m[Kconst Request[m[K’ {aka ‘[01m[Kconst tutorial_interfaces::srv::Money_Request_<std::allocator<void> >[m[K’}
[3.836s]    46 |     RCLCPP_INFO(this->get_logger, "get a service that request name and money is %s, %d", request[01;31m[K->[m[Kname.c_str(), request->money);
[3.836s]       |                                                                                                 [01;31m[K^~[m[K
[3.836s] [01m[K/home/huang/codes/ROS_Study/src/ros_service/src/pub.cpp:46:120:[m[K [01;31m[Kerror: [m[Kbase operand of ‘[01m[K->[m[K’ has non-pointer type ‘[01m[Kconst Request[m[K’ {aka ‘[01m[Kconst tutorial_interfaces::srv::Money_Request_<std::allocator<void> >[m[K’}
[3.837s]    46 |     RCLCPP_INFO(this->get_logger, "get a service that request name and money is %s, %d", request->name.c_str(), request[01;31m[K->[m[Kmoney);
[3.837s]       |                                                                                                                        [01;31m[K^~[m[K
[3.837s] [01m[K/home/huang/codes/ROS_Study/src/ros_service/src/pub.cpp:48:15:[m[K [01;31m[Kerror: [m[Kbase operand of ‘[01m[K->[m[K’ has non-pointer type ‘[01m[Kconst Request[m[K’ {aka ‘[01m[Kconst tutorial_interfaces::srv::Money_Request_<std::allocator<void> >[m[K’}
[3.837s]    48 |     if(request[01;31m[K->[m[Kmoney > 100)
[3.837s]       |               [01;31m[K^~[m[K
[3.837s] [01m[K/home/huang/codes/ROS_Study/src/ros_service/src/pub.cpp:50:15:[m[K [01;31m[Kerror: [m[Kbase operand of ‘[01m[K->[m[K’ has non-pointer type ‘[01m[Kconst Response[m[K’ {aka ‘[01m[Kconst tutorial_interfaces::srv::Money_Response_<std::allocator<void> >[m[K’}
[3.837s]    50 |       response[01;31m[K->[m[Ksuccess = true;
[3.837s]       |               [01;31m[K^~[m[K
[3.838s] [01m[K/home/huang/codes/ROS_Study/src/ros_service/src/pub.cpp:51:15:[m[K [01;31m[Kerror: [m[Kbase operand of ‘[01m[K->[m[K’ has non-pointer type ‘[01m[Kconst Response[m[K’ {aka ‘[01m[Kconst tutorial_interfaces::srv::Money_Response_<std::allocator<void> >[m[K’}
[3.838s]    51 |       response[01;31m[K->[m[Kmoney = request->money;
[3.838s]       |               [01;31m[K^~[m[K
[3.838s] [01m[K/home/huang/codes/ROS_Study/src/ros_service/src/pub.cpp:51:32:[m[K [01;31m[Kerror: [m[Kbase operand of ‘[01m[K->[m[K’ has non-pointer type ‘[01m[Kconst Request[m[K’ {aka ‘[01m[Kconst tutorial_interfaces::srv::Money_Request_<std::allocator<void> >[m[K’}
[3.838s]    51 |       response->money = request[01;31m[K->[m[Kmoney;
[3.838s]       |                                [01;31m[K^~[m[K
[3.838s] [01m[K/home/huang/codes/ROS_Study/src/ros_service/src/pub.cpp:53:15:[m[K [01;31m[Kerror: [m[Kbase operand of ‘[01m[K->[m[K’ has non-pointer type ‘[01m[Kconst Response[m[K’ {aka ‘[01m[Kconst tutorial_interfaces::srv::Money_Response_<std::allocator<void> >[m[K’}
[3.838s]    53 |       response[01;31m[K->[m[Ksuccess = false;
[3.838s]       |               [01;31m[K^~[m[K
[3.838s] [01m[K/home/huang/codes/ROS_Study/src/ros_service/src/pub.cpp:54:15:[m[K [01;31m[Kerror: [m[Kbase operand of ‘[01m[K->[m[K’ has non-pointer type ‘[01m[Kconst Response[m[K’ {aka ‘[01m[Kconst tutorial_interfaces::srv::Money_Response_<std::allocator<void> >[m[K’}
[3.838s]    54 |       response[01;31m[K->[m[Kmoney = request->money;
[3.838s]       |               [01;31m[K^~[m[K
[3.838s] [01m[K/home/huang/codes/ROS_Study/src/ros_service/src/pub.cpp:54:32:[m[K [01;31m[Kerror: [m[Kbase operand of ‘[01m[K->[m[K’ has non-pointer type ‘[01m[Kconst Request[m[K’ {aka ‘[01m[Kconst tutorial_interfaces::srv::Money_Request_<std::allocator<void> >[m[K’}
[3.839s]    54 |       response->money = request[01;31m[K->[m[Kmoney;
[3.839s]       |                                [01;31m[K^~[m[K
[4.236s] In file included from [01m[K/opt/ros/galactic/include/rclcpp/node_impl.hpp:42[m[K,
[4.236s]                  from [01m[K/opt/ros/galactic/include/rclcpp/node.hpp:1329[m[K,
[4.237s]                  from [01m[K/opt/ros/galactic/include/rclcpp/executors/single_threaded_executor.hpp:28[m[K,
[4.237s]                  from [01m[K/opt/ros/galactic/include/rclcpp/executors.hpp:22[m[K,
[4.237s]                  from [01m[K/opt/ros/galactic/include/rclcpp/rclcpp.hpp:156[m[K,
[4.237s]                  from [01m[K/home/huang/codes/ROS_Study/src/ros_service/src/pub.cpp:5[m[K:
[4.237s] /opt/ros/galactic/include/rclcpp/create_service.hpp: In instantiation of ‘[01m[Ktypename rclcpp::Service<ServiceT>::SharedPtr rclcpp::create_service(std::shared_ptr<rclcpp::node_interfaces::NodeBaseInterface>, std::shared_ptr<rclcpp::node_interfaces::NodeServicesInterface>, const string&, CallbackT&&, const rmw_qos_profile_t&, rclcpp::CallbackGroup::SharedPtr) [with ServiceT = tutorial_interfaces::srv::Money; CallbackT = std::_Bind<void (*(MinimalPublisher*, std::_Placeholder<1>, std::_Placeholder<2>))(tutorial_interfaces::srv::Money_Request_<std::allocator<void> >, tutorial_interfaces::srv::Money_Response_<std::allocator<void> >)>; typename rclcpp::Service<ServiceT>::SharedPtr = std::shared_ptr<rclcpp::Service<tutorial_interfaces::srv::Money> >; std::string = std::__cxx11::basic_string<char>; rmw_qos_profile_t = rmw_qos_profile_t; rclcpp::CallbackGroup::SharedPtr = std::shared_ptr<rclcpp::CallbackGroup>][m[K’:
[4.237s] [01m[K/opt/ros/galactic/include/rclcpp/node_impl.hpp:148:53:[m[K   required from ‘[01m[Ktypename rclcpp::Service<ServiceT>::SharedPtr rclcpp::Node::create_service(const string&, CallbackT&&, const rmw_qos_profile_t&, rclcpp::CallbackGroup::SharedPtr) [with ServiceT = tutorial_interfaces::srv::Money; CallbackT = std::_Bind<void (*(MinimalPublisher*, std::_Placeholder<1>, std::_Placeholder<2>))(tutorial_interfaces::srv::Money_Request_<std::allocator<void> >, tutorial_interfaces::srv::Money_Response_<std::allocator<void> >)>; typename rclcpp::Service<ServiceT>::SharedPtr = std::shared_ptr<rclcpp::Service<tutorial_interfaces::srv::Money> >; std::string = std::__cxx11::basic_string<char>; rmw_qos_profile_t = rmw_qos_profile_t; rclcpp::CallbackGroup::SharedPtr = std::shared_ptr<rclcpp::CallbackGroup>][m[K’
[4.237s] [01m[K/home/huang/codes/ROS_Study/src/ros_service/src/pub.cpp:29:102:[m[K   required from here
[4.238s] [01m[K/opt/ros/galactic/include/rclcpp/create_service.hpp:43:3:[m[K [01;31m[Kerror: [m[Kno matching function for call to ‘[01m[Krclcpp::AnyServiceCallback<tutorial_interfaces::srv::Money>::set(std::_Bind<void (*(MinimalPublisher*, std::_Placeholder<1>, std::_Placeholder<2>))(tutorial_interfaces::srv::Money_Request_<std::allocator<void> >, tutorial_interfaces::srv::Money_Response_<std::allocator<void> >)>)[m[K’
[4.238s]    43 |   [01;31m[Kany_service_callback[m[K.set(std::forward<CallbackT>(callback));
[4.238s]       |   [01;31m[K^~~~~~~~~~~~~~~~~~~~[m[K
[4.238s] In file included from [01m[K/opt/ros/galactic/include/rclcpp/service.hpp:28[m[K,
[4.238s]                  from [01m[K/opt/ros/galactic/include/rclcpp/callback_group.hpp:25[m[K,
[4.238s]                  from [01m[K/opt/ros/galactic/include/rclcpp/any_executable.hpp:20[m[K,
[4.238s]                  from [01m[K/opt/ros/galactic/include/rclcpp/memory_strategy.hpp:25[m[K,
[4.238s]                  from [01m[K/opt/ros/galactic/include/rclcpp/memory_strategies.hpp:18[m[K,
[4.238s]                  from [01m[K/opt/ros/galactic/include/rclcpp/executor_options.hpp:20[m[K,
[4.238s]                  from [01m[K/opt/ros/galactic/include/rclcpp/executor.hpp:36[m[K,
[4.238s]                  from [01m[K/opt/ros/galactic/include/rclcpp/executors/multi_threaded_executor.hpp:26[m[K,
[4.238s]                  from [01m[K/opt/ros/galactic/include/rclcpp/executors.hpp:21[m[K,
[4.238s]                  from [01m[K/opt/ros/galactic/include/rclcpp/rclcpp.hpp:156[m[K,
[4.238s]                  from [01m[K/home/huang/codes/ROS_Study/src/ros_service/src/pub.cpp:5[m[K:
[4.239s] [01m[K/opt/ros/galactic/include/rclcpp/any_service_callback.hpp:67:8:[m[K [01;36m[Knote: [m[Kcandidate: ‘[01m[Ktemplate<class CallbackT, typename std::enable_if<rclcpp::function_traits::same_arguments<CallbackT, std::function<void(std::shared_ptr<tutorial_interfaces::srv::Money_Request_<std::allocator<void> > >, std::shared_ptr<tutorial_interfaces::srv::Money_Response_<std::allocator<void> > >)> >::value, void>::type* <anonymous> > void rclcpp::AnyServiceCallback<ServiceT>::set(CallbackT) [with CallbackT = CallbackT; typename std::enable_if<rclcpp::function_traits::same_arguments<CallbackT, std::function<void(std::shared_ptr<typename ServiceT::Request>, std::shared_ptr<typename ServiceT::Response>)> >::value>::type* <anonymous> = <enumerator>; ServiceT = tutorial_interfaces::srv::Money][m[K’
[4.239s]    67 |   void [01;36m[Kset[m[K(CallbackT callback)
[4.239s]       |        [01;36m[K^~~[m[K
[4.239s] [01m[K/opt/ros/galactic/include/rclcpp/any_service_callback.hpp:67:8:[m[K [01;36m[Knote: [m[K  template argument deduction/substitution failed:
[4.239s] [01m[K/opt/ros/galactic/include/rclcpp/any_service_callback.hpp:65:17:[m[K [01;31m[Kerror: [m[Kno type named ‘[01m[Ktype[m[K’ in ‘[01m[Kstruct std::enable_if<false, void>[m[K’
[4.239s]    65 |     >::type * = [01;31m[Knullptr[m[K
[4.239s]       |                 [01;31m[K^~~~~~~[m[K
[4.239s] [01m[K/opt/ros/galactic/include/rclcpp/any_service_callback.hpp:81:8:[m[K [01;36m[Knote: [m[Kcandidate: ‘[01m[Ktemplate<class CallbackT, typename std::enable_if<rclcpp::function_traits::same_arguments<CallbackT, std::function<void(std::shared_ptr<rmw_request_id_t>, std::shared_ptr<tutorial_interfaces::srv::Money_Request_<std::allocator<void> > >, std::shared_ptr<tutorial_interfaces::srv::Money_Response_<std::allocator<void> > >)> >::value, void>::type* <anonymous> > void rclcpp::AnyServiceCallback<ServiceT>::set(CallbackT) [with CallbackT = CallbackT; typename std::enable_if<rclcpp::function_traits::same_arguments<CallbackT, std::function<void(std::shared_ptr<rmw_request_id_t>, std::shared_ptr<typename ServiceT::Request>, std::shared_ptr<typename ServiceT::Response>)> >::value>::type* <anonymous> = <enumerator>; ServiceT = tutorial_interfaces::srv::Money][m[K’
[4.239s]    81 |   void [01;36m[Kset[m[K(CallbackT callback)
[4.239s]       |        [01;36m[K^~~[m[K
[4.239s] [01m[K/opt/ros/galactic/include/rclcpp/any_service_callback.hpp:81:8:[m[K [01;36m[Knote: [m[K  template argument deduction/substitution failed:
[4.239s] [01m[K/opt/ros/galactic/include/rclcpp/any_service_callback.hpp:79:17:[m[K [01;31m[Kerror: [m[Kno type named ‘[01m[Ktype[m[K’ in ‘[01m[Kstruct std::enable_if<false, void>[m[K’
[4.239s]    79 |     >::type * = [01;31m[Knullptr[m[K
[4.240s]       |                 [01;31m[K^~~~~~~[m[K
[4.946s] make[2]: *** [CMakeFiles/pub_node.dir/build.make:63：CMakeFiles/pub_node.dir/src/pub.cpp.o] 错误 1
[4.946s] make[1]: *** [CMakeFiles/Makefile2:80：CMakeFiles/pub_node.dir/all] 错误 2
[4.947s] make: *** [Makefile:141：all] 错误 2
[4.951s] Invoked command in '/home/huang/codes/ROS_Study/build/ros_service' returned '2': CMAKE_PREFIX_PATH=/home/huang/codes/ROS_Study/install/tutorial_interfaces:/home/huang/codes/ROS_Study/install/village_wang:/home/huang/codes/ROS_Study/install/village_li:/home/huang/codes/ROS_Study/install/village_interfaces:/home/huang/codes/ROS_Study/install/ros_pub_sub_cv:/home/huang/codes/ROS_Study/install/ros_pub_sub:/opt/ros/galactic LD_LIBRARY_PATH=/home/huang/codes/ROS_Study/install/tutorial_interfaces/lib:/home/huang/codes/ROS_Study/install/village_interfaces/lib:/opt/ros/galactic/opt/yaml_cpp_vendor/lib:/opt/ros/galactic/opt/rviz_ogre_vendor/lib:/opt/ros/galactic/lib/x86_64-linux-gnu:/opt/ros/galactic/lib PYTHONPATH=/home/huang/codes/ROS_Study/install/tutorial_interfaces/lib/python3.8/site-packages:/home/huang/codes/ROS_Study/install/village_interfaces/lib/python3.8/site-packages:/opt/ros/galactic/lib/python3.8/site-packages /usr/bin/cmake --build /home/huang/codes/ROS_Study/build/ros_service -- -j8 -l8
