[0.096s] Invoking command in '/home/huang/codes/ROS_Study/build/tutorial_interfaces': CMAKE_PREFIX_PATH=${CMAKE_PREFIX_PATH}:/opt/ros/galactic /usr/bin/cmake --build /home/huang/codes/ROS_Study/build/tutorial_interfaces -- -j8 -l8
[0.270s] [  1%] Built target tutorial_interfaces__cpp
[0.274s] [ 12%] Built target tutorial_interfaces__rosidl_generator_c
[0.371s] [ 23%] Built target tutorial_interfaces__rosidl_typesupport_cpp
[0.402s] [ 34%] Built target tutorial_interfaces__rosidl_typesupport_introspection_cpp
[0.409s] [ 45%] Built target tutorial_interfaces__rosidl_typesupport_fastrtps_cpp
[0.471s] [ 56%] Built target tutorial_interfaces__rosidl_typesupport_c
[0.477s] [ 67%] Built target tutorial_interfaces__rosidl_typesupport_introspection_c
[0.513s] [ 78%] Built target tutorial_interfaces__rosidl_typesupport_fastrtps_c
[0.545s] [ 78%] Built target tutorial_interfaces
[0.584s] [ 80%] Built target tutorial_interfaces__py
[0.664s] [ 89%] Built target tutorial_interfaces__python
[0.742s] [ 92%] Built target tutorial_interfaces__rosidl_typesupport_fastrtps_c__pyext
[0.744s] [ 96%] Built target tutorial_interfaces__rosidl_typesupport_introspection_c__pyext
[0.766s] [100%] Built target tutorial_interfaces__rosidl_typesupport_c__pyext
[0.790s] Invoked command in '/home/huang/codes/ROS_Study/build/tutorial_interfaces' returned '0': CMAKE_PREFIX_PATH=${CMAKE_PREFIX_PATH}:/opt/ros/galactic /usr/bin/cmake --build /home/huang/codes/ROS_Study/build/tutorial_interfaces -- -j8 -l8
[1.049s] Invoking command in '/home/huang/codes/ROS_Study/build/tutorial_interfaces': CMAKE_PREFIX_PATH=${CMAKE_PREFIX_PATH}:/opt/ros/galactic /usr/bin/cmake --install /home/huang/codes/ROS_Study/build/tutorial_interfaces
[1.072s] -- Install configuration: ""
[1.072s] -- Up-to-date: /home/huang/codes/ROS_Study/install/tutorial_interfaces/share/ament_index/resource_index/rosidl_interfaces/tutorial_interfaces
[1.073s] -- Up-to-date: /home/huang/codes/ROS_Study/install/tutorial_interfaces/include/tutorial_interfaces
[1.073s] -- Up-to-date: /home/huang/codes/ROS_Study/install/tutorial_interfaces/include/tutorial_interfaces/srv
[1.073s] -- Up-to-date: /home/huang/codes/ROS_Study/install/tutorial_interfaces/include/tutorial_interfaces/srv/detail
[1.074s] -- Up-to-date: /home/huang/codes/ROS_Study/install/tutorial_interfaces/include/tutorial_interfaces/srv/detail/add_three_ints__functions.c
[1.074s] -- Up-to-date: /home/huang/codes/ROS_Study/install/tutorial_interfaces/include/tutorial_interfaces/srv/detail/add_three_ints__type_support.h
[1.074s] -- Up-to-date: /home/huang/codes/ROS_Study/install/tutorial_interfaces/include/tutorial_interfaces/srv/detail/add_three_ints__functions.h
[1.074s] -- Up-to-date: /home/huang/codes/ROS_Study/install/tutorial_interfaces/include/tutorial_interfaces/srv/detail/add_three_ints__struct.h
[1.075s] -- Up-to-date: /home/huang/codes/ROS_Study/install/tutorial_interfaces/include/tutorial_interfaces/srv/add_three_ints.h
[1.075s] -- Up-to-date: /home/huang/codes/ROS_Study/install/tutorial_interfaces/include/tutorial_interfaces/msg
[1.075s] -- Up-to-date: /home/huang/codes/ROS_Study/install/tutorial_interfaces/include/tutorial_interfaces/msg/num.h
[1.075s] -- Up-to-date: /home/huang/codes/ROS_Study/install/tutorial_interfaces/include/tutorial_interfaces/msg/picture.h
[1.075s] -- Up-to-date: /home/huang/codes/ROS_Study/install/tutorial_interfaces/include/tutorial_interfaces/msg/rosidl_generator_c__visibility_control.h
[1.075s] -- Up-to-date: /home/huang/codes/ROS_Study/install/tutorial_interfaces/include/tutorial_interfaces/msg/detail
[1.075s] -- Up-to-date: /home/huang/codes/ROS_Study/install/tutorial_interfaces/include/tutorial_interfaces/msg/detail/num__functions.c
[1.076s] -- Up-to-date: /home/huang/codes/ROS_Study/install/tutorial_interfaces/include/tutorial_interfaces/msg/detail/num__functions.h
[1.076s] -- Up-to-date: /home/huang/codes/ROS_Study/install/tutorial_interfaces/include/tutorial_interfaces/msg/detail/sphere__functions.h
[1.076s] -- Up-to-date: /home/huang/codes/ROS_Study/install/tutorial_interfaces/include/tutorial_interfaces/msg/detail/num__type_support.h
[1.077s] -- Up-to-date: /home/huang/codes/ROS_Study/install/tutorial_interfaces/include/tutorial_interfaces/msg/detail/num__struct.h
[1.077s] -- Up-to-date: /home/huang/codes/ROS_Study/install/tutorial_interfaces/include/tutorial_interfaces/msg/detail/picture__functions.h
[1.077s] -- Up-to-date: /home/huang/codes/ROS_Study/install/tutorial_interfaces/include/tutorial_interfaces/msg/detail/sphere__type_support.h
[1.077s] -- Up-to-date: /home/huang/codes/ROS_Study/install/tutorial_interfaces/include/tutorial_interfaces/msg/detail/picture__type_support.h
[1.077s] -- Up-to-date: /home/huang/codes/ROS_Study/install/tutorial_interfaces/include/tutorial_interfaces/msg/detail/sphere__struct.h
[1.078s] -- Up-to-date: /home/huang/codes/ROS_Study/install/tutorial_interfaces/include/tutorial_interfaces/msg/detail/picture__struct.h
[1.083s] -- Up-to-date: /home/huang/codes/ROS_Study/install/tutorial_interfaces/include/tutorial_interfaces/msg/detail/picture__functions.c
[1.083s] -- Up-to-date: /home/huang/codes/ROS_Study/install/tutorial_interfaces/include/tutorial_interfaces/msg/detail/sphere__functions.c
[1.084s] -- Up-to-date: /home/huang/codes/ROS_Study/install/tutorial_interfaces/include/tutorial_interfaces/msg/sphere.h
[1.084s] -- Up-to-date: /home/huang/codes/ROS_Study/install/tutorial_interfaces/share/tutorial_interfaces/environment/library_path.sh
[1.084s] -- Up-to-date: /home/huang/codes/ROS_Study/install/tutorial_interfaces/share/tutorial_interfaces/environment/library_path.dsv
[1.084s] -- Up-to-date: /home/huang/codes/ROS_Study/install/tutorial_interfaces/lib/libtutorial_interfaces__rosidl_generator_c.so
[1.085s] -- Up-to-date: /home/huang/codes/ROS_Study/install/tutorial_interfaces/include/tutorial_interfaces
[1.085s] -- Up-to-date: /home/huang/codes/ROS_Study/install/tutorial_interfaces/include/tutorial_interfaces/srv
[1.085s] -- Up-to-date: /home/huang/codes/ROS_Study/install/tutorial_interfaces/include/tutorial_interfaces/srv/detail
[1.086s] -- Up-to-date: /home/huang/codes/ROS_Study/install/tutorial_interfaces/include/tutorial_interfaces/srv/detail/add_three_ints__rosidl_typesupport_fastrtps_c.h
[1.086s] -- Up-to-date: /home/huang/codes/ROS_Study/install/tutorial_interfaces/include/tutorial_interfaces/msg
[1.086s] -- Up-to-date: /home/huang/codes/ROS_Study/install/tutorial_interfaces/include/tutorial_interfaces/msg/detail
[1.086s] -- Up-to-date: /home/huang/codes/ROS_Study/install/tutorial_interfaces/include/tutorial_interfaces/msg/detail/picture__rosidl_typesupport_fastrtps_c.h
[1.086s] -- Up-to-date: /home/huang/codes/ROS_Study/install/tutorial_interfaces/include/tutorial_interfaces/msg/detail/sphere__rosidl_typesupport_fastrtps_c.h
[1.087s] -- Up-to-date: /home/huang/codes/ROS_Study/install/tutorial_interfaces/include/tutorial_interfaces/msg/detail/num__rosidl_typesupport_fastrtps_c.h
[1.087s] -- Up-to-date: /home/huang/codes/ROS_Study/install/tutorial_interfaces/include/tutorial_interfaces/msg/rosidl_typesupport_fastrtps_c__visibility_control.h
[1.087s] -- Up-to-date: /home/huang/codes/ROS_Study/install/tutorial_interfaces/lib/libtutorial_interfaces__rosidl_typesupport_fastrtps_c.so
[1.087s] -- Up-to-date: /home/huang/codes/ROS_Study/install/tutorial_interfaces/include/tutorial_interfaces
[1.087s] -- Up-to-date: /home/huang/codes/ROS_Study/install/tutorial_interfaces/include/tutorial_interfaces/srv
[1.088s] -- Up-to-date: /home/huang/codes/ROS_Study/install/tutorial_interfaces/include/tutorial_interfaces/srv/detail
[1.088s] -- Up-to-date: /home/huang/codes/ROS_Study/install/tutorial_interfaces/include/tutorial_interfaces/srv/detail/dds_fastrtps
[1.088s] -- Up-to-date: /home/huang/codes/ROS_Study/install/tutorial_interfaces/include/tutorial_interfaces/srv/detail/add_three_ints__rosidl_typesupport_fastrtps_cpp.hpp
[1.088s] -- Up-to-date: /home/huang/codes/ROS_Study/install/tutorial_interfaces/include/tutorial_interfaces/msg
[1.088s] -- Up-to-date: /home/huang/codes/ROS_Study/install/tutorial_interfaces/include/tutorial_interfaces/msg/rosidl_typesupport_fastrtps_cpp__visibility_control.h
[1.089s] -- Up-to-date: /home/huang/codes/ROS_Study/install/tutorial_interfaces/include/tutorial_interfaces/msg/detail
[1.089s] -- Up-to-date: /home/huang/codes/ROS_Study/install/tutorial_interfaces/include/tutorial_interfaces/msg/detail/dds_fastrtps
[1.089s] -- Up-to-date: /home/huang/codes/ROS_Study/install/tutorial_interfaces/include/tutorial_interfaces/msg/detail/sphere__rosidl_typesupport_fastrtps_cpp.hpp
[1.089s] -- Up-to-date: /home/huang/codes/ROS_Study/install/tutorial_interfaces/include/tutorial_interfaces/msg/detail/picture__rosidl_typesupport_fastrtps_cpp.hpp
[1.089s] -- Up-to-date: /home/huang/codes/ROS_Study/install/tutorial_interfaces/include/tutorial_interfaces/msg/detail/num__rosidl_typesupport_fastrtps_cpp.hpp
[1.090s] -- Up-to-date: /home/huang/codes/ROS_Study/install/tutorial_interfaces/lib/libtutorial_interfaces__rosidl_typesupport_fastrtps_cpp.so
[1.090s] -- Up-to-date: /home/huang/codes/ROS_Study/install/tutorial_interfaces/include/tutorial_interfaces
[1.090s] -- Up-to-date: /home/huang/codes/ROS_Study/install/tutorial_interfaces/include/tutorial_interfaces/srv
[1.090s] -- Up-to-date: /home/huang/codes/ROS_Study/install/tutorial_interfaces/include/tutorial_interfaces/srv/detail
[1.090s] -- Up-to-date: /home/huang/codes/ROS_Study/install/tutorial_interfaces/include/tutorial_interfaces/srv/detail/add_three_ints__type_support.c
[1.091s] -- Up-to-date: /home/huang/codes/ROS_Study/install/tutorial_interfaces/include/tutorial_interfaces/srv/detail/add_three_ints__rosidl_typesupport_introspection_c.h
[1.091s] -- Up-to-date: /home/huang/codes/ROS_Study/install/tutorial_interfaces/include/tutorial_interfaces/msg
[1.091s] -- Up-to-date: /home/huang/codes/ROS_Study/install/tutorial_interfaces/include/tutorial_interfaces/msg/rosidl_typesupport_introspection_c__visibility_control.h
[1.091s] -- Up-to-date: /home/huang/codes/ROS_Study/install/tutorial_interfaces/include/tutorial_interfaces/msg/detail
[1.091s] -- Up-to-date: /home/huang/codes/ROS_Study/install/tutorial_interfaces/include/tutorial_interfaces/msg/detail/num__rosidl_typesupport_introspection_c.h
[1.092s] -- Up-to-date: /home/huang/codes/ROS_Study/install/tutorial_interfaces/include/tutorial_interfaces/msg/detail/picture__type_support.c
[1.092s] -- Up-to-date: /home/huang/codes/ROS_Study/install/tutorial_interfaces/include/tutorial_interfaces/msg/detail/sphere__type_support.c
[1.092s] -- Up-to-date: /home/huang/codes/ROS_Study/install/tutorial_interfaces/include/tutorial_interfaces/msg/detail/sphere__rosidl_typesupport_introspection_c.h
[1.093s] -- Up-to-date: /home/huang/codes/ROS_Study/install/tutorial_interfaces/include/tutorial_interfaces/msg/detail/num__type_support.c
[1.093s] -- Up-to-date: /home/huang/codes/ROS_Study/install/tutorial_interfaces/include/tutorial_interfaces/msg/detail/picture__rosidl_typesupport_introspection_c.h
[1.094s] -- Up-to-date: /home/huang/codes/ROS_Study/install/tutorial_interfaces/lib/libtutorial_interfaces__rosidl_typesupport_introspection_c.so
[1.094s] -- Up-to-date: /home/huang/codes/ROS_Study/install/tutorial_interfaces/lib/libtutorial_interfaces__rosidl_typesupport_c.so
[1.094s] -- Up-to-date: /home/huang/codes/ROS_Study/install/tutorial_interfaces/include/tutorial_interfaces
[1.094s] -- Up-to-date: /home/huang/codes/ROS_Study/install/tutorial_interfaces/include/tutorial_interfaces/srv
[1.095s] -- Up-to-date: /home/huang/codes/ROS_Study/install/tutorial_interfaces/include/tutorial_interfaces/srv/add_three_ints.hpp
[1.095s] -- Up-to-date: /home/huang/codes/ROS_Study/install/tutorial_interfaces/include/tutorial_interfaces/srv/detail
[1.096s] -- Up-to-date: /home/huang/codes/ROS_Study/install/tutorial_interfaces/include/tutorial_interfaces/srv/detail/add_three_ints__struct.hpp
[1.096s] -- Up-to-date: /home/huang/codes/ROS_Study/install/tutorial_interfaces/include/tutorial_interfaces/srv/detail/add_three_ints__builder.hpp
[1.096s] -- Up-to-date: /home/huang/codes/ROS_Study/install/tutorial_interfaces/include/tutorial_interfaces/srv/detail/add_three_ints__traits.hpp
[1.096s] -- Up-to-date: /home/huang/codes/ROS_Study/install/tutorial_interfaces/include/tutorial_interfaces/msg
[1.097s] -- Up-to-date: /home/huang/codes/ROS_Study/install/tutorial_interfaces/include/tutorial_interfaces/msg/picture.hpp
[1.097s] -- Up-to-date: /home/huang/codes/ROS_Study/install/tutorial_interfaces/include/tutorial_interfaces/msg/num.hpp
[1.097s] -- Up-to-date: /home/huang/codes/ROS_Study/install/tutorial_interfaces/include/tutorial_interfaces/msg/sphere.hpp
[1.097s] -- Up-to-date: /home/huang/codes/ROS_Study/install/tutorial_interfaces/include/tutorial_interfaces/msg/detail
[1.098s] -- Up-to-date: /home/huang/codes/ROS_Study/install/tutorial_interfaces/include/tutorial_interfaces/msg/detail/picture__builder.hpp
[1.098s] -- Up-to-date: /home/huang/codes/ROS_Study/install/tutorial_interfaces/include/tutorial_interfaces/msg/detail/num__traits.hpp
[1.098s] -- Up-to-date: /home/huang/codes/ROS_Study/install/tutorial_interfaces/include/tutorial_interfaces/msg/detail/sphere__builder.hpp
[1.098s] -- Up-to-date: /home/huang/codes/ROS_Study/install/tutorial_interfaces/include/tutorial_interfaces/msg/detail/num__builder.hpp
[1.099s] -- Up-to-date: /home/huang/codes/ROS_Study/install/tutorial_interfaces/include/tutorial_interfaces/msg/detail/sphere__traits.hpp
[1.099s] -- Up-to-date: /home/huang/codes/ROS_Study/install/tutorial_interfaces/include/tutorial_interfaces/msg/detail/num__struct.hpp
[1.099s] -- Up-to-date: /home/huang/codes/ROS_Study/install/tutorial_interfaces/include/tutorial_interfaces/msg/detail/picture__struct.hpp
[1.099s] -- Up-to-date: /home/huang/codes/ROS_Study/install/tutorial_interfaces/include/tutorial_interfaces/msg/detail/sphere__struct.hpp
[1.100s] -- Up-to-date: /home/huang/codes/ROS_Study/install/tutorial_interfaces/include/tutorial_interfaces/msg/detail/picture__traits.hpp
[1.100s] -- Up-to-date: /home/huang/codes/ROS_Study/install/tutorial_interfaces/include/tutorial_interfaces
[1.100s] -- Up-to-date: /home/huang/codes/ROS_Study/install/tutorial_interfaces/include/tutorial_interfaces/srv
[1.100s] -- Up-to-date: /home/huang/codes/ROS_Study/install/tutorial_interfaces/include/tutorial_interfaces/srv/detail
[1.100s] -- Up-to-date: /home/huang/codes/ROS_Study/install/tutorial_interfaces/include/tutorial_interfaces/srv/detail/add_three_ints__type_support.cpp
[1.101s] -- Up-to-date: /home/huang/codes/ROS_Study/install/tutorial_interfaces/include/tutorial_interfaces/srv/detail/add_three_ints__rosidl_typesupport_introspection_cpp.hpp
[1.101s] -- Up-to-date: /home/huang/codes/ROS_Study/install/tutorial_interfaces/include/tutorial_interfaces/msg
[1.101s] -- Up-to-date: /home/huang/codes/ROS_Study/install/tutorial_interfaces/include/tutorial_interfaces/msg/detail
[1.101s] -- Up-to-date: /home/huang/codes/ROS_Study/install/tutorial_interfaces/include/tutorial_interfaces/msg/detail/picture__type_support.cpp
[1.104s] -- Up-to-date: /home/huang/codes/ROS_Study/install/tutorial_interfaces/include/tutorial_interfaces/msg/detail/sphere__type_support.cpp
[1.104s] -- Up-to-date: /home/huang/codes/ROS_Study/install/tutorial_interfaces/include/tutorial_interfaces/msg/detail/picture__rosidl_typesupport_introspection_cpp.hpp
[1.104s] -- Up-to-date: /home/huang/codes/ROS_Study/install/tutorial_interfaces/include/tutorial_interfaces/msg/detail/num__rosidl_typesupport_introspection_cpp.hpp
[1.104s] -- Up-to-date: /home/huang/codes/ROS_Study/install/tutorial_interfaces/include/tutorial_interfaces/msg/detail/num__type_support.cpp
[1.105s] -- Up-to-date: /home/huang/codes/ROS_Study/install/tutorial_interfaces/include/tutorial_interfaces/msg/detail/sphere__rosidl_typesupport_introspection_cpp.hpp
[1.105s] -- Up-to-date: /home/huang/codes/ROS_Study/install/tutorial_interfaces/lib/libtutorial_interfaces__rosidl_typesupport_introspection_cpp.so
[1.105s] -- Up-to-date: /home/huang/codes/ROS_Study/install/tutorial_interfaces/lib/libtutorial_interfaces__rosidl_typesupport_cpp.so
[1.106s] -- Up-to-date: /home/huang/codes/ROS_Study/install/tutorial_interfaces/share/tutorial_interfaces/environment/pythonpath.sh
[1.106s] -- Up-to-date: /home/huang/codes/ROS_Study/install/tutorial_interfaces/share/tutorial_interfaces/environment/pythonpath.dsv
[1.107s] -- Up-to-date: /home/huang/codes/ROS_Study/install/tutorial_interfaces/lib/python3.8/site-packages/tutorial_interfaces/__init__.py
[1.192s] -- Up-to-date: /home/huang/codes/ROS_Study/install/tutorial_interfaces/lib/python3.8/site-packages/tutorial_interfaces/msg
[1.192s] -- Up-to-date: /home/huang/codes/ROS_Study/install/tutorial_interfaces/lib/python3.8/site-packages/tutorial_interfaces/msg/_sphere_s.c
[1.192s] -- Up-to-date: /home/huang/codes/ROS_Study/install/tutorial_interfaces/lib/python3.8/site-packages/tutorial_interfaces/msg/_picture_s.c
[1.192s] -- Up-to-date: /home/huang/codes/ROS_Study/install/tutorial_interfaces/lib/python3.8/site-packages/tutorial_interfaces/msg/__init__.py
[1.192s] -- Up-to-date: /home/huang/codes/ROS_Study/install/tutorial_interfaces/lib/python3.8/site-packages/tutorial_interfaces/msg/_sphere.py
[1.193s] -- Up-to-date: /home/huang/codes/ROS_Study/install/tutorial_interfaces/lib/python3.8/site-packages/tutorial_interfaces/msg/_num.py
[1.193s] -- Up-to-date: /home/huang/codes/ROS_Study/install/tutorial_interfaces/lib/python3.8/site-packages/tutorial_interfaces/msg/_num_s.c
[1.193s] -- Up-to-date: /home/huang/codes/ROS_Study/install/tutorial_interfaces/lib/python3.8/site-packages/tutorial_interfaces/msg/_picture.py
[1.193s] -- Up-to-date: /home/huang/codes/ROS_Study/install/tutorial_interfaces/lib/python3.8/site-packages/tutorial_interfaces/srv
[1.193s] -- Up-to-date: /home/huang/codes/ROS_Study/install/tutorial_interfaces/lib/python3.8/site-packages/tutorial_interfaces/srv/__init__.py
[1.193s] -- Up-to-date: /home/huang/codes/ROS_Study/install/tutorial_interfaces/lib/python3.8/site-packages/tutorial_interfaces/srv/_add_three_ints.py
[1.194s] -- Up-to-date: /home/huang/codes/ROS_Study/install/tutorial_interfaces/lib/python3.8/site-packages/tutorial_interfaces/srv/_add_three_ints_s.c
[1.194s] -- Up-to-date: /home/huang/codes/ROS_Study/install/tutorial_interfaces/lib/python3.8/site-packages/tutorial_interfaces/tutorial_interfaces_s__rosidl_typesupport_fastrtps_c.cpython-38-x86_64-linux-gnu.so
[1.196s] -- Up-to-date: /home/huang/codes/ROS_Study/install/tutorial_interfaces/lib/python3.8/site-packages/tutorial_interfaces/tutorial_interfaces_s__rosidl_typesupport_introspection_c.cpython-38-x86_64-linux-gnu.so
[1.200s] -- Up-to-date: /home/huang/codes/ROS_Study/install/tutorial_interfaces/lib/python3.8/site-packages/tutorial_interfaces/tutorial_interfaces_s__rosidl_typesupport_c.cpython-38-x86_64-linux-gnu.so
[1.200s] -- Up-to-date: /home/huang/codes/ROS_Study/install/tutorial_interfaces/lib/libtutorial_interfaces__python.so
[1.201s] -- Up-to-date: /home/huang/codes/ROS_Study/install/tutorial_interfaces/share/tutorial_interfaces/msg/Picture.idl
[1.201s] -- Up-to-date: /home/huang/codes/ROS_Study/install/tutorial_interfaces/share/tutorial_interfaces/msg/Num.idl
[1.201s] -- Up-to-date: /home/huang/codes/ROS_Study/install/tutorial_interfaces/share/tutorial_interfaces/msg/Sphere.idl
[1.201s] -- Up-to-date: /home/huang/codes/ROS_Study/install/tutorial_interfaces/share/tutorial_interfaces/srv/AddThreeInts.idl
[1.202s] -- Up-to-date: /home/huang/codes/ROS_Study/install/tutorial_interfaces/share/tutorial_interfaces/msg/Picture.msg
[1.202s] -- Up-to-date: /home/huang/codes/ROS_Study/install/tutorial_interfaces/share/tutorial_interfaces/msg/Num.msg
[1.202s] -- Up-to-date: /home/huang/codes/ROS_Study/install/tutorial_interfaces/share/tutorial_interfaces/msg/Sphere.msg
[1.202s] -- Up-to-date: /home/huang/codes/ROS_Study/install/tutorial_interfaces/share/tutorial_interfaces/srv/AddThreeInts.srv
[1.203s] -- Up-to-date: /home/huang/codes/ROS_Study/install/tutorial_interfaces/share/tutorial_interfaces/srv/AddThreeInts_Request.msg
[1.203s] -- Up-to-date: /home/huang/codes/ROS_Study/install/tutorial_interfaces/share/tutorial_interfaces/srv/AddThreeInts_Response.msg
[1.203s] -- Up-to-date: /home/huang/codes/ROS_Study/install/tutorial_interfaces/share/ament_index/resource_index/package_run_dependencies/tutorial_interfaces
[1.203s] -- Up-to-date: /home/huang/codes/ROS_Study/install/tutorial_interfaces/share/ament_index/resource_index/parent_prefix_path/tutorial_interfaces
[1.204s] -- Up-to-date: /home/huang/codes/ROS_Study/install/tutorial_interfaces/share/tutorial_interfaces/environment/ament_prefix_path.sh
[1.204s] -- Up-to-date: /home/huang/codes/ROS_Study/install/tutorial_interfaces/share/tutorial_interfaces/environment/ament_prefix_path.dsv
[1.205s] -- Up-to-date: /home/huang/codes/ROS_Study/install/tutorial_interfaces/share/tutorial_interfaces/environment/path.sh
[1.205s] -- Up-to-date: /home/huang/codes/ROS_Study/install/tutorial_interfaces/share/tutorial_interfaces/environment/path.dsv
[1.205s] -- Up-to-date: /home/huang/codes/ROS_Study/install/tutorial_interfaces/share/tutorial_interfaces/local_setup.bash
[1.205s] -- Up-to-date: /home/huang/codes/ROS_Study/install/tutorial_interfaces/share/tutorial_interfaces/local_setup.sh
[1.206s] -- Up-to-date: /home/huang/codes/ROS_Study/install/tutorial_interfaces/share/tutorial_interfaces/local_setup.zsh
[1.206s] -- Up-to-date: /home/huang/codes/ROS_Study/install/tutorial_interfaces/share/tutorial_interfaces/local_setup.dsv
[1.206s] -- Installing: /home/huang/codes/ROS_Study/install/tutorial_interfaces/share/tutorial_interfaces/package.dsv
[1.206s] -- Up-to-date: /home/huang/codes/ROS_Study/install/tutorial_interfaces/share/ament_index/resource_index/packages/tutorial_interfaces
[1.206s] -- Up-to-date: /home/huang/codes/ROS_Study/install/tutorial_interfaces/share/tutorial_interfaces/cmake/tutorial_interfaces__rosidl_generator_cExport.cmake
[1.207s] -- Up-to-date: /home/huang/codes/ROS_Study/install/tutorial_interfaces/share/tutorial_interfaces/cmake/tutorial_interfaces__rosidl_generator_cExport-noconfig.cmake
[1.207s] -- Up-to-date: /home/huang/codes/ROS_Study/install/tutorial_interfaces/share/tutorial_interfaces/cmake/tutorial_interfaces__rosidl_typesupport_introspection_cExport.cmake
[1.208s] -- Up-to-date: /home/huang/codes/ROS_Study/install/tutorial_interfaces/share/tutorial_interfaces/cmake/tutorial_interfaces__rosidl_typesupport_introspection_cExport-noconfig.cmake
[1.208s] -- Up-to-date: /home/huang/codes/ROS_Study/install/tutorial_interfaces/share/tutorial_interfaces/cmake/tutorial_interfaces__rosidl_typesupport_cExport.cmake
[1.208s] -- Up-to-date: /home/huang/codes/ROS_Study/install/tutorial_interfaces/share/tutorial_interfaces/cmake/tutorial_interfaces__rosidl_typesupport_cExport-noconfig.cmake
[1.208s] -- Up-to-date: /home/huang/codes/ROS_Study/install/tutorial_interfaces/share/tutorial_interfaces/cmake/tutorial_interfaces__rosidl_generator_cppExport.cmake
[1.208s] -- Up-to-date: /home/huang/codes/ROS_Study/install/tutorial_interfaces/share/tutorial_interfaces/cmake/tutorial_interfaces__rosidl_typesupport_introspection_cppExport.cmake
[1.209s] -- Up-to-date: /home/huang/codes/ROS_Study/install/tutorial_interfaces/share/tutorial_interfaces/cmake/tutorial_interfaces__rosidl_typesupport_introspection_cppExport-noconfig.cmake
[1.209s] -- Up-to-date: /home/huang/codes/ROS_Study/install/tutorial_interfaces/share/tutorial_interfaces/cmake/tutorial_interfaces__rosidl_typesupport_cppExport.cmake
[1.209s] -- Up-to-date: /home/huang/codes/ROS_Study/install/tutorial_interfaces/share/tutorial_interfaces/cmake/tutorial_interfaces__rosidl_typesupport_cppExport-noconfig.cmake
[1.209s] -- Up-to-date: /home/huang/codes/ROS_Study/install/tutorial_interfaces/share/tutorial_interfaces/cmake/rosidl_cmake-extras.cmake
[1.209s] -- Up-to-date: /home/huang/codes/ROS_Study/install/tutorial_interfaces/share/tutorial_interfaces/cmake/ament_cmake_export_dependencies-extras.cmake
[1.210s] -- Up-to-date: /home/huang/codes/ROS_Study/install/tutorial_interfaces/share/tutorial_interfaces/cmake/ament_cmake_export_libraries-extras.cmake
[1.210s] -- Up-to-date: /home/huang/codes/ROS_Study/install/tutorial_interfaces/share/tutorial_interfaces/cmake/ament_cmake_export_targets-extras.cmake
[1.213s] -- Up-to-date: /home/huang/codes/ROS_Study/install/tutorial_interfaces/share/tutorial_interfaces/cmake/ament_cmake_export_include_directories-extras.cmake
[1.220s] -- Up-to-date: /home/huang/codes/ROS_Study/install/tutorial_interfaces/share/tutorial_interfaces/cmake/rosidl_cmake_export_typesupport_libraries-extras.cmake
[1.221s] -- Up-to-date: /home/huang/codes/ROS_Study/install/tutorial_interfaces/share/tutorial_interfaces/cmake/rosidl_cmake_export_typesupport_targets-extras.cmake
[1.221s] -- Up-to-date: /home/huang/codes/ROS_Study/install/tutorial_interfaces/share/tutorial_interfaces/cmake/tutorial_interfacesConfig.cmake
[1.222s] -- Up-to-date: /home/huang/codes/ROS_Study/install/tutorial_interfaces/share/tutorial_interfaces/cmake/tutorial_interfacesConfig-version.cmake
[1.222s] -- Up-to-date: /home/huang/codes/ROS_Study/install/tutorial_interfaces/share/tutorial_interfaces/package.xml
[1.223s] Invoked command in '/home/huang/codes/ROS_Study/build/tutorial_interfaces' returned '0': CMAKE_PREFIX_PATH=${CMAKE_PREFIX_PATH}:/opt/ros/galactic /usr/bin/cmake --install /home/huang/codes/ROS_Study/build/tutorial_interfaces
