[0.079s] Invoking command in '/home/huang/codes/ROS_Study/build/village_wang': CMAKE_PREFIX_PATH=${CMAKE_PREFIX_PATH}:/opt/ros/galactic /usr/bin/cmake /home/huang/codes/ROS_Study/src/village_wang -DCMAKE_INSTALL_PREFIX=/home/huang/codes/ROS_Study/install/village_wang
[0.097s] -- Found ament_cmake: 1.1.6 (/opt/ros/galactic/share/ament_cmake/cmake)
[0.134s] -- Using PYTHON_EXECUTABLE: /usr/bin/python3
[0.219s] -- Override CMake install command with custom implementation using symlinks instead of copying resources
[0.235s] -- Found rclcpp: 9.2.2 (/opt/ros/galactic/share/rclcpp/cmake)
[0.323s] -- Using all available rosidl_typesupport_c: rosidl_typesupport_fastrtps_c;rosidl_typesupport_introspection_c
[0.336s] -- Found rosidl_adapter: 2.2.3 (/opt/ros/galactic/share/rosidl_adapter/cmake)
[0.669s] -- Using all available rosidl_typesupport_cpp: rosidl_typesupport_fastrtps_cpp;rosidl_typesupport_introspection_cpp
[0.765s] -- Found rmw_implementation_cmake: 3.3.1 (/opt/ros/galactic/share/rmw_implementation_cmake/cmake)
[0.768s] -- Found rmw_cyclonedds_cpp: 0.22.6 (/opt/ros/galactic/share/rmw_cyclonedds_cpp/cmake)
[0.797s] -- Using RMW implementation 'rmw_cyclonedds_cpp' as default
[1.123s] -- Found ament_lint_auto: 0.10.7 (/opt/ros/galactic/share/ament_lint_auto/cmake)
[1.245s] -- Added test 'copyright' to check source files copyright and LICENSE
[1.248s] -- Added test 'cppcheck' to perform static code analysis on C / C++ code
[1.248s] -- Configured cppcheck include dirs: 
[1.249s] -- Configured cppcheck exclude dirs and/or files: 
[1.251s] -- Added test 'cpplint' to check C / C++ code against the Google style
[1.251s] -- Configured cpplint exclude dirs and/or files: 
[1.253s] -- Added test 'lint_cmake' to check CMake code style
[1.256s] -- Added test 'uncrustify' to check C / C++ code style
[1.256s] -- Configured uncrustify additional arguments: 
[1.257s] -- Added test 'xmllint' to check XML markup files
[1.267s] -- Configuring done
[1.283s] -- Generating done
[1.287s] -- Build files have been written to: /home/huang/codes/ROS_Study/build/village_wang
[1.297s] Invoked command in '/home/huang/codes/ROS_Study/build/village_wang' returned '0': CMAKE_PREFIX_PATH=${CMAKE_PREFIX_PATH}:/opt/ros/galactic /usr/bin/cmake /home/huang/codes/ROS_Study/src/village_wang -DCMAKE_INSTALL_PREFIX=/home/huang/codes/ROS_Study/install/village_wang
[1.303s] Invoking command in '/home/huang/codes/ROS_Study/build/village_wang': CMAKE_PREFIX_PATH=${CMAKE_PREFIX_PATH}:/opt/ros/galactic /usr/bin/cmake --build /home/huang/codes/ROS_Study/build/village_wang -- -j8 -l8
[1.404s] [100%] Built target wang2_node
[1.418s] Invoked command in '/home/huang/codes/ROS_Study/build/village_wang' returned '0': CMAKE_PREFIX_PATH=${CMAKE_PREFIX_PATH}:/opt/ros/galactic /usr/bin/cmake --build /home/huang/codes/ROS_Study/build/village_wang -- -j8 -l8
[1.474s] Invoking command in '/home/huang/codes/ROS_Study/build/village_wang': CMAKE_PREFIX_PATH=${CMAKE_PREFIX_PATH}:/opt/ros/galactic /usr/bin/cmake --install /home/huang/codes/ROS_Study/build/village_wang
[1.484s] -- Install configuration: ""
[1.485s] -- Execute custom install script
[1.485s] -- Up-to-date symlink: /home/huang/codes/ROS_Study/install/village_wang/share/ament_index/resource_index/package_run_dependencies/village_wang
[1.486s] -- Up-to-date symlink: /home/huang/codes/ROS_Study/install/village_wang/share/ament_index/resource_index/parent_prefix_path/village_wang
[1.486s] -- Up-to-date symlink: /home/huang/codes/ROS_Study/install/village_wang/share/village_wang/environment/ament_prefix_path.sh
[1.487s] -- Up-to-date symlink: /home/huang/codes/ROS_Study/install/village_wang/share/village_wang/environment/ament_prefix_path.dsv
[1.488s] -- Up-to-date symlink: /home/huang/codes/ROS_Study/install/village_wang/share/village_wang/environment/path.sh
[1.488s] -- Up-to-date symlink: /home/huang/codes/ROS_Study/install/village_wang/share/village_wang/environment/path.dsv
[1.489s] -- Up-to-date symlink: /home/huang/codes/ROS_Study/install/village_wang/share/village_wang/local_setup.bash
[1.489s] -- Up-to-date symlink: /home/huang/codes/ROS_Study/install/village_wang/share/village_wang/local_setup.sh
[1.490s] -- Up-to-date symlink: /home/huang/codes/ROS_Study/install/village_wang/share/village_wang/local_setup.zsh
[1.490s] -- Up-to-date symlink: /home/huang/codes/ROS_Study/install/village_wang/share/village_wang/local_setup.dsv
[1.490s] -- Symlinking: /home/huang/codes/ROS_Study/install/village_wang/share/village_wang/package.dsv
[1.506s] -- Up-to-date symlink: /home/huang/codes/ROS_Study/install/village_wang/share/ament_index/resource_index/packages/village_wang
[1.507s] -- Up-to-date symlink: /home/huang/codes/ROS_Study/install/village_wang/share/village_wang/cmake/village_wangConfig.cmake
[1.507s] -- Up-to-date symlink: /home/huang/codes/ROS_Study/install/village_wang/share/village_wang/cmake/village_wangConfig-version.cmake
[1.507s] -- Up-to-date symlink: /home/huang/codes/ROS_Study/install/village_wang/share/village_wang/package.xml
[1.508s] -- Up-to-date symlink: /home/huang/codes/ROS_Study/install/village_wang/lib/village_wang/wang2_node
[1.513s] Invoked command in '/home/huang/codes/ROS_Study/build/village_wang' returned '0': CMAKE_PREFIX_PATH=${CMAKE_PREFIX_PATH}:/opt/ros/galactic /usr/bin/cmake --install /home/huang/codes/ROS_Study/build/village_wang
