[35m[1mScanning dependencies of target client_launch_node[0m
[ 50%] Built target service_launch_node
[ 75%] [32mBuilding CXX object CMakeFiles/client_launch_node.dir/src/client_test.cpp.o[0m
[100%] [32m[1mLinking CXX executable client_launch_node[0m
[100%] Built target client_launch_node
-- Install configuration: ""
-- Up-to-date: /home/huang/codes/ROS_Study/install/ros_service_launch/lib/ros_service_launch/service_launch_node
-- Installing: /home/huang/codes/ROS_Study/install/ros_service_launch/lib/ros_service_launch/client_launch_node
-- Set runtime path of "/home/huang/codes/ROS_Study/install/ros_service_launch/lib/ros_service_launch/client_launch_node" to ""
-- Up-to-date: /home/huang/codes/ROS_Study/install/ros_service_launch/share/ros_service_launch/launch
-- Up-to-date: /home/huang/codes/ROS_Study/install/ros_service_launch/share/ros_service_launch/launch/ros_launch_client_yaml_test.launch.py
-- Up-to-date: /home/huang/codes/ROS_Study/install/ros_service_launch/share/ros_service_launch/launch/ros_launch_service.launch.py
-- Up-to-date: /home/huang/codes/ROS_Study/install/ros_service_launch/share/ros_service_launch/launch/ros_launch_client_test.launch.py
-- Up-to-date: /home/huang/codes/ROS_Study/install/ros_service_launch/share/ros_service_launch/config
-- Up-to-date: /home/huang/codes/ROS_Study/install/ros_service_launch/share/ros_service_launch/config/ros_launch_test.yaml
-- Up-to-date: /home/huang/codes/ROS_Study/install/ros_service_launch/share/ament_index/resource_index/package_run_dependencies/ros_service_launch
-- Up-to-date: /home/huang/codes/ROS_Study/install/ros_service_launch/share/ament_index/resource_index/parent_prefix_path/ros_service_launch
-- Up-to-date: /home/huang/codes/ROS_Study/install/ros_service_launch/share/ros_service_launch/environment/ament_prefix_path.sh
-- Up-to-date: /home/huang/codes/ROS_Study/install/ros_service_launch/share/ros_service_launch/environment/ament_prefix_path.dsv
-- Up-to-date: /home/huang/codes/ROS_Study/install/ros_service_launch/share/ros_service_launch/environment/path.sh
-- Up-to-date: /home/huang/codes/ROS_Study/install/ros_service_launch/share/ros_service_launch/environment/path.dsv
-- Up-to-date: /home/huang/codes/ROS_Study/install/ros_service_launch/share/ros_service_launch/local_setup.bash
-- Up-to-date: /home/huang/codes/ROS_Study/install/ros_service_launch/share/ros_service_launch/local_setup.sh
-- Up-to-date: /home/huang/codes/ROS_Study/install/ros_service_launch/share/ros_service_launch/local_setup.zsh
-- Up-to-date: /home/huang/codes/ROS_Study/install/ros_service_launch/share/ros_service_launch/local_setup.dsv
-- Up-to-date: /home/huang/codes/ROS_Study/install/ros_service_launch/share/ros_service_launch/package.dsv
-- Up-to-date: /home/huang/codes/ROS_Study/install/ros_service_launch/share/ament_index/resource_index/packages/ros_service_launch
-- Up-to-date: /home/huang/codes/ROS_Study/install/ros_service_launch/share/ros_service_launch/cmake/ros_service_launchConfig.cmake
-- Up-to-date: /home/huang/codes/ROS_Study/install/ros_service_launch/share/ros_service_launch/cmake/ros_service_launchConfig-version.cmake
-- Up-to-date: /home/huang/codes/ROS_Study/install/ros_service_launch/share/ros_service_launch/package.xml
