[0.069s] Invoking command in '/home/huang/codes/ROS_Study/build/village_wang': CMAKE_PREFIX_PATH=${CMAKE_PREFIX_PATH}:/opt/ros/galactic /usr/bin/cmake /home/huang/codes/ROS_Study/src/village_wang -DCMAKE_INSTALL_PREFIX=/home/huang/codes/ROS_Study/install/village_wang
[0.174s] -- The C compiler identification is GNU 9.4.0
[0.282s] -- The CXX compiler identification is GNU 9.4.0
[0.292s] -- Check for working C compiler: /usr/bin/cc
[0.428s] -- Check for working C compiler: /usr/bin/cc -- works
[0.431s] -- Detecting C compiler ABI info
[0.575s] -- Detecting C compiler ABI info - done
[0.610s] -- Detecting C compile features
[0.611s] -- Detecting C compile features - done
[0.616s] -- Check for working CXX compiler: /usr/bin/c++
[0.781s] -- Check for working CXX compiler: /usr/bin/c++ -- works
[0.783s] -- Detecting CXX compiler ABI info
[0.909s] -- Detecting CXX compiler ABI info - done
[0.936s] -- Detecting CXX compile features
[0.937s] -- Detecting CXX compile features - done
[0.940s] -- Found ament_cmake: 1.1.6 (/opt/ros/galactic/share/ament_cmake/cmake)
[0.990s] -- Found PythonInterp: /usr/bin/python3 (found suitable version "3.8.10", minimum required is "3") 
[0.991s] -- Using PYTHON_EXECUTABLE: /usr/bin/python3
[1.150s] -- Found rclcpp: 9.2.2 (/opt/ros/galactic/share/rclcpp/cmake)
[1.234s] -- Using all available rosidl_typesupport_c: rosidl_typesupport_fastrtps_c;rosidl_typesupport_introspection_c
[1.243s] -- Found rosidl_adapter: 2.2.3 (/opt/ros/galactic/share/rosidl_adapter/cmake)
[1.427s] -- Found OpenSSL: /usr/lib/x86_64-linux-gnu/libcrypto.so (found version "1.1.1f")  
[1.496s] -- Found FastRTPS: /opt/ros/galactic/include  
[1.682s] -- Using all available rosidl_typesupport_cpp: rosidl_typesupport_fastrtps_cpp;rosidl_typesupport_introspection_cpp
[1.836s] -- Found rmw_implementation_cmake: 3.3.1 (/opt/ros/galactic/share/rmw_implementation_cmake/cmake)
[1.843s] -- Found rmw_cyclonedds_cpp: 0.22.6 (/opt/ros/galactic/share/rmw_cyclonedds_cpp/cmake)
[1.899s] -- Using RMW implementation 'rmw_cyclonedds_cpp' as default
[1.900s] -- Looking for pthread.h
[2.025s] -- Looking for pthread.h - found
[2.026s] -- Performing Test CMAKE_HAVE_LIBC_PTHREAD
[2.143s] -- Performing Test CMAKE_HAVE_LIBC_PTHREAD - Failed
[2.143s] -- Looking for pthread_create in pthreads
[2.258s] -- Looking for pthread_create in pthreads - not found
[2.258s] -- Looking for pthread_create in pthread
[2.364s] -- Looking for pthread_create in pthread - found
[2.366s] -- Found Threads: TRUE  
[2.637s] -- Found ament_lint_auto: 0.10.7 (/opt/ros/galactic/share/ament_lint_auto/cmake)
[2.801s] -- Added test 'copyright' to check source files copyright and LICENSE
[2.806s] -- Added test 'cppcheck' to perform static code analysis on C / C++ code
[2.806s] -- Configured cppcheck include dirs: 
[2.806s] -- Configured cppcheck exclude dirs and/or files: 
[2.808s] -- Added test 'cpplint' to check C / C++ code against the Google style
[2.808s] -- Configured cpplint exclude dirs and/or files: 
[2.809s] -- Added test 'lint_cmake' to check CMake code style
[2.812s] -- Added test 'uncrustify' to check C / C++ code style
[2.812s] -- Configured uncrustify additional arguments: 
[2.814s] -- Added test 'xmllint' to check XML markup files
[2.822s] -- Configuring done
[2.834s] -- Generating done
[2.837s] -- Build files have been written to: /home/huang/codes/ROS_Study/build/village_wang
[2.854s] Invoked command in '/home/huang/codes/ROS_Study/build/village_wang' returned '0': CMAKE_PREFIX_PATH=${CMAKE_PREFIX_PATH}:/opt/ros/galactic /usr/bin/cmake /home/huang/codes/ROS_Study/src/village_wang -DCMAKE_INSTALL_PREFIX=/home/huang/codes/ROS_Study/install/village_wang
[2.860s] Invoking command in '/home/huang/codes/ROS_Study/build/village_wang': CMAKE_PREFIX_PATH=${CMAKE_PREFIX_PATH}:/opt/ros/galactic /usr/bin/cmake --build /home/huang/codes/ROS_Study/build/village_wang -- -j8 -l8
[2.931s] [35m[1mScanning dependencies of target wang2_node[0m
[2.992s] [ 50%] [32mBuilding CXX object CMakeFiles/wang2_node.dir/src/wang2_topic.cpp.o[0m
[19.807s] [100%] [32m[1mLinking CXX executable wang2_node[0m
[20.454s] [100%] Built target wang2_node
[20.509s] Invoked command in '/home/huang/codes/ROS_Study/build/village_wang' returned '0': CMAKE_PREFIX_PATH=${CMAKE_PREFIX_PATH}:/opt/ros/galactic /usr/bin/cmake --build /home/huang/codes/ROS_Study/build/village_wang -- -j8 -l8
[20.574s] Invoking command in '/home/huang/codes/ROS_Study/build/village_wang': CMAKE_PREFIX_PATH=${CMAKE_PREFIX_PATH}:/opt/ros/galactic /usr/bin/cmake --install /home/huang/codes/ROS_Study/build/village_wang
[20.589s] -- Install configuration: ""
[20.590s] -- Installing: /home/huang/codes/ROS_Study/install/village_wang/share/village_wang/package.dsv
[20.603s] Invoked command in '/home/huang/codes/ROS_Study/build/village_wang' returned '0': CMAKE_PREFIX_PATH=${CMAKE_PREFIX_PATH}:/opt/ros/galactic /usr/bin/cmake --install /home/huang/codes/ROS_Study/build/village_wang
