[0.077s] Invoking command in '/home/huang/codes/ROS_Study/build/tutorial_interfaces': CMAKE_PREFIX_PATH=${CMAKE_PREFIX_PATH}:/opt/ros/galactic /usr/bin/cmake --build /home/huang/codes/ROS_Study/build/tutorial_interfaces -- -j8 -l8
[0.164s] [  1%] Built target tutorial_interfaces__cpp
[0.168s] [ 12%] Built target tutorial_interfaces__rosidl_generator_c
[0.234s] [ 23%] Built target tutorial_interfaces__rosidl_typesupport_cpp
[0.238s] [ 34%] Built target tutorial_interfaces__rosidl_typesupport_c
[0.246s] [ 46%] Built target tutorial_interfaces__rosidl_typesupport_introspection_cpp
[0.253s] [ 66%] Built target tutorial_interfaces__rosidl_typesupport_introspection_c
[0.254s] [ 68%] Built target tutorial_interfaces__rosidl_typesupport_fastrtps_cpp
[0.305s] [ 79%] Built target tutorial_interfaces__rosidl_typesupport_fastrtps_c
[0.340s] [ 79%] Built target tutorial_interfaces
[0.367s] [ 80%] Built target tutorial_interfaces__py
[0.410s] [ 90%] Built target tutorial_interfaces__python
[0.472s] [ 93%] Built target tutorial_interfaces__rosidl_typesupport_introspection_c__pyext
[0.473s] [ 96%] Built target tutorial_interfaces__rosidl_typesupport_c__pyext
[0.488s] [100%] Built target tutorial_interfaces__rosidl_typesupport_fastrtps_c__pyext
[0.506s] Invoked command in '/home/huang/codes/ROS_Study/build/tutorial_interfaces' returned '0': CMAKE_PREFIX_PATH=${CMAKE_PREFIX_PATH}:/opt/ros/galactic /usr/bin/cmake --build /home/huang/codes/ROS_Study/build/tutorial_interfaces -- -j8 -l8
[0.736s] Invoking command in '/home/huang/codes/ROS_Study/build/tutorial_interfaces': CMAKE_PREFIX_PATH=${CMAKE_PREFIX_PATH}:/opt/ros/galactic /usr/bin/cmake --install /home/huang/codes/ROS_Study/build/tutorial_interfaces
[0.750s] -- Install configuration: ""
[0.750s] -- Up-to-date: /home/huang/codes/ROS_Study/install/tutorial_interfaces/include/tutorial_interfaces
[0.751s] -- Up-to-date: /home/huang/codes/ROS_Study/install/tutorial_interfaces/include/tutorial_interfaces/srv
[0.751s] -- Up-to-date: /home/huang/codes/ROS_Study/install/tutorial_interfaces/include/tutorial_interfaces/srv/detail
[0.751s] -- Up-to-date: /home/huang/codes/ROS_Study/install/tutorial_interfaces/include/tutorial_interfaces/srv/detail/add_three_ints__functions.c
[0.751s] -- Up-to-date: /home/huang/codes/ROS_Study/install/tutorial_interfaces/include/tutorial_interfaces/srv/detail/money__functions.c
[0.751s] -- Up-to-date: /home/huang/codes/ROS_Study/install/tutorial_interfaces/include/tutorial_interfaces/msg
[0.751s] -- Up-to-date: /home/huang/codes/ROS_Study/install/tutorial_interfaces/include/tutorial_interfaces/msg/detail
[0.752s] -- Up-to-date: /home/huang/codes/ROS_Study/install/tutorial_interfaces/include/tutorial_interfaces/msg/detail/num__functions.c
[0.752s] -- Up-to-date: /home/huang/codes/ROS_Study/install/tutorial_interfaces/include/tutorial_interfaces/msg/detail/picture__functions.c
[0.752s] -- Up-to-date: /home/huang/codes/ROS_Study/install/tutorial_interfaces/include/tutorial_interfaces/msg/detail/sphere__functions.c
[0.753s] -- Up-to-date: /home/huang/codes/ROS_Study/install/tutorial_interfaces/lib/libtutorial_interfaces__rosidl_generator_c.so
[0.753s] -- Up-to-date: /home/huang/codes/ROS_Study/install/tutorial_interfaces/include/tutorial_interfaces
[0.753s] -- Up-to-date: /home/huang/codes/ROS_Study/install/tutorial_interfaces/include/tutorial_interfaces/srv
[0.753s] -- Up-to-date: /home/huang/codes/ROS_Study/install/tutorial_interfaces/include/tutorial_interfaces/srv/detail
[0.754s] -- Up-to-date: /home/huang/codes/ROS_Study/install/tutorial_interfaces/include/tutorial_interfaces/msg
[0.754s] -- Up-to-date: /home/huang/codes/ROS_Study/install/tutorial_interfaces/include/tutorial_interfaces/msg/detail
[0.754s] -- Up-to-date: /home/huang/codes/ROS_Study/install/tutorial_interfaces/include/tutorial_interfaces
[0.754s] -- Up-to-date: /home/huang/codes/ROS_Study/install/tutorial_interfaces/include/tutorial_interfaces/srv
[0.754s] -- Up-to-date: /home/huang/codes/ROS_Study/install/tutorial_interfaces/include/tutorial_interfaces/srv/detail
[0.754s] -- Up-to-date: /home/huang/codes/ROS_Study/install/tutorial_interfaces/include/tutorial_interfaces/srv/detail/dds_fastrtps
[0.754s] -- Up-to-date: /home/huang/codes/ROS_Study/install/tutorial_interfaces/include/tutorial_interfaces/msg
[0.755s] -- Up-to-date: /home/huang/codes/ROS_Study/install/tutorial_interfaces/include/tutorial_interfaces/msg/detail
[0.755s] -- Up-to-date: /home/huang/codes/ROS_Study/install/tutorial_interfaces/include/tutorial_interfaces/msg/detail/dds_fastrtps
[0.755s] -- Up-to-date: /home/huang/codes/ROS_Study/install/tutorial_interfaces/include/tutorial_interfaces
[0.755s] -- Up-to-date: /home/huang/codes/ROS_Study/install/tutorial_interfaces/include/tutorial_interfaces/srv
[0.756s] -- Up-to-date: /home/huang/codes/ROS_Study/install/tutorial_interfaces/include/tutorial_interfaces/srv/detail
[0.756s] -- Up-to-date: /home/huang/codes/ROS_Study/install/tutorial_interfaces/include/tutorial_interfaces/srv/detail/add_three_ints__type_support.c
[0.756s] -- Up-to-date: /home/huang/codes/ROS_Study/install/tutorial_interfaces/include/tutorial_interfaces/srv/detail/money__type_support.c
[0.757s] -- Up-to-date: /home/huang/codes/ROS_Study/install/tutorial_interfaces/include/tutorial_interfaces/msg
[0.762s] -- Up-to-date: /home/huang/codes/ROS_Study/install/tutorial_interfaces/include/tutorial_interfaces/msg/detail
[0.762s] -- Up-to-date: /home/huang/codes/ROS_Study/install/tutorial_interfaces/include/tutorial_interfaces/msg/detail/picture__type_support.c
[0.762s] -- Up-to-date: /home/huang/codes/ROS_Study/install/tutorial_interfaces/include/tutorial_interfaces/msg/detail/sphere__type_support.c
[0.762s] -- Up-to-date: /home/huang/codes/ROS_Study/install/tutorial_interfaces/include/tutorial_interfaces/msg/detail/num__type_support.c
[0.762s] -- Up-to-date: /home/huang/codes/ROS_Study/install/tutorial_interfaces/lib/libtutorial_interfaces__rosidl_typesupport_introspection_c.so
[0.763s] -- Up-to-date: /home/huang/codes/ROS_Study/install/tutorial_interfaces/lib/libtutorial_interfaces__rosidl_typesupport_c.so
[0.763s] -- Up-to-date: /home/huang/codes/ROS_Study/install/tutorial_interfaces/include/tutorial_interfaces
[0.763s] -- Up-to-date: /home/huang/codes/ROS_Study/install/tutorial_interfaces/include/tutorial_interfaces/srv
[0.763s] -- Up-to-date: /home/huang/codes/ROS_Study/install/tutorial_interfaces/include/tutorial_interfaces/srv/detail
[0.763s] -- Up-to-date: /home/huang/codes/ROS_Study/install/tutorial_interfaces/include/tutorial_interfaces/msg
[0.763s] -- Up-to-date: /home/huang/codes/ROS_Study/install/tutorial_interfaces/include/tutorial_interfaces/msg/detail
[0.763s] -- Up-to-date: /home/huang/codes/ROS_Study/install/tutorial_interfaces/include/tutorial_interfaces
[0.763s] -- Up-to-date: /home/huang/codes/ROS_Study/install/tutorial_interfaces/include/tutorial_interfaces/srv
[0.763s] -- Up-to-date: /home/huang/codes/ROS_Study/install/tutorial_interfaces/include/tutorial_interfaces/srv/detail
[0.763s] -- Up-to-date: /home/huang/codes/ROS_Study/install/tutorial_interfaces/include/tutorial_interfaces/srv/detail/money__type_support.cpp
[0.764s] -- Up-to-date: /home/huang/codes/ROS_Study/install/tutorial_interfaces/include/tutorial_interfaces/srv/detail/add_three_ints__type_support.cpp
[0.764s] -- Up-to-date: /home/huang/codes/ROS_Study/install/tutorial_interfaces/include/tutorial_interfaces/msg
[0.764s] -- Up-to-date: /home/huang/codes/ROS_Study/install/tutorial_interfaces/include/tutorial_interfaces/msg/detail
[0.764s] -- Up-to-date: /home/huang/codes/ROS_Study/install/tutorial_interfaces/include/tutorial_interfaces/msg/detail/picture__type_support.cpp
[0.764s] -- Up-to-date: /home/huang/codes/ROS_Study/install/tutorial_interfaces/include/tutorial_interfaces/msg/detail/sphere__type_support.cpp
[0.764s] -- Up-to-date: /home/huang/codes/ROS_Study/install/tutorial_interfaces/include/tutorial_interfaces/msg/detail/num__type_support.cpp
[0.764s] -- Up-to-date: /home/huang/codes/ROS_Study/install/tutorial_interfaces/lib/libtutorial_interfaces__rosidl_typesupport_introspection_cpp.so
[0.764s] -- Up-to-date: /home/huang/codes/ROS_Study/install/tutorial_interfaces/lib/libtutorial_interfaces__rosidl_typesupport_cpp.so
[0.804s] -- Up-to-date: /home/huang/codes/ROS_Study/install/tutorial_interfaces/lib/python3.8/site-packages/tutorial_interfaces/msg
[0.804s] -- Up-to-date: /home/huang/codes/ROS_Study/install/tutorial_interfaces/lib/python3.8/site-packages/tutorial_interfaces/msg/_sphere_s.c
[0.804s] -- Up-to-date: /home/huang/codes/ROS_Study/install/tutorial_interfaces/lib/python3.8/site-packages/tutorial_interfaces/msg/_picture_s.c
[0.804s] -- Up-to-date: /home/huang/codes/ROS_Study/install/tutorial_interfaces/lib/python3.8/site-packages/tutorial_interfaces/msg/_num_s.c
[0.804s] -- Up-to-date: /home/huang/codes/ROS_Study/install/tutorial_interfaces/lib/python3.8/site-packages/tutorial_interfaces/srv
[0.804s] -- Up-to-date: /home/huang/codes/ROS_Study/install/tutorial_interfaces/lib/python3.8/site-packages/tutorial_interfaces/srv/_money_s.c
[0.804s] -- Up-to-date: /home/huang/codes/ROS_Study/install/tutorial_interfaces/lib/python3.8/site-packages/tutorial_interfaces/srv/_add_three_ints_s.c
[0.806s] -- Installing: /home/huang/codes/ROS_Study/install/tutorial_interfaces/share/tutorial_interfaces/package.dsv
[0.806s] -- Up-to-date: /home/huang/codes/ROS_Study/install/tutorial_interfaces/share/tutorial_interfaces/cmake/tutorial_interfaces__rosidl_generator_cExport.cmake
[0.806s] -- Up-to-date: /home/huang/codes/ROS_Study/install/tutorial_interfaces/share/tutorial_interfaces/cmake/tutorial_interfaces__rosidl_generator_cExport-noconfig.cmake
[0.806s] -- Up-to-date: /home/huang/codes/ROS_Study/install/tutorial_interfaces/share/tutorial_interfaces/cmake/tutorial_interfaces__rosidl_typesupport_introspection_cExport.cmake
[0.807s] -- Up-to-date: /home/huang/codes/ROS_Study/install/tutorial_interfaces/share/tutorial_interfaces/cmake/tutorial_interfaces__rosidl_typesupport_introspection_cExport-noconfig.cmake
[0.807s] -- Up-to-date: /home/huang/codes/ROS_Study/install/tutorial_interfaces/share/tutorial_interfaces/cmake/tutorial_interfaces__rosidl_typesupport_cExport.cmake
[0.807s] -- Up-to-date: /home/huang/codes/ROS_Study/install/tutorial_interfaces/share/tutorial_interfaces/cmake/tutorial_interfaces__rosidl_typesupport_cExport-noconfig.cmake
[0.807s] -- Up-to-date: /home/huang/codes/ROS_Study/install/tutorial_interfaces/share/tutorial_interfaces/cmake/tutorial_interfaces__rosidl_generator_cppExport.cmake
[0.807s] -- Up-to-date: /home/huang/codes/ROS_Study/install/tutorial_interfaces/share/tutorial_interfaces/cmake/tutorial_interfaces__rosidl_typesupport_introspection_cppExport.cmake
[0.807s] -- Up-to-date: /home/huang/codes/ROS_Study/install/tutorial_interfaces/share/tutorial_interfaces/cmake/tutorial_interfaces__rosidl_typesupport_introspection_cppExport-noconfig.cmake
[0.807s] -- Up-to-date: /home/huang/codes/ROS_Study/install/tutorial_interfaces/share/tutorial_interfaces/cmake/tutorial_interfaces__rosidl_typesupport_cppExport.cmake
[0.808s] -- Up-to-date: /home/huang/codes/ROS_Study/install/tutorial_interfaces/share/tutorial_interfaces/cmake/tutorial_interfaces__rosidl_typesupport_cppExport-noconfig.cmake
[0.814s] Invoked command in '/home/huang/codes/ROS_Study/build/tutorial_interfaces' returned '0': CMAKE_PREFIX_PATH=${CMAKE_PREFIX_PATH}:/opt/ros/galactic /usr/bin/cmake --install /home/huang/codes/ROS_Study/build/tutorial_interfaces
