[0.087s] Invoking command in '/home/huang/codes/ROS_Study/build/village_interfaces': CMAKE_PREFIX_PATH=${CMAKE_PREFIX_PATH}:/opt/ros/galactic /usr/bin/cmake --build /home/huang/codes/ROS_Study/build/village_interfaces -- -j8 -l8
[0.223s] [  6%] Built target village_interfaces__cpp
[0.226s] [ 12%] Built target village_interfaces__rosidl_generator_c
[0.293s] [ 22%] Built target village_interfaces__rosidl_typesupport_introspection_cpp
[0.317s] [ 32%] Built target village_interfaces__rosidl_typesupport_fastrtps_cpp
[0.332s] [ 41%] Built target village_interfaces__rosidl_typesupport_cpp
[0.366s] [ 51%] Built target village_interfaces__rosidl_typesupport_c
[0.388s] [ 61%] Built target village_interfaces__rosidl_typesupport_introspection_c
[0.394s] [ 70%] Built target village_interfaces__rosidl_typesupport_fastrtps_c
[0.447s] [ 70%] Built target village_interfaces
[0.504s] [ 74%] Built target village_interfaces__py
[0.576s] [ 80%] Built target village_interfaces__python
[0.659s] [ 87%] Built target village_interfaces__rosidl_typesupport_c__pyext
[0.661s] [ 93%] Built target village_interfaces__rosidl_typesupport_fastrtps_c__pyext
[0.670s] [100%] Built target village_interfaces__rosidl_typesupport_introspection_c__pyext
[0.707s] Invoked command in '/home/huang/codes/ROS_Study/build/village_interfaces' returned '0': CMAKE_PREFIX_PATH=${CMAKE_PREFIX_PATH}:/opt/ros/galactic /usr/bin/cmake --build /home/huang/codes/ROS_Study/build/village_interfaces -- -j8 -l8
[0.838s] Invoking command in '/home/huang/codes/ROS_Study/build/village_interfaces': CMAKE_PREFIX_PATH=${CMAKE_PREFIX_PATH}:/opt/ros/galactic /usr/bin/cmake --install /home/huang/codes/ROS_Study/build/village_interfaces
[0.856s] -- Install configuration: ""
[0.857s] -- Up-to-date: /home/huang/codes/ROS_Study/install/village_interfaces/share/ament_index/resource_index/rosidl_interfaces/village_interfaces
[0.858s] -- Up-to-date: /home/huang/codes/ROS_Study/install/village_interfaces/include/village_interfaces
[0.858s] -- Up-to-date: /home/huang/codes/ROS_Study/install/village_interfaces/include/village_interfaces/msg
[0.858s] -- Up-to-date: /home/huang/codes/ROS_Study/install/village_interfaces/include/village_interfaces/msg/book.h
[0.858s] -- Up-to-date: /home/huang/codes/ROS_Study/install/village_interfaces/include/village_interfaces/msg/rosidl_generator_c__visibility_control.h
[0.859s] -- Up-to-date: /home/huang/codes/ROS_Study/install/village_interfaces/include/village_interfaces/msg/detail
[0.859s] -- Up-to-date: /home/huang/codes/ROS_Study/install/village_interfaces/include/village_interfaces/msg/detail/book__functions.c
[0.860s] -- Up-to-date: /home/huang/codes/ROS_Study/install/village_interfaces/include/village_interfaces/msg/detail/book__type_support.h
[0.860s] -- Up-to-date: /home/huang/codes/ROS_Study/install/village_interfaces/include/village_interfaces/msg/detail/book__functions.h
[0.860s] -- Up-to-date: /home/huang/codes/ROS_Study/install/village_interfaces/include/village_interfaces/msg/detail/book__struct.h
[0.861s] -- Up-to-date: /home/huang/codes/ROS_Study/install/village_interfaces/share/village_interfaces/environment/library_path.sh
[0.861s] -- Up-to-date: /home/huang/codes/ROS_Study/install/village_interfaces/share/village_interfaces/environment/library_path.dsv
[0.861s] -- Up-to-date: /home/huang/codes/ROS_Study/install/village_interfaces/lib/libvillage_interfaces__rosidl_generator_c.so
[0.861s] -- Up-to-date: /home/huang/codes/ROS_Study/install/village_interfaces/include/village_interfaces
[0.862s] -- Up-to-date: /home/huang/codes/ROS_Study/install/village_interfaces/include/village_interfaces/msg
[0.862s] -- Up-to-date: /home/huang/codes/ROS_Study/install/village_interfaces/include/village_interfaces/msg/detail
[0.862s] -- Up-to-date: /home/huang/codes/ROS_Study/install/village_interfaces/include/village_interfaces/msg/detail/book__rosidl_typesupport_fastrtps_c.h
[0.862s] -- Up-to-date: /home/huang/codes/ROS_Study/install/village_interfaces/include/village_interfaces/msg/rosidl_typesupport_fastrtps_c__visibility_control.h
[0.863s] -- Up-to-date: /home/huang/codes/ROS_Study/install/village_interfaces/lib/libvillage_interfaces__rosidl_typesupport_fastrtps_c.so
[0.863s] -- Up-to-date: /home/huang/codes/ROS_Study/install/village_interfaces/include/village_interfaces
[0.863s] -- Up-to-date: /home/huang/codes/ROS_Study/install/village_interfaces/include/village_interfaces/msg
[0.863s] -- Up-to-date: /home/huang/codes/ROS_Study/install/village_interfaces/include/village_interfaces/msg/rosidl_typesupport_fastrtps_cpp__visibility_control.h
[0.863s] -- Up-to-date: /home/huang/codes/ROS_Study/install/village_interfaces/include/village_interfaces/msg/detail
[0.864s] -- Up-to-date: /home/huang/codes/ROS_Study/install/village_interfaces/include/village_interfaces/msg/detail/dds_fastrtps
[0.864s] -- Up-to-date: /home/huang/codes/ROS_Study/install/village_interfaces/include/village_interfaces/msg/detail/book__rosidl_typesupport_fastrtps_cpp.hpp
[0.864s] -- Up-to-date: /home/huang/codes/ROS_Study/install/village_interfaces/lib/libvillage_interfaces__rosidl_typesupport_fastrtps_cpp.so
[0.864s] -- Up-to-date: /home/huang/codes/ROS_Study/install/village_interfaces/include/village_interfaces
[0.864s] -- Up-to-date: /home/huang/codes/ROS_Study/install/village_interfaces/include/village_interfaces/msg
[0.865s] -- Up-to-date: /home/huang/codes/ROS_Study/install/village_interfaces/include/village_interfaces/msg/rosidl_typesupport_introspection_c__visibility_control.h
[0.865s] -- Up-to-date: /home/huang/codes/ROS_Study/install/village_interfaces/include/village_interfaces/msg/detail
[0.865s] -- Up-to-date: /home/huang/codes/ROS_Study/install/village_interfaces/include/village_interfaces/msg/detail/book__rosidl_typesupport_introspection_c.h
[0.865s] -- Up-to-date: /home/huang/codes/ROS_Study/install/village_interfaces/include/village_interfaces/msg/detail/book__type_support.c
[0.865s] -- Up-to-date: /home/huang/codes/ROS_Study/install/village_interfaces/lib/libvillage_interfaces__rosidl_typesupport_introspection_c.so
[0.866s] -- Up-to-date: /home/huang/codes/ROS_Study/install/village_interfaces/lib/libvillage_interfaces__rosidl_typesupport_c.so
[0.867s] -- Up-to-date: /home/huang/codes/ROS_Study/install/village_interfaces/include/village_interfaces
[0.867s] -- Up-to-date: /home/huang/codes/ROS_Study/install/village_interfaces/include/village_interfaces/msg
[0.867s] -- Up-to-date: /home/huang/codes/ROS_Study/install/village_interfaces/include/village_interfaces/msg/book.hpp
[0.867s] -- Up-to-date: /home/huang/codes/ROS_Study/install/village_interfaces/include/village_interfaces/msg/detail
[0.867s] -- Up-to-date: /home/huang/codes/ROS_Study/install/village_interfaces/include/village_interfaces/msg/detail/book__struct.hpp
[0.868s] -- Up-to-date: /home/huang/codes/ROS_Study/install/village_interfaces/include/village_interfaces/msg/detail/book__traits.hpp
[0.868s] -- Up-to-date: /home/huang/codes/ROS_Study/install/village_interfaces/include/village_interfaces/msg/detail/book__builder.hpp
[0.868s] -- Up-to-date: /home/huang/codes/ROS_Study/install/village_interfaces/include/village_interfaces
[0.868s] -- Up-to-date: /home/huang/codes/ROS_Study/install/village_interfaces/include/village_interfaces/msg
[0.868s] -- Up-to-date: /home/huang/codes/ROS_Study/install/village_interfaces/include/village_interfaces/msg/detail
[0.869s] -- Up-to-date: /home/huang/codes/ROS_Study/install/village_interfaces/include/village_interfaces/msg/detail/book__rosidl_typesupport_introspection_cpp.hpp
[0.869s] -- Up-to-date: /home/huang/codes/ROS_Study/install/village_interfaces/include/village_interfaces/msg/detail/book__type_support.cpp
[0.869s] -- Up-to-date: /home/huang/codes/ROS_Study/install/village_interfaces/lib/libvillage_interfaces__rosidl_typesupport_introspection_cpp.so
[0.869s] -- Up-to-date: /home/huang/codes/ROS_Study/install/village_interfaces/lib/libvillage_interfaces__rosidl_typesupport_cpp.so
[0.869s] -- Up-to-date: /home/huang/codes/ROS_Study/install/village_interfaces/share/village_interfaces/environment/pythonpath.sh
[0.870s] -- Up-to-date: /home/huang/codes/ROS_Study/install/village_interfaces/share/village_interfaces/environment/pythonpath.dsv
[0.870s] -- Up-to-date: /home/huang/codes/ROS_Study/install/village_interfaces/lib/python3.8/site-packages/village_interfaces/__init__.py
[0.957s] -- Up-to-date: /home/huang/codes/ROS_Study/install/village_interfaces/lib/python3.8/site-packages/village_interfaces/msg
[0.957s] -- Up-to-date: /home/huang/codes/ROS_Study/install/village_interfaces/lib/python3.8/site-packages/village_interfaces/msg/_book_s.c
[0.957s] -- Up-to-date: /home/huang/codes/ROS_Study/install/village_interfaces/lib/python3.8/site-packages/village_interfaces/msg/__init__.py
[0.957s] -- Up-to-date: /home/huang/codes/ROS_Study/install/village_interfaces/lib/python3.8/site-packages/village_interfaces/msg/_book.py
[0.958s] -- Up-to-date: /home/huang/codes/ROS_Study/install/village_interfaces/lib/python3.8/site-packages/village_interfaces/village_interfaces_s__rosidl_typesupport_fastrtps_c.cpython-38-x86_64-linux-gnu.so
[0.959s] -- Up-to-date: /home/huang/codes/ROS_Study/install/village_interfaces/lib/python3.8/site-packages/village_interfaces/village_interfaces_s__rosidl_typesupport_introspection_c.cpython-38-x86_64-linux-gnu.so
[0.961s] -- Up-to-date: /home/huang/codes/ROS_Study/install/village_interfaces/lib/python3.8/site-packages/village_interfaces/village_interfaces_s__rosidl_typesupport_c.cpython-38-x86_64-linux-gnu.so
[0.962s] -- Up-to-date: /home/huang/codes/ROS_Study/install/village_interfaces/lib/libvillage_interfaces__python.so
[0.963s] -- Up-to-date: /home/huang/codes/ROS_Study/install/village_interfaces/share/village_interfaces/msg/Book.idl
[0.964s] -- Up-to-date: /home/huang/codes/ROS_Study/install/village_interfaces/share/village_interfaces/msg/Book.msg
[0.964s] -- Up-to-date: /home/huang/codes/ROS_Study/install/village_interfaces/share/ament_index/resource_index/package_run_dependencies/village_interfaces
[0.964s] -- Up-to-date: /home/huang/codes/ROS_Study/install/village_interfaces/share/ament_index/resource_index/parent_prefix_path/village_interfaces
[0.965s] -- Up-to-date: /home/huang/codes/ROS_Study/install/village_interfaces/share/village_interfaces/environment/ament_prefix_path.sh
[0.965s] -- Up-to-date: /home/huang/codes/ROS_Study/install/village_interfaces/share/village_interfaces/environment/ament_prefix_path.dsv
[0.965s] -- Up-to-date: /home/huang/codes/ROS_Study/install/village_interfaces/share/village_interfaces/environment/path.sh
[0.966s] -- Up-to-date: /home/huang/codes/ROS_Study/install/village_interfaces/share/village_interfaces/environment/path.dsv
[0.966s] -- Up-to-date: /home/huang/codes/ROS_Study/install/village_interfaces/share/village_interfaces/local_setup.bash
[0.966s] -- Up-to-date: /home/huang/codes/ROS_Study/install/village_interfaces/share/village_interfaces/local_setup.sh
[0.967s] -- Up-to-date: /home/huang/codes/ROS_Study/install/village_interfaces/share/village_interfaces/local_setup.zsh
[0.967s] -- Up-to-date: /home/huang/codes/ROS_Study/install/village_interfaces/share/village_interfaces/local_setup.dsv
[0.967s] -- Installing: /home/huang/codes/ROS_Study/install/village_interfaces/share/village_interfaces/package.dsv
[0.968s] -- Up-to-date: /home/huang/codes/ROS_Study/install/village_interfaces/share/ament_index/resource_index/packages/village_interfaces
[0.968s] -- Up-to-date: /home/huang/codes/ROS_Study/install/village_interfaces/share/village_interfaces/cmake/village_interfaces__rosidl_generator_cExport.cmake
[0.968s] -- Up-to-date: /home/huang/codes/ROS_Study/install/village_interfaces/share/village_interfaces/cmake/village_interfaces__rosidl_generator_cExport-noconfig.cmake
[0.968s] -- Up-to-date: /home/huang/codes/ROS_Study/install/village_interfaces/share/village_interfaces/cmake/village_interfaces__rosidl_typesupport_introspection_cExport.cmake
[0.969s] -- Up-to-date: /home/huang/codes/ROS_Study/install/village_interfaces/share/village_interfaces/cmake/village_interfaces__rosidl_typesupport_introspection_cExport-noconfig.cmake
[0.969s] -- Up-to-date: /home/huang/codes/ROS_Study/install/village_interfaces/share/village_interfaces/cmake/village_interfaces__rosidl_typesupport_cExport.cmake
[0.970s] -- Up-to-date: /home/huang/codes/ROS_Study/install/village_interfaces/share/village_interfaces/cmake/village_interfaces__rosidl_typesupport_cExport-noconfig.cmake
[0.970s] -- Up-to-date: /home/huang/codes/ROS_Study/install/village_interfaces/share/village_interfaces/cmake/village_interfaces__rosidl_generator_cppExport.cmake
[0.971s] -- Up-to-date: /home/huang/codes/ROS_Study/install/village_interfaces/share/village_interfaces/cmake/village_interfaces__rosidl_typesupport_introspection_cppExport.cmake
[0.971s] -- Up-to-date: /home/huang/codes/ROS_Study/install/village_interfaces/share/village_interfaces/cmake/village_interfaces__rosidl_typesupport_introspection_cppExport-noconfig.cmake
[0.971s] -- Up-to-date: /home/huang/codes/ROS_Study/install/village_interfaces/share/village_interfaces/cmake/village_interfaces__rosidl_typesupport_cppExport.cmake
[0.971s] -- Up-to-date: /home/huang/codes/ROS_Study/install/village_interfaces/share/village_interfaces/cmake/village_interfaces__rosidl_typesupport_cppExport-noconfig.cmake
[0.971s] -- Up-to-date: /home/huang/codes/ROS_Study/install/village_interfaces/share/village_interfaces/cmake/rosidl_cmake-extras.cmake
[0.972s] -- Up-to-date: /home/huang/codes/ROS_Study/install/village_interfaces/share/village_interfaces/cmake/ament_cmake_export_dependencies-extras.cmake
[0.972s] -- Up-to-date: /home/huang/codes/ROS_Study/install/village_interfaces/share/village_interfaces/cmake/ament_cmake_export_libraries-extras.cmake
[0.973s] -- Up-to-date: /home/huang/codes/ROS_Study/install/village_interfaces/share/village_interfaces/cmake/ament_cmake_export_targets-extras.cmake
[0.981s] -- Up-to-date: /home/huang/codes/ROS_Study/install/village_interfaces/share/village_interfaces/cmake/ament_cmake_export_include_directories-extras.cmake
[0.983s] -- Up-to-date: /home/huang/codes/ROS_Study/install/village_interfaces/share/village_interfaces/cmake/rosidl_cmake_export_typesupport_libraries-extras.cmake
[0.983s] -- Up-to-date: /home/huang/codes/ROS_Study/install/village_interfaces/share/village_interfaces/cmake/rosidl_cmake_export_typesupport_targets-extras.cmake
[0.983s] -- Up-to-date: /home/huang/codes/ROS_Study/install/village_interfaces/share/village_interfaces/cmake/village_interfacesConfig.cmake
[0.983s] -- Up-to-date: /home/huang/codes/ROS_Study/install/village_interfaces/share/village_interfaces/cmake/village_interfacesConfig-version.cmake
[0.984s] -- Up-to-date: /home/huang/codes/ROS_Study/install/village_interfaces/share/village_interfaces/package.xml
[0.984s] Invoked command in '/home/huang/codes/ROS_Study/build/village_interfaces' returned '0': CMAKE_PREFIX_PATH=${CMAKE_PREFIX_PATH}:/opt/ros/galactic /usr/bin/cmake --install /home/huang/codes/ROS_Study/build/village_interfaces
