[0.028s] Invoking command in '/home/huang/codes/ROS_Study/build/ros_service_launch': CMAKE_PREFIX_PATH=/home/huang/codes/ROS_Study/install/tutorial_interfaces:/home/huang/codes/ROS_Study/install/ros_service_launch:/home/huang/codes/ROS_Study/install/village_wang:/home/huang/codes/ROS_Study/install/village_li:/home/huang/codes/ROS_Study/install/village_interfaces:/home/huang/codes/ROS_Study/install/ros_service:/home/huang/codes/ROS_Study/install/ros_pub_sub_cv:/home/huang/codes/ROS_Study/install/ros_pub_sub:/opt/ros/galactic LD_LIBRARY_PATH=/home/huang/codes/ROS_Study/install/tutorial_interfaces/lib:/home/huang/codes/ROS_Study/install/village_interfaces/lib:/opt/ros/galactic/opt/yaml_cpp_vendor/lib:/opt/ros/galactic/opt/rviz_ogre_vendor/lib:/opt/ros/galactic/lib/x86_64-linux-gnu:/opt/ros/galactic/lib PYTHONPATH=/home/huang/codes/ROS_Study/install/tutorial_interfaces/lib/python3.8/site-packages:/home/huang/codes/ROS_Study/install/village_interfaces/lib/python3.8/site-packages:/opt/ros/galactic/lib/python3.8/site-packages /usr/bin/cmake --build /home/huang/codes/ROS_Study/build/ros_service_launch -- -j8 -l8
[0.088s] [ 50%] Built target service_launch_node
[0.090s] [100%] Built target client_launch_node
[0.103s] Invoked command in '/home/huang/codes/ROS_Study/build/ros_service_launch' returned '0': CMAKE_PREFIX_PATH=/home/huang/codes/ROS_Study/install/tutorial_interfaces:/home/huang/codes/ROS_Study/install/ros_service_launch:/home/huang/codes/ROS_Study/install/village_wang:/home/huang/codes/ROS_Study/install/village_li:/home/huang/codes/ROS_Study/install/village_interfaces:/home/huang/codes/ROS_Study/install/ros_service:/home/huang/codes/ROS_Study/install/ros_pub_sub_cv:/home/huang/codes/ROS_Study/install/ros_pub_sub:/opt/ros/galactic LD_LIBRARY_PATH=/home/huang/codes/ROS_Study/install/tutorial_interfaces/lib:/home/huang/codes/ROS_Study/install/village_interfaces/lib:/opt/ros/galactic/opt/yaml_cpp_vendor/lib:/opt/ros/galactic/opt/rviz_ogre_vendor/lib:/opt/ros/galactic/lib/x86_64-linux-gnu:/opt/ros/galactic/lib PYTHONPATH=/home/huang/codes/ROS_Study/install/tutorial_interfaces/lib/python3.8/site-packages:/home/huang/codes/ROS_Study/install/village_interfaces/lib/python3.8/site-packages:/opt/ros/galactic/lib/python3.8/site-packages /usr/bin/cmake --build /home/huang/codes/ROS_Study/build/ros_service_launch -- -j8 -l8
[0.152s] Invoking command in '/home/huang/codes/ROS_Study/build/ros_service_launch': CMAKE_PREFIX_PATH=/home/huang/codes/ROS_Study/install/tutorial_interfaces:/home/huang/codes/ROS_Study/install/ros_service_launch:/home/huang/codes/ROS_Study/install/village_wang:/home/huang/codes/ROS_Study/install/village_li:/home/huang/codes/ROS_Study/install/village_interfaces:/home/huang/codes/ROS_Study/install/ros_service:/home/huang/codes/ROS_Study/install/ros_pub_sub_cv:/home/huang/codes/ROS_Study/install/ros_pub_sub:/opt/ros/galactic LD_LIBRARY_PATH=/home/huang/codes/ROS_Study/install/tutorial_interfaces/lib:/home/huang/codes/ROS_Study/install/village_interfaces/lib:/opt/ros/galactic/opt/yaml_cpp_vendor/lib:/opt/ros/galactic/opt/rviz_ogre_vendor/lib:/opt/ros/galactic/lib/x86_64-linux-gnu:/opt/ros/galactic/lib PYTHONPATH=/home/huang/codes/ROS_Study/install/tutorial_interfaces/lib/python3.8/site-packages:/home/huang/codes/ROS_Study/install/village_interfaces/lib/python3.8/site-packages:/opt/ros/galactic/lib/python3.8/site-packages /usr/bin/cmake --install /home/huang/codes/ROS_Study/build/ros_service_launch
[0.160s] -- Install configuration: ""
[0.160s] -- Up-to-date: /home/huang/codes/ROS_Study/install/ros_service_launch/lib/ros_service_launch/service_launch_node
[0.160s] -- Up-to-date: /home/huang/codes/ROS_Study/install/ros_service_launch/lib/ros_service_launch/client_launch_node
[0.161s] -- Up-to-date: /home/huang/codes/ROS_Study/install/ros_service_launch/share/ros_service_launch/launch
[0.161s] -- Installing: /home/huang/codes/ROS_Study/install/ros_service_launch/share/ros_service_launch/launch/ros_launch_service.launch.py
[0.161s] -- Installing: /home/huang/codes/ROS_Study/install/ros_service_launch/share/ros_service_launch/launch/ros_launch_client_test.launch.py
[0.161s] -- Up-to-date: /home/huang/codes/ROS_Study/install/ros_service_launch/share/ament_index/resource_index/package_run_dependencies/ros_service_launch
[0.161s] -- Up-to-date: /home/huang/codes/ROS_Study/install/ros_service_launch/share/ament_index/resource_index/parent_prefix_path/ros_service_launch
[0.161s] -- Up-to-date: /home/huang/codes/ROS_Study/install/ros_service_launch/share/ros_service_launch/environment/ament_prefix_path.sh
[0.161s] -- Up-to-date: /home/huang/codes/ROS_Study/install/ros_service_launch/share/ros_service_launch/environment/ament_prefix_path.dsv
[0.161s] -- Up-to-date: /home/huang/codes/ROS_Study/install/ros_service_launch/share/ros_service_launch/environment/path.sh
[0.162s] -- Up-to-date: /home/huang/codes/ROS_Study/install/ros_service_launch/share/ros_service_launch/environment/path.dsv
[0.162s] -- Up-to-date: /home/huang/codes/ROS_Study/install/ros_service_launch/share/ros_service_launch/local_setup.bash
[0.162s] -- Up-to-date: /home/huang/codes/ROS_Study/install/ros_service_launch/share/ros_service_launch/local_setup.sh
[0.162s] -- Up-to-date: /home/huang/codes/ROS_Study/install/ros_service_launch/share/ros_service_launch/local_setup.zsh
[0.162s] -- Up-to-date: /home/huang/codes/ROS_Study/install/ros_service_launch/share/ros_service_launch/local_setup.dsv
[0.162s] -- Installing: /home/huang/codes/ROS_Study/install/ros_service_launch/share/ros_service_launch/package.dsv
[0.162s] -- Up-to-date: /home/huang/codes/ROS_Study/install/ros_service_launch/share/ament_index/resource_index/packages/ros_service_launch
[0.162s] -- Up-to-date: /home/huang/codes/ROS_Study/install/ros_service_launch/share/ros_service_launch/cmake/ros_service_launchConfig.cmake
[0.162s] -- Up-to-date: /home/huang/codes/ROS_Study/install/ros_service_launch/share/ros_service_launch/cmake/ros_service_launchConfig-version.cmake
[0.162s] -- Up-to-date: /home/huang/codes/ROS_Study/install/ros_service_launch/share/ros_service_launch/package.xml
[0.165s] Invoked command in '/home/huang/codes/ROS_Study/build/ros_service_launch' returned '0': CMAKE_PREFIX_PATH=/home/huang/codes/ROS_Study/install/tutorial_interfaces:/home/huang/codes/ROS_Study/install/ros_service_launch:/home/huang/codes/ROS_Study/install/village_wang:/home/huang/codes/ROS_Study/install/village_li:/home/huang/codes/ROS_Study/install/village_interfaces:/home/huang/codes/ROS_Study/install/ros_service:/home/huang/codes/ROS_Study/install/ros_pub_sub_cv:/home/huang/codes/ROS_Study/install/ros_pub_sub:/opt/ros/galactic LD_LIBRARY_PATH=/home/huang/codes/ROS_Study/install/tutorial_interfaces/lib:/home/huang/codes/ROS_Study/install/village_interfaces/lib:/opt/ros/galactic/opt/yaml_cpp_vendor/lib:/opt/ros/galactic/opt/rviz_ogre_vendor/lib:/opt/ros/galactic/lib/x86_64-linux-gnu:/opt/ros/galactic/lib PYTHONPATH=/home/huang/codes/ROS_Study/install/tutorial_interfaces/lib/python3.8/site-packages:/home/huang/codes/ROS_Study/install/village_interfaces/lib/python3.8/site-packages:/opt/ros/galactic/lib/python3.8/site-packages /usr/bin/cmake --install /home/huang/codes/ROS_Study/build/ros_service_launch
