[0.056s] Invoking command in '/home/huang/codes/ROS_Study/build/village_wang': CMAKE_PREFIX_PATH=${CMAKE_PREFIX_PATH}:/opt/ros/galactic /usr/bin/cmake --build /home/huang/codes/ROS_Study/build/village_wang -- -j8 -l8
[0.156s] [100%] Built target wang2_node
[0.185s] Invoked command in '/home/huang/codes/ROS_Study/build/village_wang' returned '0': CMAKE_PREFIX_PATH=${CMAKE_PREFIX_PATH}:/opt/ros/galactic /usr/bin/cmake --build /home/huang/codes/ROS_Study/build/village_wang -- -j8 -l8
[0.263s] Invoking command in '/home/huang/codes/ROS_Study/build/village_wang': CMAKE_PREFIX_PATH=${CMAKE_PREFIX_PATH}:/opt/ros/galactic /usr/bin/cmake --install /home/huang/codes/ROS_Study/build/village_wang
[0.275s] -- Install configuration: ""
[0.276s] -- Up-to-date: /home/huang/codes/ROS_Study/install/village_wang/share/ament_index/resource_index/package_run_dependencies/village_wang
[0.276s] -- Up-to-date: /home/huang/codes/ROS_Study/install/village_wang/share/ament_index/resource_index/parent_prefix_path/village_wang
[0.276s] -- Up-to-date: /home/huang/codes/ROS_Study/install/village_wang/share/village_wang/environment/ament_prefix_path.sh
[0.276s] -- Up-to-date: /home/huang/codes/ROS_Study/install/village_wang/share/village_wang/environment/ament_prefix_path.dsv
[0.277s] -- Up-to-date: /home/huang/codes/ROS_Study/install/village_wang/share/village_wang/environment/path.sh
[0.277s] -- Up-to-date: /home/huang/codes/ROS_Study/install/village_wang/share/village_wang/environment/path.dsv
[0.277s] -- Up-to-date: /home/huang/codes/ROS_Study/install/village_wang/share/village_wang/local_setup.bash
[0.277s] -- Up-to-date: /home/huang/codes/ROS_Study/install/village_wang/share/village_wang/local_setup.sh
[0.277s] -- Up-to-date: /home/huang/codes/ROS_Study/install/village_wang/share/village_wang/local_setup.zsh
[0.278s] -- Up-to-date: /home/huang/codes/ROS_Study/install/village_wang/share/village_wang/local_setup.dsv
[0.278s] -- Installing: /home/huang/codes/ROS_Study/install/village_wang/share/village_wang/package.dsv
[0.278s] -- Up-to-date: /home/huang/codes/ROS_Study/install/village_wang/share/ament_index/resource_index/packages/village_wang
[0.278s] -- Up-to-date: /home/huang/codes/ROS_Study/install/village_wang/share/village_wang/cmake/village_wangConfig.cmake
[0.278s] -- Up-to-date: /home/huang/codes/ROS_Study/install/village_wang/share/village_wang/cmake/village_wangConfig-version.cmake
[0.279s] -- Up-to-date: /home/huang/codes/ROS_Study/install/village_wang/share/village_wang/package.xml
[0.279s] -- Up-to-date: /home/huang/codes/ROS_Study/install/village_wang/lib/village_wang/wang2_node
[0.287s] Invoked command in '/home/huang/codes/ROS_Study/build/village_wang' returned '0': CMAKE_PREFIX_PATH=${CMAKE_PREFIX_PATH}:/opt/ros/galactic /usr/bin/cmake --install /home/huang/codes/ROS_Study/build/village_wang
