[0.039s] Invoking command in '/home/huang/codes/ROS_Study/build/ros_pub_sub': CMAKE_PREFIX_PATH=/home/huang/codes/ROS_Study/install/tutorial_interfaces:/home/huang/codes/ROS_Study/install/village_wang:/home/huang/codes/ROS_Study/install/village_li:/home/huang/codes/ROS_Study/install/village_interfaces:/home/huang/codes/ROS_Study/install/ros_pub_sub_cv:/home/huang/codes/ROS_Study/install/ros_pub_sub:/opt/ros/galactic LD_LIBRARY_PATH=/home/huang/codes/ROS_Study/install/tutorial_interfaces/lib:/home/huang/codes/ROS_Study/install/village_interfaces/lib:/opt/ros/galactic/opt/yaml_cpp_vendor/lib:/opt/ros/galactic/opt/rviz_ogre_vendor/lib:/opt/ros/galactic/lib/x86_64-linux-gnu:/opt/ros/galactic/lib PYTHONPATH=/home/huang/codes/ROS_Study/install/tutorial_interfaces/lib/python3.8/site-packages:/home/huang/codes/ROS_Study/install/village_interfaces/lib/python3.8/site-packages:/opt/ros/galactic/lib/python3.8/site-packages /usr/bin/cmake --build /home/huang/codes/ROS_Study/build/ros_pub_sub -- -j8 -l8
[0.127s] [ 50%] Built target pub_node
[0.128s] [100%] Built target sub_node
[0.145s] Invoked command in '/home/huang/codes/ROS_Study/build/ros_pub_sub' returned '0': CMAKE_PREFIX_PATH=/home/huang/codes/ROS_Study/install/tutorial_interfaces:/home/huang/codes/ROS_Study/install/village_wang:/home/huang/codes/ROS_Study/install/village_li:/home/huang/codes/ROS_Study/install/village_interfaces:/home/huang/codes/ROS_Study/install/ros_pub_sub_cv:/home/huang/codes/ROS_Study/install/ros_pub_sub:/opt/ros/galactic LD_LIBRARY_PATH=/home/huang/codes/ROS_Study/install/tutorial_interfaces/lib:/home/huang/codes/ROS_Study/install/village_interfaces/lib:/opt/ros/galactic/opt/yaml_cpp_vendor/lib:/opt/ros/galactic/opt/rviz_ogre_vendor/lib:/opt/ros/galactic/lib/x86_64-linux-gnu:/opt/ros/galactic/lib PYTHONPATH=/home/huang/codes/ROS_Study/install/tutorial_interfaces/lib/python3.8/site-packages:/home/huang/codes/ROS_Study/install/village_interfaces/lib/python3.8/site-packages:/opt/ros/galactic/lib/python3.8/site-packages /usr/bin/cmake --build /home/huang/codes/ROS_Study/build/ros_pub_sub -- -j8 -l8
[0.192s] Invoking command in '/home/huang/codes/ROS_Study/build/ros_pub_sub': CMAKE_PREFIX_PATH=/home/huang/codes/ROS_Study/install/tutorial_interfaces:/home/huang/codes/ROS_Study/install/village_wang:/home/huang/codes/ROS_Study/install/village_li:/home/huang/codes/ROS_Study/install/village_interfaces:/home/huang/codes/ROS_Study/install/ros_pub_sub_cv:/home/huang/codes/ROS_Study/install/ros_pub_sub:/opt/ros/galactic LD_LIBRARY_PATH=/home/huang/codes/ROS_Study/install/tutorial_interfaces/lib:/home/huang/codes/ROS_Study/install/village_interfaces/lib:/opt/ros/galactic/opt/yaml_cpp_vendor/lib:/opt/ros/galactic/opt/rviz_ogre_vendor/lib:/opt/ros/galactic/lib/x86_64-linux-gnu:/opt/ros/galactic/lib PYTHONPATH=/home/huang/codes/ROS_Study/install/tutorial_interfaces/lib/python3.8/site-packages:/home/huang/codes/ROS_Study/install/village_interfaces/lib/python3.8/site-packages:/opt/ros/galactic/lib/python3.8/site-packages /usr/bin/cmake --install /home/huang/codes/ROS_Study/build/ros_pub_sub
[0.206s] -- Install configuration: ""
[0.206s] -- Up-to-date: /home/huang/codes/ROS_Study/install/ros_pub_sub/lib/ros_pub_sub/pub_node
[0.206s] -- Up-to-date: /home/huang/codes/ROS_Study/install/ros_pub_sub/lib/ros_pub_sub/sub_node
[0.207s] -- Up-to-date: /home/huang/codes/ROS_Study/install/ros_pub_sub/share/ament_index/resource_index/package_run_dependencies/ros_pub_sub
[0.207s] -- Up-to-date: /home/huang/codes/ROS_Study/install/ros_pub_sub/share/ament_index/resource_index/parent_prefix_path/ros_pub_sub
[0.207s] -- Up-to-date: /home/huang/codes/ROS_Study/install/ros_pub_sub/share/ros_pub_sub/environment/ament_prefix_path.sh
[0.207s] -- Up-to-date: /home/huang/codes/ROS_Study/install/ros_pub_sub/share/ros_pub_sub/environment/ament_prefix_path.dsv
[0.207s] -- Up-to-date: /home/huang/codes/ROS_Study/install/ros_pub_sub/share/ros_pub_sub/environment/path.sh
[0.208s] -- Up-to-date: /home/huang/codes/ROS_Study/install/ros_pub_sub/share/ros_pub_sub/environment/path.dsv
[0.208s] -- Up-to-date: /home/huang/codes/ROS_Study/install/ros_pub_sub/share/ros_pub_sub/local_setup.bash
[0.208s] -- Up-to-date: /home/huang/codes/ROS_Study/install/ros_pub_sub/share/ros_pub_sub/local_setup.sh
[0.208s] -- Up-to-date: /home/huang/codes/ROS_Study/install/ros_pub_sub/share/ros_pub_sub/local_setup.zsh
[0.208s] -- Up-to-date: /home/huang/codes/ROS_Study/install/ros_pub_sub/share/ros_pub_sub/local_setup.dsv
[0.208s] -- Installing: /home/huang/codes/ROS_Study/install/ros_pub_sub/share/ros_pub_sub/package.dsv
[0.208s] -- Up-to-date: /home/huang/codes/ROS_Study/install/ros_pub_sub/share/ament_index/resource_index/packages/ros_pub_sub
[0.208s] -- Up-to-date: /home/huang/codes/ROS_Study/install/ros_pub_sub/share/ros_pub_sub/cmake/ros_pub_subConfig.cmake
[0.209s] -- Up-to-date: /home/huang/codes/ROS_Study/install/ros_pub_sub/share/ros_pub_sub/cmake/ros_pub_subConfig-version.cmake
[0.209s] -- Up-to-date: /home/huang/codes/ROS_Study/install/ros_pub_sub/share/ros_pub_sub/package.xml
[0.215s] Invoked command in '/home/huang/codes/ROS_Study/build/ros_pub_sub' returned '0': CMAKE_PREFIX_PATH=/home/huang/codes/ROS_Study/install/tutorial_interfaces:/home/huang/codes/ROS_Study/install/village_wang:/home/huang/codes/ROS_Study/install/village_li:/home/huang/codes/ROS_Study/install/village_interfaces:/home/huang/codes/ROS_Study/install/ros_pub_sub_cv:/home/huang/codes/ROS_Study/install/ros_pub_sub:/opt/ros/galactic LD_LIBRARY_PATH=/home/huang/codes/ROS_Study/install/tutorial_interfaces/lib:/home/huang/codes/ROS_Study/install/village_interfaces/lib:/opt/ros/galactic/opt/yaml_cpp_vendor/lib:/opt/ros/galactic/opt/rviz_ogre_vendor/lib:/opt/ros/galactic/lib/x86_64-linux-gnu:/opt/ros/galactic/lib PYTHONPATH=/home/huang/codes/ROS_Study/install/tutorial_interfaces/lib/python3.8/site-packages:/home/huang/codes/ROS_Study/install/village_interfaces/lib/python3.8/site-packages:/opt/ros/galactic/lib/python3.8/site-packages /usr/bin/cmake --install /home/huang/codes/ROS_Study/build/ros_pub_sub
