[0.087s] Invoking command in '/home/huang/codes/ROS_Study/build/village_li': CMAKE_PREFIX_PATH=${CMAKE_PREFIX_PATH}:/opt/ros/galactic /usr/bin/cmake --build /home/huang/codes/ROS_Study/build/village_li -- -j8 -l8
[0.224s] [100%] Built target li_node
[0.253s] Invoked command in '/home/huang/codes/ROS_Study/build/village_li' returned '0': CMAKE_PREFIX_PATH=${CMAKE_PREFIX_PATH}:/opt/ros/galactic /usr/bin/cmake --build /home/huang/codes/ROS_Study/build/village_li -- -j8 -l8
[0.414s] Invoking command in '/home/huang/codes/ROS_Study/build/village_li': CMAKE_PREFIX_PATH=${CMAKE_PREFIX_PATH}:/opt/ros/galactic /usr/bin/cmake --install /home/huang/codes/ROS_Study/build/village_li
[0.440s] -- Install configuration: ""
[0.440s] -- Up-to-date: /home/huang/codes/ROS_Study/install/village_li/share/ament_index/resource_index/package_run_dependencies/village_li
[0.441s] -- Up-to-date: /home/huang/codes/ROS_Study/install/village_li/share/ament_index/resource_index/parent_prefix_path/village_li
[0.441s] -- Up-to-date: /home/huang/codes/ROS_Study/install/village_li/share/village_li/environment/ament_prefix_path.sh
[0.441s] -- Up-to-date: /home/huang/codes/ROS_Study/install/village_li/share/village_li/environment/ament_prefix_path.dsv
[0.441s] -- Up-to-date: /home/huang/codes/ROS_Study/install/village_li/share/village_li/environment/path.sh
[0.442s] -- Up-to-date: /home/huang/codes/ROS_Study/install/village_li/share/village_li/environment/path.dsv
[0.442s] -- Up-to-date: /home/huang/codes/ROS_Study/install/village_li/share/village_li/local_setup.bash
[0.442s] -- Up-to-date: /home/huang/codes/ROS_Study/install/village_li/share/village_li/local_setup.sh
[0.442s] -- Up-to-date: /home/huang/codes/ROS_Study/install/village_li/share/village_li/local_setup.zsh
[0.443s] -- Up-to-date: /home/huang/codes/ROS_Study/install/village_li/share/village_li/local_setup.dsv
[0.443s] -- Installing: /home/huang/codes/ROS_Study/install/village_li/share/village_li/package.dsv
[0.443s] -- Up-to-date: /home/huang/codes/ROS_Study/install/village_li/share/ament_index/resource_index/packages/village_li
[0.443s] -- Up-to-date: /home/huang/codes/ROS_Study/install/village_li/share/village_li/cmake/village_liConfig.cmake
[0.443s] -- Up-to-date: /home/huang/codes/ROS_Study/install/village_li/share/village_li/cmake/village_liConfig-version.cmake
[0.444s] -- Up-to-date: /home/huang/codes/ROS_Study/install/village_li/share/village_li/package.xml
[0.444s] -- Up-to-date: /home/huang/codes/ROS_Study/install/village_li/lib/village_li/li_node
[0.455s] Invoked command in '/home/huang/codes/ROS_Study/build/village_li' returned '0': CMAKE_PREFIX_PATH=${CMAKE_PREFIX_PATH}:/opt/ros/galactic /usr/bin/cmake --install /home/huang/codes/ROS_Study/build/village_li
