[0.081s] Invoking command in '/home/huang/codes/ROS_Study/build/village_wang': CMAKE_PREFIX_PATH=${CMAKE_PREFIX_PATH}:/opt/ros/galactic /usr/bin/cmake --build /home/huang/codes/ROS_Study/build/village_wang -- -j8 -l8
[0.198s] [100%] Built target wang2_node
[0.235s] Invoked command in '/home/huang/codes/ROS_Study/build/village_wang' returned '0': CMAKE_PREFIX_PATH=${CMAKE_PREFIX_PATH}:/opt/ros/galactic /usr/bin/cmake --build /home/huang/codes/ROS_Study/build/village_wang -- -j8 -l8
[0.372s] Invoking command in '/home/huang/codes/ROS_Study/build/village_wang': CMAKE_PREFIX_PATH=${CMAKE_PREFIX_PATH}:/opt/ros/galactic /usr/bin/cmake --install /home/huang/codes/ROS_Study/build/village_wang
[0.397s] -- Install configuration: ""
[0.398s] -- Execute custom install script
[0.399s] -- Up-to-date symlink: /home/huang/codes/ROS_Study/install/village_wang/share/ament_index/resource_index/package_run_dependencies/village_wang
[0.399s] -- Up-to-date symlink: /home/huang/codes/ROS_Study/install/village_wang/share/ament_index/resource_index/parent_prefix_path/village_wang
[0.401s] -- Up-to-date symlink: /home/huang/codes/ROS_Study/install/village_wang/share/village_wang/environment/ament_prefix_path.sh
[0.401s] -- Up-to-date symlink: /home/huang/codes/ROS_Study/install/village_wang/share/village_wang/environment/ament_prefix_path.dsv
[0.402s] -- Up-to-date symlink: /home/huang/codes/ROS_Study/install/village_wang/share/village_wang/environment/path.sh
[0.402s] -- Up-to-date symlink: /home/huang/codes/ROS_Study/install/village_wang/share/village_wang/environment/path.dsv
[0.403s] -- Up-to-date symlink: /home/huang/codes/ROS_Study/install/village_wang/share/village_wang/local_setup.bash
[0.403s] -- Up-to-date symlink: /home/huang/codes/ROS_Study/install/village_wang/share/village_wang/local_setup.sh
[0.404s] -- Up-to-date symlink: /home/huang/codes/ROS_Study/install/village_wang/share/village_wang/local_setup.zsh
[0.407s] -- Up-to-date symlink: /home/huang/codes/ROS_Study/install/village_wang/share/village_wang/local_setup.dsv
[0.408s] -- Symlinking: /home/huang/codes/ROS_Study/install/village_wang/share/village_wang/package.dsv
[0.429s] -- Up-to-date symlink: /home/huang/codes/ROS_Study/install/village_wang/share/ament_index/resource_index/packages/village_wang
[0.429s] -- Up-to-date symlink: /home/huang/codes/ROS_Study/install/village_wang/share/village_wang/cmake/village_wangConfig.cmake
[0.430s] -- Up-to-date symlink: /home/huang/codes/ROS_Study/install/village_wang/share/village_wang/cmake/village_wangConfig-version.cmake
[0.430s] -- Up-to-date symlink: /home/huang/codes/ROS_Study/install/village_wang/share/village_wang/package.xml
[0.431s] -- Up-to-date symlink: /home/huang/codes/ROS_Study/install/village_wang/lib/village_wang/wang2_node
[0.444s] Invoked command in '/home/huang/codes/ROS_Study/build/village_wang' returned '0': CMAKE_PREFIX_PATH=${CMAKE_PREFIX_PATH}:/opt/ros/galactic /usr/bin/cmake --install /home/huang/codes/ROS_Study/build/village_wang
