[0.031s] Invoking command in '/home/huang/codes/ROS_Study/build/ros_service': CMAKE_PREFIX_PATH=/home/huang/codes/ROS_Study/install/tutorial_interfaces:/home/huang/codes/ROS_Study/install/ros_service:/home/huang/codes/ROS_Study/install/village_wang:/home/huang/codes/ROS_Study/install/village_li:/home/huang/codes/ROS_Study/install/village_interfaces:/home/huang/codes/ROS_Study/install/ros_pub_sub_cv:/home/huang/codes/ROS_Study/install/ros_pub_sub:/opt/ros/galactic LD_LIBRARY_PATH=/home/huang/codes/ROS_Study/install/tutorial_interfaces/lib:/home/huang/codes/ROS_Study/install/village_interfaces/lib:/opt/ros/galactic/opt/yaml_cpp_vendor/lib:/opt/ros/galactic/opt/rviz_ogre_vendor/lib:/opt/ros/galactic/lib/x86_64-linux-gnu:/opt/ros/galactic/lib PYTHONPATH=/home/huang/codes/ROS_Study/install/tutorial_interfaces/lib/python3.8/site-packages:/home/huang/codes/ROS_Study/install/village_interfaces/lib/python3.8/site-packages:/opt/ros/galactic/lib/python3.8/site-packages /usr/bin/cmake --build /home/huang/codes/ROS_Study/build/ros_service -- -j8 -l8
[0.068s] -- Found ament_cmake: 1.1.6 (/opt/ros/galactic/share/ament_cmake/cmake)
[0.097s] -- Using PYTHON_EXECUTABLE: /usr/bin/python3
[0.184s] -- Found rclcpp: 9.2.2 (/opt/ros/galactic/share/rclcpp/cmake)
[0.239s] -- Using all available rosidl_typesupport_c: rosidl_typesupport_fastrtps_c;rosidl_typesupport_introspection_c
[0.245s] -- Found rosidl_adapter: 2.2.3 (/opt/ros/galactic/share/rosidl_adapter/cmake)
[0.451s] -- Using all available rosidl_typesupport_cpp: rosidl_typesupport_fastrtps_cpp;rosidl_typesupport_introspection_cpp
[0.556s] -- Found rmw_implementation_cmake: 3.3.1 (/opt/ros/galactic/share/rmw_implementation_cmake/cmake)
[0.559s] -- Found rmw_cyclonedds_cpp: 0.22.6 (/opt/ros/galactic/share/rmw_cyclonedds_cpp/cmake)
[0.581s] -- Using RMW implementation 'rmw_cyclonedds_cpp' as default
[0.766s] -- Found tutorial_interfaces: 0.0.0 (/home/huang/codes/ROS_Study/install/tutorial_interfaces/share/tutorial_interfaces/cmake)
[1.063s] -- Found cv_bridge: 3.1.3 (/opt/ros/galactic/share/cv_bridge/cmake)
[1.076s] -- Found ament_lint_auto: 0.10.7 (/opt/ros/galactic/share/ament_lint_auto/cmake)
[1.176s] -- Added test 'copyright' to check source files copyright and LICENSE
[1.177s] -- Added test 'cppcheck' to perform static code analysis on C / C++ code
[1.178s] -- Configured cppcheck include dirs: 
[1.178s] -- Configured cppcheck exclude dirs and/or files: 
[1.179s] -- Added test 'cpplint' to check C / C++ code against the Google style
[1.179s] -- Configured cpplint exclude dirs and/or files: 
[1.179s] -- Added test 'lint_cmake' to check CMake code style
[1.180s] -- Added test 'uncrustify' to check C / C++ code style
[1.181s] -- Configured uncrustify additional arguments: 
[1.181s] -- Added test 'xmllint' to check XML markup files
[1.184s] -- Configuring done
[1.213s] -- Generating done
[1.215s] -- Build files have been written to: /home/huang/codes/ROS_Study/build/ros_service
[1.258s] [35m[1mScanning dependencies of target client_node[0m
[1.291s] [ 50%] Built target service_node
[1.356s] [ 75%] [32mBuilding CXX object CMakeFiles/client_node.dir/src/client_test.cpp.o[0m
[11.682s] [100%] [32m[1mLinking CXX executable client_node[0m
[12.454s] /usr/bin/ld: warning: libopencv_imgproc.so.4.2, needed by /opt/ros/galactic/lib/libcv_bridge.so, may conflict with libopencv_imgproc.so.4.5
[12.454s] /usr/bin/ld: warning: libopencv_core.so.4.2, needed by /opt/ros/galactic/lib/libcv_bridge.so, may conflict with libopencv_core.so.4.5
[12.470s] [100%] Built target client_node
[12.488s] Invoked command in '/home/huang/codes/ROS_Study/build/ros_service' returned '0': CMAKE_PREFIX_PATH=/home/huang/codes/ROS_Study/install/tutorial_interfaces:/home/huang/codes/ROS_Study/install/ros_service:/home/huang/codes/ROS_Study/install/village_wang:/home/huang/codes/ROS_Study/install/village_li:/home/huang/codes/ROS_Study/install/village_interfaces:/home/huang/codes/ROS_Study/install/ros_pub_sub_cv:/home/huang/codes/ROS_Study/install/ros_pub_sub:/opt/ros/galactic LD_LIBRARY_PATH=/home/huang/codes/ROS_Study/install/tutorial_interfaces/lib:/home/huang/codes/ROS_Study/install/village_interfaces/lib:/opt/ros/galactic/opt/yaml_cpp_vendor/lib:/opt/ros/galactic/opt/rviz_ogre_vendor/lib:/opt/ros/galactic/lib/x86_64-linux-gnu:/opt/ros/galactic/lib PYTHONPATH=/home/huang/codes/ROS_Study/install/tutorial_interfaces/lib/python3.8/site-packages:/home/huang/codes/ROS_Study/install/village_interfaces/lib/python3.8/site-packages:/opt/ros/galactic/lib/python3.8/site-packages /usr/bin/cmake --build /home/huang/codes/ROS_Study/build/ros_service -- -j8 -l8
[12.538s] Invoking command in '/home/huang/codes/ROS_Study/build/ros_service': CMAKE_PREFIX_PATH=/home/huang/codes/ROS_Study/install/tutorial_interfaces:/home/huang/codes/ROS_Study/install/ros_service:/home/huang/codes/ROS_Study/install/village_wang:/home/huang/codes/ROS_Study/install/village_li:/home/huang/codes/ROS_Study/install/village_interfaces:/home/huang/codes/ROS_Study/install/ros_pub_sub_cv:/home/huang/codes/ROS_Study/install/ros_pub_sub:/opt/ros/galactic LD_LIBRARY_PATH=/home/huang/codes/ROS_Study/install/tutorial_interfaces/lib:/home/huang/codes/ROS_Study/install/village_interfaces/lib:/opt/ros/galactic/opt/yaml_cpp_vendor/lib:/opt/ros/galactic/opt/rviz_ogre_vendor/lib:/opt/ros/galactic/lib/x86_64-linux-gnu:/opt/ros/galactic/lib PYTHONPATH=/home/huang/codes/ROS_Study/install/tutorial_interfaces/lib/python3.8/site-packages:/home/huang/codes/ROS_Study/install/village_interfaces/lib/python3.8/site-packages:/opt/ros/galactic/lib/python3.8/site-packages /usr/bin/cmake --install /home/huang/codes/ROS_Study/build/ros_service
[12.550s] -- Install configuration: ""
[12.550s] -- Up-to-date: /home/huang/codes/ROS_Study/install/ros_service/lib/ros_service/service_node
[12.551s] -- Installing: /home/huang/codes/ROS_Study/install/ros_service/lib/ros_service/client_node
[12.554s] -- Set runtime path of "/home/huang/codes/ROS_Study/install/ros_service/lib/ros_service/client_node" to ""
[12.554s] -- Up-to-date: /home/huang/codes/ROS_Study/install/ros_service/share/ament_index/resource_index/package_run_dependencies/ros_service
[12.554s] -- Up-to-date: /home/huang/codes/ROS_Study/install/ros_service/share/ament_index/resource_index/parent_prefix_path/ros_service
[12.554s] -- Up-to-date: /home/huang/codes/ROS_Study/install/ros_service/share/ros_service/environment/ament_prefix_path.sh
[12.554s] -- Installing: /home/huang/codes/ROS_Study/install/ros_service/share/ros_service/environment/ament_prefix_path.dsv
[12.554s] -- Up-to-date: /home/huang/codes/ROS_Study/install/ros_service/share/ros_service/environment/path.sh
[12.554s] -- Installing: /home/huang/codes/ROS_Study/install/ros_service/share/ros_service/environment/path.dsv
[12.554s] -- Up-to-date: /home/huang/codes/ROS_Study/install/ros_service/share/ros_service/local_setup.bash
[12.555s] -- Up-to-date: /home/huang/codes/ROS_Study/install/ros_service/share/ros_service/local_setup.sh
[12.555s] -- Up-to-date: /home/huang/codes/ROS_Study/install/ros_service/share/ros_service/local_setup.zsh
[12.555s] -- Installing: /home/huang/codes/ROS_Study/install/ros_service/share/ros_service/local_setup.dsv
[12.555s] -- Installing: /home/huang/codes/ROS_Study/install/ros_service/share/ros_service/package.dsv
[12.555s] -- Up-to-date: /home/huang/codes/ROS_Study/install/ros_service/share/ament_index/resource_index/packages/ros_service
[12.555s] -- Up-to-date: /home/huang/codes/ROS_Study/install/ros_service/share/ros_service/cmake/ros_serviceConfig.cmake
[12.555s] -- Up-to-date: /home/huang/codes/ROS_Study/install/ros_service/share/ros_service/cmake/ros_serviceConfig-version.cmake
[12.555s] -- Up-to-date: /home/huang/codes/ROS_Study/install/ros_service/share/ros_service/package.xml
[12.559s] Invoked command in '/home/huang/codes/ROS_Study/build/ros_service' returned '0': CMAKE_PREFIX_PATH=/home/huang/codes/ROS_Study/install/tutorial_interfaces:/home/huang/codes/ROS_Study/install/ros_service:/home/huang/codes/ROS_Study/install/village_wang:/home/huang/codes/ROS_Study/install/village_li:/home/huang/codes/ROS_Study/install/village_interfaces:/home/huang/codes/ROS_Study/install/ros_pub_sub_cv:/home/huang/codes/ROS_Study/install/ros_pub_sub:/opt/ros/galactic LD_LIBRARY_PATH=/home/huang/codes/ROS_Study/install/tutorial_interfaces/lib:/home/huang/codes/ROS_Study/install/village_interfaces/lib:/opt/ros/galactic/opt/yaml_cpp_vendor/lib:/opt/ros/galactic/opt/rviz_ogre_vendor/lib:/opt/ros/galactic/lib/x86_64-linux-gnu:/opt/ros/galactic/lib PYTHONPATH=/home/huang/codes/ROS_Study/install/tutorial_interfaces/lib/python3.8/site-packages:/home/huang/codes/ROS_Study/install/village_interfaces/lib/python3.8/site-packages:/opt/ros/galactic/lib/python3.8/site-packages /usr/bin/cmake --install /home/huang/codes/ROS_Study/build/ros_service
